2025-03-19 12:32:47 [DEBUG] - config - Logging to tmp/log_20250319_123247.log
2025-03-19 12:32:47 [DEBUG] - GoogleAppAuthenticator - Authenticating user ...
2025-03-19 12:32:47 [DEBUG] - GoogleAppAuthenticator - Loading credentials from token
2025-03-19 12:32:47 [DEBUG] - GoogleAppAuthenticator - Credentials are not valid
2025-03-19 12:32:47 [DEBUG] - GoogleAppAuthenticator - Generating new credentials...
2025-03-19 12:32:47 [DEBUG] - requests_oauthlib.oauth2_session - Generated new state jNeXwGwp3W37XRmcnqLZEdUdWW3WMB.
2025-03-19 12:32:55 [INFO] - google_auth_oauthlib.flow - "GET /?state=jNeXwGwp3W37XRmcnqLZEdUdWW3WMB&code=4/0AQSTgQEDNvhhwgFOu6xztgzcqymG6oWouwQPJ4Dvkmi5YaOy4Wcshh_corEW93TtZCxy7w&scope=https://www.googleapis.com/auth/spreadsheets%20https://www.googleapis.com/auth/calendar HTTP/1.1" 200 65
2025-03-19 12:32:55 [DEBUG] - requests_oauthlib.oauth2_session - Encoding `client_id` "691458340667-jeh6bfkes4m1ohpgp2hk6bnt8k6vb5ff.apps.googleusercontent.com" with `client_secret` as Basic auth credentials.
2025-03-19 12:32:55 [DEBUG] - requests_oauthlib.oauth2_session - Requesting url https://oauth2.googleapis.com/token using method POST.
2025-03-19 12:32:55 [DEBUG] - requests_oauthlib.oauth2_session - Supplying headers {'Accept': 'application/json', 'Content-Type': 'application/x-www-form-urlencoded;charset=UTF-8'} and data {'grant_type': 'authorization_code', 'code': '4/0AQSTgQEDNvhhwgFOu6xztgzcqymG6oWouwQPJ4Dvkmi5YaOy4Wcshh_corEW93TtZCxy7w', 'redirect_uri': 'http://localhost:52040/'}
2025-03-19 12:32:55 [DEBUG] - requests_oauthlib.oauth2_session - Passing through key word arguments {'timeout': None, 'auth': <requests.auth.HTTPBasicAuth object at 0x13363dc30>, 'verify': True, 'proxies': None, 'cert': None}.
2025-03-19 12:32:55 [DEBUG] - urllib3.connectionpool - Starting new HTTPS connection (1): oauth2.googleapis.com:443
2025-03-19 12:32:55 [DEBUG] - urllib3.connectionpool - https://oauth2.googleapis.com:443 "POST /token HTTP/1.1" 200 None
2025-03-19 12:32:55 [DEBUG] - requests_oauthlib.oauth2_session - Request to fetch token completed with status 200.
2025-03-19 12:32:55 [DEBUG] - requests_oauthlib.oauth2_session - Request url was https://oauth2.googleapis.com/token
2025-03-19 12:32:55 [DEBUG] - requests_oauthlib.oauth2_session - Request headers were {'User-Agent': 'python-requests/2.32.3', 'Accept-Encoding': 'gzip, deflate, br', 'Accept': 'application/json', 'Connection': 'keep-alive', 'Content-Type': 'application/x-www-form-urlencoded;charset=UTF-8', 'Content-Length': '157', 'Authorization': 'Basic NjkxNDU4MzQwNjY3LWplaDZiZmtlczRtMW9ocGdwMmhrNmJudDhrNnZiNWZmLmFwcHMuZ29vZ2xldXNlcmNvbnRlbnQuY29tOkdPQ1NQWC1pNUFSdUpmTW9mOEZnTWtrNmItVWlqcDNncTVf'}
2025-03-19 12:32:55 [DEBUG] - requests_oauthlib.oauth2_session - Request body was grant_type=authorization_code&code=4%2F0AQSTgQEDNvhhwgFOu6xztgzcqymG6oWouwQPJ4Dvkmi5YaOy4Wcshh_corEW93TtZCxy7w&redirect_uri=http%3A%2F%2Flocalhost%3A52040%2F
2025-03-19 12:32:55 [DEBUG] - requests_oauthlib.oauth2_session - Response headers were {'Cache-Control': 'no-cache, no-store, max-age=0, must-revalidate', 'Date': 'Wed, 19 Mar 2025 05:32:55 GMT', 'Expires': 'Mon, 01 Jan 1990 00:00:00 GMT', 'Pragma': 'no-cache', 'Content-Type': 'application/json; charset=utf-8', 'Vary': 'Origin, X-Origin, Referer', 'Content-Encoding': 'gzip', 'Server': 'scaffolding on HTTPServer2', 'X-XSS-Protection': '0', 'X-Frame-Options': 'SAMEORIGIN', 'X-Content-Type-Options': 'nosniff', 'Alt-Svc': 'h3=":443"; ma=2592000,h3-29=":443"; ma=2592000', 'Transfer-Encoding': 'chunked'} and content {
  "access_token": "ya29.a0AeXRPp4IMcJgX3t28gvWmT3Larx3j_XCmqj1b0VO3OgeUx-HvCZj5VoOm3pPaETHNLHoL4CMIqFvdR4WVsjuESqgPBP3QlpiPDyKyAmawrunR8viPAc-C27OWCAAt168BTd-vxLD9L0mxK4KAnzelAB51x7HWJi7CV6xtEsbaCgYKAe4SARISFQHGX2MiUOwgTB43YfIuQWZ7Pwps9g0175",
  "expires_in": 3599,
  "refresh_token": "1//0g_Y9vrRq8LRiCgYIARAAGBASNwF-L9Ir_AmQXdH7Qu0mcm5O8BCpK9ozl8n4Sa3gl0PllRpzddcBM0IW32yd8bv_Zg9fiJHGbIo",
  "scope": "https://www.googleapis.com/auth/spreadsheets https://www.googleapis.com/auth/calendar",
  "token_type": "Bearer",
  "refresh_token_expires_in": 604799
}.
2025-03-19 12:32:55 [DEBUG] - requests_oauthlib.oauth2_session - Invoking 0 token response hooks.
2025-03-19 12:32:55 [DEBUG] - requests_oauthlib.oauth2_session - Obtained token {'access_token': 'ya29.a0AeXRPp4IMcJgX3t28gvWmT3Larx3j_XCmqj1b0VO3OgeUx-HvCZj5VoOm3pPaETHNLHoL4CMIqFvdR4WVsjuESqgPBP3QlpiPDyKyAmawrunR8viPAc-C27OWCAAt168BTd-vxLD9L0mxK4KAnzelAB51x7HWJi7CV6xtEsbaCgYKAe4SARISFQHGX2MiUOwgTB43YfIuQWZ7Pwps9g0175', 'expires_in': 3599, 'refresh_token': '1//0g_Y9vrRq8LRiCgYIARAAGBASNwF-L9Ir_AmQXdH7Qu0mcm5O8BCpK9ozl8n4Sa3gl0PllRpzddcBM0IW32yd8bv_Zg9fiJHGbIo', 'scope': ['https://www.googleapis.com/auth/spreadsheets', 'https://www.googleapis.com/auth/calendar'], 'token_type': 'Bearer', 'refresh_token_expires_in': 604799, 'expires_at': 1742365974.837631}.
2025-03-19 12:32:55 [DEBUG] - GoogleAppAuthenticator - New credentials generated
2025-03-19 12:32:55 [INFO] - googleapiclient.discovery_cache - file_cache is only supported with oauth2client<4.0.0
2025-03-19 12:32:55 [DEBUG] - CalendarApp - Service initialized successfully
2025-03-19 12:32:55 [INFO] - googleapiclient.discovery_cache - file_cache is only supported with oauth2client<4.0.0
2025-03-19 12:32:55 [DEBUG] - GoogleSheetApp - Service initialized successfully
2025-03-19 12:32:55 [DEBUG] - SchedulerSheetUI - SchedulerSheetUI initialized - sheetId: 1wHNERHZUxl8mI7xOPtWsvRBHxw9r_ohFoi7BWET_YdU
2025-03-19 12:32:55 [DEBUG] - googleapiclient.discovery - URL being requested: GET https://sheets.googleapis.com/v4/spreadsheets/1wHNERHZUxl8mI7xOPtWsvRBHxw9r_ohFoi7BWET_YdU/values/December%202024%21A1%3AV?alt=json
2025-03-19 12:33:00 [DEBUG] - SchedulerSheetUI - Fetched sheet values from A1:V
2025-03-19 12:33:00 [DEBUG] - SchedulerCalendarUI - SchedulerCalendarUI initialized - calendarId: em.cmu.teacher@gmail.com
2025-03-19 12:33:00 [DEBUG] - root - Converted A12 to 11, 0
2025-03-19 12:33:00 [DEBUG] - root - Converted A42 to 41, 0
2025-03-19 12:33:00 [DEBUG] - SchedulerSheetUI - Got sheet values from A12:A42, start: (11, 0), end: (41, 0)
2025-03-19 12:33:00 [DEBUG] - root - Converted A47 to 46, 0
2025-03-19 12:33:00 [DEBUG] - root - Converted G67 to 66, 6
2025-03-19 12:33:00 [DEBUG] - SchedulerSheetUI - Got sheet values from A47:G67, start: (46, 0), end: (66, 6)
2025-03-19 12:33:00 [DEBUG] - root - Converted C11 to 10, 2
2025-03-19 12:33:00 [DEBUG] - root - Converted L42 to 41, 11
2025-03-19 12:33:00 [DEBUG] - SchedulerSheetUI - Got sheet values from C11:L42, start: (10, 2), end: (41, 11)
2025-03-19 12:33:00 [DEBUG] - root - Converted C181 to 180, 2
2025-03-19 12:33:00 [DEBUG] - root - Converted L212 to 211, 11
2025-03-19 12:33:00 [DEBUG] - SchedulerSheetUI - Got sheet values from C181:L212, start: (180, 2), end: (211, 11)
2025-03-19 12:33:00 [DEBUG] - Schedule - Assigned shift Service night - 2024-12-01 to กรีฑา คำเนียม
2025-03-19 12:33:00 [DEBUG] - Schedule - Assigned shift Avd - 2024-12-01 to ณัฐฐิกานต์ มีลาภ
2025-03-19 12:33:00 [DEBUG] - Schedule - Assigned shift Service night - 2024-12-02 to บุญฤทธิ์ คำทิพย์
2025-03-19 12:33:00 [DEBUG] - Schedule - Assigned shift Ems - 2024-12-02 to วิพุธ เล้าสุขศรี
2025-03-19 12:33:00 [DEBUG] - Schedule - Assigned shift Observe - 2024-12-02 to กรองกาญจน์ สุธรรม
2025-03-19 12:33:00 [DEBUG] - Schedule - Assigned shift Avd - 2024-12-02 to พิมพ์พรรณ อัศวสุรอิน
2025-03-19 12:33:00 [DEBUG] - Schedule - Assigned shift Service night - 2024-12-03 to วชิระ วงศ์ธนสารสิน
2025-03-19 12:33:00 [DEBUG] - Schedule - Assigned shift Ems - 2024-12-03 to วิพุธ เล้าสุขศรี
2025-03-19 12:33:00 [DEBUG] - Schedule - Assigned shift Observe - 2024-12-03 to กรองกาญจน์ สุธรรม
2025-03-19 12:33:00 [DEBUG] - Schedule - Assigned shift Avd - 2024-12-03 to ชานนท์ ช่างรัตนากร
2025-03-19 12:33:00 [DEBUG] - Schedule - Assigned shift Service night - 2024-12-04 to กอสิน เลาหะวิสุทธิ์
2025-03-19 12:33:00 [DEBUG] - Schedule - Assigned shift Ems - 2024-12-04 to วิพุธ เล้าสุขศรี
2025-03-19 12:33:00 [DEBUG] - Schedule - Assigned shift Observe - 2024-12-04 to กรองกาญจน์ สุธรรม
2025-03-19 12:33:00 [DEBUG] - Schedule - Assigned shift Avd - 2024-12-04 to บริบูรณ์ เชนธนากิจ
2025-03-19 12:33:00 [DEBUG] - Schedule - Assigned shift Service night - 2024-12-05 to บวร วิทยชำนาญกุล
2025-03-19 12:33:00 [DEBUG] - Schedule - Assigned shift Avd - 2024-12-05 to บุญฤทธิ์ คำทิพย์
2025-03-19 12:33:00 [DEBUG] - Schedule - Assigned shift Ems - 2024-12-06 to วิพุธ เล้าสุขศรี
2025-03-19 12:33:00 [DEBUG] - Schedule - Assigned shift Observe - 2024-12-06 to กรองกาญจน์ สุธรรม
2025-03-19 12:33:00 [DEBUG] - Schedule - Assigned shift Avd - 2024-12-06 to ณัฐฐิกานต์ มีลาภ
2025-03-19 12:33:00 [DEBUG] - Schedule - Assigned shift Avd - 2024-12-07 to ชานนท์ ช่างรัตนากร
2025-03-19 12:33:00 [DEBUG] - Schedule - Assigned shift Avd - 2024-12-08 to กรองกาญจน์ สุธรรม
2025-03-19 12:33:00 [DEBUG] - Schedule - Assigned shift Service1+ - 2024-12-09 to วชิระ วงศ์ธนสารสิน
2025-03-19 12:33:00 [DEBUG] - Schedule - Assigned shift Service2+ - 2024-12-09 to วชิระ วงศ์ธนสารสิน
2025-03-19 12:33:00 [DEBUG] - Schedule - Assigned shift Ems - 2024-12-09 to กอสิน เลาหะวิสุทธิ์
2025-03-19 12:33:00 [DEBUG] - Schedule - Assigned shift Observe - 2024-12-09 to บริบูรณ์ เชนธนากิจ
2025-03-19 12:33:00 [DEBUG] - Schedule - Assigned shift Avd - 2024-12-09 to บวร วิทยชำนาญกุล
2025-03-19 12:33:00 [DEBUG] - Schedule - Assigned shift Service night - 2024-12-10 to กรองกาญจน์ สุธรรม
2025-03-19 12:33:00 [DEBUG] - Schedule - Assigned shift Avd - 2024-12-10 to กอสิน เลาหะวิสุทธิ์
2025-03-19 12:33:00 [DEBUG] - Schedule - Assigned shift Service night - 2024-12-11 to ปริญญา เทียนวิบูลย์
2025-03-19 12:33:00 [DEBUG] - Schedule - Assigned shift Ems - 2024-12-11 to กอสิน เลาหะวิสุทธิ์
2025-03-19 12:33:00 [DEBUG] - Schedule - Assigned shift Observe - 2024-12-11 to บริบูรณ์ เชนธนากิจ
2025-03-19 12:33:00 [DEBUG] - Schedule - Assigned shift Avd - 2024-12-11 to บวร วิทยชำนาญกุล
2025-03-19 12:33:00 [DEBUG] - Schedule - Assigned shift Service night - 2024-12-12 to ณัฐฐิกานต์ มีลาภ
2025-03-19 12:33:00 [DEBUG] - Schedule - Assigned shift Ems - 2024-12-12 to กอสิน เลาหะวิสุทธิ์
2025-03-19 12:33:00 [DEBUG] - Schedule - Assigned shift Observe - 2024-12-12 to บริบูรณ์ เชนธนากิจ
2025-03-19 12:33:00 [DEBUG] - Schedule - Assigned shift Avd - 2024-12-12 to พิมพ์พรรณ อัศวสุรอิน
2025-03-19 12:33:00 [DEBUG] - Schedule - Assigned shift Ems - 2024-12-13 to กอสิน เลาหะวิสุทธิ์
2025-03-19 12:33:00 [DEBUG] - Schedule - Assigned shift Observe - 2024-12-13 to บริบูรณ์ เชนธนากิจ
2025-03-19 12:33:00 [DEBUG] - Schedule - Assigned shift Avd - 2024-12-13 to สริยา เสือแซมเสริม
2025-03-19 12:33:00 [DEBUG] - Schedule - Assigned shift Avd - 2024-12-14 to ปริญญา เทียนวิบูลย์
2025-03-19 12:33:00 [DEBUG] - Schedule - Assigned shift Avd - 2024-12-15 to ปริญญา เทียนวิบูลย์
2025-03-19 12:33:00 [DEBUG] - Schedule - Assigned shift Ems - 2024-12-16 to บวร วิทยชำนาญกุล
2025-03-19 12:33:00 [DEBUG] - Schedule - Assigned shift Observe - 2024-12-16 to ปริญญา เทียนวิบูลย์
2025-03-19 12:33:00 [DEBUG] - Schedule - Assigned shift Avd - 2024-12-16 to บริบูรณ์ เชนธนากิจ
2025-03-19 12:33:00 [DEBUG] - Schedule - Assigned shift Service night - 2024-12-17 to ชานนท์ ช่างรัตนากร
2025-03-19 12:33:00 [DEBUG] - Schedule - Assigned shift Service1 - 2024-12-17 to สริยา เสือแซมเสริม
2025-03-19 12:33:00 [DEBUG] - Schedule - Assigned shift Service1+ - 2024-12-17 to วชิระ วงศ์ธนสารสิน
2025-03-19 12:33:00 [DEBUG] - Schedule - Assigned shift Service2 - 2024-12-17 to ชานนท์ ช่างรัตนากร
2025-03-19 12:33:00 [DEBUG] - Schedule - Assigned shift Service2+ - 2024-12-17 to วชิระ วงศ์ธนสารสิน
2025-03-19 12:33:00 [DEBUG] - Schedule - Assigned shift Ems - 2024-12-17 to บวร วิทยชำนาญกุล
2025-03-19 12:33:00 [DEBUG] - Schedule - Assigned shift Observe - 2024-12-17 to ปริญญา เทียนวิบูลย์
2025-03-19 12:33:00 [DEBUG] - Schedule - Assigned shift Amd - 2024-12-17 to บวร วิทยชำนาญกุล
2025-03-19 12:33:00 [DEBUG] - Schedule - Assigned shift Avd - 2024-12-17 to พิมพ์พรรณ อัศวสุรอิน
2025-03-19 12:33:00 [DEBUG] - Schedule - Assigned shift Service night - 2024-12-18 to วชิระ วงศ์ธนสารสิน
2025-03-19 12:33:00 [DEBUG] - Schedule - Assigned shift Ems - 2024-12-18 to บวร วิทยชำนาญกุล
2025-03-19 12:33:00 [DEBUG] - Schedule - Assigned shift Observe - 2024-12-18 to ปริญญา เทียนวิบูลย์
2025-03-19 12:33:00 [DEBUG] - Schedule - Assigned shift Avd - 2024-12-18 to กรองกาญจน์ สุธรรม
2025-03-19 12:33:00 [DEBUG] - Schedule - Assigned shift Service night - 2024-12-19 to ปริญญา เทียนวิบูลย์
2025-03-19 12:33:00 [DEBUG] - Schedule - Assigned shift Ems - 2024-12-19 to บวร วิทยชำนาญกุล
2025-03-19 12:33:00 [DEBUG] - Schedule - Assigned shift Observe - 2024-12-19 to ปริญญา เทียนวิบูลย์
2025-03-19 12:33:00 [DEBUG] - Schedule - Assigned shift Avd - 2024-12-19 to กรีฑา คำเนียม
2025-03-19 12:33:00 [DEBUG] - Schedule - Assigned shift Ems - 2024-12-20 to บวร วิทยชำนาญกุล
2025-03-19 12:33:00 [DEBUG] - Schedule - Assigned shift Observe - 2024-12-20 to ปริญญา เทียนวิบูลย์
2025-03-19 12:33:00 [DEBUG] - Schedule - Assigned shift Avd - 2024-12-20 to กรีฑา คำเนียม
2025-03-19 12:33:00 [DEBUG] - Schedule - Assigned shift Avd - 2024-12-21 to ณัฐฐิกานต์ มีลาภ
2025-03-19 12:33:00 [DEBUG] - Schedule - Assigned shift Avd - 2024-12-22 to บริบูรณ์ เชนธนากิจ
2025-03-19 12:33:00 [DEBUG] - Schedule - Assigned shift Service1 - 2024-12-23 to วชิระ วงศ์ธนสารสิน
2025-03-19 12:33:00 [DEBUG] - Schedule - Assigned shift Service2 - 2024-12-23 to วชิระ วงศ์ธนสารสิน
2025-03-19 12:33:00 [DEBUG] - Schedule - Assigned shift Ems - 2024-12-23 to บริบูรณ์ เชนธนากิจ
2025-03-19 12:33:00 [DEBUG] - Schedule - Assigned shift Observe - 2024-12-23 to ชานนท์ ช่างรัตนากร
2025-03-19 12:33:00 [DEBUG] - Schedule - Assigned shift Avd - 2024-12-23 to บวร วิทยชำนาญกุล
2025-03-19 12:33:00 [DEBUG] - Schedule - Assigned shift Service night - 2024-12-24 to สริยา เสือแซมเสริม
2025-03-19 12:33:00 [DEBUG] - Schedule - Assigned shift Ems - 2024-12-24 to บริบูรณ์ เชนธนากิจ
2025-03-19 12:33:00 [DEBUG] - Schedule - Assigned shift Observe - 2024-12-24 to ชานนท์ ช่างรัตนากร
2025-03-19 12:33:00 [DEBUG] - Schedule - Assigned shift Avd - 2024-12-24 to สริยา เสือแซมเสริม
2025-03-19 12:33:00 [DEBUG] - Schedule - Assigned shift Service night - 2024-12-25 to วิพุธ เล้าสุขศรี
2025-03-19 12:33:00 [DEBUG] - Schedule - Assigned shift Mc - 2024-12-25 to กรองกาญจน์ สุธรรม
2025-03-19 12:33:00 [DEBUG] - Schedule - Assigned shift Service1 - 2024-12-25 to บริบูรณ์ เชนธนากิจ
2025-03-19 12:33:00 [DEBUG] - Schedule - Assigned shift Service1+ - 2024-12-25 to สริยา เสือแซมเสริม
2025-03-19 12:33:00 [DEBUG] - Schedule - Assigned shift Service2 - 2024-12-25 to บริบูรณ์ เชนธนากิจ
2025-03-19 12:33:00 [DEBUG] - Schedule - Assigned shift Service2+ - 2024-12-25 to สริยา เสือแซมเสริม
2025-03-19 12:33:00 [DEBUG] - Schedule - Assigned shift Ems - 2024-12-25 to บริบูรณ์ เชนธนากิจ
2025-03-19 12:33:00 [DEBUG] - Schedule - Assigned shift Observe - 2024-12-25 to ชานนท์ ช่างรัตนากร
2025-03-19 12:33:00 [DEBUG] - Schedule - Assigned shift Amd - 2024-12-25 to บริบูรณ์ เชนธนากิจ
2025-03-19 12:33:00 [DEBUG] - Schedule - Assigned shift Avd - 2024-12-25 to ชานนท์ ช่างรัตนากร
2025-03-19 12:33:00 [DEBUG] - Schedule - Assigned shift Service night - 2024-12-26 to พิมพ์พรรณ อัศวสุรอิน
2025-03-19 12:33:00 [DEBUG] - Schedule - Assigned shift Ems - 2024-12-26 to บริบูรณ์ เชนธนากิจ
2025-03-19 12:33:00 [DEBUG] - Schedule - Assigned shift Observe - 2024-12-26 to ชานนท์ ช่างรัตนากร
2025-03-19 12:33:00 [DEBUG] - Schedule - Assigned shift Avd - 2024-12-26 to ปริญญา เทียนวิบูลย์
2025-03-19 12:33:00 [DEBUG] - Schedule - Assigned shift Ems - 2024-12-27 to บริบูรณ์ เชนธนากิจ
2025-03-19 12:33:00 [DEBUG] - Schedule - Assigned shift Observe - 2024-12-27 to ชานนท์ ช่างรัตนากร
2025-03-19 12:33:00 [DEBUG] - Schedule - Assigned shift Avd - 2024-12-27 to สริยา เสือแซมเสริม
2025-03-19 12:33:00 [DEBUG] - Schedule - Assigned shift Avd - 2024-12-28 to วิพุธ เล้าสุขศรี
2025-03-19 12:33:00 [DEBUG] - Schedule - Assigned shift Avd - 2024-12-29 to วิพุธ เล้าสุขศรี
2025-03-19 12:33:00 [DEBUG] - Schedule - Assigned shift Avd - 2024-12-30 to กอสิน เลาหะวิสุทธิ์
2025-03-19 12:33:00 [DEBUG] - Schedule - Assigned shift Service night - 2024-12-31 to พิมพ์พรรณ อัศวสุรอิน
2025-03-19 12:33:00 [DEBUG] - Schedule - Assigned shift Avd - 2024-12-31 to บุญฤทธิ์ คำทิพย์
2025-03-19 12:33:00 [DEBUG] - root - Converted B12 to 11, 1
2025-03-19 12:33:00 [DEBUG] - root - Converted B42 to 41, 1
2025-03-19 12:33:00 [DEBUG] - SchedulerSheetUI - Got sheet values from B12:B42, start: (11, 1), end: (41, 1)
2025-03-19 12:33:00 [DEBUG] - root - Converted B218 to 217, 1
2025-03-19 12:33:00 [DEBUG] - root - Converted C240 to 239, 2
2025-03-19 12:33:00 [DEBUG] - SchedulerSheetUI - Got sheet values from B218:C240, start: (217, 1), end: (239, 2)
2025-03-19 12:33:00 [DEBUG] - ScheduleSolver - Added total shifts constraint for BC - 4
2025-03-19 12:33:00 [DEBUG] - ScheduleSolver - Added total shifts constraint for BW - 2
2025-03-19 12:33:00 [DEBUG] - ScheduleSolver - Added total shifts constraint for KS - 4
2025-03-19 12:33:00 [DEBUG] - ScheduleSolver - Added total shifts constraint for PT - 8
2025-03-19 12:33:00 [DEBUG] - ScheduleSolver - Added total shifts constraint for WW - 6
2025-03-19 12:33:00 [DEBUG] - ScheduleSolver - Added total shifts constraint for BK - 2
2025-03-19 12:33:00 [DEBUG] - ScheduleSolver - Added total shifts constraint for CC - 8
2025-03-19 12:33:00 [DEBUG] - ScheduleSolver - Added total shifts constraint for KL - 8
2025-03-19 12:33:00 [DEBUG] - ScheduleSolver - Added total shifts constraint for PU - 8
2025-03-19 12:33:00 [DEBUG] - ScheduleSolver - Added total shifts constraint for NM - 8
2025-03-19 12:33:00 [DEBUG] - ScheduleSolver - Added total shifts constraint for SS - 4
2025-03-19 12:33:00 [DEBUG] - ScheduleSolver - Added total shifts constraint for WL - 6
2025-03-19 12:33:00 [DEBUG] - ScheduleSolver - Added total shifts constraint for KK - 4
2025-03-19 12:33:00 [DEBUG] - root - Converted H218 to 217, 7
2025-03-19 12:33:00 [DEBUG] - root - Converted M239 to 238, 12
2025-03-19 12:33:00 [DEBUG] - SchedulerSheetUI - Got sheet values from H218:M239, start: (217, 7), end: (238, 12)
2025-03-19 12:33:00 [DEBUG] - ScheduleSolver - Added shift preference constraint for BC - {'BC': {'mon': True, 'tue': True, 'wed': True, 'thu': True, 'fri': True}}
2025-03-19 12:33:00 [DEBUG] - ScheduleSolver - Added shift preference constraint for BW - {'BW': {'mon': True, 'tue': True, 'wed': True, 'thu': True, 'fri': True}}
2025-03-19 12:33:00 [DEBUG] - ScheduleSolver - Added shift preference constraint for KS - {'KS': {'mon': True, 'tue': True, 'wed': True, 'thu': True, 'fri': True}}
2025-03-19 12:33:00 [DEBUG] - ScheduleSolver - Added shift preference constraint for PT - {'PT': {'mon': True, 'tue': True, 'wed': True, 'thu': True, 'fri': True}}
2025-03-19 12:33:00 [DEBUG] - ScheduleSolver - Added shift preference constraint for WW - {'WW': {'mon': True, 'tue': True, 'wed': True, 'thu': True, 'fri': True}}
2025-03-19 12:33:00 [DEBUG] - ScheduleSolver - Added shift preference constraint for BK - {'BK': {'mon': True, 'tue': True, 'wed': True, 'thu': True, 'fri': True}}
2025-03-19 12:33:00 [DEBUG] - ScheduleSolver - Added shift preference constraint for CC - {'CC': {'mon': True, 'tue': True, 'wed': True, 'thu': True, 'fri': True}}
2025-03-19 12:33:00 [DEBUG] - ScheduleSolver - Added shift preference constraint for KL - {'KL': {'mon': True, 'tue': True, 'wed': True, 'thu': True, 'fri': True}}
2025-03-19 12:33:00 [DEBUG] - ScheduleSolver - Added shift preference constraint for PU - {'PU': {'mon': True, 'tue': True, 'wed': True, 'thu': True, 'fri': True}}
2025-03-19 12:33:00 [DEBUG] - ScheduleSolver - Added shift preference constraint for NM - {'NM': {'mon': True, 'tue': True, 'wed': True, 'thu': True, 'fri': True}}
2025-03-19 12:33:00 [DEBUG] - ScheduleSolver - Added shift preference constraint for SS - {'SS': {'mon': True, 'tue': True, 'wed': True, 'thu': True, 'fri': True}}
2025-03-19 12:33:00 [DEBUG] - ScheduleSolver - Added shift preference constraint for WL - {'WL': {'mon': True, 'tue': True, 'wed': True, 'thu': True, 'fri': True}}
2025-03-19 12:33:00 [DEBUG] - ScheduleSolver - Added shift preference constraint for KK - {'KK': {'mon': True, 'tue': True, 'wed': True, 'thu': True, 'fri': True}}
2025-03-19 12:33:00 [DEBUG] - root - Converted B217 to 216, 1
2025-03-19 12:33:00 [DEBUG] - root - Converted F240 to 239, 5
2025-03-19 12:33:00 [DEBUG] - SchedulerSheetUI - Got sheet values from B217:F240, start: (216, 1), end: (239, 5)
2025-03-19 12:33:00 [DEBUG] - ScheduleSolver - Added total shifts per employee constraint for WW - amd - 0
2025-03-19 12:33:00 [DEBUG] - ScheduleSolver - Added total shifts per employee constraint for WW - avd - 0
2025-03-19 12:33:00 [DEBUG] - googleapiclient.discovery - URL being requested: GET https://www.googleapis.com/calendar/v3/calendars/em.cmu.teacher%40gmail.com/events?timeMin=2024-12-01T00%3A00%3A00Z&timeMax=2024-12-31T23%3A59%3A59.099999Z&singleEvents=true&orderBy=startTime&alt=json
2025-03-19 12:33:01 [DEBUG] - SchedulerCalendarUI - Sample event: {'kind': 'calendar#event', 'etag': '"3483847051688446"', 'id': '_6oq36or268s6cd326ksj8dhk65gm8p1o6ko3gd9jcgoj4oj260s0_20241130', 'status': 'confirmed', 'htmlLink': 'https://www.google.com/calendar/event?eid=XzZvcTM2b3IyNjhzNmNkMzI2a3NqOGRoazY1Z204cDFvNmtvM2dkOWpjZ29qNG9qMjYwczBfMjAyNDExMzAgZW0uY211LnRlYWNoZXJAbQ', 'created': '2024-08-13T03:01:27.000Z', 'updated': '2025-03-14T03:38:45.844Z', 'summary': 'BK เรียน', 'creator': {'email': 'bkamthip@gmail.com'}, 'organizer': {'email': 'em.cmu.teacher@gmail.com', 'self': True}, 'start': {'date': '2024-11-30'}, 'end': {'date': '2024-12-02'}, 'recurringEventId': '_6oq36or268s6cd326ksj8dhk65gm8p1o6ko3gd9jcgoj4oj260s0', 'originalStartTime': {'date': '2024-11-30'}, 'transparency': 'transparent', 'iCalUID': '643cb28f4b594641add850853d12bb08', 'sequence': 0, 'attendees': [{'email': 'bkamthip@gmail.com', 'responseStatus': 'accepted'}, {'email': 'em.cmu.teacher@gmail.com', 'organizer': True, 'self': True, 'responseStatus': 'accepted'}], 'extendedProperties': {'private': {'TASKPARTCOMPLETED': 'false'}}, 'reminders': {'useDefault': False}, 'eventType': 'default'}
2025-03-19 12:33:01 [DEBUG] - SchedulerCalendarUI - Extracted task: BK เรียน starts at 2024-11-30 00:00:00+07:00 and ends at 2024-12-02 00:00:00+07:00 for employee: บุญฤทธิ์ คำทิพย์ (BK)
2025-03-19 12:33:01 [DEBUG] - SchedulerCalendarUI - Extracted task: , NM(AMD, AVD) starts at 2024-12-01 00:00:00+07:00 and ends at 2024-12-02 00:00:00+07:00 for employee: ณัฐฐิกานต์ มีลาภ (NM)
2025-03-19 12:33:01 [DEBUG] - SchedulerCalendarUI - Extracted task: , PU(AMD, AVD) starts at 2024-12-02 00:00:00+07:00 and ends at 2024-12-03 00:00:00+07:00 for employee: พิมพ์พรรณ อัศวสุรอิน (PU)
2025-03-19 12:33:01 [DEBUG] - SchedulerCalendarUI - Extracted task: SS (PT+PT)-  (CC+CC): WL ,KS [MC(S1,S2) - (S1+, S2+): EMS,Observe] starts at 2024-12-02 00:00:00+07:00 and ends at 2024-12-03 00:00:00+07:00 for employee: สริยา เสือแซมเสริม (SS), ปริญญา เทียนวิบูลย์ (PT), ปริญญา เทียนวิบูลย์ (PT), ชานนท์ ช่างรัตนากร (CC), ชานนท์ ช่างรัตนากร (CC), วิพุธ เล้าสุขศรี (WL), กรองกาญจน์ สุธรรม (KS)
2025-03-19 12:33:01 [DEBUG] - SchedulerCalendarUI - Extracted task: SS (SMC) starts at 2024-12-02 00:00:00+07:00 and ends at 2024-12-03 00:00:00+07:00 for employee: สริยา เสือแซมเสริม (SS)
2025-03-19 12:33:01 [DEBUG] - SchedulerCalendarUI - Extracted task: KL ประชุมปิดงานขึ้นดอย starts at 2024-12-02 08:00:00+07:00 and ends at 2024-12-02 10:00:00+07:00 for employee: กอสิน เลาหะวิสุทธิ์ (KL)
2025-03-19 12:33:01 [DEBUG] - SchedulerCalendarUI - Extracted task: BC NM WW BW WL SS ประชุมยุทธศาสตร์ Postgrad EMCMU starts at 2024-12-02 09:00:00+07:00 and ends at 2024-12-02 12:00:00+07:00 for employee: บริบูรณ์ เชนธนากิจ (BC), ณัฐฐิกานต์ มีลาภ (NM), วชิระ วงศ์ธนสารสิน (WW), บวร วิทยชำนาญกุล (BW), วิพุธ เล้าสุขศรี (WL), สริยา เสือแซมเสริม (SS)
2025-03-19 12:33:01 [DEBUG] - SchedulerCalendarUI - Extracted task: BK weekly meeting SMC starts at 2024-12-02 09:00:00+07:00 and ends at 2024-12-02 12:00:00+07:00 for employee: บุญฤทธิ์ คำทิพย์ (BK)
2025-03-19 12:33:01 [DEBUG] - SchedulerCalendarUI - Extracted task: KS สอน CVS I ปี 5 starts at 2024-12-02 10:00:00+07:00 and ends at 2024-12-02 12:00:00+07:00 for employee: กรองกาญจน์ สุธรรม (KS)
2025-03-19 12:33:01 [DEBUG] - SchedulerCalendarUI - Extracted task: BW สอน ACLS ปี 5 (ชั้น 9 ราชนครินทร์) starts at 2024-12-02 13:00:00+07:00 and ends at 2024-12-02 16:00:00+07:00 for employee: บวร วิทยชำนาญกุล (BW)
2025-03-19 12:33:01 [DEBUG] - SchedulerCalendarUI - Extracted task: นัดประชุม lead team EMCMU KS NM WL WW BC PT PU BK KL CC Miw May  starts at 2024-12-02 15:00:00+07:00 and ends at 2024-12-02 16:00:00+07:00 for employee: กรองกาญจน์ สุธรรม (KS), ณัฐฐิกานต์ มีลาภ (NM), วิพุธ เล้าสุขศรี (WL), วชิระ วงศ์ธนสารสิน (WW), บริบูรณ์ เชนธนากิจ (BC), ปริญญา เทียนวิบูลย์ (PT), พิมพ์พรรณ อัศวสุรอิน (PU), บุญฤทธิ์ คำทิพย์ (BK), กอสิน เลาหะวิสุทธิ์ (KL), ชานนท์ ช่างรัตนากร (CC)
2025-03-19 12:33:01 [DEBUG] - SchedulerCalendarUI - Extracted task: WL เรียน AI starts at 2024-12-03 00:00:00+07:00 and ends at 2024-12-04 00:00:00+07:00 for employee: วิพุธ เล้าสุขศรี (WL)
2025-03-19 12:33:01 [DEBUG] - SchedulerCalendarUI - Extracted task: BC (KK+KK)-  (NM+NM): WL ,KS [MC(S1,S2) - (S1+, S2+): EMS,Observe] starts at 2024-12-03 00:00:00+07:00 and ends at 2024-12-04 00:00:00+07:00 for employee: บริบูรณ์ เชนธนากิจ (BC), กรีฑา คำเนียม (KK), กรีฑา คำเนียม (KK), ณัฐฐิกานต์ มีลาภ (NM), ณัฐฐิกานต์ มีลาภ (NM), วิพุธ เล้าสุขศรี (WL), กรองกาญจน์ สุธรรม (KS)
2025-03-19 12:33:01 [DEBUG] - SchedulerCalendarUI - Extracted task: , CC(AMD, AVD) starts at 2024-12-03 00:00:00+07:00 and ends at 2024-12-04 00:00:00+07:00 for employee: ชานนท์ ช่างรัตนากร (CC)
2025-03-19 12:33:01 [DEBUG] - SchedulerCalendarUI - Extracted task: SS(SMC) starts at 2024-12-03 00:00:00+07:00 and ends at 2024-12-04 00:00:00+07:00 for employee: สริยา เสือแซมเสริม (SS)
2025-03-19 12:33:01 [DEBUG] - SchedulerCalendarUI - Extracted task: KL สอน Toxicology+ATLS Review ปี 5 starts at 2024-12-03 10:00:00+07:00 and ends at 2024-12-03 12:00:00+07:00 for employee: กอสิน เลาหะวิสุทธิ์ (KL)
2025-03-19 12:33:01 [DEBUG] - SchedulerCalendarUI - Extracted task: BK CQI-Skydoctor ประจำเดือน starts at 2024-12-03 10:00:00+07:00 and ends at 2024-12-03 12:00:00+07:00 for employee: บุญฤทธิ์ คำทิพย์ (BK)
2025-03-19 12:33:01 [DEBUG] - SchedulerCalendarUI - Extracted task: PT สอน Simulation Disaster ปี 5 starts at 2024-12-03 13:00:00+07:00 and ends at 2024-12-03 16:00:00+07:00 for employee: ปริญญา เทียนวิบูลย์ (PT)
2025-03-19 12:33:01 [DEBUG] - SchedulerCalendarUI - Extracted task: KL BK Conference EMCMU resident starts at 2024-12-03 13:00:00+07:00 and ends at 2024-12-03 16:00:00+07:00 for employee: กอสิน เลาหะวิสุทธิ์ (KL), บุญฤทธิ์ คำทิพย์ (BK)
2025-03-19 12:33:01 [DEBUG] - SchedulerCalendarUI - Extracted task: KS MSL project starts at 2024-12-03 13:00:00+07:00 and ends at 2024-12-03 15:00:00+07:00 for employee: กรองกาญจน์ สุธรรม (KS)
2025-03-19 12:33:01 [DEBUG] - SchedulerCalendarUI - Extracted task: BW PU คุยกับเมด flow CO poisoning (zoom) starts at 2024-12-03 15:00:00+07:00 and ends at 2024-12-03 16:00:00+07:00 for employee: บวร วิทยชำนาญกุล (BW), พิมพ์พรรณ อัศวสุรอิน (PU)
2025-03-19 12:33:01 [DEBUG] - SchedulerCalendarUI - Extracted task: , BC(AMD, AVD) starts at 2024-12-04 00:00:00+07:00 and ends at 2024-12-05 00:00:00+07:00 for employee: บริบูรณ์ เชนธนากิจ (BC)
2025-03-19 12:33:01 [DEBUG] - SchedulerCalendarUI - Extracted task: BW (PU+PU)-  (PT+PT): WL ,KS [MC(S1,S2) - (S1+, S2+): EMS,Observe] starts at 2024-12-04 00:00:00+07:00 and ends at 2024-12-05 00:00:00+07:00 for employee: บวร วิทยชำนาญกุล (BW), พิมพ์พรรณ อัศวสุรอิน (PU), พิมพ์พรรณ อัศวสุรอิน (PU), ปริญญา เทียนวิบูลย์ (PT), ปริญญา เทียนวิบูลย์ (PT), วิพุธ เล้าสุขศรี (WL), กรองกาญจน์ สุธรรม (KS)
2025-03-19 12:33:01 [DEBUG] - SchedulerCalendarUI - Extracted task: BK (SMC) starts at 2024-12-04 00:00:00+07:00 and ends at 2024-12-05 00:00:00+07:00 for employee: บุญฤทธิ์ คำทิพย์ (BK)
2025-03-19 12:33:01 [DEBUG] - SchedulerCalendarUI - Extracted task: CC สอน CVS II Syncope & Dyspnea ปี 5 starts at 2024-12-04 10:00:00+07:00 and ends at 2024-12-04 12:00:00+07:00 for employee: ชานนท์ ช่างรัตนากร (CC)
2025-03-19 12:33:01 [DEBUG] - SchedulerCalendarUI - Extracted task: NM,พ.อุกฤษฏ์: SES Ext. starts at 2024-12-04 13:00:00+07:00 and ends at 2024-12-04 16:00:00+07:00 for employee: ณัฐฐิกานต์ มีลาภ (NM)
2025-03-19 12:33:01 [DEBUG] - SchedulerCalendarUI - Extracted task: SS+WL สอน ATLS ปี 5 (ชั้น 9 ราชนครินทร์) starts at 2024-12-04 13:00:00+07:00 and ends at 2024-12-04 16:00:00+07:00 for employee: สริยา เสือแซมเสริม (SS), วิพุธ เล้าสุขศรี (WL)
2025-03-19 12:33:01 [DEBUG] - SchedulerCalendarUI - Extracted task: WW BW Rudklao (BT) RU meeting starts at 2024-12-04 14:00:00+07:00 and ends at 2024-12-04 16:00:00+07:00 for employee: วชิระ วงศ์ธนสารสิน (WW), บวร วิทยชำนาญกุล (BW)
2025-03-19 12:33:01 [DEBUG] - SchedulerCalendarUI - Extracted task: KK, BK(AMD, AVD) starts at 2024-12-05 00:00:00+07:00 and ends at 2024-12-06 00:00:00+07:00 for employee: กรีฑา คำเนียม (KK), บุญฤทธิ์ คำทิพย์ (BK)
2025-03-19 12:33:01 [DEBUG] - SchedulerCalendarUI - Extracted task: NM PU not available starts at 2024-12-05 00:00:00+07:00 and ends at 2024-12-06 00:00:00+07:00 for employee: ณัฐฐิกานต์ มีลาภ (NM), พิมพ์พรรณ อัศวสุรอิน (PU)
2025-03-19 12:33:01 [DEBUG] - SchedulerCalendarUI - Extracted task: PU, NM(AMD, AVD) starts at 2024-12-06 00:00:00+07:00 and ends at 2024-12-07 00:00:00+07:00 for employee: พิมพ์พรรณ อัศวสุรอิน (PU), ณัฐฐิกานต์ มีลาภ (NM)
2025-03-19 12:33:01 [DEBUG] - SchedulerCalendarUI - Extracted task: PU (KL+KL)-  (CC+CC): WL ,KS [MC(S1,S2) - (S1+, S2+): EMS,Observe] starts at 2024-12-06 00:00:00+07:00 and ends at 2024-12-07 00:00:00+07:00 for employee: พิมพ์พรรณ อัศวสุรอิน (PU), กอสิน เลาหะวิสุทธิ์ (KL), กอสิน เลาหะวิสุทธิ์ (KL), ชานนท์ ช่างรัตนากร (CC), ชานนท์ ช่างรัตนากร (CC), วิพุธ เล้าสุขศรี (WL), กรองกาญจน์ สุธรรม (KS)
2025-03-19 12:33:01 [DEBUG] - SchedulerCalendarUI - Extracted task: SS(SMC) starts at 2024-12-06 00:00:00+07:00 and ends at 2024-12-07 00:00:00+07:00 for employee: สริยา เสือแซมเสริม (SS)
2025-03-19 12:33:01 [DEBUG] - SchedulerCalendarUI - Extracted task: BW ตัดสินผลวิจัย งานประกวดพนักงานมหาลัย starts at 2024-12-06 00:00:00+07:00 and ends at 2024-12-08 00:00:00+07:00 for employee: บวร วิทยชำนาญกุล (BW)
2025-03-19 12:33:01 [DEBUG] - SchedulerCalendarUI - Extracted task: BK BW KK UTMB starts at 2024-12-06 00:00:00+07:00 and ends at 2024-12-09 00:00:00+07:00 for employee: บุญฤทธิ์ คำทิพย์ (BK), บวร วิทยชำนาญกุล (BW), กรีฑา คำเนียม (KK)
2025-03-19 12:33:01 [DEBUG] - SchedulerCalendarUI - Extracted task: WW Research Clinic starts at 2024-12-06 09:00:00+07:00 and ends at 2024-12-06 12:00:00+07:00 for employee: วชิระ วงศ์ธนสารสิน (WW)
2025-03-19 12:33:01 [DEBUG] - SchedulerCalendarUI - Extracted task: KS MSL Part 3 Project based Learning ครั้งที่ 4  หัวข้อ Mastering Project Management: Approaches for Effective Execution and Monitoring  starts at 2024-12-06 09:00:00+07:00 and ends at 2024-12-06 12:00:00+07:00 for employee: กรองกาญจน์ สุธรรม (KS)
2025-03-19 12:33:01 [DEBUG] - SchedulerCalendarUI - Extracted task: PT PU smart EMS 5G starts at 2024-12-06 09:00:00+07:00 and ends at 2024-12-06 12:00:00+07:00 for employee: ปริญญา เทียนวิบูลย์ (PT), พิมพ์พรรณ อัศวสุรอิน (PU)
2025-03-19 12:33:01 [DEBUG] - SchedulerCalendarUI - Extracted task: BC สอน GI Emergency ปี 5 starts at 2024-12-06 10:00:00+07:00 and ends at 2024-12-06 12:00:00+07:00 for employee: บริบูรณ์ เชนธนากิจ (BC)
2025-03-19 12:33:01 [DEBUG] - SchedulerCalendarUI - Extracted task: ประชุมฝ่าย วิชาการ วฉท BW WW starts at 2024-12-06 12:15:00+07:00 and ends at 2024-12-06 13:15:00+07:00 for employee: บวร วิทยชำนาญกุล (BW), วชิระ วงศ์ธนสารสิน (WW)
2025-03-19 12:33:01 [DEBUG] - SchedulerCalendarUI - Extracted task: WW สอน  Neuro Emer CT brain ปี 5 starts at 2024-12-06 13:00:00+07:00 and ends at 2024-12-06 16:00:00+07:00 for employee: วชิระ วงศ์ธนสารสิน (WW)
2025-03-19 12:33:01 [DEBUG] - SchedulerCalendarUI - Extracted task: PU test software AI TBI ภาครังสี starts at 2024-12-06 13:30:00+07:00 and ends at 2024-12-06 14:30:00+07:00 for employee: พิมพ์พรรณ อัศวสุรอิน (PU)
2025-03-19 12:33:01 [DEBUG] - SchedulerCalendarUI - Extracted task: PT ประชุมคณะกรรมการบริหารหลักสูตร สาขาวิชาวิทยาศาสตร์การแพทย์ ครั้งที่ 2/2567 starts at 2024-12-06 14:00:00+07:00 and ends at 2024-12-06 16:00:00+07:00 for employee: ปริญญา เทียนวิบูลย์ (PT)
2025-03-19 12:33:01 [DEBUG] - SchedulerCalendarUI - Extracted task: SS, CC(AMD, AVD) starts at 2024-12-07 00:00:00+07:00 and ends at 2024-12-08 00:00:00+07:00 for employee: สริยา เสือแซมเสริม (SS), ชานนท์ ช่างรัตนากร (CC)
2025-03-19 12:33:01 [DEBUG] - SchedulerCalendarUI - Extracted task: BK เรียน starts at 2024-12-07 00:00:00+07:00 and ends at 2024-12-09 00:00:00+07:00 for employee: บุญฤทธิ์ คำทิพย์ (BK)
2025-03-19 12:33:01 [DEBUG] - SchedulerCalendarUI - Extracted task: NM Sriphat Medical Expo starts at 2024-12-07 00:00:00+07:00 and ends at 2024-12-10 00:00:00+07:00 for employee: ณัฐฐิกานต์ มีลาภ (NM)
2025-03-19 12:33:01 [DEBUG] - SchedulerCalendarUI - Extracted task: PU KL unavailable starts at 2024-12-07 00:00:00+07:00 and ends at 2024-12-09 00:00:00+07:00 for employee: พิมพ์พรรณ อัศวสุรอิน (PU), กอสิน เลาหะวิสุทธิ์ (KL)
2025-03-19 12:33:01 [DEBUG] - SchedulerCalendarUI - Extracted task: WL ขอลา 7-9 ธค starts at 2024-12-07 00:00:00+07:00 and ends at 2024-12-10 00:00:00+07:00 for employee: วิพุธ เล้าสุขศรี (WL)
2025-03-19 12:33:01 [DEBUG] - SchedulerCalendarUI - Extracted task: BW แข่งว่ายน้ำ starts at 2024-12-07 08:00:00+07:00 and ends at 2024-12-07 12:00:00+07:00 for employee: บวร วิทยชำนาญกุล (BW)
2025-03-19 12:33:01 [DEBUG] - SchedulerCalendarUI - Extracted task: SS, KS(AMD, AVD) starts at 2024-12-08 00:00:00+07:00 and ends at 2024-12-09 00:00:00+07:00 for employee: สริยา เสือแซมเสริม (SS), กรองกาญจน์ สุธรรม (KS)
2025-03-19 12:33:01 [DEBUG] - SchedulerCalendarUI - Extracted task: BW PU UTMB starts at 2024-12-08 08:00:00+07:00 and ends at 2024-12-08 16:00:00+07:00 for employee: บวร วิทยชำนาญกุล (BW), พิมพ์พรรณ อัศวสุรอิน (PU)
2025-03-19 12:33:01 [DEBUG] - SchedulerCalendarUI - Extracted task: KL (KS+KS)-  (WW+WW): KL ,BC [MC(S1,S2) - (S1+, S2+): EMS,Observe] starts at 2024-12-09 00:00:00+07:00 and ends at 2024-12-10 00:00:00+07:00 for employee: กอสิน เลาหะวิสุทธิ์ (KL), กรองกาญจน์ สุธรรม (KS), กรองกาญจน์ สุธรรม (KS), วชิระ วงศ์ธนสารสิน (WW), วชิระ วงศ์ธนสารสิน (WW), กอสิน เลาหะวิสุทธิ์ (KL), บริบูรณ์ เชนธนากิจ (BC)
2025-03-19 12:33:01 [DEBUG] - SchedulerCalendarUI - Extracted task: , BW(AMD, AVD) starts at 2024-12-09 00:00:00+07:00 and ends at 2024-12-10 00:00:00+07:00 for employee: บวร วิทยชำนาญกุล (BW)
2025-03-19 12:33:01 [DEBUG] - SchedulerCalendarUI - Extracted task: KK(SMC) starts at 2024-12-09 00:00:00+07:00 and ends at 2024-12-10 00:00:00+07:00 for employee: กรีฑา คำเนียม (KK)
2025-03-19 12:33:01 [DEBUG] - SchedulerCalendarUI - Extracted task: BK weekly meeting SMC starts at 2024-12-09 09:00:00+07:00 and ends at 2024-12-09 12:00:00+07:00 for employee: บุญฤทธิ์ คำทิพย์ (BK)
2025-03-19 12:33:01 [DEBUG] - SchedulerCalendarUI - Extracted task: BC สอน EMS System ปี 5 starts at 2024-12-09 10:00:00+07:00 and ends at 2024-12-09 12:00:00+07:00 for employee: บริบูรณ์ เชนธนากิจ (BC)
2025-03-19 12:33:01 [DEBUG] - SchedulerCalendarUI - Extracted task: BW KS หารือ อ นัท วิทยากร OD ที่ภาควิชา starts at 2024-12-09 10:00:00+07:00 and ends at 2024-12-09 12:00:00+07:00 for employee: บวร วิทยชำนาญกุล (BW), กรองกาญจน์ สุธรรม (KS)
2025-03-19 12:33:01 [DEBUG] - SchedulerCalendarUI - Extracted task: BW BK และ อ ที่สะดวก สัมภาษณ์ อ.ศรีพัฒน์ (อ.พัณณ์ชิตา) starts at 2024-12-09 10:00:00+07:00 and ends at 2024-12-09 11:00:00+07:00 for employee: บวร วิทยชำนาญกุล (BW), บุญฤทธิ์ คำทิพย์ (BK)
2025-03-19 12:33:01 [DEBUG] - SchedulerCalendarUI - Extracted task: PU ประชุม Case Observe KPI starts at 2024-12-09 11:00:00+07:00 and ends at 2024-12-09 12:00:00+07:00 for employee: พิมพ์พรรณ อัศวสุรอิน (PU)
2025-03-19 12:33:01 [DEBUG] - SchedulerCalendarUI - Extracted task: PU สอน Environmental injuries & Animal bites ปี 5 starts at 2024-12-09 13:00:00+07:00 and ends at 2024-12-09 16:00:00+07:00 for employee: พิมพ์พรรณ อัศวสุรอิน (PU)
2025-03-19 12:33:01 [DEBUG] - SchedulerCalendarUI - Extracted task: WL เรียน AI starts at 2024-12-10 00:00:00+07:00 and ends at 2024-12-11 00:00:00+07:00 for employee: วิพุธ เล้าสุขศรี (WL)
2025-03-19 12:33:01 [DEBUG] - SchedulerCalendarUI - Extracted task: , KL(AMD, AVD) starts at 2024-12-10 00:00:00+07:00 and ends at 2024-12-11 00:00:00+07:00 for employee: กอสิน เลาหะวิสุทธิ์ (KL)
2025-03-19 12:33:01 [DEBUG] - SchedulerCalendarUI - Extracted task: SS ขอลา starts at 2024-12-10 00:00:00+07:00 and ends at 2024-12-12 00:00:00+07:00 for employee: สริยา เสือแซมเสริม (SS)
2025-03-19 12:33:01 [DEBUG] - SchedulerCalendarUI - Extracted task: NM not available starts at 2024-12-10 00:00:00+07:00 and ends at 2024-12-11 00:00:00+07:00 for employee: ณัฐฐิกานต์ มีลาภ (NM)
2025-03-19 12:33:01 [DEBUG] - SchedulerCalendarUI - Extracted task: WL (NM+NM)-  (KK+KK): KL ,BC [MC(S1,S2) - (S1+, S2+): EMS,Observe] starts at 2024-12-11 00:00:00+07:00 and ends at 2024-12-12 00:00:00+07:00 for employee: วิพุธ เล้าสุขศรี (WL), ณัฐฐิกานต์ มีลาภ (NM), ณัฐฐิกานต์ มีลาภ (NM), กรีฑา คำเนียม (KK), กรีฑา คำเนียม (KK), กอสิน เลาหะวิสุทธิ์ (KL), บริบูรณ์ เชนธนากิจ (BC)
2025-03-19 12:33:01 [DEBUG] - SchedulerCalendarUI - Extracted task: , BW(AMD, AVD) starts at 2024-12-11 00:00:00+07:00 and ends at 2024-12-12 00:00:00+07:00 for employee: บวร วิทยชำนาญกุล (BW)
2025-03-19 12:33:01 [DEBUG] - SchedulerCalendarUI - Extracted task: BK (SMC) starts at 2024-12-11 00:00:00+07:00 and ends at 2024-12-12 00:00:00+07:00 for employee: บุญฤทธิ์ คำทิพย์ (BK)
2025-03-19 12:33:01 [DEBUG] - SchedulerCalendarUI - Extracted task: KS,PU,KL,CC หวาน,หมิว: ประชุมundergrad starts at 2024-12-11 09:00:00+07:00 and ends at 2024-12-11 11:00:00+07:00 for employee: กรองกาญจน์ สุธรรม (KS), พิมพ์พรรณ อัศวสุรอิน (PU), กอสิน เลาหะวิสุทธิ์ (KL), ชานนท์ ช่างรัตนากร (CC)
2025-03-19 12:33:01 [DEBUG] - SchedulerCalendarUI - Extracted task: PT สอน ER Learning  ปี 5 starts at 2024-12-11 10:00:00+07:00 and ends at 2024-12-11 12:00:00+07:00 for employee: ปริญญา เทียนวิบูลย์ (PT)
2025-03-19 12:33:01 [DEBUG] - SchedulerCalendarUI - Extracted task: BC ประชุมคณะกรรมการ Clinic starts at 2024-12-11 12:00:00+07:00 and ends at 2024-12-11 13:00:00+07:00 for employee: บริบูรณ์ เชนธนากิจ (BC)
2025-03-19 12:33:01 [DEBUG] - SchedulerCalendarUI - Extracted task: WW Research Lunch: Discussion Dojo: The art of the arguments starts at 2024-12-11 12:00:00+07:00 and ends at 2024-12-11 13:00:00+07:00 for employee: วชิระ วงศ์ธนสารสิน (WW)
2025-03-19 12:33:01 [DEBUG] - SchedulerCalendarUI - Extracted task: WW + WL Tutorial ปี 5 starts at 2024-12-11 13:00:00+07:00 and ends at 2024-12-11 16:00:00+07:00 for employee: วชิระ วงศ์ธนสารสิน (WW), วิพุธ เล้าสุขศรี (WL)
2025-03-19 12:33:01 [DEBUG] - SchedulerCalendarUI - Extracted task: BW วฉท เรื่่่องเกณฑ์การตรวจวิจัย (BW BC WL TT PT KS WW CC NM) starts at 2024-12-11 13:00:00+07:00 and ends at 2024-12-11 15:00:00+07:00 for employee: บวร วิทยชำนาญกุล (BW), บวร วิทยชำนาญกุล (BW), บริบูรณ์ เชนธนากิจ (BC), วิพุธ เล้าสุขศรี (WL), ปริญญา เทียนวิบูลย์ (PT), กรองกาญจน์ สุธรรม (KS), วชิระ วงศ์ธนสารสิน (WW), ชานนท์ ช่างรัตนากร (CC), ณัฐฐิกานต์ มีลาภ (NM)
2025-03-19 12:33:01 [DEBUG] - SchedulerCalendarUI - Extracted task: PT PU BW คุย Alcohol withdrawal กับ med psychi starts at 2024-12-11 15:00:00+07:00 and ends at 2024-12-11 16:00:00+07:00 for employee: ปริญญา เทียนวิบูลย์ (PT), พิมพ์พรรณ อัศวสุรอิน (PU), บวร วิทยชำนาญกุล (BW)
2025-03-19 12:33:01 [DEBUG] - SchedulerCalendarUI - Extracted task: WW (CC+CC)-  (KS+KL): KL ,BC [MC(S1,S2) - (S1+, S2+): EMS,Observe] starts at 2024-12-12 00:00:00+07:00 and ends at 2024-12-13 00:00:00+07:00 for employee: วชิระ วงศ์ธนสารสิน (WW), ชานนท์ ช่างรัตนากร (CC), ชานนท์ ช่างรัตนากร (CC), กรองกาญจน์ สุธรรม (KS), กอสิน เลาหะวิสุทธิ์ (KL), กอสิน เลาหะวิสุทธิ์ (KL), บริบูรณ์ เชนธนากิจ (BC)
2025-03-19 12:33:01 [DEBUG] - SchedulerCalendarUI - Extracted task: , PU(AMD, AVD) starts at 2024-12-12 00:00:00+07:00 and ends at 2024-12-13 00:00:00+07:00 for employee: พิมพ์พรรณ อัศวสุรอิน (PU)
2025-03-19 12:33:01 [DEBUG] - SchedulerCalendarUI - Extracted task: BK ลา starts at 2024-12-12 00:00:00+07:00 and ends at 2024-12-13 00:00:00+07:00 for employee: บุญฤทธิ์ คำทิพย์ (BK)
2025-03-19 12:33:01 [DEBUG] - SchedulerCalendarUI - Extracted task: KK(SMC) starts at 2024-12-12 00:00:00+07:00 and ends at 2024-12-13 00:00:00+07:00 for employee: กรีฑา คำเนียม (KK)
2025-03-19 12:33:01 [DEBUG] - SchedulerCalendarUI - Extracted task: WL เรียน AI starts at 2024-12-12 00:00:00+07:00 and ends at 2024-12-13 00:00:00+07:00 for employee: วิพุธ เล้าสุขศรี (WL)
2025-03-19 12:33:01 [DEBUG] - SchedulerCalendarUI - Extracted task: BC Conference EMCMU resident starts at 2024-12-12 08:45:00+07:00 and ends at 2024-12-12 12:00:00+07:00 for employee: บริบูรณ์ เชนธนากิจ (BC)
2025-03-19 12:33:01 [DEBUG] - SchedulerCalendarUI - Extracted task: BW สอน ER Learning  ปี 5 starts at 2024-12-12 10:00:00+07:00 and ends at 2024-12-12 12:00:00+07:00 for employee: บวร วิทยชำนาญกุล (BW)
2025-03-19 12:33:01 [DEBUG] - SchedulerCalendarUI - Extracted task: KS: สอบลงกองปี6 starts at 2024-12-12 13:00:00+07:00 and ends at 2024-12-12 15:00:00+07:00 for employee: กรองกาญจน์ สุธรรม (KS)
2025-03-19 12:33:01 [DEBUG] - SchedulerCalendarUI - Extracted task: BK คุมสอบ Skills ศรว. ซ่อมครั้งที่ 2 (ถ้ามี) starts at 2024-12-12 13:00:00+07:00 and ends at 2024-12-12 16:00:00+07:00 for employee: บุญฤทธิ์ คำทิพย์ (BK)
2025-03-19 12:33:01 [DEBUG] - SchedulerCalendarUI - Extracted task: BW ประชุมยุทธศาสตร์ (วฉท) starts at 2024-12-12 13:00:00+07:00 and ends at 2024-12-12 15:30:00+07:00 for employee: บวร วิทยชำนาญกุล (BW)
2025-03-19 12:33:01 [DEBUG] - SchedulerCalendarUI - Extracted task: KS,BC: คุมสอบAdvice Ext. starts at 2024-12-12 15:00:00+07:00 and ends at 2024-12-12 16:00:00+07:00 for employee: กรองกาญจน์ สุธรรม (KS), บริบูรณ์ เชนธนากิจ (BC)
2025-03-19 12:33:01 [DEBUG] - SchedulerCalendarUI - Extracted task: , SS(AMD, AVD) starts at 2024-12-13 00:00:00+07:00 and ends at 2024-12-14 00:00:00+07:00 for employee: สริยา เสือแซมเสริม (SS)
2025-03-19 12:33:01 [DEBUG] - SchedulerCalendarUI - Extracted task:  (PT+PT)-  (NM+NM): KL ,BC [MC(S1,S2) - (S1+, S2+): EMS,Observe] starts at 2024-12-13 00:00:00+07:00 and ends at 2024-12-14 00:00:00+07:00 for employee: ปริญญา เทียนวิบูลย์ (PT), ปริญญา เทียนวิบูลย์ (PT), ณัฐฐิกานต์ มีลาภ (NM), ณัฐฐิกานต์ มีลาภ (NM), กอสิน เลาหะวิสุทธิ์ (KL), บริบูรณ์ เชนธนากิจ (BC)
2025-03-19 12:33:01 [DEBUG] - SchedulerCalendarUI - Extracted task: BK (SMC) starts at 2024-12-13 00:00:00+07:00 and ends at 2024-12-14 00:00:00+07:00 for employee: บุญฤทธิ์ คำทิพย์ (BK)
2025-03-19 12:33:01 [DEBUG] - SchedulerCalendarUI - Extracted task: KS POCCUS starts at 2024-12-13 00:00:00+07:00 and ends at 2024-12-15 00:00:00+07:00 for employee: กรองกาญจน์ สุธรรม (KS), ชานนท์ ช่างรัตนากร (CC)
2025-03-19 12:33:01 [DEBUG] - SchedulerCalendarUI - Extracted task: WL คุมสอบ Skills ศรว. ครั้งที่ 3 starts at 2024-12-13 08:00:00+07:00 and ends at 2024-12-13 16:00:00+07:00 for employee: วิพุธ เล้าสุขศรี (WL)
2025-03-19 12:33:01 [DEBUG] - SchedulerCalendarUI - Extracted task: NM สอบลงกอง+ปิดกองปี 5 (ฉ1) แทน KS starts at 2024-12-13 08:00:00+07:00 and ends at 2024-12-13 16:00:00+07:00 for employee: ณัฐฐิกานต์ มีลาภ (NM), กรองกาญจน์ สุธรรม (KS)
2025-03-19 12:33:01 [DEBUG] - SchedulerCalendarUI - Extracted task: WW Research Clinic starts at 2024-12-13 09:00:00+07:00 and ends at 2024-12-13 12:00:00+07:00 for employee: วชิระ วงศ์ธนสารสิน (WW)
2025-03-19 12:33:01 [DEBUG] - SchedulerCalendarUI - Extracted task: KL ช่วยคุมสอบ OSCE ปี 5 starts at 2024-12-13 13:00:00+07:00 and ends at 2024-12-13 16:00:00+07:00 for employee: กอสิน เลาหะวิสุทธิ์ (KL)
2025-03-19 12:33:01 [DEBUG] - SchedulerCalendarUI - Extracted task: KS BW หารืองบโครงการ DIVA  starts at 2024-12-13 13:30:00+07:00 and ends at 2024-12-13 15:30:00+07:00 for employee: กรองกาญจน์ สุธรรม (KS), บวร วิทยชำนาญกุล (BW)
2025-03-19 12:33:01 [DEBUG] - SchedulerCalendarUI - Extracted task: KS: ปิดกอง ปี6 starts at 2024-12-13 15:00:00+07:00 and ends at 2024-12-13 16:00:00+07:00 for employee: กรองกาญจน์ สุธรรม (KS)
2025-03-19 12:33:01 [DEBUG] - SchedulerCalendarUI - Extracted task: , PT(AMD, AVD) starts at 2024-12-14 00:00:00+07:00 and ends at 2024-12-15 00:00:00+07:00 for employee: ปริญญา เทียนวิบูลย์ (PT)
2025-03-19 12:33:01 [DEBUG] - SchedulerCalendarUI - Extracted task: WL เรียน AI starts at 2024-12-14 00:00:00+07:00 and ends at 2024-12-16 00:00:00+07:00 for employee: วิพุธ เล้าสุขศรี (WL)
2025-03-19 12:33:01 [DEBUG] - SchedulerCalendarUI - Extracted task: BK เรียน starts at 2024-12-14 00:00:00+07:00 and ends at 2024-12-16 00:00:00+07:00 for employee: บุญฤทธิ์ คำทิพย์ (BK)
2025-03-19 12:33:01 [DEBUG] - SchedulerCalendarUI - Extracted task: PU KL เรียน chula EP starts at 2024-12-14 00:00:00+07:00 and ends at 2024-12-15 00:00:00+07:00 for employee: พิมพ์พรรณ อัศวสุรอิน (PU), กอสิน เลาหะวิสุทธิ์ (KL)
2025-03-19 12:33:01 [DEBUG] - SchedulerCalendarUI - Extracted task: NM not available starts at 2024-12-14 00:00:00+07:00 and ends at 2024-12-15 00:00:00+07:00 for employee: ณัฐฐิกานต์ มีลาภ (NM)
2025-03-19 12:33:01 [DEBUG] - SchedulerCalendarUI - Extracted task: UT KL คุมสอบ Comprehensive OSCE starts at 2024-12-15 00:00:00+07:00 and ends at 2024-12-16 00:00:00+07:00 for employee: กอสิน เลาหะวิสุทธิ์ (KL)
2025-03-19 12:33:01 [DEBUG] - SchedulerCalendarUI - Extracted task: , PT(AMD, AVD) starts at 2024-12-15 00:00:00+07:00 and ends at 2024-12-16 00:00:00+07:00 for employee: ปริญญา เทียนวิบูลย์ (PT)
2025-03-19 12:33:01 [DEBUG] - SchedulerCalendarUI - Extracted task:  (KL+KL)-  (PU+PU): BW ,PT [MC(S1,S2) - (S1+, S2+): EMS,Observe] starts at 2024-12-16 00:00:00+07:00 and ends at 2024-12-17 00:00:00+07:00 for employee: กอสิน เลาหะวิสุทธิ์ (KL), กอสิน เลาหะวิสุทธิ์ (KL), พิมพ์พรรณ อัศวสุรอิน (PU), พิมพ์พรรณ อัศวสุรอิน (PU), บวร วิทยชำนาญกุล (BW), ปริญญา เทียนวิบูลย์ (PT)
2025-03-19 12:33:01 [DEBUG] - SchedulerCalendarUI - Extracted task: KS, BC(AMD, AVD) starts at 2024-12-16 00:00:00+07:00 and ends at 2024-12-17 00:00:00+07:00 for employee: กรองกาญจน์ สุธรรม (KS), บริบูรณ์ เชนธนากิจ (BC)
2025-03-19 12:33:01 [DEBUG] - SchedulerCalendarUI - Extracted task: BK (SMC) starts at 2024-12-16 00:00:00+07:00 and ends at 2024-12-17 00:00:00+07:00 for employee: บุญฤทธิ์ คำทิพย์ (BK)
2025-03-19 12:33:01 [DEBUG] - SchedulerCalendarUI - Extracted task: CC เปิดกอง ปี 5(ช1) starts at 2024-12-16 08:00:00+07:00 and ends at 2024-12-16 09:30:00+07:00 for employee: ชานนท์ ช่างรัตนากร (CC)
2025-03-19 12:33:01 [DEBUG] - SchedulerCalendarUI - Extracted task: WL: เปิดกอง ปี6 starts at 2024-12-16 08:00:00+07:00 and ends at 2024-12-16 10:00:00+07:00 for employee: วิพุธ เล้าสุขศรี (WL)
2025-03-19 12:33:01 [DEBUG] - SchedulerCalendarUI - Extracted task: BC ประชุมพิจารณารับรองมาตรฐานหน่วยปฏิบัติการแพทย์ starts at 2024-12-16 08:30:00+07:00 and ends at 2024-12-16 12:00:00+07:00 for employee: บริบูรณ์ เชนธนากิจ (BC)
2025-03-19 12:33:01 [DEBUG] - SchedulerCalendarUI - Extracted task: BK weekly meeting SMC starts at 2024-12-16 09:00:00+07:00 and ends at 2024-12-16 12:00:00+07:00 for employee: บุญฤทธิ์ คำทิพย์ (BK)
2025-03-19 12:33:01 [DEBUG] - SchedulerCalendarUI - Extracted task: BW BK สัมภาษณ์ อ ศรีพัฒน์ อ เกน starts at 2024-12-16 10:00:00+07:00 and ends at 2024-12-16 11:00:00+07:00 for employee: บวร วิทยชำนาญกุล (BW), บุญฤทธิ์ คำทิพย์ (BK)
2025-03-19 12:33:01 [DEBUG] - SchedulerCalendarUI - Extracted task: PT บรรยาย Hazmat starts at 2024-12-16 10:30:00+07:00 and ends at 2024-12-16 12:00:00+07:00 for employee: ปริญญา เทียนวิบูลย์ (PT)
2025-03-19 12:33:01 [DEBUG] - SchedulerCalendarUI - Extracted task: BW สอน Basic Resuscitation/ Basic Monitoring ปี 5 starts at 2024-12-16 12:30:00+07:00 and ends at 2024-12-16 14:30:00+07:00 for employee: บวร วิทยชำนาญกุล (BW)
2025-03-19 12:33:01 [DEBUG] - SchedulerCalendarUI - Extracted task: BC ประชุมคณะอนุกรรมการฉุกเฉินการแพทย์ ครั้งที่ ๑๒/๒๕๖๗  starts at 2024-12-16 13:30:00+07:00 and ends at 2024-12-16 16:30:00+07:00 for employee: บริบูรณ์ เชนธนากิจ (BC)
2025-03-19 12:33:01 [DEBUG] - SchedulerCalendarUI - Extracted task: CC สอบซ่อม ACLS nurse starts at 2024-12-16 14:00:00+07:00 and ends at 2024-12-16 15:00:00+07:00 for employee: ชานนท์ ช่างรัตนากร (CC)
2025-03-19 12:33:01 [DEBUG] - SchedulerCalendarUI - Extracted task: KS สอน LUS fellow CCU starts at 2024-12-16 16:00:00+07:00 and ends at 2024-12-16 18:00:00+07:00 for employee: กรองกาญจน์ สุธรรม (KS), ชานนท์ ช่างรัตนากร (CC)
2025-03-19 12:33:01 [DEBUG] - SchedulerCalendarUI - Extracted task:  (SS+CC)-  (WW+WW): BW ,PT [MC(S1,S2) - (S1+, S2+): EMS,Observe] starts at 2024-12-17 00:00:00+07:00 and ends at 2024-12-18 00:00:00+07:00 for employee: สริยา เสือแซมเสริม (SS), ชานนท์ ช่างรัตนากร (CC), วชิระ วงศ์ธนสารสิน (WW), วชิระ วงศ์ธนสารสิน (WW), บวร วิทยชำนาญกุล (BW), ปริญญา เทียนวิบูลย์ (PT)
2025-03-19 12:33:01 [DEBUG] - SchedulerCalendarUI - Extracted task: BW, PU(AMD, AVD) starts at 2024-12-17 00:00:00+07:00 and ends at 2024-12-18 00:00:00+07:00 for employee: บวร วิทยชำนาญกุล (BW), พิมพ์พรรณ อัศวสุรอิน (PU)
2025-03-19 12:33:01 [DEBUG] - SchedulerCalendarUI - Extracted task: WL เรียน AI starts at 2024-12-17 00:00:00+07:00 and ends at 2024-12-18 00:00:00+07:00 for employee: วิพุธ เล้าสุขศรี (WL)
2025-03-19 12:33:01 [DEBUG] - SchedulerCalendarUI - Extracted task: KK(SMC) starts at 2024-12-17 00:00:00+07:00 and ends at 2024-12-18 00:00:00+07:00 for employee: กรีฑา คำเนียม (KK)
2025-03-19 12:33:01 [DEBUG] - SchedulerCalendarUI - Extracted task: NM สัมภาษณ์ทุนคณะแพทย์ starts at 2024-12-17 09:30:00+07:00 and ends at 2024-12-17 12:30:00+07:00 for employee: ณัฐฐิกานต์ มีลาภ (NM)
2025-03-19 12:33:01 [DEBUG] - SchedulerCalendarUI - Extracted task: ER team (MM) WW NM BC PT KS starts at 2024-12-17 12:00:00+07:00 and ends at 2024-12-17 15:00:00+07:00 for employee: วชิระ วงศ์ธนสารสิน (WW), ณัฐฐิกานต์ มีลาภ (NM), บริบูรณ์ เชนธนากิจ (BC), ปริญญา เทียนวิบูลย์ (PT), กรองกาญจน์ สุธรรม (KS)
2025-03-19 12:33:01 [DEBUG] - SchedulerCalendarUI - Extracted task: KS+SS สอน Ultrasound POCUS ปี 5 starts at 2024-12-17 13:00:00+07:00 and ends at 2024-12-17 16:00:00+07:00 for employee: กรองกาญจน์ สุธรรม (KS), สริยา เสือแซมเสริม (SS)
2025-03-19 12:33:01 [DEBUG] - SchedulerCalendarUI - Extracted task: BK BHEMS สพฉ starts at 2024-12-17 13:00:00+07:00 and ends at 2024-12-17 16:00:00+07:00 for employee: บุญฤทธิ์ คำทิพย์ (BK)
2025-03-19 12:33:01 [DEBUG] - SchedulerCalendarUI - Extracted task: BW WL สัมภาษณ์ พนง ใหม่ starts at 2024-12-17 15:00:00+07:00 and ends at 2024-12-17 16:30:00+07:00 for employee: บวร วิทยชำนาญกุล (BW), วิพุธ เล้าสุขศรี (WL)
2025-03-19 12:33:01 [DEBUG] - SchedulerCalendarUI - Extracted task: WL เรียน AI starts at 2024-12-18 00:00:00+07:00 and ends at 2024-12-21 00:00:00+07:00 for employee: วิพุธ เล้าสุขศรี (WL)
2025-03-19 12:33:01 [DEBUG] - SchedulerCalendarUI - Extracted task:  (BC+BC)-  (KL+KL): BW ,PT [MC(S1,S2) - (S1+, S2+): EMS,Observe] starts at 2024-12-18 00:00:00+07:00 and ends at 2024-12-19 00:00:00+07:00 for employee: บริบูรณ์ เชนธนากิจ (BC), บริบูรณ์ เชนธนากิจ (BC), กอสิน เลาหะวิสุทธิ์ (KL), กอสิน เลาหะวิสุทธิ์ (KL), บวร วิทยชำนาญกุล (BW), ปริญญา เทียนวิบูลย์ (PT)
2025-03-19 12:33:01 [DEBUG] - SchedulerCalendarUI - Extracted task: KL, KS(AMD, AVD) starts at 2024-12-18 00:00:00+07:00 and ends at 2024-12-19 00:00:00+07:00 for employee: กอสิน เลาหะวิสุทธิ์ (KL), กรองกาญจน์ สุธรรม (KS)
2025-03-19 12:33:01 [DEBUG] - SchedulerCalendarUI - Extracted task: BK NM สอน BHEMS starts at 2024-12-18 00:00:00+07:00 and ends at 2024-12-21 00:00:00+07:00 for employee: บุญฤทธิ์ คำทิพย์ (BK), ณัฐฐิกานต์ มีลาภ (NM)
2025-03-19 12:33:01 [DEBUG] - SchedulerCalendarUI - Extracted task: KK(SMC) starts at 2024-12-18 00:00:00+07:00 and ends at 2024-12-19 00:00:00+07:00 for employee: กรีฑา คำเนียม (KK)
2025-03-19 12:33:01 [DEBUG] - SchedulerCalendarUI - Extracted task: NM BK meeting EMS ASIA starts at 2024-12-18 09:00:00+07:00 and ends at 2024-12-18 12:00:00+07:00 for employee: ณัฐฐิกานต์ มีลาภ (NM), บุญฤทธิ์ คำทิพย์ (BK)
2025-03-19 12:33:01 [DEBUG] - SchedulerCalendarUI - Extracted task: NM BK ประชุม Scientific EMS ASIA starts at 2024-12-18 09:00:00+07:00 and ends at 2024-12-18 12:00:00+07:00 for employee: ณัฐฐิกานต์ มีลาภ (NM), บุญฤทธิ์ คำทิพย์ (BK)
2025-03-19 12:33:01 [DEBUG] - SchedulerCalendarUI - Extracted task: BW คุยกับหมอสวนดอก starts at 2024-12-18 10:00:00+07:00 and ends at 2024-12-18 12:00:00+07:00 for employee: บวร วิทยชำนาญกุล (BW)
2025-03-19 12:33:01 [DEBUG] - SchedulerCalendarUI - Extracted task: PT สอน Triage ปี5 starts at 2024-12-18 10:00:00+07:00 and ends at 2024-12-18 12:00:00+07:00 for employee: ปริญญา เทียนวิบูลย์ (PT)
2025-03-19 12:33:01 [DEBUG] - SchedulerCalendarUI - Extracted task: CC สอน Essential ECG in ED ปี 5 starts at 2024-12-18 14:00:00+07:00 and ends at 2024-12-18 16:00:00+07:00 for employee: ชานนท์ ช่างรัตนากร (CC)
2025-03-19 12:33:01 [DEBUG] - SchedulerCalendarUI - Extracted task: NM WW ประชุม zoom PICA starts at 2024-12-18 20:30:00+07:00 and ends at 2024-12-18 21:30:00+07:00 for employee: ณัฐฐิกานต์ มีลาภ (NM), วชิระ วงศ์ธนสารสิน (WW)
2025-03-19 12:33:01 [DEBUG] - SchedulerCalendarUI - Extracted task: , KK(AMD, AVD) starts at 2024-12-19 00:00:00+07:00 and ends at 2024-12-20 00:00:00+07:00 for employee: กรีฑา คำเนียม (KK)
2025-03-19 12:33:01 [DEBUG] - SchedulerCalendarUI - Extracted task: (WL+WL)-  (PU+PU): BW ,PT [MC(S1,S2) - (S1+, S2+): EMS,Observe] starts at 2024-12-19 00:00:00+07:00 and ends at 2024-12-20 00:00:00+07:00 for employee: วิพุธ เล้าสุขศรี (WL), วิพุธ เล้าสุขศรี (WL), พิมพ์พรรณ อัศวสุรอิน (PU), พิมพ์พรรณ อัศวสุรอิน (PU), บวร วิทยชำนาญกุล (BW), ปริญญา เทียนวิบูลย์ (PT)
2025-03-19 12:33:01 [DEBUG] - SchedulerCalendarUI - Extracted task: SS(SMC) starts at 2024-12-19 00:00:00+07:00 and ends at 2024-12-20 00:00:00+07:00 for employee: สริยา เสือแซมเสริม (SS)
2025-03-19 12:33:01 [DEBUG] - SchedulerCalendarUI - Extracted task: KS WW Conference EMCMU resident starts at 2024-12-19 08:45:00+07:00 and ends at 2024-12-19 12:00:00+07:00 for employee: กรองกาญจน์ สุธรรม (KS), วชิระ วงศ์ธนสารสิน (WW)
2025-03-19 12:33:01 [DEBUG] - SchedulerCalendarUI - Extracted task: KL สอน Toxicology+ATLS Review ปี 5 starts at 2024-12-19 09:00:00+07:00 and ends at 2024-12-19 12:00:00+07:00 for employee: กอสิน เลาหะวิสุทธิ์ (KL)
2025-03-19 12:33:01 [DEBUG] - SchedulerCalendarUI - Extracted task: BW ประชุมคณะฯ (801) starts at 2024-12-19 13:00:00+07:00 and ends at 2024-12-19 16:00:00+07:00 for employee: บวร วิทยชำนาญกุล (BW)
2025-03-19 12:33:01 [DEBUG] - SchedulerCalendarUI - Extracted task: WW toxico conference starts at 2024-12-19 13:00:00+07:00 and ends at 2024-12-19 16:00:00+07:00 for employee: วชิระ วงศ์ธนสารสิน (WW)
2025-03-19 12:33:01 [DEBUG] - SchedulerCalendarUI - Extracted task: PT PU Weekly update smartEMS starts at 2024-12-19 15:00:00+07:00 and ends at 2024-12-19 16:00:00+07:00 for employee: ปริญญา เทียนวิบูลย์ (PT), พิมพ์พรรณ อัศวสุรอิน (PU)
2025-03-19 12:33:01 [DEBUG] - SchedulerCalendarUI - Extracted task: , KK(AMD, AVD) starts at 2024-12-20 00:00:00+07:00 and ends at 2024-12-21 00:00:00+07:00 for employee: กรีฑา คำเนียม (KK)
2025-03-19 12:33:01 [DEBUG] - SchedulerCalendarUI - Extracted task: CC (PU+CC)-  (KL+KL): BW ,PT [MC(S1,S2) - (S1+, S2+): EMS,Observe] starts at 2024-12-20 00:00:00+07:00 and ends at 2024-12-21 00:00:00+07:00 for employee: ชานนท์ ช่างรัตนากร (CC), พิมพ์พรรณ อัศวสุรอิน (PU), ชานนท์ ช่างรัตนากร (CC), กอสิน เลาหะวิสุทธิ์ (KL), กอสิน เลาหะวิสุทธิ์ (KL), บวร วิทยชำนาญกุล (BW), ปริญญา เทียนวิบูลย์ (PT)
2025-03-19 12:33:01 [DEBUG] - SchedulerCalendarUI - Extracted task: SS(SMC) starts at 2024-12-20 00:00:00+07:00 and ends at 2024-12-21 00:00:00+07:00 for employee: สริยา เสือแซมเสริม (SS)
2025-03-19 12:33:01 [DEBUG] - SchedulerCalendarUI - Extracted task: BW ประชุม วฉท อามารี ดอนเมือง starts at 2024-12-20 00:00:00+07:00 and ends at 2024-12-21 00:00:00+07:00 for employee: บวร วิทยชำนาญกุล (BW)
2025-03-19 12:33:01 [DEBUG] - SchedulerCalendarUI - Extracted task: KS อบรมโครงการอบรมเชิงปฏิบัติการ (MSL) starts at 2024-12-20 08:30:00+07:00 and ends at 2024-12-20 16:30:00+07:00 for employee: กรองกาญจน์ สุธรรม (KS)
2025-03-19 12:33:01 [DEBUG] - SchedulerCalendarUI - Extracted task: WW Research Clinic starts at 2024-12-20 09:00:00+07:00 and ends at 2024-12-20 12:00:00+07:00 for employee: วชิระ วงศ์ธนสารสิน (WW)
2025-03-19 12:33:01 [DEBUG] - SchedulerCalendarUI - Extracted task: BC สอน ER Learning  ปี 5 starts at 2024-12-20 10:00:00+07:00 and ends at 2024-12-20 12:00:00+07:00 for employee: บริบูรณ์ เชนธนากิจ (BC)
2025-03-19 12:33:01 [DEBUG] - SchedulerCalendarUI - Extracted task: PU สอน Environmental injuries & Animal bites ปี 5 starts at 2024-12-20 13:00:00+07:00 and ends at 2024-12-20 16:00:00+07:00 for employee: พิมพ์พรรณ อัศวสุรอิน (PU)
2025-03-19 12:33:01 [DEBUG] - SchedulerCalendarUI - Extracted task: , NM(AMD, AVD) starts at 2024-12-21 00:00:00+07:00 and ends at 2024-12-22 00:00:00+07:00 for employee: ณัฐฐิกานต์ มีลาภ (NM)
2025-03-19 12:33:01 [DEBUG] - SchedulerCalendarUI - Extracted task: BK เรียน starts at 2024-12-21 00:00:00+07:00 and ends at 2024-12-23 00:00:00+07:00 for employee: บุญฤทธิ์ คำทิพย์ (BK)
2025-03-19 12:33:01 [DEBUG] - SchedulerCalendarUI - Extracted task: , BW(AMD, AVD) starts at 2024-12-22 00:00:00+07:00 and ends at 2024-12-23 00:00:00+07:00 for employee: บวร วิทยชำนาญกุล (BW)
2025-03-19 12:33:01 [DEBUG] - SchedulerCalendarUI - Extracted task: NM (WW+WW)-  (WL+WL): BC ,CC [MC(S1,S2) - (S1+, S2+): EMS,Observe] starts at 2024-12-23 00:00:00+07:00 and ends at 2024-12-24 00:00:00+07:00 for employee: ณัฐฐิกานต์ มีลาภ (NM), วชิระ วงศ์ธนสารสิน (WW), วชิระ วงศ์ธนสารสิน (WW), วิพุธ เล้าสุขศรี (WL), วิพุธ เล้าสุขศรี (WL), บริบูรณ์ เชนธนากิจ (BC), ชานนท์ ช่างรัตนากร (CC)
2025-03-19 12:33:01 [DEBUG] - SchedulerCalendarUI - Extracted task: NM, BW(AMD, AVD) starts at 2024-12-23 00:00:00+07:00 and ends at 2024-12-24 00:00:00+07:00 for employee: ณัฐฐิกานต์ มีลาภ (NM), บวร วิทยชำนาญกุล (BW)
2025-03-19 12:33:01 [DEBUG] - SchedulerCalendarUI - Extracted task: BK (SMC) starts at 2024-12-23 00:00:00+07:00 and ends at 2024-12-24 00:00:00+07:00 for employee: บุญฤทธิ์ คำทิพย์ (BK)
2025-03-19 12:33:01 [DEBUG] - SchedulerCalendarUI - Extracted task: BW vac ครึ่งเช้า starts at 2024-12-23 00:00:00+07:00 and ends at 2024-12-24 00:00:00+07:00 for employee: บวร วิทยชำนาญกุล (BW)
2025-03-19 12:33:01 [DEBUG] - SchedulerCalendarUI - Extracted task: BC ประชุม อฝส วฉ (เดินทางไป กทม) starts at 2024-12-23 09:00:00+07:00 and ends at 2024-12-23 12:00:00+07:00 for employee: บริบูรณ์ เชนธนากิจ (BC)
2025-03-19 12:33:01 [DEBUG] - SchedulerCalendarUI - Extracted task: BK weekly meeting SMC starts at 2024-12-23 09:00:00+07:00 and ends at 2024-12-23 12:00:00+07:00 for employee: บุญฤทธิ์ คำทิพย์ (BK)
2025-03-19 12:33:01 [DEBUG] - SchedulerCalendarUI - Extracted task: KS สอน CVS I ปี 5 starts at 2024-12-23 10:00:00+07:00 and ends at 2024-12-23 12:00:00+07:00 for employee: กรองกาญจน์ สุธรรม (KS)
2025-03-19 12:33:01 [DEBUG] - SchedulerCalendarUI - Extracted task: BW งานเลี้ยง OQD starts at 2024-12-23 12:00:00+07:00 and ends at 2024-12-23 15:00:00+07:00 for employee: บวร วิทยชำนาญกุล (BW)
2025-03-19 12:33:01 [DEBUG] - SchedulerCalendarUI - Extracted task: KK: EMS Sim Ext. starts at 2024-12-23 13:00:00+07:00 and ends at 2024-12-23 16:00:00+07:00 for employee: กรีฑา คำเนียม (KK)
2025-03-19 12:33:01 [DEBUG] - SchedulerCalendarUI - Extracted task: PT ประชุม อฝส onsite starts at 2024-12-23 13:00:00+07:00 and ends at 2024-12-23 16:00:00+07:00 for employee: ปริญญา เทียนวิบูลย์ (PT)
2025-03-19 12:33:01 [DEBUG] - SchedulerCalendarUI - Extracted task: NM สอน ACLS ปี 5 (ชั้น 9 ราชนครินทร์) starts at 2024-12-23 13:00:00+07:00 and ends at 2024-12-23 16:00:00+07:00 for employee: ณัฐฐิกานต์ มีลาภ (NM)
2025-03-19 12:33:01 [DEBUG] - SchedulerCalendarUI - Extracted task: PU ประชุม Case Observe KPI starts at 2024-12-23 13:00:00+07:00 and ends at 2024-12-23 14:00:00+07:00 for employee: พิมพ์พรรณ อัศวสุรอิน (PU)
2025-03-19 12:33:01 [DEBUG] - SchedulerCalendarUI - Extracted task: PT ประชุม สฉนท. starts at 2024-12-23 15:00:00+07:00 and ends at 2024-12-23 16:00:00+07:00 for employee: ปริญญา เทียนวิบูลย์ (PT)
2025-03-19 12:33:01 [DEBUG] - SchedulerCalendarUI - Extracted task: KS สอน LUS fellow CCU starts at 2024-12-23 16:00:00+07:00 and ends at 2024-12-23 18:00:00+07:00 for employee: กรองกาญจน์ สุธรรม (KS), ชานนท์ ช่างรัตนากร (CC)
2025-03-19 12:33:01 [DEBUG] - SchedulerCalendarUI - Extracted task: BK (PU+BK)-  (PT+PT): BC ,CC [MC(S1,S2) - (S1+, S2+): EMS,Observe] starts at 2024-12-24 00:00:00+07:00 and ends at 2024-12-25 00:00:00+07:00 for employee: บุญฤทธิ์ คำทิพย์ (BK), พิมพ์พรรณ อัศวสุรอิน (PU), บุญฤทธิ์ คำทิพย์ (BK), ปริญญา เทียนวิบูลย์ (PT), ปริญญา เทียนวิบูลย์ (PT), บริบูรณ์ เชนธนากิจ (BC), ชานนท์ ช่างรัตนากร (CC)
2025-03-19 12:33:01 [DEBUG] - SchedulerCalendarUI - Extracted task: PT, SS(AMD, AVD) starts at 2024-12-24 00:00:00+07:00 and ends at 2024-12-25 00:00:00+07:00 for employee: ปริญญา เทียนวิบูลย์ (PT), สริยา เสือแซมเสริม (SS)
2025-03-19 12:33:01 [DEBUG] - SchedulerCalendarUI - Extracted task: WL เรียน AI starts at 2024-12-24 00:00:00+07:00 and ends at 2024-12-25 00:00:00+07:00 for employee: วิพุธ เล้าสุขศรี (WL)
2025-03-19 12:33:01 [DEBUG] - SchedulerCalendarUI - Extracted task: BW ลา starts at 2024-12-24 00:00:00+07:00 and ends at 2024-12-25 00:00:00+07:00 for employee: บวร วิทยชำนาญกุล (BW)
2025-03-19 12:33:01 [DEBUG] - SchedulerCalendarUI - Extracted task: KK(SMC) starts at 2024-12-24 00:00:00+07:00 and ends at 2024-12-25 00:00:00+07:00 for employee: กรีฑา คำเนียม (KK)
2025-03-19 12:33:01 [DEBUG] - SchedulerCalendarUI - Extracted task: NM น้องฟ้า พี่เมย์ ประชุมรับทราบผลการประชุม อฝส. starts at 2024-12-24 09:00:00+07:00 and ends at 2024-12-24 12:00:00+07:00 for employee: ณัฐฐิกานต์ มีลาภ (NM)
2025-03-19 12:33:01 [DEBUG] - SchedulerCalendarUI - Extracted task: CC สอน CVS II Syncope & Dyspnea ปี 5 starts at 2024-12-24 10:00:00+07:00 and ends at 2024-12-24 12:00:00+07:00 for employee: ชานนท์ ช่างรัตนากร (CC)
2025-03-19 12:33:01 [DEBUG] - SchedulerCalendarUI - Extracted task: KL PU KS BC : Simulation Resident starts at 2024-12-24 13:00:00+07:00 and ends at 2024-12-24 16:00:00+07:00 for employee: กอสิน เลาหะวิสุทธิ์ (KL), พิมพ์พรรณ อัศวสุรอิน (PU), กรองกาญจน์ สุธรรม (KS), บริบูรณ์ เชนธนากิจ (BC)
2025-03-19 12:33:01 [DEBUG] - SchedulerCalendarUI - Extracted task: NM สอน Neuro Emer CT brain ปี 5 starts at 2024-12-24 13:00:00+07:00 and ends at 2024-12-24 16:00:00+07:00 for employee: ณัฐฐิกานต์ มีลาภ (NM)
2025-03-19 12:33:01 [DEBUG] - SchedulerCalendarUI - Extracted task: KS (BC+BC)-  (SS+SS): BC ,CC [MC(S1,S2) - (S1+, S2+): EMS,Observe] starts at 2024-12-25 00:00:00+07:00 and ends at 2024-12-26 00:00:00+07:00 for employee: กรองกาญจน์ สุธรรม (KS), บริบูรณ์ เชนธนากิจ (BC), บริบูรณ์ เชนธนากิจ (BC), สริยา เสือแซมเสริม (SS), สริยา เสือแซมเสริม (SS), บริบูรณ์ เชนธนากิจ (BC), ชานนท์ ช่างรัตนากร (CC)
2025-03-19 12:33:01 [DEBUG] - SchedulerCalendarUI - Extracted task: BW ตรวจประเมิน CMU-EdPEx  starts at 2024-12-25 00:00:00+07:00 and ends at 2024-12-26 00:00:00+07:00 for employee: บวร วิทยชำนาญกุล (BW)
2025-03-19 12:33:01 [DEBUG] - SchedulerCalendarUI - Extracted task: BC, CC(AMD, AVD) starts at 2024-12-25 00:00:00+07:00 and ends at 2024-12-26 00:00:00+07:00 for employee: บริบูรณ์ เชนธนากิจ (BC), ชานนท์ ช่างรัตนากร (CC)
2025-03-19 12:33:01 [DEBUG] - SchedulerCalendarUI - Extracted task: BK (SMC) starts at 2024-12-25 00:00:00+07:00 and ends at 2024-12-26 00:00:00+07:00 for employee: บุญฤทธิ์ คำทิพย์ (BK)
2025-03-19 12:33:01 [DEBUG] - SchedulerCalendarUI - Extracted task: NM สอน ER Learning  ปี 5 starts at 2024-12-25 10:00:00+07:00 and ends at 2024-12-25 12:00:00+07:00 for employee: ณัฐฐิกานต์ มีลาภ (NM)
2025-03-19 12:33:01 [DEBUG] - SchedulerCalendarUI - Extracted task: WW Research Lunch: Demystifying Regression: I got you !! starts at 2024-12-25 12:30:00+07:00 and ends at 2024-12-25 13:30:00+07:00 for employee: วชิระ วงศ์ธนสารสิน (WW)
2025-03-19 12:33:01 [DEBUG] - SchedulerCalendarUI - Extracted task: PT สอน Simulation Disaster ปี 5 starts at 2024-12-25 13:00:00+07:00 and ends at 2024-12-25 16:00:00+07:00 for employee: ปริญญา เทียนวิบูลย์ (PT)
2025-03-19 12:33:01 [DEBUG] - SchedulerCalendarUI - Extracted task: PU,KL,KS,หวาน,หมิว MEDed KMday starts at 2024-12-25 13:00:00+07:00 and ends at 2024-12-25 16:30:00+07:00 for employee: พิมพ์พรรณ อัศวสุรอิน (PU), กอสิน เลาหะวิสุทธิ์ (KL), กรองกาญจน์ สุธรรม (KS)
2025-03-19 12:33:01 [DEBUG] - SchedulerCalendarUI - Extracted task: KK (BW+BW)-  (BK+KS): BC ,CC [MC(S1,S2) - (S1+, S2+): EMS,Observe] starts at 2024-12-26 00:00:00+07:00 and ends at 2024-12-27 00:00:00+07:00 for employee: กรีฑา คำเนียม (KK), บวร วิทยชำนาญกุล (BW), บวร วิทยชำนาญกุล (BW), บุญฤทธิ์ คำทิพย์ (BK), กรองกาญจน์ สุธรรม (KS), บริบูรณ์ เชนธนากิจ (BC), ชานนท์ ช่างรัตนากร (CC)
2025-03-19 12:33:01 [DEBUG] - SchedulerCalendarUI - Extracted task: BK, PT(AMD, AVD) starts at 2024-12-26 00:00:00+07:00 and ends at 2024-12-27 00:00:00+07:00 for employee: บุญฤทธิ์ คำทิพย์ (BK), ปริญญา เทียนวิบูลย์ (PT)
2025-03-19 12:33:01 [DEBUG] - SchedulerCalendarUI - Extracted task: SS(SMC) starts at 2024-12-26 00:00:00+07:00 and ends at 2024-12-27 00:00:00+07:00 for employee: สริยา เสือแซมเสริม (SS)
2025-03-19 12:33:01 [DEBUG] - SchedulerCalendarUI - Extracted task: WL NM PT Conference EMCMU resident starts at 2024-12-26 08:45:00+07:00 and ends at 2024-12-26 12:00:00+07:00 for employee: วิพุธ เล้าสุขศรี (WL), ณัฐฐิกานต์ มีลาภ (NM), ปริญญา เทียนวิบูลย์ (PT)
2025-03-19 12:33:01 [DEBUG] - SchedulerCalendarUI - Extracted task: BC สอน GI Emergency ปี 5 starts at 2024-12-26 10:00:00+07:00 and ends at 2024-12-26 12:00:00+07:00 for employee: บริบูรณ์ เชนธนากิจ (BC)
2025-03-19 12:33:01 [DEBUG] - SchedulerCalendarUI - Extracted task: KK สอน ATLS ปี 5 (ชั้น 9 ราชนครินทร์) starts at 2024-12-26 13:00:00+07:00 and ends at 2024-12-26 16:00:00+07:00 for employee: กรีฑา คำเนียม (KK)
2025-03-19 12:33:01 [DEBUG] - SchedulerCalendarUI - Extracted task: WL: Innovation&Formative Ext. starts at 2024-12-26 13:00:00+07:00 and ends at 2024-12-26 15:00:00+07:00 for employee: วิพุธ เล้าสุขศรี (WL)
2025-03-19 12:33:01 [DEBUG] - SchedulerCalendarUI - Extracted task: PT PU Weekly update smartEMS starts at 2024-12-26 15:00:00+07:00 and ends at 2024-12-26 16:00:00+07:00 for employee: ปริญญา เทียนวิบูลย์ (PT), พิมพ์พรรณ อัศวสุรอิน (PU)
2025-03-19 12:33:01 [DEBUG] - SchedulerCalendarUI - Extracted task: PT (NM+NM)-  (WL+WL): BC ,CC [MC(S1,S2) - (S1+, S2+): EMS,Observe] starts at 2024-12-27 00:00:00+07:00 and ends at 2024-12-28 00:00:00+07:00 for employee: ปริญญา เทียนวิบูลย์ (PT), ณัฐฐิกานต์ มีลาภ (NM), ณัฐฐิกานต์ มีลาภ (NM), วิพุธ เล้าสุขศรี (WL), วิพุธ เล้าสุขศรี (WL), บริบูรณ์ เชนธนากิจ (BC), ชานนท์ ช่างรัตนากร (CC)
2025-03-19 12:33:01 [DEBUG] - SchedulerCalendarUI - Extracted task: WL, SS(AMD, AVD) starts at 2024-12-27 00:00:00+07:00 and ends at 2024-12-28 00:00:00+07:00 for employee: วิพุธ เล้าสุขศรี (WL), สริยา เสือแซมเสริม (SS)
2025-03-19 12:33:01 [DEBUG] - SchedulerCalendarUI - Extracted task: KK(SMC) starts at 2024-12-27 00:00:00+07:00 and ends at 2024-12-28 00:00:00+07:00 for employee: กรีฑา คำเนียม (KK)
2025-03-19 12:33:01 [DEBUG] - SchedulerCalendarUI - Extracted task: BW TRC กทม starts at 2024-12-27 00:00:00+07:00 and ends at 2024-12-28 00:00:00+07:00 for employee: บวร วิทยชำนาญกุล (BW)
2025-03-19 12:33:01 [DEBUG] - SchedulerCalendarUI - Extracted task: BK ตรวจหน่วยบิน รามาจักรี starts at 2024-12-27 00:00:00+07:00 and ends at 2024-12-28 00:00:00+07:00 for employee: บุญฤทธิ์ คำทิพย์ (BK)
2025-03-19 12:33:01 [DEBUG] - SchedulerCalendarUI - Extracted task: WW Research Clinic starts at 2024-12-27 09:00:00+07:00 and ends at 2024-12-27 12:00:00+07:00 for employee: วชิระ วงศ์ธนสารสิน (WW)
2025-03-19 12:33:01 [DEBUG] - SchedulerCalendarUI - Extracted task: WW สอน ER Learning ปี 5 starts at 2024-12-27 10:00:00+07:00 and ends at 2024-12-27 12:00:00+07:00 for employee: วชิระ วงศ์ธนสารสิน (WW)
2025-03-19 12:33:01 [DEBUG] - SchedulerCalendarUI - Extracted task: KS ตรวจรับ VR ที่ MTEC  starts at 2024-12-27 10:00:00+07:00 and ends at 2024-12-27 12:00:00+07:00 for employee: กรองกาญจน์ สุธรรม (KS)
2025-03-19 12:33:01 [DEBUG] - SchedulerCalendarUI - Extracted task: BC สอน EMS System ปี 5 starts at 2024-12-27 13:00:00+07:00 and ends at 2024-12-27 16:00:00+07:00 for employee: บริบูรณ์ เชนธนากิจ (BC)
2025-03-19 12:33:01 [DEBUG] - SchedulerCalendarUI - Extracted task: NM งานแต่งญาติต่างจังหวัด starts at 2024-12-28 00:00:00+07:00 and ends at 2024-12-31 00:00:00+07:00 for employee: ณัฐฐิกานต์ มีลาภ (NM)
2025-03-19 12:33:01 [DEBUG] - SchedulerCalendarUI - Extracted task: PU, WL(AMD, AVD) starts at 2024-12-28 00:00:00+07:00 and ends at 2024-12-29 00:00:00+07:00 for employee: พิมพ์พรรณ อัศวสุรอิน (PU), วิพุธ เล้าสุขศรี (WL)
2025-03-19 12:33:01 [DEBUG] - SchedulerCalendarUI - Extracted task: KK ลา starts at 2024-12-28 00:00:00+07:00 and ends at 2025-01-03 00:00:00+07:00 for employee: กรีฑา คำเนียม (KK)
2025-03-19 12:33:01 [DEBUG] - SchedulerCalendarUI - Extracted task: BK เรียน starts at 2024-12-28 00:00:00+07:00 and ends at 2024-12-30 00:00:00+07:00 for employee: บุญฤทธิ์ คำทิพย์ (BK)
2025-03-19 12:33:01 [DEBUG] - SchedulerCalendarUI - Extracted task: CC, BC(AMD, AVD) starts at 2024-12-29 00:00:00+07:00 and ends at 2024-12-30 00:00:00+07:00 for employee: ชานนท์ ช่างรัตนากร (CC), บริบูรณ์ เชนธนากิจ (BC)
2025-03-19 12:33:01 [DEBUG] - SchedulerCalendarUI - Extracted task: SS unavailable starts at 2024-12-29 00:00:00+07:00 and ends at 2024-12-31 00:00:00+07:00 for employee: สริยา เสือแซมเสริม (SS)
2025-03-19 12:33:01 [DEBUG] - SchedulerCalendarUI - Extracted task: BW, KL(AMD, AVD) starts at 2024-12-30 00:00:00+07:00 and ends at 2024-12-31 00:00:00+07:00 for employee: บวร วิทยชำนาญกุล (BW), กอสิน เลาหะวิสุทธิ์ (KL)
2025-03-19 12:33:01 [DEBUG] - SchedulerCalendarUI - Extracted task: BK (SMC) starts at 2024-12-30 00:00:00+07:00 and ends at 2024-12-31 00:00:00+07:00 for employee: บุญฤทธิ์ คำทิพย์ (BK)
2025-03-19 12:33:01 [DEBUG] - SchedulerCalendarUI - Extracted task: WL เรียน AI starts at 2024-12-31 00:00:00+07:00 and ends at 2025-01-01 00:00:00+07:00 for employee: วิพุธ เล้าสุขศรี (WL)
2025-03-19 12:33:01 [DEBUG] - SchedulerCalendarUI - Extracted task: BC, BK(AMD, AVD) starts at 2024-12-31 00:00:00+07:00 and ends at 2025-01-01 00:00:00+07:00 for employee: บริบูรณ์ เชนธนากิจ (BC), บุญฤทธิ์ คำทิพย์ (BK)
2025-03-19 12:33:01 [DEBUG] - SchedulerCalendarUI - Extracted task: , NM(AMD, AVD) starts at 2025-01-01 00:00:00+07:00 and ends at 2025-01-02 00:00:00+07:00 for employee: ณัฐฐิกานต์ มีลาภ (NM)
2025-03-19 12:33:01 [DEBUG] - ScheduleSolver - Service night - 2024-12-01 is assigned to KK but they are not available on 2024-12-01
2025-03-19 12:33:01 [DEBUG] - ScheduleSolver - Avd - 2024-12-01 is assigned to NM but they are not available on 2024-12-01
2025-03-19 12:33:01 [DEBUG] - ScheduleSolver - Service night - 2024-12-02 is assigned to BK but they are not available on 2024-12-02
2025-03-19 12:33:01 [DEBUG] - ScheduleSolver - Ems - 2024-12-02 is assigned to WL but they are not available on 2024-12-02
2025-03-19 12:33:01 [DEBUG] - ScheduleSolver - Observe - 2024-12-02 is assigned to KS but they are not available on 2024-12-02
2025-03-19 12:33:01 [DEBUG] - ScheduleSolver - Avd - 2024-12-02 is assigned to PU but they are not available on 2024-12-02
2025-03-19 12:33:01 [DEBUG] - ScheduleSolver - Service night - 2024-12-03 is assigned to WW but they are not available on 2024-12-03
2025-03-19 12:33:01 [DEBUG] - ScheduleSolver - Ems - 2024-12-03 is assigned to WL but they are not available on 2024-12-03
2025-03-19 12:33:01 [DEBUG] - ScheduleSolver - Observe - 2024-12-03 is assigned to KS but they are not available on 2024-12-03
2025-03-19 12:33:01 [DEBUG] - ScheduleSolver - Avd - 2024-12-03 is assigned to CC but they are not available on 2024-12-03
2025-03-19 12:33:01 [DEBUG] - ScheduleSolver - Service night - 2024-12-04 is assigned to KL but they are not available on 2024-12-04
2025-03-19 12:33:01 [DEBUG] - ScheduleSolver - Ems - 2024-12-04 is assigned to WL but they are not available on 2024-12-04
2025-03-19 12:33:01 [DEBUG] - ScheduleSolver - Observe - 2024-12-04 is assigned to KS but they are not available on 2024-12-04
2025-03-19 12:33:01 [DEBUG] - ScheduleSolver - Avd - 2024-12-04 is assigned to BC but they are not available on 2024-12-04
2025-03-19 12:33:01 [DEBUG] - ScheduleSolver - Service night - 2024-12-05 is assigned to BW but they are not available on 2024-12-05
2025-03-19 12:33:01 [DEBUG] - ScheduleSolver - Avd - 2024-12-05 is assigned to BK but they are not available on 2024-12-05
2025-03-19 12:33:01 [DEBUG] - ScheduleSolver - Ems - 2024-12-06 is assigned to WL but they are not available on 2024-12-06
2025-03-19 12:33:01 [DEBUG] - ScheduleSolver - Observe - 2024-12-06 is assigned to KS but they are not available on 2024-12-06
2025-03-19 12:33:01 [DEBUG] - ScheduleSolver - Avd - 2024-12-06 is assigned to NM but they are not available on 2024-12-06
2025-03-19 12:33:01 [DEBUG] - ScheduleSolver - Avd - 2024-12-07 is assigned to CC but they are not available on 2024-12-07
2025-03-19 12:33:01 [DEBUG] - ScheduleSolver - Avd - 2024-12-08 is assigned to KS but they are not available on 2024-12-08
2025-03-19 12:33:01 [DEBUG] - ScheduleSolver - Service1+ - 2024-12-09 is assigned to WW but they are not available on 2024-12-09
2025-03-19 12:33:01 [DEBUG] - ScheduleSolver - Service2+ - 2024-12-09 is assigned to WW but they are not available on 2024-12-09
2025-03-19 12:33:01 [DEBUG] - ScheduleSolver - Ems - 2024-12-09 is assigned to KL but they are not available on 2024-12-09
2025-03-19 12:33:01 [DEBUG] - ScheduleSolver - Observe - 2024-12-09 is assigned to BC but they are not available on 2024-12-09
2025-03-19 12:33:01 [DEBUG] - ScheduleSolver - Avd - 2024-12-09 is assigned to BW but they are not available on 2024-12-09
2025-03-19 12:33:01 [DEBUG] - ScheduleSolver - Service night - 2024-12-10 is assigned to KS but they are not available on 2024-12-10
2025-03-19 12:33:01 [DEBUG] - ScheduleSolver - Avd - 2024-12-10 is assigned to KL but they are not available on 2024-12-10
2025-03-19 12:33:01 [DEBUG] - ScheduleSolver - Service night - 2024-12-11 is assigned to PT but they are not available on 2024-12-11
2025-03-19 12:33:01 [DEBUG] - ScheduleSolver - Ems - 2024-12-11 is assigned to KL but they are not available on 2024-12-11
2025-03-19 12:33:01 [DEBUG] - ScheduleSolver - Observe - 2024-12-11 is assigned to BC but they are not available on 2024-12-11
2025-03-19 12:33:01 [DEBUG] - ScheduleSolver - Avd - 2024-12-11 is assigned to BW but they are not available on 2024-12-11
2025-03-19 12:33:01 [DEBUG] - ScheduleSolver - Service night - 2024-12-12 is assigned to NM but they are not available on 2024-12-12
2025-03-19 12:33:01 [DEBUG] - ScheduleSolver - Ems - 2024-12-12 is assigned to KL but they are not available on 2024-12-12
2025-03-19 12:33:01 [DEBUG] - ScheduleSolver - Observe - 2024-12-12 is assigned to BC but they are not available on 2024-12-12
2025-03-19 12:33:01 [DEBUG] - ScheduleSolver - Avd - 2024-12-12 is assigned to PU but they are not available on 2024-12-12
2025-03-19 12:33:01 [DEBUG] - ScheduleSolver - Ems - 2024-12-13 is assigned to KL but they are not available on 2024-12-13
2025-03-19 12:33:01 [DEBUG] - ScheduleSolver - Observe - 2024-12-13 is assigned to BC but they are not available on 2024-12-13
2025-03-19 12:33:01 [DEBUG] - ScheduleSolver - Avd - 2024-12-13 is assigned to SS but they are not available on 2024-12-13
2025-03-19 12:33:01 [DEBUG] - ScheduleSolver - Avd - 2024-12-14 is assigned to PT but they are not available on 2024-12-14
2025-03-19 12:33:01 [DEBUG] - ScheduleSolver - Avd - 2024-12-15 is assigned to PT but they are not available on 2024-12-15
2025-03-19 12:33:01 [DEBUG] - ScheduleSolver - Ems - 2024-12-16 is assigned to BW but they are not available on 2024-12-16
2025-03-19 12:33:01 [DEBUG] - ScheduleSolver - Observe - 2024-12-16 is assigned to PT but they are not available on 2024-12-16
2025-03-19 12:33:01 [DEBUG] - ScheduleSolver - Avd - 2024-12-16 is assigned to BC but they are not available on 2024-12-16
2025-03-19 12:33:01 [DEBUG] - ScheduleSolver - Service night - 2024-12-17 is assigned to CC but they are not available on 2024-12-17
2025-03-19 12:33:01 [DEBUG] - ScheduleSolver - Service1 - 2024-12-17 is assigned to SS but they are not available on 2024-12-17
2025-03-19 12:33:01 [DEBUG] - ScheduleSolver - Service1+ - 2024-12-17 is assigned to WW but they are not available on 2024-12-17
2025-03-19 12:33:01 [DEBUG] - ScheduleSolver - Service2 - 2024-12-17 is assigned to CC but they are not available on 2024-12-17
2025-03-19 12:33:01 [DEBUG] - ScheduleSolver - Service2+ - 2024-12-17 is assigned to WW but they are not available on 2024-12-17
2025-03-19 12:33:01 [DEBUG] - ScheduleSolver - Ems - 2024-12-17 is assigned to BW but they are not available on 2024-12-17
2025-03-19 12:33:01 [DEBUG] - ScheduleSolver - Observe - 2024-12-17 is assigned to PT but they are not available on 2024-12-17
2025-03-19 12:33:01 [DEBUG] - ScheduleSolver - Amd - 2024-12-17 is assigned to BW but they are not available on 2024-12-17
2025-03-19 12:33:01 [DEBUG] - ScheduleSolver - Avd - 2024-12-17 is assigned to PU but they are not available on 2024-12-17
2025-03-19 12:33:01 [DEBUG] - ScheduleSolver - Service night - 2024-12-18 is assigned to WW but they are not available on 2024-12-18
2025-03-19 12:33:01 [DEBUG] - ScheduleSolver - Ems - 2024-12-18 is assigned to BW but they are not available on 2024-12-18
2025-03-19 12:33:01 [DEBUG] - ScheduleSolver - Observe - 2024-12-18 is assigned to PT but they are not available on 2024-12-18
2025-03-19 12:33:01 [DEBUG] - ScheduleSolver - Avd - 2024-12-18 is assigned to KS but they are not available on 2024-12-18
2025-03-19 12:33:01 [DEBUG] - ScheduleSolver - Service night - 2024-12-19 is assigned to PT but they are not available on 2024-12-19
2025-03-19 12:33:01 [DEBUG] - ScheduleSolver - Ems - 2024-12-19 is assigned to BW but they are not available on 2024-12-19
2025-03-19 12:33:01 [DEBUG] - ScheduleSolver - Observe - 2024-12-19 is assigned to PT but they are not available on 2024-12-19
2025-03-19 12:33:01 [DEBUG] - ScheduleSolver - Avd - 2024-12-19 is assigned to KK but they are not available on 2024-12-19
2025-03-19 12:33:01 [DEBUG] - ScheduleSolver - Ems - 2024-12-20 is assigned to BW but they are not available on 2024-12-20
2025-03-19 12:33:01 [DEBUG] - ScheduleSolver - Observe - 2024-12-20 is assigned to PT but they are not available on 2024-12-20
2025-03-19 12:33:01 [DEBUG] - ScheduleSolver - Avd - 2024-12-20 is assigned to KK but they are not available on 2024-12-20
2025-03-19 12:33:01 [DEBUG] - ScheduleSolver - Avd - 2024-12-21 is assigned to NM but they are not available on 2024-12-21
2025-03-19 12:33:01 [DEBUG] - ScheduleSolver - Avd - 2024-12-22 is assigned to BC but they are not available on 2024-12-22
2025-03-19 12:33:01 [DEBUG] - ScheduleSolver - Service1 - 2024-12-23 is assigned to WW but they are not available on 2024-12-23
2025-03-19 12:33:01 [DEBUG] - ScheduleSolver - Service2 - 2024-12-23 is assigned to WW but they are not available on 2024-12-23
2025-03-19 12:33:01 [DEBUG] - ScheduleSolver - Ems - 2024-12-23 is assigned to BC but they are not available on 2024-12-23
2025-03-19 12:33:01 [DEBUG] - ScheduleSolver - Observe - 2024-12-23 is assigned to CC but they are not available on 2024-12-23
2025-03-19 12:33:01 [DEBUG] - ScheduleSolver - Avd - 2024-12-23 is assigned to BW but they are not available on 2024-12-23
2025-03-19 12:33:01 [DEBUG] - ScheduleSolver - Service night - 2024-12-24 is assigned to SS but they are not available on 2024-12-24
2025-03-19 12:33:01 [DEBUG] - ScheduleSolver - Ems - 2024-12-24 is assigned to BC but they are not available on 2024-12-24
2025-03-19 12:33:01 [DEBUG] - ScheduleSolver - Observe - 2024-12-24 is assigned to CC but they are not available on 2024-12-24
2025-03-19 12:33:01 [DEBUG] - ScheduleSolver - Avd - 2024-12-24 is assigned to SS but they are not available on 2024-12-24
2025-03-19 12:33:01 [DEBUG] - ScheduleSolver - Service night - 2024-12-25 is assigned to WL but they are not available on 2024-12-25
2025-03-19 12:33:01 [DEBUG] - ScheduleSolver - Mc - 2024-12-25 is assigned to KS but they are not available on 2024-12-25
2025-03-19 12:33:01 [DEBUG] - ScheduleSolver - Service1 - 2024-12-25 is assigned to BC but they are not available on 2024-12-25
2025-03-19 12:33:01 [DEBUG] - ScheduleSolver - Service1+ - 2024-12-25 is assigned to SS but they are not available on 2024-12-25
2025-03-19 12:33:01 [DEBUG] - ScheduleSolver - Service2 - 2024-12-25 is assigned to BC but they are not available on 2024-12-25
2025-03-19 12:33:01 [DEBUG] - ScheduleSolver - Service2+ - 2024-12-25 is assigned to SS but they are not available on 2024-12-25
2025-03-19 12:33:01 [DEBUG] - ScheduleSolver - Ems - 2024-12-25 is assigned to BC but they are not available on 2024-12-25
2025-03-19 12:33:01 [DEBUG] - ScheduleSolver - Observe - 2024-12-25 is assigned to CC but they are not available on 2024-12-25
2025-03-19 12:33:01 [DEBUG] - ScheduleSolver - Amd - 2024-12-25 is assigned to BC but they are not available on 2024-12-25
2025-03-19 12:33:01 [DEBUG] - ScheduleSolver - Avd - 2024-12-25 is assigned to CC but they are not available on 2024-12-25
2025-03-19 12:33:01 [DEBUG] - ScheduleSolver - Service night - 2024-12-26 is assigned to PU but they are not available on 2024-12-26
2025-03-19 12:33:01 [DEBUG] - ScheduleSolver - Ems - 2024-12-26 is assigned to BC but they are not available on 2024-12-26
2025-03-19 12:33:01 [DEBUG] - ScheduleSolver - Observe - 2024-12-26 is assigned to CC but they are not available on 2024-12-26
2025-03-19 12:33:01 [DEBUG] - ScheduleSolver - Avd - 2024-12-26 is assigned to PT but they are not available on 2024-12-26
2025-03-19 12:33:01 [DEBUG] - ScheduleSolver - Ems - 2024-12-27 is assigned to BC but they are not available on 2024-12-27
2025-03-19 12:33:01 [DEBUG] - ScheduleSolver - Observe - 2024-12-27 is assigned to CC but they are not available on 2024-12-27
2025-03-19 12:33:01 [DEBUG] - ScheduleSolver - Avd - 2024-12-27 is assigned to SS but they are not available on 2024-12-27
2025-03-19 12:33:01 [DEBUG] - ScheduleSolver - Avd - 2024-12-28 is assigned to WL but they are not available on 2024-12-28
2025-03-19 12:33:01 [DEBUG] - ScheduleSolver - Avd - 2024-12-29 is assigned to WL but they are not available on 2024-12-29
2025-03-19 12:33:01 [DEBUG] - ScheduleSolver - Avd - 2024-12-30 is assigned to KL but they are not available on 2024-12-30
2025-03-19 12:33:01 [DEBUG] - ScheduleSolver - Service night - 2024-12-31 is assigned to PU but they are not available on 2024-12-31
2025-03-19 12:33:01 [DEBUG] - ScheduleSolver - Avd - 2024-12-31 is assigned to BK but they are not available on 2024-12-31
2025-03-19 12:33:01 [DEBUG] - ScheduleSolver - WW - amd - 0 - [shift_Amd - 2024-12-05_employee_WW(0..1), shift_Amd - 2024-12-06_employee_WW(0..1), shift_Amd - 2024-12-07_employee_WW(0..1), shift_Amd - 2024-12-08_employee_WW(0..1), shift_Amd - 2024-12-16_employee_WW(0..1), shift_Amd - 2024-12-17_employee_WW(0..1), shift_Amd - 2024-12-18_employee_WW(0..1), shift_Amd - 2024-12-23_employee_WW(0..1), shift_Amd - 2024-12-24_employee_WW(0..1), shift_Amd - 2024-12-25_employee_WW(0..1), shift_Amd - 2024-12-26_employee_WW(0..1), shift_Amd - 2024-12-27_employee_WW(0..1), shift_Amd - 2024-12-28_employee_WW(0..1), shift_Amd - 2024-12-29_employee_WW(0..1), shift_Amd - 2024-12-30_employee_WW(0..1), shift_Amd - 2024-12-31_employee_WW(0..1)]
2025-03-19 12:33:01 [DEBUG] - ScheduleSolver - WW - avd - 0 - [shift_Avd - 2024-12-01_employee_WW(0..1), shift_Avd - 2024-12-02_employee_WW(0..1), shift_Avd - 2024-12-03_employee_WW(0..1), shift_Avd - 2024-12-04_employee_WW(0..1), shift_Avd - 2024-12-05_employee_WW(0..1), shift_Avd - 2024-12-06_employee_WW(0..1), shift_Avd - 2024-12-07_employee_WW(0..1), shift_Avd - 2024-12-08_employee_WW(0..1), shift_Avd - 2024-12-09_employee_WW(0..1), shift_Avd - 2024-12-10_employee_WW(0..1), shift_Avd - 2024-12-11_employee_WW(0..1), shift_Avd - 2024-12-12_employee_WW(0..1), shift_Avd - 2024-12-13_employee_WW(0..1), shift_Avd - 2024-12-14_employee_WW(0..1), shift_Avd - 2024-12-15_employee_WW(0..1), shift_Avd - 2024-12-16_employee_WW(0..1), shift_Avd - 2024-12-17_employee_WW(0..1), shift_Avd - 2024-12-18_employee_WW(0..1), shift_Avd - 2024-12-19_employee_WW(0..1), shift_Avd - 2024-12-20_employee_WW(0..1), shift_Avd - 2024-12-21_employee_WW(0..1), shift_Avd - 2024-12-22_employee_WW(0..1), shift_Avd - 2024-12-23_employee_WW(0..1), shift_Avd - 2024-12-24_employee_WW(0..1), shift_Avd - 2024-12-25_employee_WW(0..1), shift_Avd - 2024-12-26_employee_WW(0..1), shift_Avd - 2024-12-27_employee_WW(0..1), shift_Avd - 2024-12-28_employee_WW(0..1), shift_Avd - 2024-12-29_employee_WW(0..1), shift_Avd - 2024-12-30_employee_WW(0..1), shift_Avd - 2024-12-31_employee_WW(0..1)]
2025-03-19 12:33:01 [INFO] - ScheduleSolver - Begin solving for the schedule, with following rules:
2025-03-19 12:33:01 [INFO] - ScheduleSolver - Rule 1: Each shift must be assigned to employees more than or equal to min_employees, and less than or equal to max_employees
2025-03-19 12:33:01 [INFO] - ScheduleSolver - Rule 2: If the shift is assigned to employees, fixed the shift assigned to the employees
2025-03-19 12:33:01 [INFO] - ScheduleSolver - Rule 3: The shift should only be assigned to the employees who are available (Compare to employee's tasks), except for fixed shifts
2025-03-19 12:33:01 [INFO] - ScheduleSolver - Rule 4: Some shifts cannot be assigned to the same employee in the same day, represent with a logical matrix, exclude fixed shifts
2025-03-19 12:33:01 [INFO] - ScheduleSolver - Rule 5: Fair distribution of shifts per employee per shift type
2025-03-19 12:33:01 [INFO] - ScheduleSolver -     max shifts per employee per service night = 5
2025-03-19 12:33:01 [INFO] - ScheduleSolver -     max shifts per employee per ('service1', 'service2', 'service1+', 'service2+') = 8
2025-03-19 12:33:01 [INFO] - ScheduleSolver -     max shifts per employee per ('service1', 'service2') = 4
2025-03-19 12:33:01 [INFO] - ScheduleSolver -     max shifts per employee per ('service1+', 'service2+') = 4
2025-03-19 12:33:01 [INFO] - ScheduleSolver -     max shifts per employee per mc = 2
2025-03-19 12:33:01 [INFO] - ScheduleSolver -     max shifts per employee per amd = 2
2025-03-19 12:33:01 [INFO] - ScheduleSolver -     min shifts per employee per amd = 1
2025-03-19 12:33:01 [INFO] - ScheduleSolver -     max shifts per employee per avd = 3
2025-03-19 12:33:01 [INFO] - ScheduleSolver -     min shifts per employee per avd = 2
2025-03-19 12:33:01 [INFO] - ScheduleSolver - Rule 6: Manual set number of shifts per employee
2025-03-19 12:33:01 [INFO] - ScheduleSolver -     BC - 4
2025-03-19 12:33:01 [INFO] - ScheduleSolver -     BW - 2
2025-03-19 12:33:01 [INFO] - ScheduleSolver -     KS - 4
2025-03-19 12:33:01 [INFO] - ScheduleSolver -     PT - 8
2025-03-19 12:33:01 [INFO] - ScheduleSolver -     WW - 6
2025-03-19 12:33:01 [INFO] - ScheduleSolver -     BK - 2
2025-03-19 12:33:01 [INFO] - ScheduleSolver -     CC - 8
2025-03-19 12:33:01 [INFO] - ScheduleSolver -     KL - 8
2025-03-19 12:33:01 [INFO] - ScheduleSolver -     PU - 8
2025-03-19 12:33:01 [INFO] - ScheduleSolver -     NM - 8
2025-03-19 12:33:01 [INFO] - ScheduleSolver -     SS - 4
2025-03-19 12:33:01 [INFO] - ScheduleSolver -     WL - 6
2025-03-19 12:33:01 [INFO] - ScheduleSolver -     KK - 4
2025-03-19 12:33:01 [INFO] - ScheduleSolver - Rule 7: Manual set number of shifts per employee per shift type
2025-03-19 12:33:01 [INFO] - ScheduleSolver -     WW - amd - 0
2025-03-19 12:33:01 [INFO] - ScheduleSolver -     WW - avd - 0
2025-03-19 12:33:01 [INFO] - ScheduleSolver - 
2025-03-19 12:33:01 [INFO] - ScheduleSolver - Result:
2025-03-19 12:33:01 [INFO] - ScheduleSolver - ❌ No solution found for 2024-12-02
2025-03-19 12:33:01 [INFO] - ScheduleSolver - ❌ No solution found for 2024-12-03
2025-03-19 12:33:01 [INFO] - ScheduleSolver - ❌ No solution found for 2024-12-04
2025-03-19 12:33:01 [INFO] - ScheduleSolver - ❌ No solution found for 2024-12-06
2025-03-19 12:33:01 [INFO] - ScheduleSolver - ❌ No solution found for 2024-12-11
2025-03-19 12:33:01 [INFO] - ScheduleSolver - ❌ No solution found for 2024-12-12
2025-03-19 12:33:01 [INFO] - ScheduleSolver - ❌ No solution found for 2024-12-20
2025-03-19 12:33:01 [INFO] - ScheduleSolver - ❌ No solution found for 2024-12-24
2025-03-19 12:33:01 [INFO] - ScheduleSolver - ❌ No solution found for 2024-12-26
2025-03-19 12:33:01 [INFO] - ScheduleSolver - ❌ No solution found for 2024-12-27
2025-03-19 12:33:02 [INFO] - ScheduleSolver - ❌ The schedule is not optimized, because the rules are not satisfied
2025-03-19 12:33:02 [DEBUG] - ScheduleSolver - Amd - 2024-12-05 is assigned to WL
2025-03-19 12:33:02 [DEBUG] - ScheduleSolver - Amd - 2024-12-07 is assigned to PT
2025-03-19 12:33:02 [DEBUG] - ScheduleSolver - Amd - 2024-12-08 is assigned to CC
2025-03-19 12:33:02 [DEBUG] - ScheduleSolver - Mc - 2024-12-09 is assigned to SS
2025-03-19 12:33:02 [DEBUG] - ScheduleSolver - Service1 - 2024-12-09 is assigned to CC
2025-03-19 12:33:02 [DEBUG] - ScheduleSolver - Service2 - 2024-12-09 is assigned to PT
2025-03-19 12:33:02 [DEBUG] - ScheduleSolver - Service1 - 2024-12-13 is assigned to KK
2025-03-19 12:33:02 [DEBUG] - ScheduleSolver - Service1+ - 2024-12-13 is assigned to PU
2025-03-19 12:33:02 [DEBUG] - ScheduleSolver - Service2 - 2024-12-13 is assigned to KK
2025-03-19 12:33:02 [DEBUG] - ScheduleSolver - Service2+ - 2024-12-13 is assigned to PU
2025-03-19 12:33:02 [DEBUG] - ScheduleSolver - Service1 - 2024-12-16 is assigned to NM
2025-03-19 12:33:02 [DEBUG] - ScheduleSolver - Service1+ - 2024-12-16 is assigned to KK
2025-03-19 12:33:02 [DEBUG] - ScheduleSolver - Service2 - 2024-12-16 is assigned to NM
2025-03-19 12:33:02 [DEBUG] - ScheduleSolver - Service2+ - 2024-12-16 is assigned to WL
2025-03-19 12:33:02 [DEBUG] - ScheduleSolver - Amd - 2024-12-16 is assigned to SS
2025-03-19 12:33:02 [DEBUG] - ScheduleSolver - Service1 - 2024-12-18 is assigned to CC
2025-03-19 12:33:02 [DEBUG] - ScheduleSolver - Service1+ - 2024-12-18 is assigned to PU
2025-03-19 12:33:02 [DEBUG] - ScheduleSolver - Service2 - 2024-12-18 is assigned to SS
2025-03-19 12:33:02 [DEBUG] - ScheduleSolver - Service2+ - 2024-12-18 is assigned to PU
2025-03-19 12:33:02 [DEBUG] - ScheduleSolver - Amd - 2024-12-18 is assigned to PU
2025-03-19 12:33:02 [DEBUG] - ScheduleSolver - Service1 - 2024-12-19 is assigned to BC
2025-03-19 12:33:02 [DEBUG] - ScheduleSolver - Service1+ - 2024-12-19 is assigned to CC
2025-03-19 12:33:02 [DEBUG] - ScheduleSolver - Service2 - 2024-12-19 is assigned to BC
2025-03-19 12:33:02 [DEBUG] - ScheduleSolver - Service2+ - 2024-12-19 is assigned to CC
2025-03-19 12:33:02 [DEBUG] - ScheduleSolver - Mc - 2024-12-23 is assigned to SS
2025-03-19 12:33:02 [DEBUG] - ScheduleSolver - Service1+ - 2024-12-23 is assigned to KL
2025-03-19 12:33:02 [DEBUG] - ScheduleSolver - Service2+ - 2024-12-23 is assigned to KL
2025-03-19 12:33:02 [DEBUG] - ScheduleSolver - Amd - 2024-12-23 is assigned to KL
2025-03-19 12:33:02 [DEBUG] - ScheduleSolver - Service1 - 2024-12-26 is assigned to PT
2025-03-19 12:33:02 [DEBUG] - ScheduleSolver - Service1 - 2024-12-26 is assigned to KL
2025-03-19 12:33:02 [DEBUG] - ScheduleSolver - Service1 - 2024-12-26 is assigned to PU
2025-03-19 12:33:02 [DEBUG] - ScheduleSolver - Service1+ - 2024-12-26 is assigned to PT
2025-03-19 12:33:02 [DEBUG] - ScheduleSolver - Service1+ - 2024-12-26 is assigned to KL
2025-03-19 12:33:02 [DEBUG] - ScheduleSolver - Service1+ - 2024-12-26 is assigned to NM
2025-03-19 12:33:02 [DEBUG] - ScheduleSolver - Service2 - 2024-12-26 is assigned to KS
2025-03-19 12:33:02 [DEBUG] - ScheduleSolver - Service2 - 2024-12-26 is assigned to KL
2025-03-19 12:33:02 [DEBUG] - ScheduleSolver - Service2 - 2024-12-26 is assigned to PU
2025-03-19 12:33:02 [DEBUG] - ScheduleSolver - Service2 - 2024-12-26 is assigned to NM
2025-03-19 12:33:02 [DEBUG] - ScheduleSolver - Service2 - 2024-12-26 is assigned to WL
2025-03-19 12:33:02 [DEBUG] - ScheduleSolver - Service2+ - 2024-12-26 is assigned to KS
2025-03-19 12:33:02 [DEBUG] - ScheduleSolver - Service2+ - 2024-12-26 is assigned to PT
2025-03-19 12:33:02 [DEBUG] - ScheduleSolver - Service2+ - 2024-12-26 is assigned to CC
2025-03-19 12:33:02 [DEBUG] - ScheduleSolver - Service2+ - 2024-12-26 is assigned to KL
2025-03-19 12:33:02 [DEBUG] - ScheduleSolver - Service2+ - 2024-12-26 is assigned to NM
2025-03-19 12:33:02 [DEBUG] - ScheduleSolver - Service2+ - 2024-12-26 is assigned to WL
2025-03-19 12:33:02 [DEBUG] - ScheduleSolver - Service1 - 2024-12-27 is assigned to KS
2025-03-19 12:33:02 [DEBUG] - ScheduleSolver - Service1 - 2024-12-27 is assigned to PT
2025-03-19 12:33:02 [DEBUG] - ScheduleSolver - Service1 - 2024-12-27 is assigned to KL
2025-03-19 12:33:02 [DEBUG] - ScheduleSolver - Service1 - 2024-12-27 is assigned to PU
2025-03-19 12:33:02 [DEBUG] - ScheduleSolver - Service1 - 2024-12-27 is assigned to WL
2025-03-19 12:33:02 [DEBUG] - ScheduleSolver - Service1+ - 2024-12-27 is assigned to KS
2025-03-19 12:33:02 [DEBUG] - ScheduleSolver - Service1+ - 2024-12-27 is assigned to PT
2025-03-19 12:33:02 [DEBUG] - ScheduleSolver - Service1+ - 2024-12-27 is assigned to NM
2025-03-19 12:33:02 [DEBUG] - ScheduleSolver - Service1+ - 2024-12-27 is assigned to WL
2025-03-19 12:33:02 [DEBUG] - ScheduleSolver - Service2 - 2024-12-27 is assigned to BW
2025-03-19 12:33:02 [DEBUG] - ScheduleSolver - Service2 - 2024-12-27 is assigned to PT
2025-03-19 12:33:02 [DEBUG] - ScheduleSolver - Service2 - 2024-12-27 is assigned to BK
2025-03-19 12:33:02 [DEBUG] - ScheduleSolver - Service2 - 2024-12-27 is assigned to CC
2025-03-19 12:33:02 [DEBUG] - ScheduleSolver - Service2 - 2024-12-27 is assigned to KL
2025-03-19 12:33:02 [DEBUG] - ScheduleSolver - Service2 - 2024-12-27 is assigned to PU
2025-03-19 12:33:02 [DEBUG] - ScheduleSolver - Service2 - 2024-12-27 is assigned to NM
2025-03-19 12:33:02 [DEBUG] - ScheduleSolver - Service2 - 2024-12-27 is assigned to WL
2025-03-19 12:33:02 [DEBUG] - ScheduleSolver - Service2 - 2024-12-27 is assigned to KK
2025-03-19 12:33:02 [DEBUG] - ScheduleSolver - Service2+ - 2024-12-27 is assigned to BW
2025-03-19 12:33:02 [DEBUG] - ScheduleSolver - Service2+ - 2024-12-27 is assigned to PT
2025-03-19 12:33:02 [DEBUG] - ScheduleSolver - Service2+ - 2024-12-27 is assigned to BK
2025-03-19 12:33:02 [DEBUG] - ScheduleSolver - Service2+ - 2024-12-27 is assigned to CC
2025-03-19 12:33:02 [DEBUG] - ScheduleSolver - Service2+ - 2024-12-27 is assigned to NM
2025-03-19 12:33:02 [DEBUG] - ScheduleSolver - Amd - 2024-12-27 is assigned to KS
2025-03-19 12:33:02 [DEBUG] - ScheduleSolver - Amd - 2024-12-27 is assigned to BK
2025-03-19 12:33:02 [DEBUG] - ScheduleSolver - Amd - 2024-12-27 is assigned to KK
2025-03-19 12:33:02 [DEBUG] - ScheduleSolver - Avd - 2024-12-27 is assigned to PU
2025-03-19 12:33:02 [DEBUG] - ScheduleSolver - Avd - 2024-12-27 is assigned to KK
2025-03-19 12:33:02 [DEBUG] - ScheduleSolver - Amd - 2024-12-28 is assigned to BC
2025-03-19 12:33:02 [DEBUG] - ScheduleSolver - Amd - 2024-12-29 is assigned to BW
2025-03-19 12:33:02 [DEBUG] - ScheduleSolver - Amd - 2024-12-30 is assigned to WL
2025-03-19 12:33:02 [DEBUG] - ScheduleSolver - Amd - 2024-12-31 is assigned to NM
2025-03-19 12:33:02 [INFO] - ScheduleSolver - Schedule Updated!
2025-03-19 12:33:02 [DEBUG] - googleapiclient.discovery - URL being requested: PUT https://sheets.googleapis.com/v4/spreadsheets/1wHNERHZUxl8mI7xOPtWsvRBHxw9r_ohFoi7BWET_YdU/values/December%202024%21C269%3AL299?valueInputOption=RAW&alt=json
2025-03-19 12:33:02 [DEBUG] - GoogleSheetApp - 310 cells updated
2025-03-19 12:33:02 [DEBUG] - SchedulerSheetUI - Updated sheet values with the schedule 
  - Schedule: <modules.scheduler_app.models.models.Schedule object at 0x133676650> 
  - Range: C269:L299 
  - Sheet: December 2024 
  - SheetId: 1wHNERHZUxl8mI7xOPtWsvRBHxw9r_ohFoi7BWET_YdU
