2024-11-04 13:46:49 [DEBUG] - config - Logging to tmp/logging.log
2024-11-04 13:46:49 [DEBUG] - fsevents - NativeEvent(path="/Users/patipansittiprawiat/Library/Mobile Documents/com~apple~CloudDocs/Documents/Documents - PatipanMBA/shift-scheduler/tmp/logging.log", inode=9029691, flags=11400, id=25832481): is_file, is_inode_meta_mod, is_modified
2024-11-04 13:46:49 [DEBUG] - fsevents - queue_event FileModifiedEvent(src_path='/Users/patipansittiprawiat/Library/Mobile Documents/com~apple~CloudDocs/Documents/Documents - PatipanMBA/shift-scheduler/tmp/logging.log', dest_path='', event_type='modified', is_directory=False, is_synthetic=False)
2024-11-04 13:47:38 [DEBUG] - fsevents - NativeEvent(path="/Users/patipansittiprawiat/Library/Mobile Documents/com~apple~CloudDocs/Documents/Documents - PatipanMBA/shift-scheduler/.git/FETCH_HEAD", inode=7316501, flags=10400, id=25835170): is_file, is_inode_meta_mod
2024-11-04 13:47:38 [DEBUG] - fsevents - queue_event FileModifiedEvent(src_path='/Users/patipansittiprawiat/Library/Mobile Documents/com~apple~CloudDocs/Documents/Documents - PatipanMBA/shift-scheduler/.git/FETCH_HEAD', dest_path='', event_type='modified', is_directory=False, is_synthetic=False)
2024-11-04 13:47:39 [DEBUG] - fsevents - NativeEvent(path="/Users/patipansittiprawiat/Library/Mobile Documents/com~apple~CloudDocs/Documents/Documents - PatipanMBA/shift-scheduler/.git/FETCH_HEAD", inode=7316501, flags=410000, id=25835398): is_cloned, is_file
2024-11-04 13:47:40 [DEBUG] - fsevents - NativeEvent(path="/Users/patipansittiprawiat/Library/Mobile Documents/com~apple~CloudDocs/Documents/Documents - PatipanMBA/shift-scheduler/.git/FETCH_HEAD", inode=7316501, flags=11400, id=25835571): is_file, is_inode_meta_mod, is_modified
2024-11-04 13:47:40 [DEBUG] - fsevents - queue_event FileModifiedEvent(src_path='/Users/patipansittiprawiat/Library/Mobile Documents/com~apple~CloudDocs/Documents/Documents - PatipanMBA/shift-scheduler/.git/FETCH_HEAD', dest_path='', event_type='modified', is_directory=False, is_synthetic=False)
2024-11-04 13:47:40 [DEBUG] - fsevents - NativeEvent(path="/Users/patipansittiprawiat/Library/Mobile Documents/com~apple~CloudDocs/Documents/Documents - PatipanMBA/shift-scheduler/.git/objects/maintenance.lock", inode=25055213, flags=18300, id=25835580): is_coalesced, is_created, is_file, is_removed, is_xattr_mod
2024-11-04 13:47:40 [DEBUG] - fsevents - queue_event FileCreatedEvent(src_path='/Users/patipansittiprawiat/Library/Mobile Documents/com~apple~CloudDocs/Documents/Documents - PatipanMBA/shift-scheduler/.git/objects/maintenance.lock', dest_path='', event_type='created', is_directory=False, is_synthetic=False)
2024-11-04 13:47:40 [DEBUG] - fsevents - queue_event DirModifiedEvent(src_path='/Users/patipansittiprawiat/Library/Mobile Documents/com~apple~CloudDocs/Documents/Documents - PatipanMBA/shift-scheduler/.git/objects', dest_path='', event_type='modified', is_directory=True, is_synthetic=False)
2024-11-04 13:47:40 [DEBUG] - fsevents - queue_event FileModifiedEvent(src_path='/Users/patipansittiprawiat/Library/Mobile Documents/com~apple~CloudDocs/Documents/Documents - PatipanMBA/shift-scheduler/.git/objects/maintenance.lock', dest_path='', event_type='modified', is_directory=False, is_synthetic=False)
2024-11-04 13:47:40 [DEBUG] - fsevents - queue_event FileDeletedEvent(src_path='/Users/patipansittiprawiat/Library/Mobile Documents/com~apple~CloudDocs/Documents/Documents - PatipanMBA/shift-scheduler/.git/objects/maintenance.lock', dest_path='', event_type='deleted', is_directory=False, is_synthetic=False)
2024-11-04 13:47:40 [DEBUG] - fsevents - queue_event DirModifiedEvent(src_path='/Users/patipansittiprawiat/Library/Mobile Documents/com~apple~CloudDocs/Documents/Documents - PatipanMBA/shift-scheduler/.git/objects', dest_path='', event_type='modified', is_directory=True, is_synthetic=False)
2024-11-04 13:47:40 [DEBUG] - fsevents - NativeEvent(path="/Users/patipansittiprawiat/Library/Mobile Documents/com~apple~CloudDocs/Documents/Documents - PatipanMBA/shift-scheduler/.git/FETCH_HEAD", inode=7316501, flags=410000, id=25835628): is_cloned, is_file
2024-11-04 13:50:48 [DEBUG] - fsevents - NativeEvent(path="/Users/patipansittiprawiat/Library/Mobile Documents/com~apple~CloudDocs/Documents/Documents - PatipanMBA/shift-scheduler/.git/FETCH_HEAD", inode=7316501, flags=10400, id=25868117): is_file, is_inode_meta_mod
2024-11-04 13:50:48 [DEBUG] - fsevents - queue_event FileModifiedEvent(src_path='/Users/patipansittiprawiat/Library/Mobile Documents/com~apple~CloudDocs/Documents/Documents - PatipanMBA/shift-scheduler/.git/FETCH_HEAD', dest_path='', event_type='modified', is_directory=False, is_synthetic=False)
2024-11-04 13:50:49 [DEBUG] - fsevents - NativeEvent(path="/Users/patipansittiprawiat/Library/Mobile Documents/com~apple~CloudDocs/Documents/Documents - PatipanMBA/shift-scheduler/.git/FETCH_HEAD", inode=7316501, flags=410000, id=25868348): is_cloned, is_file
2024-11-04 13:50:50 [DEBUG] - fsevents - NativeEvent(path="/Users/patipansittiprawiat/Library/Mobile Documents/com~apple~CloudDocs/Documents/Documents - PatipanMBA/shift-scheduler/.git/FETCH_HEAD", inode=7316501, flags=11400, id=25868535): is_file, is_inode_meta_mod, is_modified
2024-11-04 13:50:50 [DEBUG] - fsevents - queue_event FileModifiedEvent(src_path='/Users/patipansittiprawiat/Library/Mobile Documents/com~apple~CloudDocs/Documents/Documents - PatipanMBA/shift-scheduler/.git/FETCH_HEAD', dest_path='', event_type='modified', is_directory=False, is_synthetic=False)
2024-11-04 13:50:50 [DEBUG] - fsevents - NativeEvent(path="/Users/patipansittiprawiat/Library/Mobile Documents/com~apple~CloudDocs/Documents/Documents - PatipanMBA/shift-scheduler/.git/objects/maintenance.lock", inode=25057614, flags=18300, id=25868544): is_coalesced, is_created, is_file, is_removed, is_xattr_mod
2024-11-04 13:50:50 [DEBUG] - fsevents - queue_event FileCreatedEvent(src_path='/Users/patipansittiprawiat/Library/Mobile Documents/com~apple~CloudDocs/Documents/Documents - PatipanMBA/shift-scheduler/.git/objects/maintenance.lock', dest_path='', event_type='created', is_directory=False, is_synthetic=False)
2024-11-04 13:50:50 [DEBUG] - fsevents - queue_event DirModifiedEvent(src_path='/Users/patipansittiprawiat/Library/Mobile Documents/com~apple~CloudDocs/Documents/Documents - PatipanMBA/shift-scheduler/.git/objects', dest_path='', event_type='modified', is_directory=True, is_synthetic=False)
2024-11-04 13:50:50 [DEBUG] - fsevents - queue_event FileModifiedEvent(src_path='/Users/patipansittiprawiat/Library/Mobile Documents/com~apple~CloudDocs/Documents/Documents - PatipanMBA/shift-scheduler/.git/objects/maintenance.lock', dest_path='', event_type='modified', is_directory=False, is_synthetic=False)
2024-11-04 13:50:50 [DEBUG] - fsevents - queue_event FileDeletedEvent(src_path='/Users/patipansittiprawiat/Library/Mobile Documents/com~apple~CloudDocs/Documents/Documents - PatipanMBA/shift-scheduler/.git/objects/maintenance.lock', dest_path='', event_type='deleted', is_directory=False, is_synthetic=False)
2024-11-04 13:50:50 [DEBUG] - fsevents - queue_event DirModifiedEvent(src_path='/Users/patipansittiprawiat/Library/Mobile Documents/com~apple~CloudDocs/Documents/Documents - PatipanMBA/shift-scheduler/.git/objects', dest_path='', event_type='modified', is_directory=True, is_synthetic=False)
2024-11-04 13:50:50 [DEBUG] - fsevents - NativeEvent(path="/Users/patipansittiprawiat/Library/Mobile Documents/com~apple~CloudDocs/Documents/Documents - PatipanMBA/shift-scheduler/.git/FETCH_HEAD", inode=7316501, flags=410000, id=25868562): is_cloned, is_file
2024-11-04 13:51:02 [DEBUG] - fsevents - NativeEvent(path="/Users/patipansittiprawiat/Library/Mobile Documents/com~apple~CloudDocs/Documents/Documents - PatipanMBA/shift-scheduler/interface/app.py", inode=25030072, flags=10400, id=25868891): is_file, is_inode_meta_mod
2024-11-04 13:51:02 [DEBUG] - fsevents - queue_event FileModifiedEvent(src_path='/Users/patipansittiprawiat/Library/Mobile Documents/com~apple~CloudDocs/Documents/Documents - PatipanMBA/shift-scheduler/interface/app.py', dest_path='', event_type='modified', is_directory=False, is_synthetic=False)
2024-11-04 13:51:02 [DEBUG] - fsevents - NativeEvent(path="/Users/patipansittiprawiat/Library/Mobile Documents/com~apple~CloudDocs/Documents/Documents - PatipanMBA/shift-scheduler/interface/app.py", inode=25030072, flags=11400, id=25868894): is_file, is_inode_meta_mod, is_modified
2024-11-04 13:51:02 [DEBUG] - fsevents - NativeEvent(path="/Users/patipansittiprawiat/Library/Mobile Documents/com~apple~CloudDocs/Documents/Documents - PatipanMBA/shift-scheduler/interface/app.py", inode=25030072, flags=11400, id=25868894): is_file, is_inode_meta_mod, is_modified
2024-11-04 13:51:02 [DEBUG] - fsevents - queue_event FileModifiedEvent(src_path='/Users/patipansittiprawiat/Library/Mobile Documents/com~apple~CloudDocs/Documents/Documents - PatipanMBA/shift-scheduler/interface/app.py', dest_path='', event_type='modified', is_directory=False, is_synthetic=False)
2024-11-04 13:51:02 [DEBUG] - fsevents - queue_event FileModifiedEvent(src_path='/Users/patipansittiprawiat/Library/Mobile Documents/com~apple~CloudDocs/Documents/Documents - PatipanMBA/shift-scheduler/interface/app.py', dest_path='', event_type='modified', is_directory=False, is_synthetic=False)
2024-11-04 13:51:02 [DEBUG] - fsevents - NativeEvent(path="/Users/patipansittiprawiat/Library/Mobile Documents/com~apple~CloudDocs/Documents/Documents - PatipanMBA/shift-scheduler/interface/app.py", inode=25030072, flags=11400, id=25868894): is_file, is_inode_meta_mod, is_modified
2024-11-04 13:51:02 [DEBUG] - fsevents - queue_event FileModifiedEvent(src_path='/Users/patipansittiprawiat/Library/Mobile Documents/com~apple~CloudDocs/Documents/Documents - PatipanMBA/shift-scheduler/interface/app.py', dest_path='', event_type='modified', is_directory=False, is_synthetic=False)
2024-11-04 13:51:02 [DEBUG] - fsevents - NativeEvent(path="/Users/patipansittiprawiat/Library/Mobile Documents/com~apple~CloudDocs/Documents/Documents - PatipanMBA/shift-scheduler/.git/index.lock", inode=25057635, flags=18100, id=25868922): is_created, is_file, is_xattr_mod
2024-11-04 13:51:02 [DEBUG] - fsevents - NativeEvent(path="/Users/patipansittiprawiat/Library/Mobile Documents/com~apple~CloudDocs/Documents/Documents - PatipanMBA/shift-scheduler/.git/objects/77", inode=25057636, flags=28100, id=25868928): is_created, is_directory, is_xattr_mod
2024-11-04 13:51:02 [DEBUG] - fsevents - NativeEvent(path="/Users/patipansittiprawiat/Library/Mobile Documents/com~apple~CloudDocs/Documents/Documents - PatipanMBA/shift-scheduler/.git/objects/77/tmp_obj_Nhf9na", inode=25057637, flags=19100, id=25868937): is_created, is_file, is_modified, is_xattr_mod
2024-11-04 13:51:02 [DEBUG] - fsevents - queue_event FileCreatedEvent(src_path='/Users/patipansittiprawiat/Library/Mobile Documents/com~apple~CloudDocs/Documents/Documents - PatipanMBA/shift-scheduler/.git/index.lock', dest_path='', event_type='created', is_directory=False, is_synthetic=False)
2024-11-04 13:51:02 [DEBUG] - fsevents - queue_event DirModifiedEvent(src_path='/Users/patipansittiprawiat/Library/Mobile Documents/com~apple~CloudDocs/Documents/Documents - PatipanMBA/shift-scheduler/.git', dest_path='', event_type='modified', is_directory=True, is_synthetic=False)
2024-11-04 13:51:02 [DEBUG] - fsevents - queue_event FileModifiedEvent(src_path='/Users/patipansittiprawiat/Library/Mobile Documents/com~apple~CloudDocs/Documents/Documents - PatipanMBA/shift-scheduler/.git/index.lock', dest_path='', event_type='modified', is_directory=False, is_synthetic=False)
2024-11-04 13:51:02 [DEBUG] - fsevents - queue_event DirCreatedEvent(src_path='/Users/patipansittiprawiat/Library/Mobile Documents/com~apple~CloudDocs/Documents/Documents - PatipanMBA/shift-scheduler/.git/objects/77', dest_path='', event_type='created', is_directory=True, is_synthetic=False)
2024-11-04 13:51:02 [DEBUG] - fsevents - queue_event DirModifiedEvent(src_path='/Users/patipansittiprawiat/Library/Mobile Documents/com~apple~CloudDocs/Documents/Documents - PatipanMBA/shift-scheduler/.git/objects', dest_path='', event_type='modified', is_directory=True, is_synthetic=False)
2024-11-04 13:51:02 [DEBUG] - fsevents - queue_event DirModifiedEvent(src_path='/Users/patipansittiprawiat/Library/Mobile Documents/com~apple~CloudDocs/Documents/Documents - PatipanMBA/shift-scheduler/.git/objects/77', dest_path='', event_type='modified', is_directory=True, is_synthetic=False)
2024-11-04 13:51:02 [DEBUG] - fsevents - queue_event FileCreatedEvent(src_path='/Users/patipansittiprawiat/Library/Mobile Documents/com~apple~CloudDocs/Documents/Documents - PatipanMBA/shift-scheduler/.git/objects/77/tmp_obj_Nhf9na', dest_path='', event_type='created', is_directory=False, is_synthetic=False)
2024-11-04 13:51:02 [DEBUG] - fsevents - queue_event DirModifiedEvent(src_path='/Users/patipansittiprawiat/Library/Mobile Documents/com~apple~CloudDocs/Documents/Documents - PatipanMBA/shift-scheduler/.git/objects/77', dest_path='', event_type='modified', is_directory=True, is_synthetic=False)
2024-11-04 13:51:02 [DEBUG] - fsevents - queue_event FileModifiedEvent(src_path='/Users/patipansittiprawiat/Library/Mobile Documents/com~apple~CloudDocs/Documents/Documents - PatipanMBA/shift-scheduler/.git/objects/77/tmp_obj_Nhf9na', dest_path='', event_type='modified', is_directory=False, is_synthetic=False)
2024-11-04 13:51:02 [DEBUG] - fsevents - NativeEvent(path="/Users/patipansittiprawiat/Library/Mobile Documents/com~apple~CloudDocs/Documents/Documents - PatipanMBA/shift-scheduler/.git/objects/77/659bbcd35a89e0424ee5ce4791cf21bb13bce1", inode=25057637, flags=110100, id=25868940): is_created, is_file, is_hardlink
2024-11-04 13:51:02 [DEBUG] - fsevents - NativeEvent(path="/Users/patipansittiprawiat/Library/Mobile Documents/com~apple~CloudDocs/Documents/Documents - PatipanMBA/shift-scheduler/.git/objects/77", inode=25057636, flags=28500, id=25868943): is_created, is_directory, is_inode_meta_mod, is_xattr_mod
2024-11-04 13:51:02 [DEBUG] - fsevents - NativeEvent(path="/Users/patipansittiprawiat/Library/Mobile Documents/com~apple~CloudDocs/Documents/Documents - PatipanMBA/shift-scheduler/.git/objects/77/tmp_obj_Nhf9na", inode=25057637, flags=119300, id=25868946): is_coalesced, is_created, is_file, is_hardlink, is_modified, is_removed, is_xattr_mod
2024-11-04 13:51:02 [DEBUG] - fsevents - NativeEvent(path="/Users/patipansittiprawiat/Library/Mobile Documents/com~apple~CloudDocs/Documents/Documents - PatipanMBA/shift-scheduler/.git/objects/86/8077ba22b05552296ae9f5159876dda334b109", inode=25057641, flags=110100, id=25868964): is_created, is_file, is_hardlink
2024-11-04 13:51:02 [DEBUG] - fsevents - NativeEvent(path="/Users/patipansittiprawiat/Library/Mobile Documents/com~apple~CloudDocs/Documents/Documents - PatipanMBA/shift-scheduler/.git/objects/86", inode=25057640, flags=28500, id=25868967): is_created, is_directory, is_inode_meta_mod, is_xattr_mod
2024-11-04 13:51:02 [DEBUG] - fsevents - NativeEvent(path="/Users/patipansittiprawiat/Library/Mobile Documents/com~apple~CloudDocs/Documents/Documents - PatipanMBA/shift-scheduler/.git/objects/86/tmp_obj_1pW8vg", inode=25057641, flags=119300, id=25868970): is_coalesced, is_created, is_file, is_hardlink, is_modified, is_removed, is_xattr_mod
2024-11-04 13:51:02 [DEBUG] - fsevents - NativeEvent(path="/Users/patipansittiprawiat/Library/Mobile Documents/com~apple~CloudDocs/Documents/Documents - PatipanMBA/shift-scheduler/.git/objects/44/bf8676f72a4bd6757f29b4d1cf807feb1d94dc", inode=25057644, flags=110100, id=25868982): is_created, is_file, is_hardlink
2024-11-04 13:51:02 [DEBUG] - fsevents - NativeEvent(path="/Users/patipansittiprawiat/Library/Mobile Documents/com~apple~CloudDocs/Documents/Documents - PatipanMBA/shift-scheduler/.git/objects/44", inode=9837016, flags=20400, id=25868985): is_directory, is_inode_meta_mod
2024-11-04 13:51:02 [DEBUG] - fsevents - NativeEvent(path="/Users/patipansittiprawiat/Library/Mobile Documents/com~apple~CloudDocs/Documents/Documents - PatipanMBA/shift-scheduler/.git/objects/44/tmp_obj_JE0Q3Q", inode=25057644, flags=119300, id=25868988): is_coalesced, is_created, is_file, is_hardlink, is_modified, is_removed, is_xattr_mod
2024-11-04 13:51:02 [DEBUG] - fsevents - queue_event DirModifiedEvent(src_path='/Users/patipansittiprawiat/Library/Mobile Documents/com~apple~CloudDocs/Documents/Documents - PatipanMBA/shift-scheduler/.git/objects/77', dest_path='', event_type='modified', is_directory=True, is_synthetic=False)
2024-11-04 13:51:02 [DEBUG] - fsevents - queue_event FileModifiedEvent(src_path='/Users/patipansittiprawiat/Library/Mobile Documents/com~apple~CloudDocs/Documents/Documents - PatipanMBA/shift-scheduler/.git/objects/77/tmp_obj_Nhf9na', dest_path='', event_type='modified', is_directory=False, is_synthetic=False)
2024-11-04 13:51:02 [DEBUG] - fsevents - queue_event FileDeletedEvent(src_path='/Users/patipansittiprawiat/Library/Mobile Documents/com~apple~CloudDocs/Documents/Documents - PatipanMBA/shift-scheduler/.git/objects/77/tmp_obj_Nhf9na', dest_path='', event_type='deleted', is_directory=False, is_synthetic=False)
2024-11-04 13:51:02 [DEBUG] - fsevents - queue_event DirModifiedEvent(src_path='/Users/patipansittiprawiat/Library/Mobile Documents/com~apple~CloudDocs/Documents/Documents - PatipanMBA/shift-scheduler/.git/objects/77', dest_path='', event_type='modified', is_directory=True, is_synthetic=False)
2024-11-04 13:51:02 [DEBUG] - fsevents - queue_event FileCreatedEvent(src_path='/Users/patipansittiprawiat/Library/Mobile Documents/com~apple~CloudDocs/Documents/Documents - PatipanMBA/shift-scheduler/.git/objects/86/8077ba22b05552296ae9f5159876dda334b109', dest_path='', event_type='created', is_directory=False, is_synthetic=False)
2024-11-04 13:51:02 [DEBUG] - fsevents - queue_event DirModifiedEvent(src_path='/Users/patipansittiprawiat/Library/Mobile Documents/com~apple~CloudDocs/Documents/Documents - PatipanMBA/shift-scheduler/.git/objects/86', dest_path='', event_type='modified', is_directory=True, is_synthetic=False)
2024-11-04 13:51:02 [DEBUG] - fsevents - queue_event DirCreatedEvent(src_path='/Users/patipansittiprawiat/Library/Mobile Documents/com~apple~CloudDocs/Documents/Documents - PatipanMBA/shift-scheduler/.git/objects/86', dest_path='', event_type='created', is_directory=True, is_synthetic=False)
2024-11-04 13:51:02 [DEBUG] - fsevents - queue_event DirModifiedEvent(src_path='/Users/patipansittiprawiat/Library/Mobile Documents/com~apple~CloudDocs/Documents/Documents - PatipanMBA/shift-scheduler/.git/objects', dest_path='', event_type='modified', is_directory=True, is_synthetic=False)
2024-11-04 13:51:02 [DEBUG] - fsevents - queue_event DirModifiedEvent(src_path='/Users/patipansittiprawiat/Library/Mobile Documents/com~apple~CloudDocs/Documents/Documents - PatipanMBA/shift-scheduler/.git/objects/86', dest_path='', event_type='modified', is_directory=True, is_synthetic=False)
2024-11-04 13:51:02 [DEBUG] - fsevents - queue_event FileModifiedEvent(src_path='/Users/patipansittiprawiat/Library/Mobile Documents/com~apple~CloudDocs/Documents/Documents - PatipanMBA/shift-scheduler/.git/objects/86/tmp_obj_1pW8vg', dest_path='', event_type='modified', is_directory=False, is_synthetic=False)
2024-11-04 13:51:02 [DEBUG] - fsevents - queue_event FileDeletedEvent(src_path='/Users/patipansittiprawiat/Library/Mobile Documents/com~apple~CloudDocs/Documents/Documents - PatipanMBA/shift-scheduler/.git/objects/86/tmp_obj_1pW8vg', dest_path='', event_type='deleted', is_directory=False, is_synthetic=False)
2024-11-04 13:51:02 [DEBUG] - fsevents - queue_event DirModifiedEvent(src_path='/Users/patipansittiprawiat/Library/Mobile Documents/com~apple~CloudDocs/Documents/Documents - PatipanMBA/shift-scheduler/.git/objects/86', dest_path='', event_type='modified', is_directory=True, is_synthetic=False)
2024-11-04 13:51:02 [DEBUG] - fsevents - queue_event FileCreatedEvent(src_path='/Users/patipansittiprawiat/Library/Mobile Documents/com~apple~CloudDocs/Documents/Documents - PatipanMBA/shift-scheduler/.git/objects/44/bf8676f72a4bd6757f29b4d1cf807feb1d94dc', dest_path='', event_type='created', is_directory=False, is_synthetic=False)
2024-11-04 13:51:02 [DEBUG] - fsevents - queue_event DirModifiedEvent(src_path='/Users/patipansittiprawiat/Library/Mobile Documents/com~apple~CloudDocs/Documents/Documents - PatipanMBA/shift-scheduler/.git/objects/44', dest_path='', event_type='modified', is_directory=True, is_synthetic=False)
2024-11-04 13:51:02 [DEBUG] - fsevents - queue_event DirModifiedEvent(src_path='/Users/patipansittiprawiat/Library/Mobile Documents/com~apple~CloudDocs/Documents/Documents - PatipanMBA/shift-scheduler/.git/objects/44', dest_path='', event_type='modified', is_directory=True, is_synthetic=False)
2024-11-04 13:51:02 [DEBUG] - fsevents - queue_event FileModifiedEvent(src_path='/Users/patipansittiprawiat/Library/Mobile Documents/com~apple~CloudDocs/Documents/Documents - PatipanMBA/shift-scheduler/.git/objects/44/tmp_obj_JE0Q3Q', dest_path='', event_type='modified', is_directory=False, is_synthetic=False)
2024-11-04 13:51:02 [DEBUG] - fsevents - queue_event FileDeletedEvent(src_path='/Users/patipansittiprawiat/Library/Mobile Documents/com~apple~CloudDocs/Documents/Documents - PatipanMBA/shift-scheduler/.git/objects/44/tmp_obj_JE0Q3Q', dest_path='', event_type='deleted', is_directory=False, is_synthetic=False)
2024-11-04 13:51:02 [DEBUG] - fsevents - queue_event DirModifiedEvent(src_path='/Users/patipansittiprawiat/Library/Mobile Documents/com~apple~CloudDocs/Documents/Documents - PatipanMBA/shift-scheduler/.git/objects/44', dest_path='', event_type='modified', is_directory=True, is_synthetic=False)
2024-11-04 13:51:02 [DEBUG] - root - Value read from /Users/patipansittiprawiat/Library/Mobile Documents/com~apple~CloudDocs/Documents/Documents - PatipanMBA/shift-scheduler/secret.json
2024-11-04 13:51:02 [DEBUG] - root - Value read from /Users/patipansittiprawiat/Library/Mobile Documents/com~apple~CloudDocs/Documents/Documents - PatipanMBA/shift-scheduler/secret.json
