2025-03-20 07:57:03 [DEBUG] - config - Logging to tmp/april 2025/log_20250320_075703.log
2025-03-20 07:57:03 [DEBUG] - GoogleAppAuthenticator - Attempting to load credentials from token file
2025-03-20 07:57:03 [INFO] - GoogleAppAuthenticator - Loaded valid credentials from token file.
2025-03-20 07:57:03 [INFO] - GoogleAppAuthenticator - Authenticate successfully
2025-03-20 07:57:03 [DEBUG] - GoogleAppAuthenticator - Attempting to load credentials from token file
2025-03-20 07:57:03 [INFO] - GoogleAppAuthenticator - Loaded valid credentials from token file.
2025-03-20 07:57:03 [INFO] - googleapiclient.discovery_cache - file_cache is only supported with oauth2client<4.0.0
2025-03-20 07:57:03 [DEBUG] - CalendarApp - Service initialized successfully
2025-03-20 07:57:03 [INFO] - googleapiclient.discovery_cache - file_cache is only supported with oauth2client<4.0.0
2025-03-20 07:57:03 [DEBUG] - GoogleSheetApp - Service initialized successfully
2025-03-20 07:57:03 [DEBUG] - SchedulerSheetUI - SchedulerSheetUI initialized - sheetId: 1wHNERHZUxl8mI7xOPtWsvRBHxw9r_ohFoi7BWET_YdU
2025-03-20 07:57:03 [DEBUG] - googleapiclient.discovery - URL being requested: GET https://sheets.googleapis.com/v4/spreadsheets/1wHNERHZUxl8mI7xOPtWsvRBHxw9r_ohFoi7BWET_YdU/values/April%202025%21A1%3AV?alt=json
2025-03-20 07:57:04 [DEBUG] - SchedulerSheetUI - Fetched sheet values from A1:V
2025-03-20 07:57:04 [DEBUG] - SchedulerCalendarUI - SchedulerCalendarUI initialized - calendarId: em.cmu.teacher@gmail.com
2025-03-20 07:57:04 [DEBUG] - root - Converted A12 to 11, 0
2025-03-20 07:57:04 [DEBUG] - root - Converted A42 to 41, 0
2025-03-20 07:57:04 [DEBUG] - SchedulerSheetUI - Got sheet values from A12:A42, start: (11, 0), end: (41, 0)
2025-03-20 07:57:04 [DEBUG] - root - Converted A47 to 46, 0
2025-03-20 07:57:04 [DEBUG] - root - Converted G67 to 66, 6
2025-03-20 07:57:04 [DEBUG] - SchedulerSheetUI - Got sheet values from A47:G67, start: (46, 0), end: (66, 6)
2025-03-20 07:57:04 [DEBUG] - root - Converted C11 to 10, 2
2025-03-20 07:57:04 [DEBUG] - root - Converted L42 to 41, 11
2025-03-20 07:57:04 [DEBUG] - SchedulerSheetUI - Got sheet values from C11:L42, start: (10, 2), end: (41, 11)
2025-03-20 07:57:04 [DEBUG] - root - Converted C268 to 267, 2
2025-03-20 07:57:04 [DEBUG] - root - Converted M299 to 298, 12
2025-03-20 07:57:04 [DEBUG] - SchedulerSheetUI - Got sheet values from C268:M299, start: (267, 2), end: (298, 12)
2025-03-20 07:57:04 [DEBUG] - Schedule - Assigned shift Service night - 2025-04-01 to กอสิน เลาหะวิสุทธิ์
2025-03-20 07:57:04 [DEBUG] - Schedule - Assigned shift Service1 - 2025-04-01 to กรีฑา คำเนียม
2025-03-20 07:57:04 [DEBUG] - Schedule - Assigned shift Service1+ - 2025-04-01 to พัณณ์ชิตา ชำนาญกิจวณิชย์
2025-03-20 07:57:04 [DEBUG] - Schedule - Assigned shift Service2 - 2025-04-01 to กรีฑา คำเนียม
2025-03-20 07:57:04 [DEBUG] - Schedule - Assigned shift Service2+ - 2025-04-01 to พัณณ์ชิตา ชำนาญกิจวณิชย์
2025-03-20 07:57:04 [DEBUG] - Schedule - Assigned shift Ems - 2025-04-01 to ชานนท์ ช่างรัตนากร
2025-03-20 07:57:04 [DEBUG] - Schedule - Assigned shift Observe - 2025-04-01 to ณัฐฐิกานต์ มีลาภ
2025-03-20 07:57:04 [DEBUG] - Schedule - Assigned shift Avd - 2025-04-01 to สริยา เสือแซมเสริม
2025-03-20 07:57:04 [DEBUG] - Schedule - Assigned shift Service night - 2025-04-02 to ปริญญา เทียนวิบูลย์
2025-03-20 07:57:04 [DEBUG] - Schedule - Assigned shift Service1 - 2025-04-02 to พัณณ์ชิตา ชำนาญกิจวณิชย์
2025-03-20 07:57:04 [DEBUG] - Schedule - Assigned shift Service1+ - 2025-04-02 to กรีฑา คำเนียม
2025-03-20 07:57:04 [DEBUG] - Schedule - Assigned shift Service2 - 2025-04-02 to พัณณ์ชิตา ชำนาญกิจวณิชย์
2025-03-20 07:57:04 [DEBUG] - Schedule - Assigned shift Service2+ - 2025-04-02 to กรีฑา คำเนียม
2025-03-20 07:57:04 [DEBUG] - Schedule - Assigned shift Ems - 2025-04-02 to ชานนท์ ช่างรัตนากร
2025-03-20 07:57:04 [DEBUG] - Schedule - Assigned shift Observe - 2025-04-02 to ณัฐฐิกานต์ มีลาภ
2025-03-20 07:57:04 [DEBUG] - Schedule - Assigned shift Avd - 2025-04-02 to บวร วิทยชำนาญกุล
2025-03-20 07:57:04 [DEBUG] - Schedule - Assigned shift Service night - 2025-04-03 to ชานนท์ ช่างรัตนากร
2025-03-20 07:57:04 [DEBUG] - Schedule - Assigned shift Service1 - 2025-04-03 to กรีฑา คำเนียม
2025-03-20 07:57:04 [DEBUG] - Schedule - Assigned shift Service1+ - 2025-04-03 to วิพุธ เล้าสุขศรี
2025-03-20 07:57:04 [DEBUG] - Schedule - Assigned shift Service2 - 2025-04-03 to กรีฑา คำเนียม
2025-03-20 07:57:04 [DEBUG] - Schedule - Assigned shift Service2+ - 2025-04-03 to วิพุธ เล้าสุขศรี
2025-03-20 07:57:04 [DEBUG] - Schedule - Assigned shift Ems - 2025-04-03 to ชานนท์ ช่างรัตนากร
2025-03-20 07:57:04 [DEBUG] - Schedule - Assigned shift Observe - 2025-04-03 to ณัฐฐิกานต์ มีลาภ
2025-03-20 07:57:04 [DEBUG] - Schedule - Assigned shift Avd - 2025-04-03 to พัณณ์ชิตา ชำนาญกิจวณิชย์
2025-03-20 07:57:04 [DEBUG] - Schedule - Assigned shift Service1 - 2025-04-04 to ปริญญา เทียนวิบูลย์
2025-03-20 07:57:04 [DEBUG] - Schedule - Assigned shift Service1+ - 2025-04-04 to สริยา เสือแซมเสริม
2025-03-20 07:57:04 [DEBUG] - Schedule - Assigned shift Service2 - 2025-04-04 to ปริญญา เทียนวิบูลย์
2025-03-20 07:57:04 [DEBUG] - Schedule - Assigned shift Service2+ - 2025-04-04 to สริยา เสือแซมเสริม
2025-03-20 07:57:04 [DEBUG] - Schedule - Assigned shift Ems - 2025-04-04 to ชานนท์ ช่างรัตนากร
2025-03-20 07:57:04 [DEBUG] - Schedule - Assigned shift Observe - 2025-04-04 to ณัฐฐิกานต์ มีลาภ
2025-03-20 07:57:04 [DEBUG] - Schedule - Assigned shift Avd - 2025-04-04 to กรีฑา คำเนียม
2025-03-20 07:57:04 [DEBUG] - Schedule - Assigned shift Avd - 2025-04-05 to บวร วิทยชำนาญกุล
2025-03-20 07:57:04 [DEBUG] - Schedule - Assigned shift Avd - 2025-04-06 to พิมพ์พรรณ อัศวสุรอิน
2025-03-20 07:57:04 [DEBUG] - Schedule - Assigned shift Avd - 2025-04-07 to ปริญญา เทียนวิบูลย์
2025-03-20 07:57:04 [DEBUG] - Schedule - Assigned shift Service night - 2025-04-08 to วิพุธ เล้าสุขศรี
2025-03-20 07:57:04 [DEBUG] - Schedule - Assigned shift Service1 - 2025-04-08 to สริยา เสือแซมเสริม
2025-03-20 07:57:04 [DEBUG] - Schedule - Assigned shift Service1+ - 2025-04-08 to ปริญญา เทียนวิบูลย์
2025-03-20 07:57:04 [DEBUG] - Schedule - Assigned shift Service2 - 2025-04-08 to สริยา เสือแซมเสริม
2025-03-20 07:57:04 [DEBUG] - Schedule - Assigned shift Service2+ - 2025-04-08 to ปริญญา เทียนวิบูลย์
2025-03-20 07:57:04 [DEBUG] - Schedule - Assigned shift Ems - 2025-04-08 to บวร วิทยชำนาญกุล
2025-03-20 07:57:04 [DEBUG] - Schedule - Assigned shift Observe - 2025-04-08 to วชิระ วงศ์ธนสารสิน
2025-03-20 07:57:04 [DEBUG] - Schedule - Assigned shift Avd - 2025-04-08 to ณัฐฐิกานต์ มีลาภ
2025-03-20 07:57:04 [DEBUG] - Schedule - Assigned shift Service night - 2025-04-09 to ณัฐฐิกานต์ มีลาภ
2025-03-20 07:57:04 [DEBUG] - Schedule - Assigned shift Service1 - 2025-04-09 to พิมพ์พรรณ อัศวสุรอิน
2025-03-20 07:57:04 [DEBUG] - Schedule - Assigned shift Service1+ - 2025-04-09 to วิพุธ เล้าสุขศรี
2025-03-20 07:57:04 [DEBUG] - Schedule - Assigned shift Service2 - 2025-04-09 to พิมพ์พรรณ อัศวสุรอิน
2025-03-20 07:57:04 [DEBUG] - Schedule - Assigned shift Service2+ - 2025-04-09 to วิพุธ เล้าสุขศรี
2025-03-20 07:57:04 [DEBUG] - Schedule - Assigned shift Ems - 2025-04-09 to บวร วิทยชำนาญกุล
2025-03-20 07:57:04 [DEBUG] - Schedule - Assigned shift Observe - 2025-04-09 to วชิระ วงศ์ธนสารสิน
2025-03-20 07:57:04 [DEBUG] - Schedule - Assigned shift Avd - 2025-04-09 to ปริญญา เทียนวิบูลย์
2025-03-20 07:57:04 [DEBUG] - Schedule - Assigned shift Service night - 2025-04-10 to พัณณ์ชิตา ชำนาญกิจวณิชย์
2025-03-20 07:57:04 [DEBUG] - Schedule - Assigned shift Service1 - 2025-04-10 to วิพุธ เล้าสุขศรี
2025-03-20 07:57:04 [DEBUG] - Schedule - Assigned shift Service1+ - 2025-04-10 to สริยา เสือแซมเสริม
2025-03-20 07:57:04 [DEBUG] - Schedule - Assigned shift Service2 - 2025-04-10 to วิพุธ เล้าสุขศรี
2025-03-20 07:57:04 [DEBUG] - Schedule - Assigned shift Service2+ - 2025-04-10 to สริยา เสือแซมเสริม
2025-03-20 07:57:04 [DEBUG] - Schedule - Assigned shift Ems - 2025-04-10 to บวร วิทยชำนาญกุล
2025-03-20 07:57:04 [DEBUG] - Schedule - Assigned shift Observe - 2025-04-10 to วชิระ วงศ์ธนสารสิน
2025-03-20 07:57:04 [DEBUG] - Schedule - Assigned shift Avd - 2025-04-10 to บริบูรณ์ เชนธนากิจ
2025-03-20 07:57:04 [DEBUG] - Schedule - Assigned shift Service1 - 2025-04-11 to ณัฐฐิกานต์ มีลาภ
2025-03-20 07:57:04 [DEBUG] - Schedule - Assigned shift Service1+ - 2025-04-11 to ปริญญา เทียนวิบูลย์
2025-03-20 07:57:04 [DEBUG] - Schedule - Assigned shift Service2 - 2025-04-11 to พิมพ์พรรณ อัศวสุรอิน
2025-03-20 07:57:04 [DEBUG] - Schedule - Assigned shift Service2+ - 2025-04-11 to ปริญญา เทียนวิบูลย์
2025-03-20 07:57:04 [DEBUG] - Schedule - Assigned shift Ems - 2025-04-11 to บวร วิทยชำนาญกุล
2025-03-20 07:57:04 [DEBUG] - Schedule - Assigned shift Observe - 2025-04-11 to วชิระ วงศ์ธนสารสิน
2025-03-20 07:57:04 [DEBUG] - Schedule - Assigned shift Avd - 2025-04-11 to วิพุธ เล้าสุขศรี
2025-03-20 07:57:04 [DEBUG] - Schedule - Assigned shift Avd - 2025-04-12 to สริยา เสือแซมเสริม
2025-03-20 07:57:04 [DEBUG] - Schedule - Assigned shift Avd - 2025-04-13 to กรีฑา คำเนียม
2025-03-20 07:57:04 [DEBUG] - Schedule - Assigned shift Avd - 2025-04-14 to บุญฤทธิ์ คำทิพย์
2025-03-20 07:57:04 [DEBUG] - Schedule - Assigned shift Service night - 2025-04-15 to กรองกาญจน์ สุธรรม
2025-03-20 07:57:04 [DEBUG] - Schedule - Assigned shift Avd - 2025-04-15 to ณัฐฐิกานต์ มีลาภ
2025-03-20 07:57:04 [DEBUG] - Schedule - Assigned shift Service night - 2025-04-16 to วชิระ วงศ์ธนสารสิน
2025-03-20 07:57:04 [DEBUG] - Schedule - Assigned shift Amd - 2025-04-16 to ณัฐฐิกานต์ มีลาภ
2025-03-20 07:57:04 [DEBUG] - Schedule - Assigned shift Avd - 2025-04-16 to พัณณ์ชิตา ชำนาญกิจวณิชย์
2025-03-20 07:57:04 [DEBUG] - Schedule - Assigned shift Service night - 2025-04-17 to สริยา เสือแซมเสริม
2025-03-20 07:57:04 [DEBUG] - Schedule - Assigned shift Service1 - 2025-04-17 to บุญฤทธิ์ คำทิพย์
2025-03-20 07:57:04 [DEBUG] - Schedule - Assigned shift Service1+ - 2025-04-17 to บริบูรณ์ เชนธนากิจ
2025-03-20 07:57:04 [DEBUG] - Schedule - Assigned shift Service2 - 2025-04-17 to บุญฤทธิ์ คำทิพย์
2025-03-20 07:57:04 [DEBUG] - Schedule - Assigned shift Service2+ - 2025-04-17 to บริบูรณ์ เชนธนากิจ
2025-03-20 07:57:04 [DEBUG] - Schedule - Assigned shift Ems - 2025-04-17 to กอสิน เลาหะวิสุทธิ์
2025-03-20 07:57:04 [DEBUG] - Schedule - Assigned shift Observe - 2025-04-17 to ปริญญา เทียนวิบูลย์
2025-03-20 07:57:04 [DEBUG] - Schedule - Assigned shift Amd - 2025-04-17 to บริบูรณ์ เชนธนากิจ
2025-03-20 07:57:04 [DEBUG] - Schedule - Assigned shift Avd - 2025-04-17 to กรองกาญจน์ สุธรรม
2025-03-20 07:57:04 [DEBUG] - Schedule - Assigned shift Service1 - 2025-04-18 to ชานนท์ ช่างรัตนากร
2025-03-20 07:57:04 [DEBUG] - Schedule - Assigned shift Service1+ - 2025-04-18 to กรองกาญจน์ สุธรรม
2025-03-20 07:57:04 [DEBUG] - Schedule - Assigned shift Service2 - 2025-04-18 to ชานนท์ ช่างรัตนากร
2025-03-20 07:57:04 [DEBUG] - Schedule - Assigned shift Service2+ - 2025-04-18 to กรองกาญจน์ สุธรรม
2025-03-20 07:57:04 [DEBUG] - Schedule - Assigned shift Ems - 2025-04-18 to กอสิน เลาหะวิสุทธิ์
2025-03-20 07:57:04 [DEBUG] - Schedule - Assigned shift Observe - 2025-04-18 to ปริญญา เทียนวิบูลย์
2025-03-20 07:57:04 [DEBUG] - Schedule - Assigned shift Amd - 2025-04-18 to กรองกาญจน์ สุธรรม
2025-03-20 07:57:04 [DEBUG] - Schedule - Assigned shift Avd - 2025-04-18 to บริบูรณ์ เชนธนากิจ
2025-03-20 07:57:04 [DEBUG] - Schedule - Assigned shift Amd - 2025-04-19 to กรีฑา คำเนียม
2025-03-20 07:57:04 [DEBUG] - Schedule - Assigned shift Avd - 2025-04-19 to วิพุธ เล้าสุขศรี
2025-03-20 07:57:04 [DEBUG] - Schedule - Assigned shift Amd - 2025-04-20 to ปริญญา เทียนวิบูลย์
2025-03-20 07:57:04 [DEBUG] - Schedule - Assigned shift Avd - 2025-04-20 to กอสิน เลาหะวิสุทธิ์
2025-03-20 07:57:04 [DEBUG] - Schedule - Assigned shift Service1 - 2025-04-21 to ชานนท์ ช่างรัตนากร
2025-03-20 07:57:04 [DEBUG] - Schedule - Assigned shift Service1+ - 2025-04-21 to กอสิน เลาหะวิสุทธิ์
2025-03-20 07:57:04 [DEBUG] - Schedule - Assigned shift Service2 - 2025-04-21 to ชานนท์ ช่างรัตนากร
2025-03-20 07:57:04 [DEBUG] - Schedule - Assigned shift Service2+ - 2025-04-21 to กอสิน เลาหะวิสุทธิ์
2025-03-20 07:57:04 [DEBUG] - Schedule - Assigned shift Ems - 2025-04-21 to วิพุธ เล้าสุขศรี
2025-03-20 07:57:04 [DEBUG] - Schedule - Assigned shift Observe - 2025-04-21 to บริบูรณ์ เชนธนากิจ
2025-03-20 07:57:04 [DEBUG] - Schedule - Assigned shift Amd - 2025-04-21 to พิมพ์พรรณ อัศวสุรอิน
2025-03-20 07:57:04 [DEBUG] - Schedule - Assigned shift Avd - 2025-04-21 to กรองกาญจน์ สุธรรม
2025-03-20 07:57:04 [DEBUG] - Schedule - Assigned shift Service night - 2025-04-22 to พิมพ์พรรณ อัศวสุรอิน
2025-03-20 07:57:04 [DEBUG] - Schedule - Assigned shift Service1 - 2025-04-22 to กอสิน เลาหะวิสุทธิ์
2025-03-20 07:57:04 [DEBUG] - Schedule - Assigned shift Service1+ - 2025-04-22 to ณัฐฐิกานต์ มีลาภ
2025-03-20 07:57:04 [DEBUG] - Schedule - Assigned shift Service2 - 2025-04-22 to กอสิน เลาหะวิสุทธิ์
2025-03-20 07:57:04 [DEBUG] - Schedule - Assigned shift Service2+ - 2025-04-22 to ณัฐฐิกานต์ มีลาภ
2025-03-20 07:57:04 [DEBUG] - Schedule - Assigned shift Ems - 2025-04-22 to วิพุธ เล้าสุขศรี
2025-03-20 07:57:04 [DEBUG] - Schedule - Assigned shift Observe - 2025-04-22 to บริบูรณ์ เชนธนากิจ
2025-03-20 07:57:04 [DEBUG] - Schedule - Assigned shift Amd - 2025-04-22 to บวร วิทยชำนาญกุล
2025-03-20 07:57:04 [DEBUG] - Schedule - Assigned shift Avd - 2025-04-22 to ชานนท์ ช่างรัตนากร
2025-03-20 07:57:04 [DEBUG] - Schedule - Assigned shift Service night - 2025-04-23 to พัณณ์ชิตา ชำนาญกิจวณิชย์
2025-03-20 07:57:04 [DEBUG] - Schedule - Assigned shift Service1 - 2025-04-23 to ณัฐฐิกานต์ มีลาภ
2025-03-20 07:57:04 [DEBUG] - Schedule - Assigned shift Service1+ - 2025-04-23 to ชานนท์ ช่างรัตนากร
2025-03-20 07:57:04 [DEBUG] - Schedule - Assigned shift Service2 - 2025-04-23 to ณัฐฐิกานต์ มีลาภ
2025-03-20 07:57:04 [DEBUG] - Schedule - Assigned shift Service2+ - 2025-04-23 to ชานนท์ ช่างรัตนากร
2025-03-20 07:57:04 [DEBUG] - Schedule - Assigned shift Ems - 2025-04-23 to วิพุธ เล้าสุขศรี
2025-03-20 07:57:04 [DEBUG] - Schedule - Assigned shift Observe - 2025-04-23 to บริบูรณ์ เชนธนากิจ
2025-03-20 07:57:04 [DEBUG] - Schedule - Assigned shift Amd - 2025-04-23 to สริยา เสือแซมเสริม
2025-03-20 07:57:04 [DEBUG] - Schedule - Assigned shift Avd - 2025-04-23 to บุญฤทธิ์ คำทิพย์
2025-03-20 07:57:04 [DEBUG] - Schedule - Assigned shift Service night - 2025-04-24 to กรีฑา คำเนียม
2025-03-20 07:57:04 [DEBUG] - Schedule - Assigned shift Service1 - 2025-04-24 to พัณณ์ชิตา ชำนาญกิจวณิชย์
2025-03-20 07:57:04 [DEBUG] - Schedule - Assigned shift Service1+ - 2025-04-24 to วชิระ วงศ์ธนสารสิน
2025-03-20 07:57:04 [DEBUG] - Schedule - Assigned shift Service2 - 2025-04-24 to พัณณ์ชิตา ชำนาญกิจวณิชย์
2025-03-20 07:57:04 [DEBUG] - Schedule - Assigned shift Service2+ - 2025-04-24 to วชิระ วงศ์ธนสารสิน
2025-03-20 07:57:04 [DEBUG] - Schedule - Assigned shift Ems - 2025-04-24 to วิพุธ เล้าสุขศรี
2025-03-20 07:57:04 [DEBUG] - Schedule - Assigned shift Observe - 2025-04-24 to บริบูรณ์ เชนธนากิจ
2025-03-20 07:57:04 [DEBUG] - Schedule - Assigned shift Amd - 2025-04-24 to บุญฤทธิ์ คำทิพย์
2025-03-20 07:57:04 [DEBUG] - Schedule - Assigned shift Avd - 2025-04-24 to ณัฐฐิกานต์ มีลาภ
2025-03-20 07:57:04 [DEBUG] - Schedule - Assigned shift Service1 - 2025-04-25 to กอสิน เลาหะวิสุทธิ์
2025-03-20 07:57:04 [DEBUG] - Schedule - Assigned shift Service1+ - 2025-04-25 to ณัฐฐิกานต์ มีลาภ
2025-03-20 07:57:04 [DEBUG] - Schedule - Assigned shift Service2 - 2025-04-25 to กอสิน เลาหะวิสุทธิ์
2025-03-20 07:57:04 [DEBUG] - Schedule - Assigned shift Service2+ - 2025-04-25 to ณัฐฐิกานต์ มีลาภ
2025-03-20 07:57:04 [DEBUG] - Schedule - Assigned shift Ems - 2025-04-25 to วิพุธ เล้าสุขศรี
2025-03-20 07:57:04 [DEBUG] - Schedule - Assigned shift Observe - 2025-04-25 to บริบูรณ์ เชนธนากิจ
2025-03-20 07:57:04 [DEBUG] - Schedule - Assigned shift Amd - 2025-04-25 to พัณณ์ชิตา ชำนาญกิจวณิชย์
2025-03-20 07:57:04 [DEBUG] - Schedule - Assigned shift Avd - 2025-04-25 to กรีฑา คำเนียม
2025-03-20 07:57:04 [DEBUG] - Schedule - Assigned shift Amd - 2025-04-26 to ชานนท์ ช่างรัตนากร
2025-03-20 07:57:04 [DEBUG] - Schedule - Assigned shift Avd - 2025-04-26 to บริบูรณ์ เชนธนากิจ
2025-03-20 07:57:04 [DEBUG] - Schedule - Assigned shift Amd - 2025-04-27 to กอสิน เลาหะวิสุทธิ์
2025-03-20 07:57:04 [DEBUG] - Schedule - Assigned shift Avd - 2025-04-27 to ชานนท์ ช่างรัตนากร
2025-03-20 07:57:04 [DEBUG] - Schedule - Assigned shift Service1 - 2025-04-28 to พิมพ์พรรณ อัศวสุรอิน
2025-03-20 07:57:04 [DEBUG] - Schedule - Assigned shift Service1+ - 2025-04-28 to วชิระ วงศ์ธนสารสิน
2025-03-20 07:57:04 [DEBUG] - Schedule - Assigned shift Service2 - 2025-04-28 to พิมพ์พรรณ อัศวสุรอิน
2025-03-20 07:57:04 [DEBUG] - Schedule - Assigned shift Service2+ - 2025-04-28 to วชิระ วงศ์ธนสารสิน
2025-03-20 07:57:04 [DEBUG] - Schedule - Assigned shift Ems - 2025-04-28 to พิมพ์พรรณ อัศวสุรอิน
2025-03-20 07:57:04 [DEBUG] - Schedule - Assigned shift Observe - 2025-04-28 to กรองกาญจน์ สุธรรม
2025-03-20 07:57:04 [DEBUG] - Schedule - Assigned shift Amd - 2025-04-28 to ชานนท์ ช่างรัตนากร
2025-03-20 07:57:04 [DEBUG] - Schedule - Assigned shift Avd - 2025-04-28 to ปริญญา เทียนวิบูลย์
2025-03-20 07:57:04 [DEBUG] - Schedule - Assigned shift Service night - 2025-04-29 to กอสิน เลาหะวิสุทธิ์
2025-03-20 07:57:04 [DEBUG] - Schedule - Assigned shift Service1 - 2025-04-29 to วชิระ วงศ์ธนสารสิน
2025-03-20 07:57:04 [DEBUG] - Schedule - Assigned shift Service1+ - 2025-04-29 to พิมพ์พรรณ อัศวสุรอิน
2025-03-20 07:57:04 [DEBUG] - Schedule - Assigned shift Service2 - 2025-04-29 to ชานนท์ ช่างรัตนากร
2025-03-20 07:57:04 [DEBUG] - Schedule - Assigned shift Service2+ - 2025-04-29 to พิมพ์พรรณ อัศวสุรอิน
2025-03-20 07:57:04 [DEBUG] - Schedule - Assigned shift Ems - 2025-04-29 to พิมพ์พรรณ อัศวสุรอิน
2025-03-20 07:57:04 [DEBUG] - Schedule - Assigned shift Observe - 2025-04-29 to กรองกาญจน์ สุธรรม
2025-03-20 07:57:04 [DEBUG] - Schedule - Assigned shift Amd - 2025-04-29 to ปริญญา เทียนวิบูลย์
2025-03-20 07:57:04 [DEBUG] - Schedule - Assigned shift Avd - 2025-04-29 to บวร วิทยชำนาญกุล
2025-03-20 07:57:04 [DEBUG] - Schedule - Assigned shift Service night - 2025-04-30 to พิมพ์พรรณ อัศวสุรอิน
2025-03-20 07:57:04 [DEBUG] - Schedule - Assigned shift Service1 - 2025-04-30 to บวร วิทยชำนาญกุล
2025-03-20 07:57:04 [DEBUG] - Schedule - Assigned shift Service1+ - 2025-04-30 to บริบูรณ์ เชนธนากิจ
2025-03-20 07:57:04 [DEBUG] - Schedule - Assigned shift Service2 - 2025-04-30 to บวร วิทยชำนาญกุล
2025-03-20 07:57:04 [DEBUG] - Schedule - Assigned shift Service2+ - 2025-04-30 to บริบูรณ์ เชนธนากิจ
2025-03-20 07:57:04 [DEBUG] - Schedule - Assigned shift Ems - 2025-04-30 to พิมพ์พรรณ อัศวสุรอิน
2025-03-20 07:57:04 [DEBUG] - Schedule - Assigned shift Observe - 2025-04-30 to กรองกาญจน์ สุธรรม
2025-03-20 07:57:04 [DEBUG] - Schedule - Assigned shift Amd - 2025-04-30 to วิพุธ เล้าสุขศรี
2025-03-20 07:57:04 [DEBUG] - Schedule - Assigned shift Avd - 2025-04-30 to กอสิน เลาหะวิสุทธิ์
2025-03-20 07:57:04 [DEBUG] - root - Converted B12 to 11, 1
2025-03-20 07:57:04 [DEBUG] - root - Converted B42 to 41, 1
2025-03-20 07:57:04 [DEBUG] - SchedulerSheetUI - Got sheet values from B12:B42, start: (11, 1), end: (41, 1)
2025-03-20 07:57:04 [DEBUG] - root - Converted B218 to 217, 1
2025-03-20 07:57:04 [DEBUG] - root - Converted C240 to 239, 2
2025-03-20 07:57:04 [DEBUG] - SchedulerSheetUI - Got sheet values from B218:C240, start: (217, 1), end: (239, 2)
2025-03-20 07:57:04 [DEBUG] - ScheduleSolver - Added total shifts constraint for BC - 4
2025-03-20 07:57:04 [DEBUG] - ScheduleSolver - Added total shifts constraint for BW - 2
2025-03-20 07:57:04 [DEBUG] - ScheduleSolver - Added total shifts constraint for KS - 2
2025-03-20 07:57:04 [DEBUG] - ScheduleSolver - Added total shifts constraint for PT - 6
2025-03-20 07:57:04 [DEBUG] - ScheduleSolver - Added total shifts constraint for WW - 6
2025-03-20 07:57:04 [DEBUG] - ScheduleSolver - Added total shifts constraint for BK - 2
2025-03-20 07:57:04 [DEBUG] - ScheduleSolver - Added total shifts constraint for CC - 6
2025-03-20 07:57:04 [DEBUG] - ScheduleSolver - Added total shifts constraint for KL - 6
2025-03-20 07:57:04 [DEBUG] - ScheduleSolver - Added total shifts constraint for PU - 6
2025-03-20 07:57:04 [DEBUG] - ScheduleSolver - Added total shifts constraint for NM - 8
2025-03-20 07:57:04 [DEBUG] - ScheduleSolver - Added total shifts constraint for SS - 6
2025-03-20 07:57:04 [DEBUG] - ScheduleSolver - Added total shifts constraint for WL - 6
2025-03-20 07:57:04 [DEBUG] - ScheduleSolver - Added total shifts constraint for KK - 6
2025-03-20 07:57:04 [DEBUG] - ScheduleSolver - Added total shifts constraint for PC - 6
2025-03-20 07:57:04 [DEBUG] - root - Converted H218 to 217, 7
2025-03-20 07:57:04 [DEBUG] - root - Converted M239 to 238, 12
2025-03-20 07:57:04 [DEBUG] - SchedulerSheetUI - Got sheet values from H218:M239, start: (217, 7), end: (238, 12)
2025-03-20 07:57:04 [DEBUG] - ScheduleSolver - Added shift preference constraint for BC - {'BC': {'mon': True, 'tue': True, 'wed': True, 'thu': True, 'fri': True}}
2025-03-20 07:57:04 [DEBUG] - ScheduleSolver - Added shift preference constraint for BW - {'BW': {'mon': True, 'tue': True, 'wed': True, 'thu': True, 'fri': True}}
2025-03-20 07:57:04 [DEBUG] - ScheduleSolver - Added shift preference constraint for KS - {'KS': {'mon': False, 'tue': False, 'wed': False, 'thu': False, 'fri': False}}
2025-03-20 07:57:04 [DEBUG] - ScheduleSolver - Added shift preference constraint for PT - {'PT': {'mon': False, 'tue': False, 'wed': False, 'thu': False, 'fri': False}}
2025-03-20 07:57:04 [DEBUG] - ScheduleSolver - Added shift preference constraint for WW - {'WW': {'mon': True, 'tue': True, 'wed': True, 'thu': True, 'fri': True}}
2025-03-20 07:57:04 [DEBUG] - ScheduleSolver - Added shift preference constraint for BK - {'BK': {'mon': False, 'tue': False, 'wed': False, 'thu': False, 'fri': False}}
2025-03-20 07:57:04 [DEBUG] - ScheduleSolver - Added shift preference constraint for CC - {'CC': {'mon': False, 'tue': False, 'wed': False, 'thu': False, 'fri': False}}
2025-03-20 07:57:04 [DEBUG] - ScheduleSolver - Added shift preference constraint for KL - {'KL': {'mon': True, 'tue': True, 'wed': True, 'thu': True, 'fri': True}}
2025-03-20 07:57:04 [DEBUG] - ScheduleSolver - Added shift preference constraint for PU - {'PU': {'mon': True, 'tue': True, 'wed': True, 'thu': True, 'fri': True}}
2025-03-20 07:57:04 [DEBUG] - ScheduleSolver - Added shift preference constraint for NM - {'NM': {'mon': False, 'tue': False, 'wed': False, 'thu': False, 'fri': False}}
2025-03-20 07:57:04 [DEBUG] - ScheduleSolver - Added shift preference constraint for SS - {'SS': {'mon': False, 'tue': False, 'wed': False, 'thu': False, 'fri': False}}
2025-03-20 07:57:04 [DEBUG] - ScheduleSolver - Added shift preference constraint for WL - {'WL': {'mon': True, 'tue': True, 'wed': True, 'thu': True, 'fri': True}}
2025-03-20 07:57:04 [DEBUG] - ScheduleSolver - Added shift preference constraint for KK - {'KK': {'mon': False, 'tue': False, 'wed': False, 'thu': False, 'fri': False}}
2025-03-20 07:57:04 [DEBUG] - ScheduleSolver - Added shift preference constraint for PC - {'PC': {'mon': True, 'tue': True, 'wed': True, 'thu': True, 'fri': True}}
2025-03-20 07:57:04 [DEBUG] - root - Converted B217 to 216, 1
2025-03-20 07:57:04 [DEBUG] - root - Converted F240 to 239, 5
2025-03-20 07:57:04 [DEBUG] - SchedulerSheetUI - Got sheet values from B217:F240, start: (216, 1), end: (239, 5)
2025-03-20 07:57:04 [DEBUG] - ScheduleSolver - Added total shifts per employee constraint for WW - amd - 0
2025-03-20 07:57:04 [DEBUG] - ScheduleSolver - Added total shifts per employee constraint for WW - avd - 0
2025-03-20 07:57:04 [DEBUG] - googleapiclient.discovery - URL being requested: GET https://www.googleapis.com/calendar/v3/calendars/em.cmu.teacher%40gmail.com/events?timeMin=2025-04-01T00%3A00%3A00Z&timeMax=2025-04-30T23%3A59%3A59.099999Z&singleEvents=true&orderBy=startTime&alt=json
2025-03-20 07:57:05 [DEBUG] - SchedulerCalendarUI - Sample event: {'kind': 'calendar#event', 'etag': '"3479527596836000"', 'id': '6oqsrt8tubsd9vmk54vd5so5dp', 'status': 'confirmed', 'htmlLink': 'https://www.google.com/calendar/event?eid=Nm9xc3J0OHR1YnNkOXZtazU0dmQ1c281ZHAgZW0uY211LnRlYWNoZXJAbQ', 'created': '2025-02-17T03:41:55.000Z', 'updated': '2025-02-17T03:43:18.418Z', 'summary': 'BC Director ACLS ', 'location': 'บรรยาย ชั้น 9 อาคารราชนครินทร์ 08.00 น. วันที่ 31 ', 'creator': {'email': 'nareerat9664@gmail.com'}, 'organizer': {'email': 'em.cmu.teacher@gmail.com', 'self': True}, 'start': {'date': '2025-03-31'}, 'end': {'date': '2025-04-02'}, 'transparency': 'transparent', 'iCalUID': '6oqsrt8tubsd9vmk54vd5so5dp@google.com', 'sequence': 0, 'reminders': {'useDefault': False}, 'eventType': 'default'}
2025-03-20 07:57:05 [DEBUG] - SchedulerCalendarUI - Extracted task: BC Director ACLS  starts at 2025-03-31 00:00:00+07:00 and ends at 2025-04-02 00:00:00+07:00 for employee: บริบูรณ์ เชนธนากิจ (BC)
2025-03-20 07:57:05 [DEBUG] - SchedulerCalendarUI - Extracted task: BK ดูงาน ป.โท starts at 2025-03-31 00:00:00+07:00 and ends at 2025-04-10 00:00:00+07:00 for employee: บุญฤทธิ์ คำทิพย์ (BK)
2025-03-20 07:57:05 [DEBUG] - SchedulerCalendarUI - Extracted task: BW KL WW พี่เมย์ หมิวพารา ประชุมกรรมการภาค starts at 2025-04-01 00:00:00+07:00 and ends at 2025-04-02 00:00:00+07:00 for employee: บวร วิทยชำนาญกุล (BW), กอสิน เลาหะวิสุทธิ์ (KL), วชิระ วงศ์ธนสารสิน (WW)
2025-03-20 07:57:05 [DEBUG] - SchedulerCalendarUI - Extracted task: PU NM present global health starts at 2025-04-01 00:00:00+07:00 and ends at 2025-04-02 00:00:00+07:00 for employee: พิมพ์พรรณ อัศวสุรอิน (PU), ณัฐฐิกานต์ มีลาภ (NM)
2025-03-20 07:57:05 [DEBUG] - SchedulerCalendarUI - Extracted task: WL เรียน AI starts at 2025-04-01 00:00:00+07:00 and ends at 2025-04-02 00:00:00+07:00 for employee: วิพุธ เล้าสุขศรี (WL)
2025-03-20 07:57:05 [DEBUG] - SchedulerCalendarUI - Extracted task: BK CQI-Skydoctor ประจำเดือน starts at 2025-04-01 10:00:00+07:00 and ends at 2025-04-01 12:00:00+07:00 for employee: บุญฤทธิ์ คำทิพย์ (BK)
2025-03-20 07:57:05 [DEBUG] - SchedulerCalendarUI - Extracted task: BC ร่วมนำเสนอข้อมูล CLT ในการอบรม First react AHA presentation starts at 2025-04-01 13:00:00+07:00 and ends at 2025-04-01 15:00:00+07:00 for employee: บริบูรณ์ เชนธนากิจ (BC)
2025-03-20 07:57:05 [DEBUG] - SchedulerCalendarUI - Extracted task: PT KL Conference EMCMU resident starts at 2025-04-01 13:00:00+07:00 and ends at 2025-04-01 16:00:00+07:00 for employee: ปริญญา เทียนวิบูลย์ (PT), กอสิน เลาหะวิสุทธิ์ (KL)
2025-03-20 07:57:05 [DEBUG] - SchedulerCalendarUI - Extracted task: NM ตรวจ follow up US breast starts at 2025-04-01 13:00:00+07:00 and ends at 2025-04-01 16:00:00+07:00 for employee: ณัฐฐิกานต์ มีลาภ (NM)
2025-03-20 07:57:05 [DEBUG] - SchedulerCalendarUI - Extracted task: KS KL PU พี่หวาน หมิว ประชุม undergrad starts at 2025-04-02 00:00:00+07:00 and ends at 2025-04-03 00:00:00+07:00 for employee: กรองกาญจน์ สุธรรม (KS), กอสิน เลาหะวิสุทธิ์ (KL), พิมพ์พรรณ อัศวสุรอิน (PU)
2025-03-20 07:57:05 [DEBUG] - SchedulerCalendarUI - Extracted task: WL อ.น้องเอิน สอน MedEd starts at 2025-04-02 13:00:00+07:00 and ends at 2025-04-02 16:00:00+07:00 for employee: วิพุธ เล้าสุขศรี (WL)
2025-03-20 07:57:05 [DEBUG] - SchedulerCalendarUI - Extracted task: KS PT ประชุทสรรหา starts at 2025-04-02 15:00:00+07:00 and ends at 2025-04-02 16:00:00+07:00 for employee: กรองกาญจน์ สุธรรม (KS), ปริญญา เทียนวิบูลย์ (PT)
2025-03-20 07:57:05 [DEBUG] - SchedulerCalendarUI - Extracted task: BW Lecture TQA starts at 2025-04-03 00:00:00+07:00 and ends at 2025-04-04 00:00:00+07:00 for employee: บวร วิทยชำนาญกุล (BW)
2025-03-20 07:57:05 [DEBUG] - SchedulerCalendarUI - Extracted task: KS KL PU พี่หวาน พี่หมิว ตัดเกรดปี 5 starts at 2025-04-03 00:00:00+07:00 and ends at 2025-04-05 00:00:00+07:00 for employee: กรองกาญจน์ สุธรรม (KS), กอสิน เลาหะวิสุทธิ์ (KL), พิมพ์พรรณ อัศวสุรอิน (PU)
2025-03-20 07:57:05 [DEBUG] - SchedulerCalendarUI - Extracted task: KS คุมสอบ Compre NL starts at 2025-04-03 00:00:00+07:00 and ends at 2025-04-04 00:00:00+07:00 for employee: กรองกาญจน์ สุธรรม (KS)
2025-03-20 07:57:05 [DEBUG] - SchedulerCalendarUI - Extracted task: BC ร่วมประชุม จัดทำร่างเกณฑ์ติดตามคุณภาพ หน่วยปฏิบัติการแพทย์ starts at 2025-04-03 00:00:00+07:00 and ends at 2025-04-05 00:00:00+07:00 for employee: บริบูรณ์ เชนธนากิจ (BC)
2025-03-20 07:57:05 [DEBUG] - SchedulerCalendarUI - Extracted task: WW CC Conference EMCMU resident  starts at 2025-04-03 08:45:00+07:00 and ends at 2025-04-03 12:00:00+07:00 for employee: วชิระ วงศ์ธนสารสิน (WW), ชานนท์ ช่างรัตนากร (CC)
2025-03-20 07:57:05 [DEBUG] - SchedulerCalendarUI - Extracted task: KL: สอบลงกองปี6 starts at 2025-04-03 13:00:00+07:00 and ends at 2025-04-03 15:00:00+07:00 for employee: กอสิน เลาหะวิสุทธิ์ (KL)
2025-03-20 07:57:05 [DEBUG] - SchedulerCalendarUI - Extracted task: KL,WW: คุมสอบAdvice Ext. starts at 2025-04-03 15:00:00+07:00 and ends at 2025-04-03 16:00:00+07:00 for employee: กอสิน เลาหะวิสุทธิ์ (KL), วชิระ วงศ์ธนสารสิน (WW)
2025-03-20 07:57:05 [DEBUG] - SchedulerCalendarUI - Extracted task: CC ลาพักผ่อน starts at 2025-04-04 00:00:00+07:00 and ends at 2025-04-09 00:00:00+07:00 for employee: ชานนท์ ช่างรัตนากร (CC)
2025-03-20 07:57:05 [DEBUG] - SchedulerCalendarUI - Extracted task: KS ดูงาน ตปท  starts at 2025-04-04 00:00:00+07:00 and ends at 2025-04-10 00:00:00+07:00 for employee: กรองกาญจน์ สุธรรม (KS)
2025-03-20 07:57:05 [DEBUG] - SchedulerCalendarUI - Extracted task: WW Research Clinic starts at 2025-04-04 09:00:00+07:00 and ends at 2025-04-04 12:00:00+07:00 for employee: วชิระ วงศ์ธนสารสิน (WW)
2025-03-20 07:57:05 [DEBUG] - SchedulerCalendarUI - Extracted task: ประชุมฝ่าย วิชาการ วฉท BW WW starts at 2025-04-04 12:15:00+07:00 and ends at 2025-04-04 13:15:00+07:00 for employee: บวร วิทยชำนาญกุล (BW), วชิระ วงศ์ธนสารสิน (WW)
2025-03-20 07:57:05 [DEBUG] - SchedulerCalendarUI - Extracted task: NM WL BW จัดอาจารย์ร่วมพิธี farewell R3 starts at 2025-04-04 13:00:00+07:00 and ends at 2025-04-04 16:00:00+07:00 for employee: ณัฐฐิกานต์ มีลาภ (NM), วิพุธ เล้าสุขศรี (WL), บวร วิทยชำนาญกุล (BW)
2025-03-20 07:57:05 [DEBUG] - SchedulerCalendarUI - Extracted task: BW พี่เก๋ COPD TCEP progression Meeting starts at 2025-04-04 13:00:00+07:00 and ends at 2025-04-04 14:30:00+07:00 for employee: บวร วิทยชำนาญกุล (BW)
2025-03-20 07:57:05 [DEBUG] - SchedulerCalendarUI - Extracted task: BW ประชุม HR starts at 2025-04-04 13:30:00+07:00 and ends at 2025-04-04 16:00:00+07:00 for employee: บวร วิทยชำนาญกุล (BW)
2025-03-20 07:57:05 [DEBUG] - SchedulerCalendarUI - Extracted task: KL: ปิดกอง ปี6 starts at 2025-04-04 15:00:00+07:00 and ends at 2025-04-04 16:00:00+07:00 for employee: กอสิน เลาหะวิสุทธิ์ (KL)
2025-03-20 07:57:05 [DEBUG] - SchedulerCalendarUI - Extracted task: SS unavailable starts at 2025-04-05 00:00:00+07:00 and ends at 2025-04-08 00:00:00+07:00 for employee: สริยา เสือแซมเสริม (SS)
2025-03-20 07:57:05 [DEBUG] - SchedulerCalendarUI - Extracted task: BK เรียน starts at 2025-04-05 00:00:00+07:00 and ends at 2025-04-07 00:00:00+07:00 for employee: บุญฤทธิ์ คำทิพย์ (BK)
2025-03-20 07:57:05 [DEBUG] - SchedulerCalendarUI - Extracted task: WW vacation starts at 2025-04-07 00:00:00+07:00 and ends at 2025-04-12 00:00:00+07:00 for employee: วชิระ วงศ์ธนสารสิน (WW)
2025-03-20 07:57:05 [DEBUG] - SchedulerCalendarUI - Extracted task: Elective ต่างชาติ 7-20 เม.ย. 68 - CC ดูแล starts at 2025-04-08 00:00:00+07:00 and ends at 2025-04-09 00:00:00+07:00 for employee: ชานนท์ ช่างรัตนากร (CC)
2025-03-20 07:57:05 [DEBUG] - SchedulerCalendarUI - Extracted task: WL เรียน AI starts at 2025-04-08 00:00:00+07:00 and ends at 2025-04-09 00:00:00+07:00 for employee: วิพุธ เล้าสุขศรี (WL)
2025-03-20 07:57:05 [DEBUG] - SchedulerCalendarUI - Extracted task: KS,PU,KL,หวาน,หมิว: ประชุมundergrad starts at 2025-04-08 10:00:00+07:00 and ends at 2025-04-08 12:00:00+07:00 for employee: กรองกาญจน์ สุธรรม (KS), พิมพ์พรรณ อัศวสุรอิน (PU), กอสิน เลาหะวิสุทธิ์ (KL)
2025-03-20 07:57:05 [DEBUG] - SchedulerCalendarUI - Extracted task: BC เป็นวิทยากร พยาบาล ระบบส่งต่อทารกแรกเกิด starts at 2025-04-08 10:30:00+07:00 and ends at 2025-04-08 12:00:00+07:00 for employee: บริบูรณ์ เชนธนากิจ (BC)
2025-03-20 07:57:05 [DEBUG] - SchedulerCalendarUI - Extracted task: KL BW WW พี่เมย์ เข้าประชุม TQA หน่วยงาน starts at 2025-04-08 13:00:00+07:00 and ends at 2025-04-08 16:00:00+07:00 for employee: กอสิน เลาหะวิสุทธิ์ (KL), บวร วิทยชำนาญกุล (BW), วชิระ วงศ์ธนสารสิน (WW)
2025-03-20 07:57:05 [DEBUG] - SchedulerCalendarUI - Extracted task: KS Research day MedEdu starts at 2025-04-09 00:00:00+07:00 and ends at 2025-04-10 00:00:00+07:00 for employee: กรองกาญจน์ สุธรรม (KS)
2025-03-20 07:57:05 [DEBUG] - SchedulerCalendarUI - Extracted task: BW renew BLS พยาบาล starts at 2025-04-09 08:00:00+07:00 and ends at 2025-04-09 09:00:00+07:00 for employee: บวร วิทยชำนาญกุล (BW)
2025-03-20 07:57:05 [DEBUG] - SchedulerCalendarUI - Extracted task: KL กรรมการตัดสินวิจัยนศพ ผ่าน Zoom (9-10 น) starts at 2025-04-09 09:00:00+07:00 and ends at 2025-04-09 10:00:00+07:00 for employee: กอสิน เลาหะวิสุทธิ์ (KL)
2025-03-20 07:57:05 [DEBUG] - SchedulerCalendarUI - Extracted task: CC กรรมการตัดสินวิจัยนศพ ผ่าน Zoom (10-12 น) starts at 2025-04-09 10:00:00+07:00 and ends at 2025-04-09 12:00:00+07:00 for employee: ชานนท์ ช่างรัตนากร (CC)
2025-03-20 07:57:05 [DEBUG] - SchedulerCalendarUI - Extracted task: KS KL PU พี่หวาน พี่หมิว ตัดเกรดปี 6 starts at 2025-04-10 00:00:00+07:00 and ends at 2025-04-12 00:00:00+07:00 for employee: กรองกาญจน์ สุธรรม (KS), กอสิน เลาหะวิสุทธิ์ (KL), พิมพ์พรรณ อัศวสุรอิน (PU)
2025-03-20 07:57:05 [DEBUG] - SchedulerCalendarUI - Extracted task: WL BW Conference EMCMU resident  starts at 2025-04-10 08:45:00+07:00 and ends at 2025-04-10 12:00:00+07:00 for employee: วิพุธ เล้าสุขศรี (WL), บวร วิทยชำนาญกุล (BW)
2025-03-20 07:57:05 [DEBUG] - SchedulerCalendarUI - Extracted task: BW ประชุมยุทธศาสตร์ (วฉท) starts at 2025-04-10 13:00:00+07:00 and ends at 2025-04-10 15:30:00+07:00 for employee: บวร วิทยชำนาญกุล (BW)
2025-03-20 07:57:05 [DEBUG] - SchedulerCalendarUI - Extracted task: BK (SMC) starts at 2025-04-11 00:00:00+07:00 and ends at 2025-04-12 00:00:00+07:00 for employee: บุญฤทธิ์ คำทิพย์ (BK)
2025-03-20 07:57:05 [DEBUG] - SchedulerCalendarUI - Extracted task: PC unavailable starts at 2025-04-11 00:00:00+07:00 and ends at 2025-04-15 00:00:00+07:00 for employee: พัณณ์ชิตา ชำนาญกิจวณิชย์ (PC)
2025-03-20 07:57:05 [DEBUG] - SchedulerCalendarUI - Extracted task: WW Research Clinic starts at 2025-04-11 09:00:00+07:00 and ends at 2025-04-11 12:00:00+07:00 for employee: วชิระ วงศ์ธนสารสิน (WW)
2025-03-20 07:57:05 [DEBUG] - SchedulerCalendarUI - Extracted task: BW ประชุม HR starts at 2025-04-11 13:30:00+07:00 and ends at 2025-04-11 16:00:00+07:00 for employee: บวร วิทยชำนาญกุล (BW)
2025-03-20 07:57:05 [DEBUG] - SchedulerCalendarUI - Extracted task: BK เรียน starts at 2025-04-12 00:00:00+07:00 and ends at 2025-04-14 00:00:00+07:00 for employee: บุญฤทธิ์ คำทิพย์ (BK)
2025-03-20 07:57:05 [DEBUG] - SchedulerCalendarUI - Extracted task: BW vac starts at 2025-04-12 00:00:00+07:00 and ends at 2025-04-21 00:00:00+07:00 for employee: บวร วิทยชำนาญกุล (BW)
2025-03-20 07:57:05 [DEBUG] - SchedulerCalendarUI - Extracted task: BK ลากลับบ้าน starts at 2025-04-14 00:00:00+07:00 and ends at 2025-04-17 00:00:00+07:00 for employee: บุญฤทธิ์ คำทิพย์ (BK)
2025-03-20 07:57:05 [DEBUG] - SchedulerCalendarUI - Extracted task: WL เรียน AI starts at 2025-04-15 00:00:00+07:00 and ends at 2025-04-16 00:00:00+07:00 for employee: วิพุธ เล้าสุขศรี (WL)
2025-03-20 07:57:05 [DEBUG] - SchedulerCalendarUI - Extracted task: PUลา starts at 2025-04-17 00:00:00+07:00 and ends at 2025-04-19 00:00:00+07:00 for employee: พิมพ์พรรณ อัศวสุรอิน (PU)
2025-03-20 07:57:05 [DEBUG] - SchedulerCalendarUI - Extracted task: WW NM PU Conference EMCMU resident  starts at 2025-04-17 08:45:00+07:00 and ends at 2025-04-17 12:00:00+07:00 for employee: วชิระ วงศ์ธนสารสิน (WW), ณัฐฐิกานต์ มีลาภ (NM), พิมพ์พรรณ อัศวสุรอิน (PU)
2025-03-20 07:57:05 [DEBUG] - SchedulerCalendarUI - Extracted task: BW ประชุมคณะฯ (801) starts at 2025-04-17 13:00:00+07:00 and ends at 2025-04-17 16:00:00+07:00 for employee: บวร วิทยชำนาญกุล (BW)
2025-03-20 07:57:05 [DEBUG] - SchedulerCalendarUI - Extracted task: BK (SMC) starts at 2025-04-18 00:00:00+07:00 and ends at 2025-04-19 00:00:00+07:00 for employee: บุญฤทธิ์ คำทิพย์ (BK)
2025-03-20 07:57:05 [DEBUG] - SchedulerCalendarUI - Extracted task: WW Research Clinic starts at 2025-04-18 09:00:00+07:00 and ends at 2025-04-18 12:00:00+07:00 for employee: วชิระ วงศ์ธนสารสิน (WW)
2025-03-20 07:57:05 [DEBUG] - SchedulerCalendarUI - Extracted task: BW ประชุม HR starts at 2025-04-18 13:30:00+07:00 and ends at 2025-04-18 16:00:00+07:00 for employee: บวร วิทยชำนาญกุล (BW)
2025-03-20 07:57:05 [DEBUG] - SchedulerCalendarUI - Extracted task: BK เรียน starts at 2025-04-19 00:00:00+07:00 and ends at 2025-04-21 00:00:00+07:00 for employee: บุญฤทธิ์ คำทิพย์ (BK)
2025-03-20 07:57:05 [DEBUG] - SchedulerCalendarUI - Extracted task: KS พิธีรับกาวน์  starts at 2025-04-20 00:00:00+07:00 and ends at 2025-04-21 00:00:00+07:00 for employee: กรองกาญจน์ สุธรรม (KS)
2025-03-20 07:57:05 [DEBUG] - SchedulerCalendarUI - Extracted task: PT สอน ACLS renewal starts at 2025-04-21 00:00:00+07:00 and ends at 2025-04-22 00:00:00+07:00 for employee: ปริญญา เทียนวิบูลย์ (PT)
2025-03-20 07:57:05 [DEBUG] - SchedulerCalendarUI - Extracted task: WW 1st meeting นศ ช่วยวิจัย x4 กลุ่ม starts at 2025-04-21 00:00:00+07:00 and ends at 2025-04-22 00:00:00+07:00 for employee: วชิระ วงศ์ธนสารสิน (WW)
2025-03-20 07:57:05 [DEBUG] - SchedulerCalendarUI - Extracted task: Elective ต่างชาติ 21 เม.ย.- 9 พค 68 -WW ดูแล starts at 2025-04-21 00:00:00+07:00 and ends at 2025-04-22 00:00:00+07:00 for employee: วชิระ วงศ์ธนสารสิน (WW)
2025-03-20 07:57:05 [DEBUG] - SchedulerCalendarUI - Extracted task: WW BW อบรมทุนวิจัย starts at 2025-04-21 00:00:00+07:00 and ends at 2025-04-22 00:00:00+07:00 for employee: วชิระ วงศ์ธนสารสิน (WW), บวร วิทยชำนาญกุล (BW)
2025-03-20 07:57:05 [DEBUG] - SchedulerCalendarUI - Extracted task: BK weekly meeting SMC starts at 2025-04-21 09:00:00+07:00 and ends at 2025-04-21 12:00:00+07:00 for employee: บุญฤทธิ์ คำทิพย์ (BK)
2025-03-20 07:57:05 [DEBUG] - SchedulerCalendarUI - Extracted task: PU ประชุม Case Observe KPI starts at 2025-04-21 13:00:00+07:00 and ends at 2025-04-21 14:00:00+07:00 for employee: พิมพ์พรรณ อัศวสุรอิน (PU)
2025-03-20 07:57:05 [DEBUG] - SchedulerCalendarUI - Extracted task: BW ประชุม HR starts at 2025-04-21 13:30:00+07:00 and ends at 2025-04-21 16:00:00+07:00 for employee: บวร วิทยชำนาญกุล (BW)
2025-03-20 07:57:05 [DEBUG] - SchedulerCalendarUI - Extracted task: WL เรียน AI starts at 2025-04-22 00:00:00+07:00 and ends at 2025-04-23 00:00:00+07:00 for employee: วิพุธ เล้าสุขศรี (WL)
2025-03-20 07:57:05 [DEBUG] - SchedulerCalendarUI - Extracted task: BK (SMC) starts at 2025-04-22 00:00:00+07:00 and ends at 2025-04-23 00:00:00+07:00 for employee: บุญฤทธิ์ คำทิพย์ (BK)
2025-03-20 07:57:05 [DEBUG] - SchedulerCalendarUI - Extracted task: Lunch DKSH (sanofi vaccine) starts at 2025-04-22 12:00:00+07:00 and ends at 2025-04-22 13:00:00+07:00 for employee: กรองกาญจน์ สุธรรม (KS)
2025-03-20 07:57:05 [DEBUG] - SchedulerCalendarUI - Extracted task: WW NM BW CC BC Conference EMCMU resident starts at 2025-04-22 13:00:00+07:00 and ends at 2025-04-22 16:00:00+07:00 for employee: วชิระ วงศ์ธนสารสิน (WW), ณัฐฐิกานต์ มีลาภ (NM), บวร วิทยชำนาญกุล (BW), ชานนท์ ช่างรัตนากร (CC), บริบูรณ์ เชนธนากิจ (BC)
2025-03-20 07:57:05 [DEBUG] - SchedulerCalendarUI - Extracted task: KS PT คกก สรรหา starts at 2025-04-22 14:30:00+07:00 and ends at 2025-04-22 15:30:00+07:00 for employee: กรองกาญจน์ สุธรรม (KS), ปริญญา เทียนวิบูลย์ (PT)
2025-03-20 07:57:05 [DEBUG] - SchedulerCalendarUI - Extracted task: BW KS PU KL WL พี่หวาน หมิว ประชุม 3 สถาบัน ครั้งที่ 2/67 LPH starts at 2025-04-23 00:00:00+07:00 and ends at 2025-04-24 00:00:00+07:00 for employee: บวร วิทยชำนาญกุล (BW), กรองกาญจน์ สุธรรม (KS), พิมพ์พรรณ อัศวสุรอิน (PU), กอสิน เลาหะวิสุทธิ์ (KL), วิพุธ เล้าสุขศรี (WL)
2025-03-20 07:57:05 [DEBUG] - SchedulerCalendarUI - Extracted task: PT ลา starts at 2025-04-23 00:00:00+07:00 and ends at 2025-04-24 00:00:00+07:00 for employee: ปริญญา เทียนวิบูลย์ (PT)
2025-03-20 07:57:05 [DEBUG] - SchedulerCalendarUI - Extracted task: BW Director ACLS renewal starts at 2025-04-24 00:00:00+07:00 and ends at 2025-04-25 00:00:00+07:00 for employee: บวร วิทยชำนาญกุล (BW)
2025-03-20 07:57:05 [DEBUG] - SchedulerCalendarUI - Extracted task: WL ACLS นครสวรรค์ starts at 2025-04-24 00:00:00+07:00 and ends at 2025-04-30 00:00:00+07:00 for employee: วิพุธ เล้าสุขศรี (WL)
2025-03-20 07:57:05 [DEBUG] - SchedulerCalendarUI - Extracted task: KS POCCUS  starts at 2025-04-24 00:00:00+07:00 and ends at 2025-04-26 00:00:00+07:00 for employee: กรองกาญจน์ สุธรรม (KS), ชานนท์ ช่างรัตนากร (CC)
2025-03-20 07:57:05 [DEBUG] - SchedulerCalendarUI - Extracted task: PU renew ACLS + Instructor starts at 2025-04-24 00:00:00+07:00 and ends at 2025-04-26 00:00:00+07:00 for employee: พิมพ์พรรณ อัศวสุรอิน (PU)
2025-03-20 07:57:05 [DEBUG] - SchedulerCalendarUI - Extracted task: KL ACLS instructor starts at 2025-04-24 00:00:00+07:00 and ends at 2025-04-25 00:00:00+07:00 for employee: กอสิน เลาหะวิสุทธิ์ (KL)
2025-03-20 07:57:05 [DEBUG] - SchedulerCalendarUI - Extracted task: PT SS EMS director starts at 2025-04-24 00:00:00+07:00 and ends at 2025-04-26 00:00:00+07:00 for employee: ปริญญา เทียนวิบูลย์ (PT), สริยา เสือแซมเสริม (SS)
2025-03-20 07:57:05 [DEBUG] - SchedulerCalendarUI - Extracted task: BC Conference EMCMU resident  starts at 2025-04-24 08:45:00+07:00 and ends at 2025-04-24 12:00:00+07:00 for employee: บริบูรณ์ เชนธนากิจ (BC)
2025-03-20 07:57:05 [DEBUG] - SchedulerCalendarUI - Extracted task: BW Director Inst. starts at 2025-04-25 00:00:00+07:00 and ends at 2025-04-26 00:00:00+07:00 for employee: บวร วิทยชำนาญกุล (BW)
2025-03-20 07:57:05 [DEBUG] - SchedulerCalendarUI - Extracted task: BK (SMC) starts at 2025-04-25 00:00:00+07:00 and ends at 2025-04-26 00:00:00+07:00 for employee: บุญฤทธิ์ คำทิพย์ (BK)
2025-03-20 07:57:05 [DEBUG] - SchedulerCalendarUI - Extracted task: WW Research Clinic starts at 2025-04-25 09:00:00+07:00 and ends at 2025-04-25 12:00:00+07:00 for employee: วชิระ วงศ์ธนสารสิน (WW)
2025-03-20 07:57:05 [DEBUG] - SchedulerCalendarUI - Extracted task: BW ประชุม HR starts at 2025-04-25 13:30:00+07:00 and ends at 2025-04-25 16:00:00+07:00 for employee: บวร วิทยชำนาญกุล (BW)
2025-03-20 07:57:05 [DEBUG] - SchedulerCalendarUI - Extracted task: PU unavailable starts at 2025-04-26 00:00:00+07:00 and ends at 2025-04-28 00:00:00+07:00 for employee: พิมพ์พรรณ อัศวสุรอิน (PU)
2025-03-20 07:57:05 [DEBUG] - SchedulerCalendarUI - Extracted task: KK ลา starts at 2025-04-26 00:00:00+07:00 and ends at 2025-05-01 00:00:00+07:00 for employee: กรีฑา คำเนียม (KK)
2025-03-20 07:57:05 [DEBUG] - SchedulerCalendarUI - Extracted task: BW Basic Enneagram starts at 2025-04-26 00:00:00+07:00 and ends at 2025-04-29 00:00:00+07:00 for employee: บวร วิทยชำนาญกุล (BW)
2025-03-20 07:57:05 [DEBUG] - SchedulerCalendarUI - Extracted task: BK เรียน starts at 2025-04-26 00:00:00+07:00 and ends at 2025-04-28 00:00:00+07:00 for employee: บุญฤทธิ์ คำทิพย์ (BK)
2025-03-20 07:57:05 [DEBUG] - SchedulerCalendarUI - Extracted task: นศ ดูงานเช้า ER KS ดูแล starts at 2025-04-26 00:00:00+07:00 and ends at 2025-04-27 00:00:00+07:00 for employee: กรองกาญจน์ สุธรรม (KS)
2025-03-20 07:57:05 [DEBUG] - SchedulerCalendarUI - Extracted task: CC (AMD) starts at 2025-04-26 08:00:00+07:00 and ends at 2025-04-26 16:00:00+07:00 for employee: ชานนท์ ช่างรัตนากร (CC)
2025-03-20 07:57:05 [DEBUG] - SchedulerCalendarUI - Extracted task: CC (AMD) starts at 2025-04-26 08:00:00+07:00 and ends at 2025-04-26 16:00:00+07:00 for employee: ชานนท์ ช่างรัตนากร (CC)
2025-03-20 07:57:05 [DEBUG] - SchedulerCalendarUI - Extracted task: BC (AVD) starts at 2025-04-26 08:00:00+07:00 and ends at 2025-04-26 16:00:00+07:00 for employee: บริบูรณ์ เชนธนากิจ (BC)
2025-03-20 07:57:05 [DEBUG] - SchedulerCalendarUI - Extracted task: BC (AVD) starts at 2025-04-26 08:00:00+07:00 and ends at 2025-04-26 16:00:00+07:00 for employee: บริบูรณ์ เชนธนากิจ (BC)
2025-03-20 07:57:05 [DEBUG] - SchedulerCalendarUI - Extracted task: KS  พิธีรับเสี้อกาวน์ starts at 2025-04-26 09:00:00+07:00 and ends at 2025-04-26 10:00:00+07:00 for employee: กรองกาญจน์ สุธรรม (KS)
2025-03-20 07:57:05 [DEBUG] - SchedulerCalendarUI - Extracted task: CC Renew PALS starts at 2025-04-27 00:00:00+07:00 and ends at 2025-04-28 00:00:00+07:00 for employee: ชานนท์ ช่างรัตนากร (CC)
2025-03-20 07:57:05 [DEBUG] - SchedulerCalendarUI - Extracted task: CC (AVD) starts at 2025-04-27 08:00:00+07:00 and ends at 2025-04-27 16:00:00+07:00 for employee: ชานนท์ ช่างรัตนากร (CC)
2025-03-20 07:57:05 [DEBUG] - SchedulerCalendarUI - Extracted task: CC (AVD) starts at 2025-04-27 08:00:00+07:00 and ends at 2025-04-27 16:00:00+07:00 for employee: ชานนท์ ช่างรัตนากร (CC)
2025-03-20 07:57:05 [DEBUG] - SchedulerCalendarUI - Extracted task: KL (AMD) starts at 2025-04-27 08:00:00+07:00 and ends at 2025-04-27 16:00:00+07:00 for employee: กอสิน เลาหะวิสุทธิ์ (KL)
2025-03-20 07:57:05 [DEBUG] - SchedulerCalendarUI - Extracted task: KL (AMD) starts at 2025-04-27 08:00:00+07:00 and ends at 2025-04-27 16:00:00+07:00 for employee: กอสิน เลาหะวิสุทธิ์ (KL)
2025-03-20 07:57:05 [DEBUG] - SchedulerCalendarUI - Extracted task: BK (SMC) starts at 2025-04-28 00:00:00+07:00 and ends at 2025-04-29 00:00:00+07:00 for employee: บุญฤทธิ์ คำทิพย์ (BK)
2025-03-20 07:57:05 [DEBUG] - SchedulerCalendarUI - Extracted task: BC ร่วมอบรม Human Subject protection & GPC starts at 2025-04-28 00:00:00+07:00 and ends at 2025-04-30 00:00:00+07:00 for employee: บริบูรณ์ เชนธนากิจ (BC), พัณณ์ชิตา ชำนาญกิจวณิชย์ (PC)
2025-03-20 07:57:05 [DEBUG] - SchedulerCalendarUI - Extracted task: PU (SERVICE1) starts at 2025-04-28 08:00:00+07:00 and ends at 2025-04-28 12:00:00+07:00 for employee: พิมพ์พรรณ อัศวสุรอิน (PU)
2025-03-20 07:57:05 [DEBUG] - SchedulerCalendarUI - Extracted task: KS (OBSERVE) starts at 2025-04-28 08:00:00+07:00 and ends at 2025-04-28 16:00:00+07:00 for employee: กรองกาญจน์ สุธรรม (KS)
2025-03-20 07:57:05 [DEBUG] - SchedulerCalendarUI - Extracted task: PU (EMS) starts at 2025-04-28 08:00:00+07:00 and ends at 2025-04-28 16:00:00+07:00 for employee: พิมพ์พรรณ อัศวสุรอิน (PU)
2025-03-20 07:57:05 [DEBUG] - SchedulerCalendarUI - Extracted task: PT (AVD) starts at 2025-04-28 08:00:00+07:00 and ends at 2025-04-28 16:00:00+07:00 for employee: ปริญญา เทียนวิบูลย์ (PT)
2025-03-20 07:57:05 [DEBUG] - SchedulerCalendarUI - Extracted task: CC (AMD) starts at 2025-04-28 08:00:00+07:00 and ends at 2025-04-28 16:00:00+07:00 for employee: ชานนท์ ช่างรัตนากร (CC)
2025-03-20 07:57:05 [DEBUG] - SchedulerCalendarUI - Extracted task: KS (OBSERVE) starts at 2025-04-28 08:00:00+07:00 and ends at 2025-04-28 16:00:00+07:00 for employee: กรองกาญจน์ สุธรรม (KS)
2025-03-20 07:57:05 [DEBUG] - SchedulerCalendarUI - Extracted task: PU (SERVICE1) starts at 2025-04-28 08:00:00+07:00 and ends at 2025-04-28 12:00:00+07:00 for employee: พิมพ์พรรณ อัศวสุรอิน (PU)
2025-03-20 07:57:05 [DEBUG] - SchedulerCalendarUI - Extracted task: PU (EMS) starts at 2025-04-28 08:00:00+07:00 and ends at 2025-04-28 16:00:00+07:00 for employee: พิมพ์พรรณ อัศวสุรอิน (PU)
2025-03-20 07:57:05 [DEBUG] - SchedulerCalendarUI - Extracted task: WW (SERVICE1+) starts at 2025-04-28 08:00:00+07:00 and ends at 2025-04-28 12:00:00+07:00 for employee: วชิระ วงศ์ธนสารสิน (WW)
2025-03-20 07:57:05 [DEBUG] - SchedulerCalendarUI - Extracted task: CC (AMD) starts at 2025-04-28 08:00:00+07:00 and ends at 2025-04-28 16:00:00+07:00 for employee: ชานนท์ ช่างรัตนากร (CC)
2025-03-20 07:57:05 [DEBUG] - SchedulerCalendarUI - Extracted task: PT (AVD) starts at 2025-04-28 08:00:00+07:00 and ends at 2025-04-28 16:00:00+07:00 for employee: ปริญญา เทียนวิบูลย์ (PT)
2025-03-20 07:57:05 [DEBUG] - SchedulerCalendarUI - Extracted task: WW (SERVICE1+) starts at 2025-04-28 08:00:00+07:00 and ends at 2025-04-28 12:00:00+07:00 for employee: วชิระ วงศ์ธนสารสิน (WW)
2025-03-20 07:57:05 [DEBUG] - SchedulerCalendarUI - Extracted task: BC ประชุม อฝส starts at 2025-04-28 09:00:00+07:00 and ends at 2025-04-28 12:00:00+07:00 for employee: บริบูรณ์ เชนธนากิจ (BC)
2025-03-20 07:57:05 [DEBUG] - SchedulerCalendarUI - Extracted task: BK weekly meeting SMC starts at 2025-04-28 09:00:00+07:00 and ends at 2025-04-28 12:00:00+07:00 for employee: บุญฤทธิ์ คำทิพย์ (BK)
2025-03-20 07:57:05 [DEBUG] - SchedulerCalendarUI - Extracted task: WW (SERVICE2+) starts at 2025-04-28 12:00:00+07:00 and ends at 2025-04-28 16:00:00+07:00 for employee: วชิระ วงศ์ธนสารสิน (WW)
2025-03-20 07:57:05 [DEBUG] - SchedulerCalendarUI - Extracted task: PU (SERVICE2) starts at 2025-04-28 12:00:00+07:00 and ends at 2025-04-28 16:00:00+07:00 for employee: พิมพ์พรรณ อัศวสุรอิน (PU)
2025-03-20 07:57:05 [DEBUG] - SchedulerCalendarUI - Extracted task: PU (SERVICE2) starts at 2025-04-28 12:00:00+07:00 and ends at 2025-04-28 16:00:00+07:00 for employee: พิมพ์พรรณ อัศวสุรอิน (PU)
2025-03-20 07:57:05 [DEBUG] - SchedulerCalendarUI - Extracted task: WW (SERVICE2+) starts at 2025-04-28 12:00:00+07:00 and ends at 2025-04-28 16:00:00+07:00 for employee: วชิระ วงศ์ธนสารสิน (WW)
2025-03-20 07:57:05 [DEBUG] - SchedulerCalendarUI - Extracted task: BW ประชุม HR starts at 2025-04-28 13:30:00+07:00 and ends at 2025-04-28 16:00:00+07:00 for employee: บวร วิทยชำนาญกุล (BW)
2025-03-20 07:57:05 [DEBUG] - SchedulerCalendarUI - Extracted task: WL เรียน AI starts at 2025-04-29 00:00:00+07:00 and ends at 2025-04-30 00:00:00+07:00 for employee: วิพุธ เล้าสุขศรี (WL)
2025-03-20 07:57:05 [DEBUG] - SchedulerCalendarUI - Extracted task: KL (SERVICE NIGHT) starts at 2025-04-29 00:00:00+07:00 and ends at 2025-04-29 08:00:00+07:00 for employee: กอสิน เลาหะวิสุทธิ์ (KL)
2025-03-20 07:57:05 [DEBUG] - SchedulerCalendarUI - Extracted task: KL (SERVICE NIGHT) starts at 2025-04-29 00:00:00+07:00 and ends at 2025-04-29 08:00:00+07:00 for employee: กอสิน เลาหะวิสุทธิ์ (KL)
2025-03-20 07:57:05 [DEBUG] - SchedulerCalendarUI - Extracted task: PU (EMS) starts at 2025-04-29 08:00:00+07:00 and ends at 2025-04-29 16:00:00+07:00 for employee: พิมพ์พรรณ อัศวสุรอิน (PU)
2025-03-20 07:57:05 [DEBUG] - SchedulerCalendarUI - Extracted task: KS (OBSERVE) starts at 2025-04-29 08:00:00+07:00 and ends at 2025-04-29 16:00:00+07:00 for employee: กรองกาญจน์ สุธรรม (KS)
2025-03-20 07:57:05 [DEBUG] - SchedulerCalendarUI - Extracted task: PT (AMD) starts at 2025-04-29 08:00:00+07:00 and ends at 2025-04-29 16:00:00+07:00 for employee: ปริญญา เทียนวิบูลย์ (PT)
2025-03-20 07:57:05 [DEBUG] - SchedulerCalendarUI - Extracted task: PT (AMD) starts at 2025-04-29 08:00:00+07:00 and ends at 2025-04-29 16:00:00+07:00 for employee: ปริญญา เทียนวิบูลย์ (PT)
2025-03-20 07:57:05 [DEBUG] - SchedulerCalendarUI - Extracted task: BW (AVD) starts at 2025-04-29 08:00:00+07:00 and ends at 2025-04-29 16:00:00+07:00 for employee: บวร วิทยชำนาญกุล (BW)
2025-03-20 07:57:05 [DEBUG] - SchedulerCalendarUI - Extracted task: KS (OBSERVE) starts at 2025-04-29 08:00:00+07:00 and ends at 2025-04-29 16:00:00+07:00 for employee: กรองกาญจน์ สุธรรม (KS)
2025-03-20 07:57:05 [DEBUG] - SchedulerCalendarUI - Extracted task: PU (SERVICE1+) starts at 2025-04-29 08:00:00+07:00 and ends at 2025-04-29 12:00:00+07:00 for employee: พิมพ์พรรณ อัศวสุรอิน (PU)
2025-03-20 07:57:05 [DEBUG] - SchedulerCalendarUI - Extracted task: WW (SERVICE1) starts at 2025-04-29 08:00:00+07:00 and ends at 2025-04-29 12:00:00+07:00 for employee: วชิระ วงศ์ธนสารสิน (WW)
2025-03-20 07:57:05 [DEBUG] - SchedulerCalendarUI - Extracted task: WW (SERVICE1) starts at 2025-04-29 08:00:00+07:00 and ends at 2025-04-29 12:00:00+07:00 for employee: วชิระ วงศ์ธนสารสิน (WW)
2025-03-20 07:57:05 [DEBUG] - SchedulerCalendarUI - Extracted task: BW (AVD) starts at 2025-04-29 08:00:00+07:00 and ends at 2025-04-29 16:00:00+07:00 for employee: บวร วิทยชำนาญกุล (BW)
2025-03-20 07:57:05 [DEBUG] - SchedulerCalendarUI - Extracted task: PU (SERVICE1+) starts at 2025-04-29 08:00:00+07:00 and ends at 2025-04-29 12:00:00+07:00 for employee: พิมพ์พรรณ อัศวสุรอิน (PU)
2025-03-20 07:57:05 [DEBUG] - SchedulerCalendarUI - Extracted task: PU (EMS) starts at 2025-04-29 08:00:00+07:00 and ends at 2025-04-29 16:00:00+07:00 for employee: พิมพ์พรรณ อัศวสุรอิน (PU)
2025-03-20 07:57:05 [DEBUG] - SchedulerCalendarUI - Extracted task: NM WL ประชุม สฝอ starts at 2025-04-29 09:00:00+07:00 and ends at 2025-04-29 12:00:00+07:00 for employee: ณัฐฐิกานต์ มีลาภ (NM), วิพุธ เล้าสุขศรี (WL)
2025-03-20 07:57:05 [DEBUG] - SchedulerCalendarUI - Extracted task: PU (SERVICE2+) starts at 2025-04-29 12:00:00+07:00 and ends at 2025-04-29 16:00:00+07:00 for employee: พิมพ์พรรณ อัศวสุรอิน (PU)
2025-03-20 07:57:05 [DEBUG] - SchedulerCalendarUI - Extracted task: CC (SERVICE2) starts at 2025-04-29 12:00:00+07:00 and ends at 2025-04-29 16:00:00+07:00 for employee: ชานนท์ ช่างรัตนากร (CC)
2025-03-20 07:57:05 [DEBUG] - SchedulerCalendarUI - Extracted task: CC (SERVICE2) starts at 2025-04-29 12:00:00+07:00 and ends at 2025-04-29 16:00:00+07:00 for employee: ชานนท์ ช่างรัตนากร (CC)
2025-03-20 07:57:05 [DEBUG] - SchedulerCalendarUI - Extracted task: PU (SERVICE2+) starts at 2025-04-29 12:00:00+07:00 and ends at 2025-04-29 16:00:00+07:00 for employee: พิมพ์พรรณ อัศวสุรอิน (PU)
2025-03-20 07:57:05 [DEBUG] - SchedulerCalendarUI - Extracted task: BK KS : Simulation Resident starts at 2025-04-29 13:00:00+07:00 and ends at 2025-04-29 16:00:00+07:00 for employee: บุญฤทธิ์ คำทิพย์ (BK), กรองกาญจน์ สุธรรม (KS)
2025-03-20 07:57:05 [DEBUG] - SchedulerCalendarUI - Extracted task: Sim BK KS KL NM Conference EMCMU resident starts at 2025-04-29 13:00:00+07:00 and ends at 2025-04-29 16:00:00+07:00 for employee: บุญฤทธิ์ คำทิพย์ (BK), กรองกาญจน์ สุธรรม (KS), กอสิน เลาหะวิสุทธิ์ (KL), ณัฐฐิกานต์ มีลาภ (NM)
2025-03-20 07:57:05 [DEBUG] - SchedulerCalendarUI - Extracted task: SS สอน ACLS starts at 2025-04-30 00:00:00+07:00 and ends at 2025-05-01 00:00:00+07:00 for employee: สริยา เสือแซมเสริม (SS)
2025-03-20 07:57:05 [DEBUG] - SchedulerCalendarUI - Extracted task: PU (SERVICE NIGHT) starts at 2025-04-30 00:00:00+07:00 and ends at 2025-04-30 08:00:00+07:00 for employee: พิมพ์พรรณ อัศวสุรอิน (PU)
2025-03-20 07:57:05 [DEBUG] - SchedulerCalendarUI - Extracted task: PU (SERVICE NIGHT) starts at 2025-04-30 00:00:00+07:00 and ends at 2025-04-30 08:00:00+07:00 for employee: พิมพ์พรรณ อัศวสุรอิน (PU)
2025-03-20 07:57:05 [DEBUG] - SchedulerCalendarUI - Extracted task: KL (AVD) starts at 2025-04-30 08:00:00+07:00 and ends at 2025-04-30 16:00:00+07:00 for employee: กอสิน เลาหะวิสุทธิ์ (KL)
2025-03-20 07:57:05 [DEBUG] - SchedulerCalendarUI - Extracted task: KS (OBSERVE) starts at 2025-04-30 08:00:00+07:00 and ends at 2025-04-30 16:00:00+07:00 for employee: กรองกาญจน์ สุธรรม (KS)
2025-03-20 07:57:05 [DEBUG] - SchedulerCalendarUI - Extracted task: WL (AMD) starts at 2025-04-30 08:00:00+07:00 and ends at 2025-04-30 16:00:00+07:00 for employee: วิพุธ เล้าสุขศรี (WL)
2025-03-20 07:57:05 [DEBUG] - SchedulerCalendarUI - Extracted task: BC (SERVICE1+) starts at 2025-04-30 08:00:00+07:00 and ends at 2025-04-30 12:00:00+07:00 for employee: บริบูรณ์ เชนธนากิจ (BC)
2025-03-20 07:57:05 [DEBUG] - SchedulerCalendarUI - Extracted task: BC (SERVICE1+) starts at 2025-04-30 08:00:00+07:00 and ends at 2025-04-30 12:00:00+07:00 for employee: บริบูรณ์ เชนธนากิจ (BC)
2025-03-20 07:57:05 [DEBUG] - SchedulerCalendarUI - Extracted task: PU (EMS) starts at 2025-04-30 08:00:00+07:00 and ends at 2025-04-30 16:00:00+07:00 for employee: พิมพ์พรรณ อัศวสุรอิน (PU)
2025-03-20 07:57:05 [DEBUG] - SchedulerCalendarUI - Extracted task: BW (SERVICE1) starts at 2025-04-30 08:00:00+07:00 and ends at 2025-04-30 12:00:00+07:00 for employee: บวร วิทยชำนาญกุล (BW)
2025-03-20 07:57:05 [DEBUG] - SchedulerCalendarUI - Extracted task: BW (SERVICE1) starts at 2025-04-30 08:00:00+07:00 and ends at 2025-04-30 12:00:00+07:00 for employee: บวร วิทยชำนาญกุล (BW)
2025-03-20 07:57:05 [DEBUG] - SchedulerCalendarUI - Extracted task: PU (EMS) starts at 2025-04-30 08:00:00+07:00 and ends at 2025-04-30 16:00:00+07:00 for employee: พิมพ์พรรณ อัศวสุรอิน (PU)
2025-03-20 07:57:05 [DEBUG] - SchedulerCalendarUI - Extracted task: KL (AVD) starts at 2025-04-30 08:00:00+07:00 and ends at 2025-04-30 16:00:00+07:00 for employee: กอสิน เลาหะวิสุทธิ์ (KL)
2025-03-20 07:57:05 [DEBUG] - SchedulerCalendarUI - Extracted task: WL (AMD) starts at 2025-04-30 08:00:00+07:00 and ends at 2025-04-30 16:00:00+07:00 for employee: วิพุธ เล้าสุขศรี (WL)
2025-03-20 07:57:05 [DEBUG] - SchedulerCalendarUI - Extracted task: KS (OBSERVE) starts at 2025-04-30 08:00:00+07:00 and ends at 2025-04-30 16:00:00+07:00 for employee: กรองกาญจน์ สุธรรม (KS)
2025-03-20 07:57:05 [DEBUG] - SchedulerCalendarUI - Extracted task: BW (SERVICE2) starts at 2025-04-30 12:00:00+07:00 and ends at 2025-04-30 16:00:00+07:00 for employee: บวร วิทยชำนาญกุล (BW)
2025-03-20 07:57:05 [DEBUG] - SchedulerCalendarUI - Extracted task: BW (SERVICE2) starts at 2025-04-30 12:00:00+07:00 and ends at 2025-04-30 16:00:00+07:00 for employee: บวร วิทยชำนาญกุล (BW)
2025-03-20 07:57:05 [DEBUG] - SchedulerCalendarUI - Extracted task: BC (SERVICE2+) starts at 2025-04-30 12:00:00+07:00 and ends at 2025-04-30 16:00:00+07:00 for employee: บริบูรณ์ เชนธนากิจ (BC)
2025-03-20 07:57:05 [DEBUG] - SchedulerCalendarUI - Extracted task: BC (SERVICE2+) starts at 2025-04-30 12:00:00+07:00 and ends at 2025-04-30 16:00:00+07:00 for employee: บริบูรณ์ เชนธนากิจ (BC)
2025-03-20 07:57:05 [DEBUG] - SchedulerCalendarUI - Extracted task: PC ลา starts at 2025-05-01 00:00:00+07:00 and ends at 2025-05-06 00:00:00+07:00 for employee: พัณณ์ชิตา ชำนาญกิจวณิชย์ (PC)
2025-03-20 07:57:05 [DEBUG] - googleapiclient.discovery - URL being requested: GET https://www.googleapis.com/calendar/v3/calendars/em.cmu.teacher%40gmail.com/events?timeMin=2025-04-01T00%3A00%3A00Z&timeMax=2025-04-30T23%3A59%3A59.099999Z&singleEvents=true&orderBy=startTime&alt=json
2025-03-20 07:57:06 [DEBUG] - googleapiclient.discovery - URL being requested: DELETE https://www.googleapis.com/calendar/v3/calendars/em.cmu.teacher%40gmail.com/events/7dl5a1l4n71mhue31s0f864b60?
2025-03-20 07:57:06 [INFO] - CalendarApp - Event deleted: 7dl5a1l4n71mhue31s0f864b60
2025-03-20 07:57:06 [INFO] - SchedulerCalendarUI - Event deleted: CC (AMD)
2025-03-20 07:57:06 [DEBUG] - googleapiclient.discovery - URL being requested: DELETE https://www.googleapis.com/calendar/v3/calendars/em.cmu.teacher%40gmail.com/events/7gem4plfg786d24j7jsvuv19fk?
2025-03-20 07:57:07 [INFO] - CalendarApp - Event deleted: 7gem4plfg786d24j7jsvuv19fk
2025-03-20 07:57:07 [INFO] - SchedulerCalendarUI - Event deleted: CC (AMD)
2025-03-20 07:57:07 [DEBUG] - googleapiclient.discovery - URL being requested: DELETE https://www.googleapis.com/calendar/v3/calendars/em.cmu.teacher%40gmail.com/events/gt0ncebh7i5upsflep4taptt4o?
2025-03-20 07:57:08 [INFO] - CalendarApp - Event deleted: gt0ncebh7i5upsflep4taptt4o
2025-03-20 07:57:08 [INFO] - SchedulerCalendarUI - Event deleted: BC (AVD)
2025-03-20 07:57:08 [DEBUG] - googleapiclient.discovery - URL being requested: DELETE https://www.googleapis.com/calendar/v3/calendars/em.cmu.teacher%40gmail.com/events/v8u0rci8b4egbsamrreh3rv25g?
2025-03-20 07:57:08 [INFO] - CalendarApp - Event deleted: v8u0rci8b4egbsamrreh3rv25g
2025-03-20 07:57:08 [INFO] - SchedulerCalendarUI - Event deleted: BC (AVD)
2025-03-20 07:57:08 [DEBUG] - googleapiclient.discovery - URL being requested: DELETE https://www.googleapis.com/calendar/v3/calendars/em.cmu.teacher%40gmail.com/events/buqptgi20e9b1n3h0b8bs3oqi8?
2025-03-20 07:57:09 [INFO] - CalendarApp - Event deleted: buqptgi20e9b1n3h0b8bs3oqi8
2025-03-20 07:57:09 [INFO] - SchedulerCalendarUI - Event deleted: CC (AVD)
2025-03-20 07:57:09 [DEBUG] - googleapiclient.discovery - URL being requested: DELETE https://www.googleapis.com/calendar/v3/calendars/em.cmu.teacher%40gmail.com/events/gktakpojgale1j0naq672lljd4?
2025-03-20 07:57:10 [INFO] - CalendarApp - Event deleted: gktakpojgale1j0naq672lljd4
2025-03-20 07:57:10 [INFO] - SchedulerCalendarUI - Event deleted: CC (AVD)
2025-03-20 07:57:10 [DEBUG] - googleapiclient.discovery - URL being requested: DELETE https://www.googleapis.com/calendar/v3/calendars/em.cmu.teacher%40gmail.com/events/juusma0hjc2bq89nvta2niiles?
2025-03-20 07:57:10 [INFO] - CalendarApp - Event deleted: juusma0hjc2bq89nvta2niiles
2025-03-20 07:57:10 [INFO] - SchedulerCalendarUI - Event deleted: KL (AMD)
2025-03-20 07:57:10 [DEBUG] - googleapiclient.discovery - URL being requested: DELETE https://www.googleapis.com/calendar/v3/calendars/em.cmu.teacher%40gmail.com/events/lta7mkdgk4bg999tf16oproed8?
2025-03-20 07:57:11 [INFO] - CalendarApp - Event deleted: lta7mkdgk4bg999tf16oproed8
2025-03-20 07:57:11 [INFO] - SchedulerCalendarUI - Event deleted: KL (AMD)
2025-03-20 07:57:11 [DEBUG] - googleapiclient.discovery - URL being requested: DELETE https://www.googleapis.com/calendar/v3/calendars/em.cmu.teacher%40gmail.com/events/123kkj1ko8cqvqfv65v3ni1hlc?
2025-03-20 07:57:12 [INFO] - CalendarApp - Event deleted: 123kkj1ko8cqvqfv65v3ni1hlc
2025-03-20 07:57:12 [INFO] - SchedulerCalendarUI - Event deleted: PU (SERVICE1)
2025-03-20 07:57:12 [DEBUG] - googleapiclient.discovery - URL being requested: DELETE https://www.googleapis.com/calendar/v3/calendars/em.cmu.teacher%40gmail.com/events/9s2b2n4e0d318h15eaj6d2kirk?
2025-03-20 07:57:13 [INFO] - CalendarApp - Event deleted: 9s2b2n4e0d318h15eaj6d2kirk
2025-03-20 07:57:13 [INFO] - SchedulerCalendarUI - Event deleted: KS (OBSERVE)
2025-03-20 07:57:13 [DEBUG] - googleapiclient.discovery - URL being requested: DELETE https://www.googleapis.com/calendar/v3/calendars/em.cmu.teacher%40gmail.com/events/c6ale0hc6nvgtvjap1qg281j9o?
2025-03-20 07:57:13 [INFO] - CalendarApp - Event deleted: c6ale0hc6nvgtvjap1qg281j9o
2025-03-20 07:57:13 [INFO] - SchedulerCalendarUI - Event deleted: PU (EMS)
2025-03-20 07:57:13 [DEBUG] - googleapiclient.discovery - URL being requested: DELETE https://www.googleapis.com/calendar/v3/calendars/em.cmu.teacher%40gmail.com/events/cqdb8m442i4f0urt8skemta3j4?
2025-03-20 07:57:14 [INFO] - CalendarApp - Event deleted: cqdb8m442i4f0urt8skemta3j4
2025-03-20 07:57:14 [INFO] - SchedulerCalendarUI - Event deleted: PT (AVD)
2025-03-20 07:57:14 [DEBUG] - googleapiclient.discovery - URL being requested: DELETE https://www.googleapis.com/calendar/v3/calendars/em.cmu.teacher%40gmail.com/events/j6fo8iticvckeu4ekm1p9asc78?
2025-03-20 07:57:15 [INFO] - CalendarApp - Event deleted: j6fo8iticvckeu4ekm1p9asc78
2025-03-20 07:57:15 [INFO] - SchedulerCalendarUI - Event deleted: CC (AMD)
2025-03-20 07:57:15 [DEBUG] - googleapiclient.discovery - URL being requested: DELETE https://www.googleapis.com/calendar/v3/calendars/em.cmu.teacher%40gmail.com/events/lhg60qr4joq65hsa1h3g17pt68?
2025-03-20 07:57:16 [INFO] - CalendarApp - Event deleted: lhg60qr4joq65hsa1h3g17pt68
2025-03-20 07:57:16 [INFO] - SchedulerCalendarUI - Event deleted: KS (OBSERVE)
2025-03-20 07:57:16 [DEBUG] - googleapiclient.discovery - URL being requested: DELETE https://www.googleapis.com/calendar/v3/calendars/em.cmu.teacher%40gmail.com/events/m1blh0najllri4k0qsa6bte5p4?
2025-03-20 07:57:16 [INFO] - CalendarApp - Event deleted: m1blh0najllri4k0qsa6bte5p4
2025-03-20 07:57:16 [INFO] - SchedulerCalendarUI - Event deleted: PU (SERVICE1)
2025-03-20 07:57:16 [DEBUG] - googleapiclient.discovery - URL being requested: DELETE https://www.googleapis.com/calendar/v3/calendars/em.cmu.teacher%40gmail.com/events/n5s5vuime62d06a63cfnoet7ec?
2025-03-20 07:57:17 [INFO] - CalendarApp - Event deleted: n5s5vuime62d06a63cfnoet7ec
2025-03-20 07:57:17 [INFO] - SchedulerCalendarUI - Event deleted: PU (EMS)
2025-03-20 07:57:17 [DEBUG] - googleapiclient.discovery - URL being requested: DELETE https://www.googleapis.com/calendar/v3/calendars/em.cmu.teacher%40gmail.com/events/o6e7jmtvd38ap31c60q9aum4vs?
2025-03-20 07:57:18 [INFO] - CalendarApp - Event deleted: o6e7jmtvd38ap31c60q9aum4vs
2025-03-20 07:57:18 [INFO] - SchedulerCalendarUI - Event deleted: WW (SERVICE1+)
2025-03-20 07:57:18 [DEBUG] - googleapiclient.discovery - URL being requested: DELETE https://www.googleapis.com/calendar/v3/calendars/em.cmu.teacher%40gmail.com/events/sge8198oe7nmohuifgtooke51o?
2025-03-20 07:57:20 [INFO] - CalendarApp - Event deleted: sge8198oe7nmohuifgtooke51o
2025-03-20 07:57:20 [INFO] - SchedulerCalendarUI - Event deleted: CC (AMD)
2025-03-20 07:57:20 [DEBUG] - googleapiclient.discovery - URL being requested: DELETE https://www.googleapis.com/calendar/v3/calendars/em.cmu.teacher%40gmail.com/events/thp3v6shrrg45e4fep78at2n8g?
2025-03-20 07:57:21 [INFO] - CalendarApp - Event deleted: thp3v6shrrg45e4fep78at2n8g
2025-03-20 07:57:21 [INFO] - SchedulerCalendarUI - Event deleted: PT (AVD)
2025-03-20 07:57:21 [DEBUG] - googleapiclient.discovery - URL being requested: DELETE https://www.googleapis.com/calendar/v3/calendars/em.cmu.teacher%40gmail.com/events/tm8hgqvfep1p67ug3rcguop40o?
2025-03-20 07:57:22 [INFO] - CalendarApp - Event deleted: tm8hgqvfep1p67ug3rcguop40o
2025-03-20 07:57:22 [INFO] - SchedulerCalendarUI - Event deleted: WW (SERVICE1+)
2025-03-20 07:57:22 [DEBUG] - googleapiclient.discovery - URL being requested: DELETE https://www.googleapis.com/calendar/v3/calendars/em.cmu.teacher%40gmail.com/events/1sjkh1npnceq9lfbir8vqu0mlc?
2025-03-20 07:57:22 [INFO] - CalendarApp - Event deleted: 1sjkh1npnceq9lfbir8vqu0mlc
2025-03-20 07:57:22 [INFO] - SchedulerCalendarUI - Event deleted: WW (SERVICE2+)
2025-03-20 07:57:22 [DEBUG] - googleapiclient.discovery - URL being requested: DELETE https://www.googleapis.com/calendar/v3/calendars/em.cmu.teacher%40gmail.com/events/6ane61rcjgavond95ebm62m10g?
2025-03-20 07:57:23 [INFO] - CalendarApp - Event deleted: 6ane61rcjgavond95ebm62m10g
2025-03-20 07:57:23 [INFO] - SchedulerCalendarUI - Event deleted: PU (SERVICE2)
2025-03-20 07:57:23 [DEBUG] - googleapiclient.discovery - URL being requested: DELETE https://www.googleapis.com/calendar/v3/calendars/em.cmu.teacher%40gmail.com/events/m23k18bsi2ik14u2oei14ijt04?
2025-03-20 07:57:24 [INFO] - CalendarApp - Event deleted: m23k18bsi2ik14u2oei14ijt04
2025-03-20 07:57:24 [INFO] - SchedulerCalendarUI - Event deleted: PU (SERVICE2)
2025-03-20 07:57:24 [DEBUG] - googleapiclient.discovery - URL being requested: DELETE https://www.googleapis.com/calendar/v3/calendars/em.cmu.teacher%40gmail.com/events/m39uoi1b16qp3fm7m7cikbs610?
2025-03-20 07:57:24 [INFO] - CalendarApp - Event deleted: m39uoi1b16qp3fm7m7cikbs610
2025-03-20 07:57:24 [INFO] - SchedulerCalendarUI - Event deleted: WW (SERVICE2+)
2025-03-20 07:57:24 [DEBUG] - googleapiclient.discovery - URL being requested: DELETE https://www.googleapis.com/calendar/v3/calendars/em.cmu.teacher%40gmail.com/events/63c176emrioatujq010mdb24ik?
2025-03-20 07:57:25 [INFO] - CalendarApp - Event deleted: 63c176emrioatujq010mdb24ik
2025-03-20 07:57:25 [INFO] - SchedulerCalendarUI - Event deleted: KL (SERVICE NIGHT)
2025-03-20 07:57:25 [DEBUG] - googleapiclient.discovery - URL being requested: DELETE https://www.googleapis.com/calendar/v3/calendars/em.cmu.teacher%40gmail.com/events/9c8b0a41d1djpeevkfl191r1a8?
2025-03-20 07:57:26 [INFO] - CalendarApp - Event deleted: 9c8b0a41d1djpeevkfl191r1a8
2025-03-20 07:57:26 [INFO] - SchedulerCalendarUI - Event deleted: KL (SERVICE NIGHT)
2025-03-20 07:57:26 [DEBUG] - googleapiclient.discovery - URL being requested: DELETE https://www.googleapis.com/calendar/v3/calendars/em.cmu.teacher%40gmail.com/events/3ac8qflnehallka8fnvojd7848?
2025-03-20 07:57:26 [INFO] - CalendarApp - Event deleted: 3ac8qflnehallka8fnvojd7848
2025-03-20 07:57:26 [INFO] - SchedulerCalendarUI - Event deleted: PU (EMS)
2025-03-20 07:57:26 [DEBUG] - googleapiclient.discovery - URL being requested: DELETE https://www.googleapis.com/calendar/v3/calendars/em.cmu.teacher%40gmail.com/events/47tlra5aql295jr0gji0euinp4?
2025-03-20 07:57:27 [INFO] - CalendarApp - Event deleted: 47tlra5aql295jr0gji0euinp4
2025-03-20 07:57:27 [INFO] - SchedulerCalendarUI - Event deleted: KS (OBSERVE)
2025-03-20 07:57:27 [DEBUG] - googleapiclient.discovery - URL being requested: DELETE https://www.googleapis.com/calendar/v3/calendars/em.cmu.teacher%40gmail.com/events/83sj8d7u9i9o4i8dhkk7ja4ps0?
2025-03-20 07:57:28 [INFO] - CalendarApp - Event deleted: 83sj8d7u9i9o4i8dhkk7ja4ps0
2025-03-20 07:57:28 [INFO] - SchedulerCalendarUI - Event deleted: PT (AMD)
2025-03-20 07:57:28 [DEBUG] - googleapiclient.discovery - URL being requested: DELETE https://www.googleapis.com/calendar/v3/calendars/em.cmu.teacher%40gmail.com/events/8sf7gadabrtvktkeubavkfmphg?
2025-03-20 07:57:29 [INFO] - CalendarApp - Event deleted: 8sf7gadabrtvktkeubavkfmphg
2025-03-20 07:57:29 [INFO] - SchedulerCalendarUI - Event deleted: PT (AMD)
2025-03-20 07:57:29 [DEBUG] - googleapiclient.discovery - URL being requested: DELETE https://www.googleapis.com/calendar/v3/calendars/em.cmu.teacher%40gmail.com/events/bdnt05ovaf0bm753jjdsl921ks?
2025-03-20 07:57:29 [INFO] - CalendarApp - Event deleted: bdnt05ovaf0bm753jjdsl921ks
2025-03-20 07:57:29 [INFO] - SchedulerCalendarUI - Event deleted: BW (AVD)
2025-03-20 07:57:29 [DEBUG] - googleapiclient.discovery - URL being requested: DELETE https://www.googleapis.com/calendar/v3/calendars/em.cmu.teacher%40gmail.com/events/iv8qp8el2o67p4q7hri2fmeb4s?
2025-03-20 07:57:30 [INFO] - CalendarApp - Event deleted: iv8qp8el2o67p4q7hri2fmeb4s
2025-03-20 07:57:30 [INFO] - SchedulerCalendarUI - Event deleted: KS (OBSERVE)
2025-03-20 07:57:30 [DEBUG] - googleapiclient.discovery - URL being requested: DELETE https://www.googleapis.com/calendar/v3/calendars/em.cmu.teacher%40gmail.com/events/nbor4t626nrlh2nkrchqc1vki4?
2025-03-20 07:57:31 [INFO] - CalendarApp - Event deleted: nbor4t626nrlh2nkrchqc1vki4
2025-03-20 07:57:31 [INFO] - SchedulerCalendarUI - Event deleted: PU (SERVICE1+)
2025-03-20 07:57:31 [DEBUG] - googleapiclient.discovery - URL being requested: DELETE https://www.googleapis.com/calendar/v3/calendars/em.cmu.teacher%40gmail.com/events/par5sp98ngs6imfmp31dd42eto?
2025-03-20 07:57:31 [INFO] - CalendarApp - Event deleted: par5sp98ngs6imfmp31dd42eto
2025-03-20 07:57:31 [INFO] - SchedulerCalendarUI - Event deleted: WW (SERVICE1)
2025-03-20 07:57:31 [DEBUG] - googleapiclient.discovery - URL being requested: DELETE https://www.googleapis.com/calendar/v3/calendars/em.cmu.teacher%40gmail.com/events/rvlf0ni38objftnp5763vhnk2o?
2025-03-20 07:57:32 [INFO] - CalendarApp - Event deleted: rvlf0ni38objftnp5763vhnk2o
2025-03-20 07:57:32 [INFO] - SchedulerCalendarUI - Event deleted: WW (SERVICE1)
2025-03-20 07:57:32 [DEBUG] - googleapiclient.discovery - URL being requested: DELETE https://www.googleapis.com/calendar/v3/calendars/em.cmu.teacher%40gmail.com/events/tind7ee26hlcis3nv9fno5q930?
2025-03-20 07:57:33 [INFO] - CalendarApp - Event deleted: tind7ee26hlcis3nv9fno5q930
2025-03-20 07:57:33 [INFO] - SchedulerCalendarUI - Event deleted: BW (AVD)
2025-03-20 07:57:33 [DEBUG] - googleapiclient.discovery - URL being requested: DELETE https://www.googleapis.com/calendar/v3/calendars/em.cmu.teacher%40gmail.com/events/ujjurn4aksq3if09pqbd1ald64?
2025-03-20 07:57:34 [INFO] - CalendarApp - Event deleted: ujjurn4aksq3if09pqbd1ald64
2025-03-20 07:57:34 [INFO] - SchedulerCalendarUI - Event deleted: PU (SERVICE1+)
2025-03-20 07:57:34 [DEBUG] - googleapiclient.discovery - URL being requested: DELETE https://www.googleapis.com/calendar/v3/calendars/em.cmu.teacher%40gmail.com/events/v42baadtifv3vkrhnmnj8hnt4s?
2025-03-20 07:57:35 [INFO] - CalendarApp - Event deleted: v42baadtifv3vkrhnmnj8hnt4s
2025-03-20 07:57:35 [INFO] - SchedulerCalendarUI - Event deleted: PU (EMS)
2025-03-20 07:57:35 [DEBUG] - googleapiclient.discovery - URL being requested: DELETE https://www.googleapis.com/calendar/v3/calendars/em.cmu.teacher%40gmail.com/events/d8q8s9o9c7hj9951t81k2heil4?
2025-03-20 07:57:35 [INFO] - CalendarApp - Event deleted: d8q8s9o9c7hj9951t81k2heil4
2025-03-20 07:57:35 [INFO] - SchedulerCalendarUI - Event deleted: PU (SERVICE2+)
2025-03-20 07:57:35 [DEBUG] - googleapiclient.discovery - URL being requested: DELETE https://www.googleapis.com/calendar/v3/calendars/em.cmu.teacher%40gmail.com/events/dqilinrvup8htbjp1vn98lfg24?
2025-03-20 07:57:36 [INFO] - CalendarApp - Event deleted: dqilinrvup8htbjp1vn98lfg24
2025-03-20 07:57:36 [INFO] - SchedulerCalendarUI - Event deleted: CC (SERVICE2)
2025-03-20 07:57:36 [DEBUG] - googleapiclient.discovery - URL being requested: DELETE https://www.googleapis.com/calendar/v3/calendars/em.cmu.teacher%40gmail.com/events/mh5545lv9i3rht9r7s1me9p58c?
2025-03-20 07:57:37 [INFO] - CalendarApp - Event deleted: mh5545lv9i3rht9r7s1me9p58c
2025-03-20 07:57:37 [INFO] - SchedulerCalendarUI - Event deleted: CC (SERVICE2)
2025-03-20 07:57:37 [DEBUG] - googleapiclient.discovery - URL being requested: DELETE https://www.googleapis.com/calendar/v3/calendars/em.cmu.teacher%40gmail.com/events/mtl8f74d18noskghp55r43dqn4?
2025-03-20 07:57:37 [INFO] - CalendarApp - Event deleted: mtl8f74d18noskghp55r43dqn4
2025-03-20 07:57:37 [INFO] - SchedulerCalendarUI - Event deleted: PU (SERVICE2+)
2025-03-20 07:57:37 [DEBUG] - googleapiclient.discovery - URL being requested: DELETE https://www.googleapis.com/calendar/v3/calendars/em.cmu.teacher%40gmail.com/events/nm6rl42khkospdofo5na2j81rc?
2025-03-20 07:57:38 [INFO] - CalendarApp - Event deleted: nm6rl42khkospdofo5na2j81rc
2025-03-20 07:57:38 [INFO] - SchedulerCalendarUI - Event deleted: PU (SERVICE NIGHT)
2025-03-20 07:57:38 [DEBUG] - googleapiclient.discovery - URL being requested: DELETE https://www.googleapis.com/calendar/v3/calendars/em.cmu.teacher%40gmail.com/events/rp0o3avhqtd1o2pkeqi67miimk?
2025-03-20 07:57:39 [INFO] - CalendarApp - Event deleted: rp0o3avhqtd1o2pkeqi67miimk
2025-03-20 07:57:39 [INFO] - SchedulerCalendarUI - Event deleted: PU (SERVICE NIGHT)
2025-03-20 07:57:39 [DEBUG] - googleapiclient.discovery - URL being requested: DELETE https://www.googleapis.com/calendar/v3/calendars/em.cmu.teacher%40gmail.com/events/0k293rb1o93iduniklc9tvomc4?
2025-03-20 07:57:39 [INFO] - CalendarApp - Event deleted: 0k293rb1o93iduniklc9tvomc4
2025-03-20 07:57:39 [INFO] - SchedulerCalendarUI - Event deleted: KL (AVD)
2025-03-20 07:57:39 [DEBUG] - googleapiclient.discovery - URL being requested: DELETE https://www.googleapis.com/calendar/v3/calendars/em.cmu.teacher%40gmail.com/events/5jttop13ae6ube3ts3oho3uf58?
2025-03-20 07:57:40 [INFO] - CalendarApp - Event deleted: 5jttop13ae6ube3ts3oho3uf58
2025-03-20 07:57:40 [INFO] - SchedulerCalendarUI - Event deleted: KS (OBSERVE)
2025-03-20 07:57:40 [DEBUG] - googleapiclient.discovery - URL being requested: DELETE https://www.googleapis.com/calendar/v3/calendars/em.cmu.teacher%40gmail.com/events/73ndlcfs8siuqgtso0ur5g39ok?
2025-03-20 07:57:41 [INFO] - CalendarApp - Event deleted: 73ndlcfs8siuqgtso0ur5g39ok
2025-03-20 07:57:41 [INFO] - SchedulerCalendarUI - Event deleted: WL (AMD)
2025-03-20 07:57:41 [DEBUG] - googleapiclient.discovery - URL being requested: DELETE https://www.googleapis.com/calendar/v3/calendars/em.cmu.teacher%40gmail.com/events/bt055lrqpr47a1eel3tg4004v0?
2025-03-20 07:57:42 [INFO] - CalendarApp - Event deleted: bt055lrqpr47a1eel3tg4004v0
2025-03-20 07:57:42 [INFO] - SchedulerCalendarUI - Event deleted: BC (SERVICE1+)
2025-03-20 07:57:42 [DEBUG] - googleapiclient.discovery - URL being requested: DELETE https://www.googleapis.com/calendar/v3/calendars/em.cmu.teacher%40gmail.com/events/ga3uoq3pi841acurrdm0q1e8ao?
2025-03-20 07:57:42 [INFO] - CalendarApp - Event deleted: ga3uoq3pi841acurrdm0q1e8ao
2025-03-20 07:57:42 [INFO] - SchedulerCalendarUI - Event deleted: BC (SERVICE1+)
2025-03-20 07:57:42 [DEBUG] - googleapiclient.discovery - URL being requested: DELETE https://www.googleapis.com/calendar/v3/calendars/em.cmu.teacher%40gmail.com/events/irffqd231uhs4jd489os43g3ko?
2025-03-20 07:57:43 [INFO] - CalendarApp - Event deleted: irffqd231uhs4jd489os43g3ko
2025-03-20 07:57:43 [INFO] - SchedulerCalendarUI - Event deleted: PU (EMS)
2025-03-20 07:57:43 [DEBUG] - googleapiclient.discovery - URL being requested: DELETE https://www.googleapis.com/calendar/v3/calendars/em.cmu.teacher%40gmail.com/events/k07ro9jhtea0pis9lfjecphef8?
2025-03-20 07:57:44 [INFO] - CalendarApp - Event deleted: k07ro9jhtea0pis9lfjecphef8
2025-03-20 07:57:44 [INFO] - SchedulerCalendarUI - Event deleted: BW (SERVICE1)
2025-03-20 07:57:44 [DEBUG] - googleapiclient.discovery - URL being requested: DELETE https://www.googleapis.com/calendar/v3/calendars/em.cmu.teacher%40gmail.com/events/kf2lkn107v80vvao7c6u4pv3qs?
2025-03-20 07:57:44 [INFO] - CalendarApp - Event deleted: kf2lkn107v80vvao7c6u4pv3qs
2025-03-20 07:57:44 [INFO] - SchedulerCalendarUI - Event deleted: BW (SERVICE1)
2025-03-20 07:57:44 [DEBUG] - googleapiclient.discovery - URL being requested: DELETE https://www.googleapis.com/calendar/v3/calendars/em.cmu.teacher%40gmail.com/events/nmackj62up0k2bn40c186nc8q4?
2025-03-20 07:57:45 [INFO] - CalendarApp - Event deleted: nmackj62up0k2bn40c186nc8q4
2025-03-20 07:57:45 [INFO] - SchedulerCalendarUI - Event deleted: PU (EMS)
2025-03-20 07:57:45 [DEBUG] - googleapiclient.discovery - URL being requested: DELETE https://www.googleapis.com/calendar/v3/calendars/em.cmu.teacher%40gmail.com/events/npt98dssicm05p2833atri4hr8?
2025-03-20 07:57:46 [INFO] - CalendarApp - Event deleted: npt98dssicm05p2833atri4hr8
2025-03-20 07:57:46 [INFO] - SchedulerCalendarUI - Event deleted: KL (AVD)
2025-03-20 07:57:46 [DEBUG] - googleapiclient.discovery - URL being requested: DELETE https://www.googleapis.com/calendar/v3/calendars/em.cmu.teacher%40gmail.com/events/r1r5fekoqb1krf1d2b2vou9vhs?
2025-03-20 07:57:46 [INFO] - CalendarApp - Event deleted: r1r5fekoqb1krf1d2b2vou9vhs
2025-03-20 07:57:46 [INFO] - SchedulerCalendarUI - Event deleted: WL (AMD)
2025-03-20 07:57:46 [DEBUG] - googleapiclient.discovery - URL being requested: DELETE https://www.googleapis.com/calendar/v3/calendars/em.cmu.teacher%40gmail.com/events/toul9rbqsdfo9g8sv2edor5spc?
2025-03-20 07:57:47 [INFO] - CalendarApp - Event deleted: toul9rbqsdfo9g8sv2edor5spc
2025-03-20 07:57:47 [INFO] - SchedulerCalendarUI - Event deleted: KS (OBSERVE)
2025-03-20 07:57:47 [DEBUG] - googleapiclient.discovery - URL being requested: DELETE https://www.googleapis.com/calendar/v3/calendars/em.cmu.teacher%40gmail.com/events/4kilvi9fo9fkrboq9d29dm06g8?
2025-03-20 07:57:48 [INFO] - CalendarApp - Event deleted: 4kilvi9fo9fkrboq9d29dm06g8
2025-03-20 07:57:48 [INFO] - SchedulerCalendarUI - Event deleted: BW (SERVICE2)
2025-03-20 07:57:48 [DEBUG] - googleapiclient.discovery - URL being requested: DELETE https://www.googleapis.com/calendar/v3/calendars/em.cmu.teacher%40gmail.com/events/egpdko5t3tbffktq3u6g8rv9dg?
2025-03-20 07:57:48 [INFO] - CalendarApp - Event deleted: egpdko5t3tbffktq3u6g8rv9dg
2025-03-20 07:57:48 [INFO] - SchedulerCalendarUI - Event deleted: BW (SERVICE2)
2025-03-20 07:57:48 [DEBUG] - googleapiclient.discovery - URL being requested: DELETE https://www.googleapis.com/calendar/v3/calendars/em.cmu.teacher%40gmail.com/events/eu80nlc0v99gbg7ttrc8gf7tk4?
2025-03-20 07:57:49 [INFO] - CalendarApp - Event deleted: eu80nlc0v99gbg7ttrc8gf7tk4
2025-03-20 07:57:49 [INFO] - SchedulerCalendarUI - Event deleted: BC (SERVICE2+)
2025-03-20 07:57:49 [DEBUG] - googleapiclient.discovery - URL being requested: DELETE https://www.googleapis.com/calendar/v3/calendars/em.cmu.teacher%40gmail.com/events/j70jgag06b3l38tur8ea77q6fg?
2025-03-20 07:57:50 [INFO] - CalendarApp - Event deleted: j70jgag06b3l38tur8ea77q6fg
2025-03-20 07:57:50 [INFO] - SchedulerCalendarUI - Event deleted: BC (SERVICE2+)
