2025-03-19 23:08:59 [DEBUG] - config - Logging to tmp/april 2025/log_20250319_230859.log
2025-03-19 23:08:59 [DEBUG] - GoogleAppAuthenticator - Attempting to load credentials from token file
2025-03-19 23:08:59 [INFO] - GoogleAppAuthenticator - Credentials expired. Refreshing...
2025-03-19 23:08:59 [DEBUG] - google.auth.transport.requests - Making request: POST https://oauth2.googleapis.com/token
2025-03-19 23:08:59 [DEBUG] - urllib3.connectionpool - Starting new HTTPS connection (1): oauth2.googleapis.com:443
2025-03-19 23:09:00 [DEBUG] - urllib3.connectionpool - https://oauth2.googleapis.com:443 "POST /token HTTP/1.1" 200 None
2025-03-19 23:09:00 [INFO] - GoogleAppAuthenticator - Saved credentials to token file.
2025-03-19 23:09:00 [INFO] - GoogleAppAuthenticator - Authenticate successfully
2025-03-19 23:09:00 [DEBUG] - GoogleAppAuthenticator - Attempting to load credentials from token file
2025-03-19 23:09:00 [INFO] - GoogleAppAuthenticator - Loaded valid credentials from token file.
2025-03-19 23:09:00 [INFO] - googleapiclient.discovery_cache - file_cache is only supported with oauth2client<4.0.0
2025-03-19 23:09:00 [DEBUG] - CalendarApp - Service initialized successfully
2025-03-19 23:09:00 [INFO] - googleapiclient.discovery_cache - file_cache is only supported with oauth2client<4.0.0
2025-03-19 23:09:00 [DEBUG] - GoogleSheetApp - Service initialized successfully
2025-03-19 23:09:00 [DEBUG] - SchedulerSheetUI - SchedulerSheetUI initialized - sheetId: 1wHNERHZUxl8mI7xOPtWsvRBHxw9r_ohFoi7BWET_YdU
2025-03-19 23:09:00 [DEBUG] - googleapiclient.discovery - URL being requested: GET https://sheets.googleapis.com/v4/spreadsheets/1wHNERHZUxl8mI7xOPtWsvRBHxw9r_ohFoi7BWET_YdU/values/April%202025%21A1%3AV?alt=json
2025-03-19 23:09:01 [DEBUG] - SchedulerSheetUI - Fetched sheet values from A1:V
2025-03-19 23:09:01 [DEBUG] - SchedulerCalendarUI - SchedulerCalendarUI initialized - calendarId: em.cmu.teacher@gmail.com
2025-03-19 23:09:01 [DEBUG] - root - Converted A12 to 11, 0
2025-03-19 23:09:01 [DEBUG] - root - Converted A42 to 41, 0
2025-03-19 23:09:01 [DEBUG] - SchedulerSheetUI - Got sheet values from A12:A42, start: (11, 0), end: (41, 0)
2025-03-19 23:09:01 [DEBUG] - root - Converted A47 to 46, 0
2025-03-19 23:09:01 [DEBUG] - root - Converted G67 to 66, 6
2025-03-19 23:09:01 [DEBUG] - SchedulerSheetUI - Got sheet values from A47:G67, start: (46, 0), end: (66, 6)
2025-03-19 23:09:01 [DEBUG] - root - Converted C11 to 10, 2
2025-03-19 23:09:01 [DEBUG] - root - Converted L42 to 41, 11
2025-03-19 23:09:01 [DEBUG] - SchedulerSheetUI - Got sheet values from C11:L42, start: (10, 2), end: (41, 11)
2025-03-19 23:09:01 [DEBUG] - root - Converted C268 to 267, 2
2025-03-19 23:09:01 [DEBUG] - root - Converted M299 to 298, 12
2025-03-19 23:09:01 [DEBUG] - SchedulerSheetUI - Got sheet values from C268:M299, start: (267, 2), end: (298, 12)
2025-03-19 23:09:01 [DEBUG] - Schedule - Assigned shift Service night - 2025-04-01 to กอสิน เลาหะวิสุทธิ์
2025-03-19 23:09:01 [DEBUG] - Schedule - Assigned shift Service1 - 2025-04-01 to กรีฑา คำเนียม
2025-03-19 23:09:01 [DEBUG] - Schedule - Assigned shift Service1+ - 2025-04-01 to พัณณ์ชิตา ชำนาญกิจวณิชย์
2025-03-19 23:09:01 [DEBUG] - Schedule - Assigned shift Service2 - 2025-04-01 to กรีฑา คำเนียม
2025-03-19 23:09:01 [DEBUG] - Schedule - Assigned shift Service2+ - 2025-04-01 to พัณณ์ชิตา ชำนาญกิจวณิชย์
2025-03-19 23:09:01 [DEBUG] - Schedule - Assigned shift Ems - 2025-04-01 to ชานนท์ ช่างรัตนากร
2025-03-19 23:09:01 [DEBUG] - Schedule - Assigned shift Observe - 2025-04-01 to ณัฐฐิกานต์ มีลาภ
2025-03-19 23:09:01 [DEBUG] - Schedule - Assigned shift Avd - 2025-04-01 to สริยา เสือแซมเสริม
2025-03-19 23:09:01 [DEBUG] - Schedule - Assigned shift Service night - 2025-04-02 to ปริญญา เทียนวิบูลย์
2025-03-19 23:09:01 [DEBUG] - Schedule - Assigned shift Service1 - 2025-04-02 to พัณณ์ชิตา ชำนาญกิจวณิชย์
2025-03-19 23:09:01 [DEBUG] - Schedule - Assigned shift Service1+ - 2025-04-02 to กรีฑา คำเนียม
2025-03-19 23:09:01 [DEBUG] - Schedule - Assigned shift Service2 - 2025-04-02 to พัณณ์ชิตา ชำนาญกิจวณิชย์
2025-03-19 23:09:01 [DEBUG] - Schedule - Assigned shift Service2+ - 2025-04-02 to กรีฑา คำเนียม
2025-03-19 23:09:01 [DEBUG] - Schedule - Assigned shift Ems - 2025-04-02 to ชานนท์ ช่างรัตนากร
2025-03-19 23:09:01 [DEBUG] - Schedule - Assigned shift Observe - 2025-04-02 to ณัฐฐิกานต์ มีลาภ
2025-03-19 23:09:01 [DEBUG] - Schedule - Assigned shift Avd - 2025-04-02 to บวร วิทยชำนาญกุล
2025-03-19 23:09:01 [DEBUG] - Schedule - Assigned shift Service night - 2025-04-03 to ชานนท์ ช่างรัตนากร
2025-03-19 23:09:01 [DEBUG] - Schedule - Assigned shift Service1 - 2025-04-03 to กรีฑา คำเนียม
2025-03-19 23:09:01 [DEBUG] - Schedule - Assigned shift Service1+ - 2025-04-03 to วิพุธ เล้าสุขศรี
2025-03-19 23:09:01 [DEBUG] - Schedule - Assigned shift Service2 - 2025-04-03 to กรีฑา คำเนียม
2025-03-19 23:09:01 [DEBUG] - Schedule - Assigned shift Service2+ - 2025-04-03 to วิพุธ เล้าสุขศรี
2025-03-19 23:09:01 [DEBUG] - Schedule - Assigned shift Ems - 2025-04-03 to ชานนท์ ช่างรัตนากร
2025-03-19 23:09:01 [DEBUG] - Schedule - Assigned shift Observe - 2025-04-03 to ณัฐฐิกานต์ มีลาภ
2025-03-19 23:09:01 [DEBUG] - Schedule - Assigned shift Avd - 2025-04-03 to พัณณ์ชิตา ชำนาญกิจวณิชย์
2025-03-19 23:09:01 [DEBUG] - Schedule - Assigned shift Service1 - 2025-04-04 to ปริญญา เทียนวิบูลย์
2025-03-19 23:09:01 [DEBUG] - Schedule - Assigned shift Service1+ - 2025-04-04 to สริยา เสือแซมเสริม
2025-03-19 23:09:01 [DEBUG] - Schedule - Assigned shift Service2 - 2025-04-04 to ปริญญา เทียนวิบูลย์
2025-03-19 23:09:01 [DEBUG] - Schedule - Assigned shift Service2+ - 2025-04-04 to สริยา เสือแซมเสริม
2025-03-19 23:09:01 [DEBUG] - Schedule - Assigned shift Ems - 2025-04-04 to ชานนท์ ช่างรัตนากร
2025-03-19 23:09:01 [DEBUG] - Schedule - Assigned shift Observe - 2025-04-04 to ณัฐฐิกานต์ มีลาภ
2025-03-19 23:09:01 [DEBUG] - Schedule - Assigned shift Avd - 2025-04-04 to กรีฑา คำเนียม
2025-03-19 23:09:01 [DEBUG] - Schedule - Assigned shift Avd - 2025-04-05 to บวร วิทยชำนาญกุล
2025-03-19 23:09:01 [DEBUG] - Schedule - Assigned shift Avd - 2025-04-06 to พิมพ์พรรณ อัศวสุรอิน
2025-03-19 23:09:01 [DEBUG] - Schedule - Assigned shift Avd - 2025-04-07 to ปริญญา เทียนวิบูลย์
2025-03-19 23:09:01 [DEBUG] - Schedule - Assigned shift Service night - 2025-04-08 to วิพุธ เล้าสุขศรี
2025-03-19 23:09:01 [DEBUG] - Schedule - Assigned shift Service1 - 2025-04-08 to สริยา เสือแซมเสริม
2025-03-19 23:09:01 [DEBUG] - Schedule - Assigned shift Service1+ - 2025-04-08 to ปริญญา เทียนวิบูลย์
2025-03-19 23:09:01 [DEBUG] - Schedule - Assigned shift Service2 - 2025-04-08 to สริยา เสือแซมเสริม
2025-03-19 23:09:01 [DEBUG] - Schedule - Assigned shift Service2+ - 2025-04-08 to ปริญญา เทียนวิบูลย์
2025-03-19 23:09:01 [DEBUG] - Schedule - Assigned shift Ems - 2025-04-08 to บวร วิทยชำนาญกุล
2025-03-19 23:09:01 [DEBUG] - Schedule - Assigned shift Observe - 2025-04-08 to วชิระ วงศ์ธนสารสิน
2025-03-19 23:09:01 [DEBUG] - Schedule - Assigned shift Avd - 2025-04-08 to ณัฐฐิกานต์ มีลาภ
2025-03-19 23:09:01 [DEBUG] - Schedule - Assigned shift Service night - 2025-04-09 to ณัฐฐิกานต์ มีลาภ
2025-03-19 23:09:01 [DEBUG] - Schedule - Assigned shift Service1 - 2025-04-09 to พิมพ์พรรณ อัศวสุรอิน
2025-03-19 23:09:01 [DEBUG] - Schedule - Assigned shift Service1+ - 2025-04-09 to วิพุธ เล้าสุขศรี
2025-03-19 23:09:01 [DEBUG] - Schedule - Assigned shift Service2 - 2025-04-09 to พิมพ์พรรณ อัศวสุรอิน
2025-03-19 23:09:01 [DEBUG] - Schedule - Assigned shift Service2+ - 2025-04-09 to วิพุธ เล้าสุขศรี
2025-03-19 23:09:01 [DEBUG] - Schedule - Assigned shift Ems - 2025-04-09 to บวร วิทยชำนาญกุล
2025-03-19 23:09:01 [DEBUG] - Schedule - Assigned shift Observe - 2025-04-09 to วชิระ วงศ์ธนสารสิน
2025-03-19 23:09:01 [DEBUG] - Schedule - Assigned shift Avd - 2025-04-09 to ปริญญา เทียนวิบูลย์
2025-03-19 23:09:01 [DEBUG] - Schedule - Assigned shift Service night - 2025-04-10 to พัณณ์ชิตา ชำนาญกิจวณิชย์
2025-03-19 23:09:01 [DEBUG] - Schedule - Assigned shift Service1 - 2025-04-10 to วิพุธ เล้าสุขศรี
2025-03-19 23:09:01 [DEBUG] - Schedule - Assigned shift Service1+ - 2025-04-10 to สริยา เสือแซมเสริม
2025-03-19 23:09:01 [DEBUG] - Schedule - Assigned shift Service2 - 2025-04-10 to วิพุธ เล้าสุขศรี
2025-03-19 23:09:01 [DEBUG] - Schedule - Assigned shift Service2+ - 2025-04-10 to สริยา เสือแซมเสริม
2025-03-19 23:09:01 [DEBUG] - Schedule - Assigned shift Ems - 2025-04-10 to บวร วิทยชำนาญกุล
2025-03-19 23:09:01 [DEBUG] - Schedule - Assigned shift Observe - 2025-04-10 to วชิระ วงศ์ธนสารสิน
2025-03-19 23:09:01 [DEBUG] - Schedule - Assigned shift Avd - 2025-04-10 to บริบูรณ์ เชนธนากิจ
2025-03-19 23:09:01 [DEBUG] - Schedule - Assigned shift Service1 - 2025-04-11 to ณัฐฐิกานต์ มีลาภ
2025-03-19 23:09:01 [DEBUG] - Schedule - Assigned shift Service1+ - 2025-04-11 to ปริญญา เทียนวิบูลย์
2025-03-19 23:09:01 [DEBUG] - Schedule - Assigned shift Service2 - 2025-04-11 to พิมพ์พรรณ อัศวสุรอิน
2025-03-19 23:09:01 [DEBUG] - Schedule - Assigned shift Service2+ - 2025-04-11 to ปริญญา เทียนวิบูลย์
2025-03-19 23:09:01 [DEBUG] - Schedule - Assigned shift Ems - 2025-04-11 to บวร วิทยชำนาญกุล
2025-03-19 23:09:01 [DEBUG] - Schedule - Assigned shift Observe - 2025-04-11 to วชิระ วงศ์ธนสารสิน
2025-03-19 23:09:01 [DEBUG] - Schedule - Assigned shift Avd - 2025-04-11 to วิพุธ เล้าสุขศรี
2025-03-19 23:09:01 [DEBUG] - Schedule - Assigned shift Avd - 2025-04-12 to สริยา เสือแซมเสริม
2025-03-19 23:09:01 [DEBUG] - Schedule - Assigned shift Avd - 2025-04-13 to กรีฑา คำเนียม
2025-03-19 23:09:01 [DEBUG] - Schedule - Assigned shift Avd - 2025-04-14 to บุญฤทธิ์ คำทิพย์
2025-03-19 23:09:01 [DEBUG] - Schedule - Assigned shift Service night - 2025-04-15 to กรองกาญจน์ สุธรรม
2025-03-19 23:09:01 [DEBUG] - Schedule - Assigned shift Avd - 2025-04-15 to ณัฐฐิกานต์ มีลาภ
2025-03-19 23:09:01 [DEBUG] - Schedule - Assigned shift Service night - 2025-04-16 to วชิระ วงศ์ธนสารสิน
2025-03-19 23:09:01 [DEBUG] - Schedule - Assigned shift Amd - 2025-04-16 to ณัฐฐิกานต์ มีลาภ
2025-03-19 23:09:01 [DEBUG] - Schedule - Assigned shift Avd - 2025-04-16 to พัณณ์ชิตา ชำนาญกิจวณิชย์
2025-03-19 23:09:01 [DEBUG] - Schedule - Assigned shift Service night - 2025-04-17 to สริยา เสือแซมเสริม
2025-03-19 23:09:01 [DEBUG] - Schedule - Assigned shift Service1 - 2025-04-17 to บุญฤทธิ์ คำทิพย์
2025-03-19 23:09:01 [DEBUG] - Schedule - Assigned shift Service1+ - 2025-04-17 to บริบูรณ์ เชนธนากิจ
2025-03-19 23:09:01 [DEBUG] - Schedule - Assigned shift Service2 - 2025-04-17 to บุญฤทธิ์ คำทิพย์
2025-03-19 23:09:01 [DEBUG] - Schedule - Assigned shift Service2+ - 2025-04-17 to บริบูรณ์ เชนธนากิจ
2025-03-19 23:09:01 [DEBUG] - Schedule - Assigned shift Ems - 2025-04-17 to กอสิน เลาหะวิสุทธิ์
2025-03-19 23:09:01 [DEBUG] - Schedule - Assigned shift Observe - 2025-04-17 to ปริญญา เทียนวิบูลย์
2025-03-19 23:09:01 [DEBUG] - Schedule - Assigned shift Amd - 2025-04-17 to บริบูรณ์ เชนธนากิจ
2025-03-19 23:09:01 [DEBUG] - Schedule - Assigned shift Avd - 2025-04-17 to กรองกาญจน์ สุธรรม
2025-03-19 23:09:01 [DEBUG] - Schedule - Assigned shift Service1 - 2025-04-18 to ชานนท์ ช่างรัตนากร
2025-03-19 23:09:01 [DEBUG] - Schedule - Assigned shift Service1+ - 2025-04-18 to กรองกาญจน์ สุธรรม
2025-03-19 23:09:01 [DEBUG] - Schedule - Assigned shift Service2 - 2025-04-18 to ชานนท์ ช่างรัตนากร
2025-03-19 23:09:01 [DEBUG] - Schedule - Assigned shift Service2+ - 2025-04-18 to กรองกาญจน์ สุธรรม
2025-03-19 23:09:01 [DEBUG] - Schedule - Assigned shift Ems - 2025-04-18 to กอสิน เลาหะวิสุทธิ์
2025-03-19 23:09:01 [DEBUG] - Schedule - Assigned shift Observe - 2025-04-18 to ปริญญา เทียนวิบูลย์
2025-03-19 23:09:01 [DEBUG] - Schedule - Assigned shift Amd - 2025-04-18 to กรองกาญจน์ สุธรรม
2025-03-19 23:09:01 [DEBUG] - Schedule - Assigned shift Avd - 2025-04-18 to บริบูรณ์ เชนธนากิจ
2025-03-19 23:09:01 [DEBUG] - Schedule - Assigned shift Amd - 2025-04-19 to กรีฑา คำเนียม
2025-03-19 23:09:01 [DEBUG] - Schedule - Assigned shift Avd - 2025-04-19 to วิพุธ เล้าสุขศรี
2025-03-19 23:09:01 [DEBUG] - Schedule - Assigned shift Amd - 2025-04-20 to ปริญญา เทียนวิบูลย์
2025-03-19 23:09:01 [DEBUG] - Schedule - Assigned shift Avd - 2025-04-20 to กอสิน เลาหะวิสุทธิ์
2025-03-19 23:09:01 [DEBUG] - Schedule - Assigned shift Service1 - 2025-04-21 to ชานนท์ ช่างรัตนากร
2025-03-19 23:09:01 [DEBUG] - Schedule - Assigned shift Service1+ - 2025-04-21 to กอสิน เลาหะวิสุทธิ์
2025-03-19 23:09:01 [DEBUG] - Schedule - Assigned shift Service2 - 2025-04-21 to ชานนท์ ช่างรัตนากร
2025-03-19 23:09:01 [DEBUG] - Schedule - Assigned shift Service2+ - 2025-04-21 to กอสิน เลาหะวิสุทธิ์
2025-03-19 23:09:01 [DEBUG] - Schedule - Assigned shift Ems - 2025-04-21 to วิพุธ เล้าสุขศรี
2025-03-19 23:09:01 [DEBUG] - Schedule - Assigned shift Observe - 2025-04-21 to บริบูรณ์ เชนธนากิจ
2025-03-19 23:09:01 [DEBUG] - Schedule - Assigned shift Amd - 2025-04-21 to พิมพ์พรรณ อัศวสุรอิน
2025-03-19 23:09:01 [DEBUG] - Schedule - Assigned shift Avd - 2025-04-21 to กรองกาญจน์ สุธรรม
2025-03-19 23:09:01 [DEBUG] - Schedule - Assigned shift Service night - 2025-04-22 to พิมพ์พรรณ อัศวสุรอิน
2025-03-19 23:09:01 [DEBUG] - Schedule - Assigned shift Service1 - 2025-04-22 to กอสิน เลาหะวิสุทธิ์
2025-03-19 23:09:01 [DEBUG] - Schedule - Assigned shift Service1+ - 2025-04-22 to ณัฐฐิกานต์ มีลาภ
2025-03-19 23:09:01 [DEBUG] - Schedule - Assigned shift Service2 - 2025-04-22 to กอสิน เลาหะวิสุทธิ์
2025-03-19 23:09:01 [DEBUG] - Schedule - Assigned shift Service2+ - 2025-04-22 to ณัฐฐิกานต์ มีลาภ
2025-03-19 23:09:01 [DEBUG] - Schedule - Assigned shift Ems - 2025-04-22 to วิพุธ เล้าสุขศรี
2025-03-19 23:09:01 [DEBUG] - Schedule - Assigned shift Observe - 2025-04-22 to บริบูรณ์ เชนธนากิจ
2025-03-19 23:09:01 [DEBUG] - Schedule - Assigned shift Amd - 2025-04-22 to บวร วิทยชำนาญกุล
2025-03-19 23:09:01 [DEBUG] - Schedule - Assigned shift Avd - 2025-04-22 to ชานนท์ ช่างรัตนากร
2025-03-19 23:09:01 [DEBUG] - Schedule - Assigned shift Service night - 2025-04-23 to พัณณ์ชิตา ชำนาญกิจวณิชย์
2025-03-19 23:09:01 [DEBUG] - Schedule - Assigned shift Service1 - 2025-04-23 to ณัฐฐิกานต์ มีลาภ
2025-03-19 23:09:01 [DEBUG] - Schedule - Assigned shift Service1+ - 2025-04-23 to ชานนท์ ช่างรัตนากร
2025-03-19 23:09:01 [DEBUG] - Schedule - Assigned shift Service2 - 2025-04-23 to ณัฐฐิกานต์ มีลาภ
2025-03-19 23:09:01 [DEBUG] - Schedule - Assigned shift Service2+ - 2025-04-23 to ชานนท์ ช่างรัตนากร
2025-03-19 23:09:01 [DEBUG] - Schedule - Assigned shift Ems - 2025-04-23 to วิพุธ เล้าสุขศรี
2025-03-19 23:09:01 [DEBUG] - Schedule - Assigned shift Observe - 2025-04-23 to บริบูรณ์ เชนธนากิจ
2025-03-19 23:09:01 [DEBUG] - Schedule - Assigned shift Amd - 2025-04-23 to สริยา เสือแซมเสริม
2025-03-19 23:09:01 [DEBUG] - Schedule - Assigned shift Avd - 2025-04-23 to บุญฤทธิ์ คำทิพย์
2025-03-19 23:09:01 [DEBUG] - Schedule - Assigned shift Service night - 2025-04-24 to กรีฑา คำเนียม
2025-03-19 23:09:01 [DEBUG] - Schedule - Assigned shift Service1 - 2025-04-24 to พัณณ์ชิตา ชำนาญกิจวณิชย์
2025-03-19 23:09:01 [DEBUG] - Schedule - Assigned shift Service1+ - 2025-04-24 to วชิระ วงศ์ธนสารสิน
2025-03-19 23:09:01 [DEBUG] - Schedule - Assigned shift Service2 - 2025-04-24 to พัณณ์ชิตา ชำนาญกิจวณิชย์
2025-03-19 23:09:01 [DEBUG] - Schedule - Assigned shift Service2+ - 2025-04-24 to วชิระ วงศ์ธนสารสิน
2025-03-19 23:09:01 [DEBUG] - Schedule - Assigned shift Ems - 2025-04-24 to วิพุธ เล้าสุขศรี
2025-03-19 23:09:01 [DEBUG] - Schedule - Assigned shift Observe - 2025-04-24 to บริบูรณ์ เชนธนากิจ
2025-03-19 23:09:01 [DEBUG] - Schedule - Assigned shift Amd - 2025-04-24 to บุญฤทธิ์ คำทิพย์
2025-03-19 23:09:01 [DEBUG] - Schedule - Assigned shift Avd - 2025-04-24 to ณัฐฐิกานต์ มีลาภ
2025-03-19 23:09:01 [DEBUG] - Schedule - Assigned shift Service1 - 2025-04-25 to กอสิน เลาหะวิสุทธิ์
2025-03-19 23:09:01 [DEBUG] - Schedule - Assigned shift Service1+ - 2025-04-25 to ณัฐฐิกานต์ มีลาภ
2025-03-19 23:09:01 [DEBUG] - Schedule - Assigned shift Service2 - 2025-04-25 to กอสิน เลาหะวิสุทธิ์
2025-03-19 23:09:01 [DEBUG] - Schedule - Assigned shift Service2+ - 2025-04-25 to ณัฐฐิกานต์ มีลาภ
2025-03-19 23:09:01 [DEBUG] - Schedule - Assigned shift Ems - 2025-04-25 to วิพุธ เล้าสุขศรี
2025-03-19 23:09:01 [DEBUG] - Schedule - Assigned shift Observe - 2025-04-25 to บริบูรณ์ เชนธนากิจ
2025-03-19 23:09:01 [DEBUG] - Schedule - Assigned shift Amd - 2025-04-25 to พัณณ์ชิตา ชำนาญกิจวณิชย์
2025-03-19 23:09:01 [DEBUG] - Schedule - Assigned shift Avd - 2025-04-25 to กรีฑา คำเนียม
2025-03-19 23:09:01 [DEBUG] - Schedule - Assigned shift Amd - 2025-04-26 to ชานนท์ ช่างรัตนากร
2025-03-19 23:09:01 [DEBUG] - Schedule - Assigned shift Avd - 2025-04-26 to บริบูรณ์ เชนธนากิจ
2025-03-19 23:09:01 [DEBUG] - Schedule - Assigned shift Amd - 2025-04-27 to กอสิน เลาหะวิสุทธิ์
2025-03-19 23:09:01 [DEBUG] - Schedule - Assigned shift Avd - 2025-04-27 to ชานนท์ ช่างรัตนากร
2025-03-19 23:09:01 [DEBUG] - Schedule - Assigned shift Service1 - 2025-04-28 to พิมพ์พรรณ อัศวสุรอิน
2025-03-19 23:09:01 [DEBUG] - Schedule - Assigned shift Service1+ - 2025-04-28 to วชิระ วงศ์ธนสารสิน
2025-03-19 23:09:01 [DEBUG] - Schedule - Assigned shift Service2 - 2025-04-28 to พิมพ์พรรณ อัศวสุรอิน
2025-03-19 23:09:01 [DEBUG] - Schedule - Assigned shift Service2+ - 2025-04-28 to วชิระ วงศ์ธนสารสิน
2025-03-19 23:09:01 [DEBUG] - Schedule - Assigned shift Ems - 2025-04-28 to พิมพ์พรรณ อัศวสุรอิน
2025-03-19 23:09:01 [DEBUG] - Schedule - Assigned shift Observe - 2025-04-28 to กรองกาญจน์ สุธรรม
2025-03-19 23:09:01 [DEBUG] - Schedule - Assigned shift Amd - 2025-04-28 to ชานนท์ ช่างรัตนากร
2025-03-19 23:09:01 [DEBUG] - Schedule - Assigned shift Avd - 2025-04-28 to ปริญญา เทียนวิบูลย์
2025-03-19 23:09:01 [DEBUG] - Schedule - Assigned shift Service night - 2025-04-29 to กอสิน เลาหะวิสุทธิ์
2025-03-19 23:09:01 [DEBUG] - Schedule - Assigned shift Service1 - 2025-04-29 to วชิระ วงศ์ธนสารสิน
2025-03-19 23:09:01 [DEBUG] - Schedule - Assigned shift Service1+ - 2025-04-29 to พิมพ์พรรณ อัศวสุรอิน
2025-03-19 23:09:01 [DEBUG] - Schedule - Assigned shift Service2 - 2025-04-29 to ชานนท์ ช่างรัตนากร
2025-03-19 23:09:01 [DEBUG] - Schedule - Assigned shift Service2+ - 2025-04-29 to พิมพ์พรรณ อัศวสุรอิน
2025-03-19 23:09:01 [DEBUG] - Schedule - Assigned shift Ems - 2025-04-29 to พิมพ์พรรณ อัศวสุรอิน
2025-03-19 23:09:01 [DEBUG] - Schedule - Assigned shift Observe - 2025-04-29 to กรองกาญจน์ สุธรรม
2025-03-19 23:09:01 [DEBUG] - Schedule - Assigned shift Amd - 2025-04-29 to ปริญญา เทียนวิบูลย์
2025-03-19 23:09:01 [DEBUG] - Schedule - Assigned shift Avd - 2025-04-29 to บวร วิทยชำนาญกุล
2025-03-19 23:09:01 [DEBUG] - Schedule - Assigned shift Service night - 2025-04-30 to พิมพ์พรรณ อัศวสุรอิน
2025-03-19 23:09:01 [DEBUG] - Schedule - Assigned shift Service1 - 2025-04-30 to บวร วิทยชำนาญกุล
2025-03-19 23:09:01 [DEBUG] - Schedule - Assigned shift Service1+ - 2025-04-30 to บริบูรณ์ เชนธนากิจ
2025-03-19 23:09:01 [DEBUG] - Schedule - Assigned shift Service2 - 2025-04-30 to บวร วิทยชำนาญกุล
2025-03-19 23:09:01 [DEBUG] - Schedule - Assigned shift Service2+ - 2025-04-30 to บริบูรณ์ เชนธนากิจ
2025-03-19 23:09:01 [DEBUG] - Schedule - Assigned shift Ems - 2025-04-30 to พิมพ์พรรณ อัศวสุรอิน
2025-03-19 23:09:01 [DEBUG] - Schedule - Assigned shift Observe - 2025-04-30 to กรองกาญจน์ สุธรรม
2025-03-19 23:09:01 [DEBUG] - Schedule - Assigned shift Amd - 2025-04-30 to วิพุธ เล้าสุขศรี
2025-03-19 23:09:01 [DEBUG] - Schedule - Assigned shift Avd - 2025-04-30 to กอสิน เลาหะวิสุทธิ์
2025-03-19 23:09:01 [DEBUG] - root - Converted B12 to 11, 1
2025-03-19 23:09:01 [DEBUG] - root - Converted B42 to 41, 1
2025-03-19 23:09:01 [DEBUG] - SchedulerSheetUI - Got sheet values from B12:B42, start: (11, 1), end: (41, 1)
2025-03-19 23:09:01 [DEBUG] - root - Converted B218 to 217, 1
2025-03-19 23:09:01 [DEBUG] - root - Converted C240 to 239, 2
2025-03-19 23:09:01 [DEBUG] - SchedulerSheetUI - Got sheet values from B218:C240, start: (217, 1), end: (239, 2)
2025-03-19 23:09:01 [DEBUG] - ScheduleSolver - Added total shifts constraint for BC - 4
2025-03-19 23:09:01 [DEBUG] - ScheduleSolver - Added total shifts constraint for BW - 2
2025-03-19 23:09:01 [DEBUG] - ScheduleSolver - Added total shifts constraint for KS - 2
2025-03-19 23:09:01 [DEBUG] - ScheduleSolver - Added total shifts constraint for PT - 6
2025-03-19 23:09:01 [DEBUG] - ScheduleSolver - Added total shifts constraint for WW - 6
2025-03-19 23:09:01 [DEBUG] - ScheduleSolver - Added total shifts constraint for BK - 2
2025-03-19 23:09:01 [DEBUG] - ScheduleSolver - Added total shifts constraint for CC - 6
2025-03-19 23:09:01 [DEBUG] - ScheduleSolver - Added total shifts constraint for KL - 6
2025-03-19 23:09:01 [DEBUG] - ScheduleSolver - Added total shifts constraint for PU - 6
2025-03-19 23:09:01 [DEBUG] - ScheduleSolver - Added total shifts constraint for NM - 8
2025-03-19 23:09:01 [DEBUG] - ScheduleSolver - Added total shifts constraint for SS - 6
2025-03-19 23:09:01 [DEBUG] - ScheduleSolver - Added total shifts constraint for WL - 6
2025-03-19 23:09:01 [DEBUG] - ScheduleSolver - Added total shifts constraint for KK - 6
2025-03-19 23:09:01 [DEBUG] - ScheduleSolver - Added total shifts constraint for PC - 6
2025-03-19 23:09:01 [DEBUG] - root - Converted H218 to 217, 7
2025-03-19 23:09:01 [DEBUG] - root - Converted M239 to 238, 12
2025-03-19 23:09:01 [DEBUG] - SchedulerSheetUI - Got sheet values from H218:M239, start: (217, 7), end: (238, 12)
2025-03-19 23:09:01 [DEBUG] - ScheduleSolver - Added shift preference constraint for BC - {'BC': {'mon': True, 'tue': True, 'wed': True, 'thu': True, 'fri': True}}
2025-03-19 23:09:01 [DEBUG] - ScheduleSolver - Added shift preference constraint for BW - {'BW': {'mon': True, 'tue': True, 'wed': True, 'thu': True, 'fri': True}}
2025-03-19 23:09:01 [DEBUG] - ScheduleSolver - Added shift preference constraint for KS - {'KS': {'mon': False, 'tue': False, 'wed': False, 'thu': False, 'fri': False}}
2025-03-19 23:09:01 [DEBUG] - ScheduleSolver - Added shift preference constraint for PT - {'PT': {'mon': False, 'tue': False, 'wed': False, 'thu': False, 'fri': False}}
2025-03-19 23:09:01 [DEBUG] - ScheduleSolver - Added shift preference constraint for WW - {'WW': {'mon': True, 'tue': True, 'wed': True, 'thu': True, 'fri': True}}
2025-03-19 23:09:01 [DEBUG] - ScheduleSolver - Added shift preference constraint for BK - {'BK': {'mon': False, 'tue': False, 'wed': False, 'thu': False, 'fri': False}}
2025-03-19 23:09:01 [DEBUG] - ScheduleSolver - Added shift preference constraint for CC - {'CC': {'mon': False, 'tue': False, 'wed': False, 'thu': False, 'fri': False}}
2025-03-19 23:09:01 [DEBUG] - ScheduleSolver - Added shift preference constraint for KL - {'KL': {'mon': True, 'tue': True, 'wed': True, 'thu': True, 'fri': True}}
2025-03-19 23:09:01 [DEBUG] - ScheduleSolver - Added shift preference constraint for PU - {'PU': {'mon': True, 'tue': True, 'wed': True, 'thu': True, 'fri': True}}
2025-03-19 23:09:01 [DEBUG] - ScheduleSolver - Added shift preference constraint for NM - {'NM': {'mon': False, 'tue': False, 'wed': False, 'thu': False, 'fri': False}}
2025-03-19 23:09:01 [DEBUG] - ScheduleSolver - Added shift preference constraint for SS - {'SS': {'mon': False, 'tue': False, 'wed': False, 'thu': False, 'fri': False}}
2025-03-19 23:09:01 [DEBUG] - ScheduleSolver - Added shift preference constraint for WL - {'WL': {'mon': True, 'tue': True, 'wed': True, 'thu': True, 'fri': True}}
2025-03-19 23:09:01 [DEBUG] - ScheduleSolver - Added shift preference constraint for KK - {'KK': {'mon': False, 'tue': False, 'wed': False, 'thu': False, 'fri': False}}
2025-03-19 23:09:01 [DEBUG] - ScheduleSolver - Added shift preference constraint for PC - {'PC': {'mon': True, 'tue': True, 'wed': True, 'thu': True, 'fri': True}}
2025-03-19 23:09:01 [DEBUG] - root - Converted B217 to 216, 1
2025-03-19 23:09:01 [DEBUG] - root - Converted F240 to 239, 5
2025-03-19 23:09:01 [DEBUG] - SchedulerSheetUI - Got sheet values from B217:F240, start: (216, 1), end: (239, 5)
2025-03-19 23:09:01 [DEBUG] - ScheduleSolver - Added total shifts per employee constraint for WW - amd - 0
2025-03-19 23:09:01 [DEBUG] - ScheduleSolver - Added total shifts per employee constraint for WW - avd - 0
2025-03-19 23:09:01 [DEBUG] - googleapiclient.discovery - URL being requested: GET https://www.googleapis.com/calendar/v3/calendars/em.cmu.teacher%40gmail.com/events?timeMin=2025-04-01T00%3A00%3A00Z&timeMax=2025-04-30T23%3A59%3A59.099999Z&singleEvents=true&orderBy=startTime&alt=json
2025-03-19 23:09:02 [DEBUG] - SchedulerCalendarUI - Sample event: {'kind': 'calendar#event', 'etag': '"3479527596836000"', 'id': '6oqsrt8tubsd9vmk54vd5so5dp', 'status': 'confirmed', 'htmlLink': 'https://www.google.com/calendar/event?eid=Nm9xc3J0OHR1YnNkOXZtazU0dmQ1c281ZHAgZW0uY211LnRlYWNoZXJAbQ', 'created': '2025-02-17T03:41:55.000Z', 'updated': '2025-02-17T03:43:18.418Z', 'summary': 'BC Director ACLS ', 'location': 'บรรยาย ชั้น 9 อาคารราชนครินทร์ 08.00 น. วันที่ 31 ', 'creator': {'email': 'nareerat9664@gmail.com'}, 'organizer': {'email': 'em.cmu.teacher@gmail.com', 'self': True}, 'start': {'date': '2025-03-31'}, 'end': {'date': '2025-04-02'}, 'transparency': 'transparent', 'iCalUID': '6oqsrt8tubsd9vmk54vd5so5dp@google.com', 'sequence': 0, 'reminders': {'useDefault': False}, 'eventType': 'default'}
2025-03-19 23:09:02 [DEBUG] - SchedulerCalendarUI - Extracted task: BC Director ACLS  starts at 2025-03-31 00:00:00+07:00 and ends at 2025-04-02 00:00:00+07:00 for employee: บริบูรณ์ เชนธนากิจ (BC)
2025-03-19 23:09:02 [DEBUG] - SchedulerCalendarUI - Extracted task: BK ดูงาน ป.โท starts at 2025-03-31 00:00:00+07:00 and ends at 2025-04-10 00:00:00+07:00 for employee: บุญฤทธิ์ คำทิพย์ (BK)
2025-03-19 23:09:02 [DEBUG] - SchedulerCalendarUI - Extracted task: BW KL WW พี่เมย์ หมิวพารา ประชุมกรรมการภาค starts at 2025-04-01 00:00:00+07:00 and ends at 2025-04-02 00:00:00+07:00 for employee: บวร วิทยชำนาญกุล (BW), กอสิน เลาหะวิสุทธิ์ (KL), วชิระ วงศ์ธนสารสิน (WW)
2025-03-19 23:09:02 [DEBUG] - SchedulerCalendarUI - Extracted task: PU NM present global health starts at 2025-04-01 00:00:00+07:00 and ends at 2025-04-02 00:00:00+07:00 for employee: พิมพ์พรรณ อัศวสุรอิน (PU), ณัฐฐิกานต์ มีลาภ (NM)
2025-03-19 23:09:02 [DEBUG] - SchedulerCalendarUI - Extracted task: WL เรียน AI starts at 2025-04-01 00:00:00+07:00 and ends at 2025-04-02 00:00:00+07:00 for employee: วิพุธ เล้าสุขศรี (WL)
2025-03-19 23:09:02 [DEBUG] - SchedulerCalendarUI - Extracted task: KL (SERVICE NIGHT) starts at 2025-04-01 00:00:00+07:00 and ends at 2025-04-01 08:00:00+07:00 for employee: กอสิน เลาหะวิสุทธิ์ (KL)
2025-03-19 23:09:02 [DEBUG] - SchedulerCalendarUI - Extracted task: NM (OBSERVE) starts at 2025-04-01 08:00:00+07:00 and ends at 2025-04-01 16:00:00+07:00 for employee: ณัฐฐิกานต์ มีลาภ (NM)
2025-03-19 23:09:02 [DEBUG] - SchedulerCalendarUI - Extracted task: PC (SERVICE1+) starts at 2025-04-01 08:00:00+07:00 and ends at 2025-04-01 12:00:00+07:00 for employee: พัณณ์ชิตา ชำนาญกิจวณิชย์ (PC)
2025-03-19 23:09:02 [DEBUG] - SchedulerCalendarUI - Extracted task: KK (SERVICE1) starts at 2025-04-01 08:00:00+07:00 and ends at 2025-04-01 12:00:00+07:00 for employee: กรีฑา คำเนียม (KK)
2025-03-19 23:09:02 [DEBUG] - SchedulerCalendarUI - Extracted task: CC (EMS) starts at 2025-04-01 08:00:00+07:00 and ends at 2025-04-01 16:00:00+07:00 for employee: ชานนท์ ช่างรัตนากร (CC)
2025-03-19 23:09:02 [DEBUG] - SchedulerCalendarUI - Extracted task: SS (AVD) starts at 2025-04-01 08:00:00+07:00 and ends at 2025-04-01 16:00:00+07:00 for employee: สริยา เสือแซมเสริม (SS)
2025-03-19 23:09:02 [DEBUG] - SchedulerCalendarUI - Extracted task: BK CQI-Skydoctor ประจำเดือน starts at 2025-04-01 10:00:00+07:00 and ends at 2025-04-01 12:00:00+07:00 for employee: บุญฤทธิ์ คำทิพย์ (BK)
2025-03-19 23:09:02 [DEBUG] - SchedulerCalendarUI - Extracted task: PC (SERVICE2+) starts at 2025-04-01 12:00:00+07:00 and ends at 2025-04-01 16:00:00+07:00 for employee: พัณณ์ชิตา ชำนาญกิจวณิชย์ (PC)
2025-03-19 23:09:02 [DEBUG] - SchedulerCalendarUI - Extracted task: KK (SERVICE2) starts at 2025-04-01 12:00:00+07:00 and ends at 2025-04-01 16:00:00+07:00 for employee: กรีฑา คำเนียม (KK)
2025-03-19 23:09:02 [DEBUG] - SchedulerCalendarUI - Extracted task: BC ร่วมนำเสนอข้อมูล CLT ในการอบรม First react AHA presentation starts at 2025-04-01 13:00:00+07:00 and ends at 2025-04-01 15:00:00+07:00 for employee: บริบูรณ์ เชนธนากิจ (BC)
2025-03-19 23:09:02 [DEBUG] - SchedulerCalendarUI - Extracted task: NM ตรวจ follow up US breast starts at 2025-04-01 13:00:00+07:00 and ends at 2025-04-01 16:00:00+07:00 for employee: ณัฐฐิกานต์ มีลาภ (NM)
2025-03-19 23:09:02 [DEBUG] - SchedulerCalendarUI - Extracted task: KS KL PU พี่หวาน หมิว ประชุม undergrad starts at 2025-04-02 00:00:00+07:00 and ends at 2025-04-03 00:00:00+07:00 for employee: กรองกาญจน์ สุธรรม (KS), กอสิน เลาหะวิสุทธิ์ (KL), พิมพ์พรรณ อัศวสุรอิน (PU)
2025-03-19 23:09:02 [DEBUG] - SchedulerCalendarUI - Extracted task: PT (SERVICE NIGHT) starts at 2025-04-02 00:00:00+07:00 and ends at 2025-04-02 08:00:00+07:00 for employee: ปริญญา เทียนวิบูลย์ (PT)
2025-03-19 23:09:02 [DEBUG] - SchedulerCalendarUI - Extracted task: CC (EMS) starts at 2025-04-02 08:00:00+07:00 and ends at 2025-04-02 16:00:00+07:00 for employee: ชานนท์ ช่างรัตนากร (CC)
2025-03-19 23:09:02 [DEBUG] - SchedulerCalendarUI - Extracted task: PC (SERVICE1) starts at 2025-04-02 08:00:00+07:00 and ends at 2025-04-02 12:00:00+07:00 for employee: พัณณ์ชิตา ชำนาญกิจวณิชย์ (PC)
2025-03-19 23:09:02 [DEBUG] - SchedulerCalendarUI - Extracted task: KK (SERVICE1+) starts at 2025-04-02 08:00:00+07:00 and ends at 2025-04-02 12:00:00+07:00 for employee: กรีฑา คำเนียม (KK)
2025-03-19 23:09:02 [DEBUG] - SchedulerCalendarUI - Extracted task: NM (OBSERVE) starts at 2025-04-02 08:00:00+07:00 and ends at 2025-04-02 16:00:00+07:00 for employee: ณัฐฐิกานต์ มีลาภ (NM)
2025-03-19 23:09:02 [DEBUG] - SchedulerCalendarUI - Extracted task: BW (AVD) starts at 2025-04-02 08:00:00+07:00 and ends at 2025-04-02 16:00:00+07:00 for employee: บวร วิทยชำนาญกุล (BW)
2025-03-19 23:09:02 [DEBUG] - SchedulerCalendarUI - Extracted task: PC (SERVICE2) starts at 2025-04-02 12:00:00+07:00 and ends at 2025-04-02 16:00:00+07:00 for employee: พัณณ์ชิตา ชำนาญกิจวณิชย์ (PC)
2025-03-19 23:09:02 [DEBUG] - SchedulerCalendarUI - Extracted task: KK (SERVICE2+) starts at 2025-04-02 12:00:00+07:00 and ends at 2025-04-02 16:00:00+07:00 for employee: กรีฑา คำเนียม (KK)
2025-03-19 23:09:02 [DEBUG] - SchedulerCalendarUI - Extracted task: WL อ.น้องเอิน สอน MedEd starts at 2025-04-02 13:00:00+07:00 and ends at 2025-04-02 16:00:00+07:00 for employee: วิพุธ เล้าสุขศรี (WL)
2025-03-19 23:09:02 [DEBUG] - SchedulerCalendarUI - Extracted task: KS PT ประชุทสรรหา starts at 2025-04-02 15:00:00+07:00 and ends at 2025-04-02 16:00:00+07:00 for employee: กรองกาญจน์ สุธรรม (KS), ปริญญา เทียนวิบูลย์ (PT)
2025-03-19 23:09:02 [DEBUG] - SchedulerCalendarUI - Extracted task: CC (SERVICE NIGHT) starts at 2025-04-03 00:00:00+07:00 and ends at 2025-04-03 08:00:00+07:00 for employee: ชานนท์ ช่างรัตนากร (CC)
2025-03-19 23:09:02 [DEBUG] - SchedulerCalendarUI - Extracted task: BW Lecture TQA starts at 2025-04-03 00:00:00+07:00 and ends at 2025-04-04 00:00:00+07:00 for employee: บวร วิทยชำนาญกุล (BW)
2025-03-19 23:09:02 [DEBUG] - SchedulerCalendarUI - Extracted task: KS KL PU พี่หวาน พี่หมิว ตัดเกรดปี 5 starts at 2025-04-03 00:00:00+07:00 and ends at 2025-04-05 00:00:00+07:00 for employee: กรองกาญจน์ สุธรรม (KS), กอสิน เลาหะวิสุทธิ์ (KL), พิมพ์พรรณ อัศวสุรอิน (PU)
2025-03-19 23:09:02 [DEBUG] - SchedulerCalendarUI - Extracted task: KS คุมสอบ Compre NL starts at 2025-04-03 00:00:00+07:00 and ends at 2025-04-04 00:00:00+07:00 for employee: กรองกาญจน์ สุธรรม (KS)
2025-03-19 23:09:02 [DEBUG] - SchedulerCalendarUI - Extracted task: BC ร่วมประชุม จัดทำร่างเกณฑ์ติดตามคุณภาพ หน่วยปฏิบัติการแพทย์ starts at 2025-04-03 00:00:00+07:00 and ends at 2025-04-05 00:00:00+07:00 for employee: บริบูรณ์ เชนธนากิจ (BC)
2025-03-19 23:09:02 [DEBUG] - SchedulerCalendarUI - Extracted task: KK (SERVICE1) starts at 2025-04-03 08:00:00+07:00 and ends at 2025-04-03 12:00:00+07:00 for employee: กรีฑา คำเนียม (KK)
2025-03-19 23:09:02 [DEBUG] - SchedulerCalendarUI - Extracted task: CC (EMS) starts at 2025-04-03 08:00:00+07:00 and ends at 2025-04-03 16:00:00+07:00 for employee: ชานนท์ ช่างรัตนากร (CC)
2025-03-19 23:09:02 [DEBUG] - SchedulerCalendarUI - Extracted task: NM (OBSERVE) starts at 2025-04-03 08:00:00+07:00 and ends at 2025-04-03 16:00:00+07:00 for employee: ณัฐฐิกานต์ มีลาภ (NM)
2025-03-19 23:09:02 [DEBUG] - SchedulerCalendarUI - Extracted task: PC (AVD) starts at 2025-04-03 08:00:00+07:00 and ends at 2025-04-03 16:00:00+07:00 for employee: พัณณ์ชิตา ชำนาญกิจวณิชย์ (PC)
2025-03-19 23:09:02 [DEBUG] - SchedulerCalendarUI - Extracted task: WL (SERVICE1+) starts at 2025-04-03 08:00:00+07:00 and ends at 2025-04-03 12:00:00+07:00 for employee: วิพุธ เล้าสุขศรี (WL)
2025-03-19 23:09:02 [DEBUG] - SchedulerCalendarUI - Extracted task: WL (SERVICE2+) starts at 2025-04-03 12:00:00+07:00 and ends at 2025-04-03 16:00:00+07:00 for employee: วิพุธ เล้าสุขศรี (WL)
2025-03-19 23:09:02 [DEBUG] - SchedulerCalendarUI - Extracted task: KK (SERVICE2) starts at 2025-04-03 12:00:00+07:00 and ends at 2025-04-03 16:00:00+07:00 for employee: กรีฑา คำเนียม (KK)
2025-03-19 23:09:02 [DEBUG] - SchedulerCalendarUI - Extracted task: KL: สอบลงกองปี6 starts at 2025-04-03 13:00:00+07:00 and ends at 2025-04-03 15:00:00+07:00 for employee: กอสิน เลาหะวิสุทธิ์ (KL)
2025-03-19 23:09:02 [DEBUG] - SchedulerCalendarUI - Extracted task: KL,WW: คุมสอบAdvice Ext. starts at 2025-04-03 15:00:00+07:00 and ends at 2025-04-03 16:00:00+07:00 for employee: กอสิน เลาหะวิสุทธิ์ (KL), วชิระ วงศ์ธนสารสิน (WW)
2025-03-19 23:09:02 [DEBUG] - SchedulerCalendarUI - Extracted task: CC ลาพักผ่อน starts at 2025-04-04 00:00:00+07:00 and ends at 2025-04-09 00:00:00+07:00 for employee: ชานนท์ ช่างรัตนากร (CC)
2025-03-19 23:09:02 [DEBUG] - SchedulerCalendarUI - Extracted task: KS ดูงาน ตปท  starts at 2025-04-04 00:00:00+07:00 and ends at 2025-04-10 00:00:00+07:00 for employee: กรองกาญจน์ สุธรรม (KS)
2025-03-19 23:09:02 [DEBUG] - SchedulerCalendarUI - Extracted task: KK (AVD) starts at 2025-04-04 08:00:00+07:00 and ends at 2025-04-04 16:00:00+07:00 for employee: กรีฑา คำเนียม (KK)
2025-03-19 23:09:02 [DEBUG] - SchedulerCalendarUI - Extracted task: CC (EMS) starts at 2025-04-04 08:00:00+07:00 and ends at 2025-04-04 16:00:00+07:00 for employee: ชานนท์ ช่างรัตนากร (CC)
2025-03-19 23:09:02 [DEBUG] - SchedulerCalendarUI - Extracted task: SS (SERVICE1+) starts at 2025-04-04 08:00:00+07:00 and ends at 2025-04-04 12:00:00+07:00 for employee: สริยา เสือแซมเสริม (SS)
2025-03-19 23:09:02 [DEBUG] - SchedulerCalendarUI - Extracted task: PT (SERVICE1) starts at 2025-04-04 08:00:00+07:00 and ends at 2025-04-04 12:00:00+07:00 for employee: ปริญญา เทียนวิบูลย์ (PT)
2025-03-19 23:09:02 [DEBUG] - SchedulerCalendarUI - Extracted task: NM (OBSERVE) starts at 2025-04-04 08:00:00+07:00 and ends at 2025-04-04 16:00:00+07:00 for employee: ณัฐฐิกานต์ มีลาภ (NM)
2025-03-19 23:09:02 [DEBUG] - SchedulerCalendarUI - Extracted task: WW Research Clinic starts at 2025-04-04 09:00:00+07:00 and ends at 2025-04-04 12:00:00+07:00 for employee: วชิระ วงศ์ธนสารสิน (WW)
2025-03-19 23:09:02 [DEBUG] - SchedulerCalendarUI - Extracted task: PT (SERVICE2) starts at 2025-04-04 12:00:00+07:00 and ends at 2025-04-04 16:00:00+07:00 for employee: ปริญญา เทียนวิบูลย์ (PT)
2025-03-19 23:09:02 [DEBUG] - SchedulerCalendarUI - Extracted task: SS (SERVICE2+) starts at 2025-04-04 12:00:00+07:00 and ends at 2025-04-04 16:00:00+07:00 for employee: สริยา เสือแซมเสริม (SS)
2025-03-19 23:09:02 [DEBUG] - SchedulerCalendarUI - Extracted task: ประชุมฝ่าย วิชาการ วฉท BW WW starts at 2025-04-04 12:15:00+07:00 and ends at 2025-04-04 13:15:00+07:00 for employee: บวร วิทยชำนาญกุล (BW), วชิระ วงศ์ธนสารสิน (WW)
2025-03-19 23:09:02 [DEBUG] - SchedulerCalendarUI - Extracted task: NM WL BW จัดอาจารย์ร่วมพิธี farewell R3 starts at 2025-04-04 13:00:00+07:00 and ends at 2025-04-04 16:00:00+07:00 for employee: ณัฐฐิกานต์ มีลาภ (NM), วิพุธ เล้าสุขศรี (WL), บวร วิทยชำนาญกุล (BW)
2025-03-19 23:09:02 [DEBUG] - SchedulerCalendarUI - Extracted task: BW พี่เก๋ COPD TCEP progression Meeting starts at 2025-04-04 13:00:00+07:00 and ends at 2025-04-04 14:30:00+07:00 for employee: บวร วิทยชำนาญกุล (BW)
2025-03-19 23:09:02 [DEBUG] - SchedulerCalendarUI - Extracted task: BW ประชุม HR starts at 2025-04-04 13:30:00+07:00 and ends at 2025-04-04 16:00:00+07:00 for employee: บวร วิทยชำนาญกุล (BW)
2025-03-19 23:09:02 [DEBUG] - SchedulerCalendarUI - Extracted task: KL: ปิดกอง ปี6 starts at 2025-04-04 15:00:00+07:00 and ends at 2025-04-04 16:00:00+07:00 for employee: กอสิน เลาหะวิสุทธิ์ (KL)
2025-03-19 23:09:02 [DEBUG] - SchedulerCalendarUI - Extracted task: SS unavailable starts at 2025-04-05 00:00:00+07:00 and ends at 2025-04-08 00:00:00+07:00 for employee: สริยา เสือแซมเสริม (SS)
2025-03-19 23:09:02 [DEBUG] - SchedulerCalendarUI - Extracted task: BK เรียน starts at 2025-04-05 00:00:00+07:00 and ends at 2025-04-07 00:00:00+07:00 for employee: บุญฤทธิ์ คำทิพย์ (BK)
2025-03-19 23:09:02 [DEBUG] - SchedulerCalendarUI - Extracted task: BW (AVD) starts at 2025-04-05 08:00:00+07:00 and ends at 2025-04-05 16:00:00+07:00 for employee: บวร วิทยชำนาญกุล (BW)
2025-03-19 23:09:02 [DEBUG] - SchedulerCalendarUI - Extracted task: PU (AVD) starts at 2025-04-06 08:00:00+07:00 and ends at 2025-04-06 16:00:00+07:00 for employee: พิมพ์พรรณ อัศวสุรอิน (PU)
2025-03-19 23:09:02 [DEBUG] - SchedulerCalendarUI - Extracted task: WW vacation starts at 2025-04-07 00:00:00+07:00 and ends at 2025-04-12 00:00:00+07:00 for employee: วชิระ วงศ์ธนสารสิน (WW)
2025-03-19 23:09:02 [DEBUG] - SchedulerCalendarUI - Extracted task: PT (AVD) starts at 2025-04-07 08:00:00+07:00 and ends at 2025-04-07 16:00:00+07:00 for employee: ปริญญา เทียนวิบูลย์ (PT)
2025-03-19 23:09:02 [DEBUG] - SchedulerCalendarUI - Extracted task: BK weekly meeting SMC starts at 2025-04-07 09:00:00+07:00 and ends at 2025-04-07 12:00:00+07:00 for employee: บุญฤทธิ์ คำทิพย์ (BK)
2025-03-19 23:09:02 [DEBUG] - SchedulerCalendarUI - Extracted task: BW ประชุม HR starts at 2025-04-07 13:30:00+07:00 and ends at 2025-04-07 16:00:00+07:00 for employee: บวร วิทยชำนาญกุล (BW)
2025-03-19 23:09:02 [DEBUG] - SchedulerCalendarUI - Extracted task: Elective ต่างชาติ 7-20 เม.ย. 68 - CC ดูแล starts at 2025-04-08 00:00:00+07:00 and ends at 2025-04-09 00:00:00+07:00 for employee: ชานนท์ ช่างรัตนากร (CC)
2025-03-19 23:09:02 [DEBUG] - SchedulerCalendarUI - Extracted task: WL เรียน AI starts at 2025-04-08 00:00:00+07:00 and ends at 2025-04-09 00:00:00+07:00 for employee: วิพุธ เล้าสุขศรี (WL)
2025-03-19 23:09:02 [DEBUG] - SchedulerCalendarUI - Extracted task: WL (SERVICE NIGHT) starts at 2025-04-08 00:00:00+07:00 and ends at 2025-04-08 08:00:00+07:00 for employee: วิพุธ เล้าสุขศรี (WL)
2025-03-19 23:09:02 [DEBUG] - SchedulerCalendarUI - Extracted task: NM (AVD) starts at 2025-04-08 08:00:00+07:00 and ends at 2025-04-08 16:00:00+07:00 for employee: ณัฐฐิกานต์ มีลาภ (NM)
2025-03-19 23:09:02 [DEBUG] - SchedulerCalendarUI - Extracted task: WW (OBSERVE) starts at 2025-04-08 08:00:00+07:00 and ends at 2025-04-08 16:00:00+07:00 for employee: วชิระ วงศ์ธนสารสิน (WW)
2025-03-19 23:09:02 [DEBUG] - SchedulerCalendarUI - Extracted task: PT (SERVICE1+) starts at 2025-04-08 08:00:00+07:00 and ends at 2025-04-08 12:00:00+07:00 for employee: ปริญญา เทียนวิบูลย์ (PT)
2025-03-19 23:09:02 [DEBUG] - SchedulerCalendarUI - Extracted task: SS (SERVICE1) starts at 2025-04-08 08:00:00+07:00 and ends at 2025-04-08 12:00:00+07:00 for employee: สริยา เสือแซมเสริม (SS)
2025-03-19 23:09:02 [DEBUG] - SchedulerCalendarUI - Extracted task: BW (EMS) starts at 2025-04-08 08:00:00+07:00 and ends at 2025-04-08 16:00:00+07:00 for employee: บวร วิทยชำนาญกุล (BW)
2025-03-19 23:09:02 [DEBUG] - SchedulerCalendarUI - Extracted task: KS,PU,KL,หวาน,หมิว: ประชุมundergrad starts at 2025-04-08 10:00:00+07:00 and ends at 2025-04-08 12:00:00+07:00 for employee: กรองกาญจน์ สุธรรม (KS), พิมพ์พรรณ อัศวสุรอิน (PU), กอสิน เลาหะวิสุทธิ์ (KL)
2025-03-19 23:09:02 [DEBUG] - SchedulerCalendarUI - Extracted task: BC เป็นวิทยากร พยาบาล ระบบส่งต่อทารกแรกเกิด starts at 2025-04-08 10:30:00+07:00 and ends at 2025-04-08 12:00:00+07:00 for employee: บริบูรณ์ เชนธนากิจ (BC)
2025-03-19 23:09:02 [DEBUG] - SchedulerCalendarUI - Extracted task: PT (SERVICE2+) starts at 2025-04-08 12:00:00+07:00 and ends at 2025-04-08 16:00:00+07:00 for employee: ปริญญา เทียนวิบูลย์ (PT)
2025-03-19 23:09:02 [DEBUG] - SchedulerCalendarUI - Extracted task: SS (SERVICE2) starts at 2025-04-08 12:00:00+07:00 and ends at 2025-04-08 16:00:00+07:00 for employee: สริยา เสือแซมเสริม (SS)
2025-03-19 23:09:02 [DEBUG] - SchedulerCalendarUI - Extracted task: KL BW WW พี่เมย์ เข้าประชุม TQA หน่วยงาน starts at 2025-04-08 13:00:00+07:00 and ends at 2025-04-08 16:00:00+07:00 for employee: กอสิน เลาหะวิสุทธิ์ (KL), บวร วิทยชำนาญกุล (BW), วชิระ วงศ์ธนสารสิน (WW)
2025-03-19 23:09:02 [DEBUG] - SchedulerCalendarUI - Extracted task: NM (SERVICE NIGHT) starts at 2025-04-09 00:00:00+07:00 and ends at 2025-04-09 08:00:00+07:00 for employee: ณัฐฐิกานต์ มีลาภ (NM)
2025-03-19 23:09:02 [DEBUG] - SchedulerCalendarUI - Extracted task: KS Research day MedEdu starts at 2025-04-09 00:00:00+07:00 and ends at 2025-04-10 00:00:00+07:00 for employee: กรองกาญจน์ สุธรรม (KS)
2025-03-19 23:09:02 [DEBUG] - SchedulerCalendarUI - Extracted task: WW (OBSERVE) starts at 2025-04-09 08:00:00+07:00 and ends at 2025-04-09 16:00:00+07:00 for employee: วชิระ วงศ์ธนสารสิน (WW)
2025-03-19 23:09:02 [DEBUG] - SchedulerCalendarUI - Extracted task: BW renew BLS พยาบาล starts at 2025-04-09 08:00:00+07:00 and ends at 2025-04-09 09:00:00+07:00 for employee: บวร วิทยชำนาญกุล (BW)
2025-03-19 23:09:02 [DEBUG] - SchedulerCalendarUI - Extracted task: PU (SERVICE1) starts at 2025-04-09 08:00:00+07:00 and ends at 2025-04-09 12:00:00+07:00 for employee: พิมพ์พรรณ อัศวสุรอิน (PU)
2025-03-19 23:09:02 [DEBUG] - SchedulerCalendarUI - Extracted task: PT (AVD) starts at 2025-04-09 08:00:00+07:00 and ends at 2025-04-09 16:00:00+07:00 for employee: ปริญญา เทียนวิบูลย์ (PT)
2025-03-19 23:09:02 [DEBUG] - SchedulerCalendarUI - Extracted task: WL (SERVICE1+) starts at 2025-04-09 08:00:00+07:00 and ends at 2025-04-09 12:00:00+07:00 for employee: วิพุธ เล้าสุขศรี (WL)
2025-03-19 23:09:02 [DEBUG] - SchedulerCalendarUI - Extracted task: BW (EMS) starts at 2025-04-09 08:00:00+07:00 and ends at 2025-04-09 16:00:00+07:00 for employee: บวร วิทยชำนาญกุล (BW)
2025-03-19 23:09:02 [DEBUG] - SchedulerCalendarUI - Extracted task: KL กรรมการตัดสินวิจัยนศพ ผ่าน Zoom (9-10 น) starts at 2025-04-09 09:00:00+07:00 and ends at 2025-04-09 10:00:00+07:00 for employee: กอสิน เลาหะวิสุทธิ์ (KL)
2025-03-19 23:09:02 [DEBUG] - SchedulerCalendarUI - Extracted task: CC กรรมการตัดสินวิจัยนศพ ผ่าน Zoom (10-12 น) starts at 2025-04-09 10:00:00+07:00 and ends at 2025-04-09 12:00:00+07:00 for employee: ชานนท์ ช่างรัตนากร (CC)
2025-03-19 23:09:02 [DEBUG] - SchedulerCalendarUI - Extracted task: WL (SERVICE2+) starts at 2025-04-09 12:00:00+07:00 and ends at 2025-04-09 16:00:00+07:00 for employee: วิพุธ เล้าสุขศรี (WL)
2025-03-19 23:09:02 [DEBUG] - SchedulerCalendarUI - Extracted task: PU (SERVICE2) starts at 2025-04-09 12:00:00+07:00 and ends at 2025-04-09 16:00:00+07:00 for employee: พิมพ์พรรณ อัศวสุรอิน (PU)
2025-03-19 23:09:02 [DEBUG] - SchedulerCalendarUI - Extracted task: KS KL PU พี่หวาน พี่หมิว ตัดเกรดปี 6 starts at 2025-04-10 00:00:00+07:00 and ends at 2025-04-12 00:00:00+07:00 for employee: กรองกาญจน์ สุธรรม (KS), กอสิน เลาหะวิสุทธิ์ (KL), พิมพ์พรรณ อัศวสุรอิน (PU)
2025-03-19 23:09:02 [DEBUG] - SchedulerCalendarUI - Extracted task: PC (SERVICE NIGHT) starts at 2025-04-10 00:00:00+07:00 and ends at 2025-04-10 08:00:00+07:00 for employee: พัณณ์ชิตา ชำนาญกิจวณิชย์ (PC)
2025-03-19 23:09:02 [DEBUG] - SchedulerCalendarUI - Extracted task: BC (AVD) starts at 2025-04-10 08:00:00+07:00 and ends at 2025-04-10 16:00:00+07:00 for employee: บริบูรณ์ เชนธนากิจ (BC)
2025-03-19 23:09:02 [DEBUG] - SchedulerCalendarUI - Extracted task: BW (EMS) starts at 2025-04-10 08:00:00+07:00 and ends at 2025-04-10 16:00:00+07:00 for employee: บวร วิทยชำนาญกุล (BW)
2025-03-19 23:09:02 [DEBUG] - SchedulerCalendarUI - Extracted task: WW (OBSERVE) starts at 2025-04-10 08:00:00+07:00 and ends at 2025-04-10 16:00:00+07:00 for employee: วชิระ วงศ์ธนสารสิน (WW)
2025-03-19 23:09:02 [DEBUG] - SchedulerCalendarUI - Extracted task: SS (SERVICE1+) starts at 2025-04-10 08:00:00+07:00 and ends at 2025-04-10 12:00:00+07:00 for employee: สริยา เสือแซมเสริม (SS)
2025-03-19 23:09:02 [DEBUG] - SchedulerCalendarUI - Extracted task: WL (SERVICE1) starts at 2025-04-10 08:00:00+07:00 and ends at 2025-04-10 12:00:00+07:00 for employee: วิพุธ เล้าสุขศรี (WL)
2025-03-19 23:09:02 [DEBUG] - SchedulerCalendarUI - Extracted task: SS (SERVICE2+) starts at 2025-04-10 12:00:00+07:00 and ends at 2025-04-10 16:00:00+07:00 for employee: สริยา เสือแซมเสริม (SS)
2025-03-19 23:09:02 [DEBUG] - SchedulerCalendarUI - Extracted task: WL (SERVICE2) starts at 2025-04-10 12:00:00+07:00 and ends at 2025-04-10 16:00:00+07:00 for employee: วิพุธ เล้าสุขศรี (WL)
2025-03-19 23:09:02 [DEBUG] - SchedulerCalendarUI - Extracted task: BW ประชุมยุทธศาสตร์ (วฉท) starts at 2025-04-10 13:00:00+07:00 and ends at 2025-04-10 15:30:00+07:00 for employee: บวร วิทยชำนาญกุล (BW)
2025-03-19 23:09:02 [DEBUG] - SchedulerCalendarUI - Extracted task: BK (SMC) starts at 2025-04-11 00:00:00+07:00 and ends at 2025-04-12 00:00:00+07:00 for employee: บุญฤทธิ์ คำทิพย์ (BK)
2025-03-19 23:09:02 [DEBUG] - SchedulerCalendarUI - Extracted task: PC unavailable starts at 2025-04-11 00:00:00+07:00 and ends at 2025-04-15 00:00:00+07:00 for employee: พัณณ์ชิตา ชำนาญกิจวณิชย์ (PC)
2025-03-19 23:09:02 [DEBUG] - SchedulerCalendarUI - Extracted task: BW (EMS) starts at 2025-04-11 08:00:00+07:00 and ends at 2025-04-11 16:00:00+07:00 for employee: บวร วิทยชำนาญกุล (BW)
2025-03-19 23:09:02 [DEBUG] - SchedulerCalendarUI - Extracted task: WL (AVD) starts at 2025-04-11 08:00:00+07:00 and ends at 2025-04-11 16:00:00+07:00 for employee: วิพุธ เล้าสุขศรี (WL)
2025-03-19 23:09:02 [DEBUG] - SchedulerCalendarUI - Extracted task: WW (OBSERVE) starts at 2025-04-11 08:00:00+07:00 and ends at 2025-04-11 16:00:00+07:00 for employee: วชิระ วงศ์ธนสารสิน (WW)
2025-03-19 23:09:02 [DEBUG] - SchedulerCalendarUI - Extracted task: PT (SERVICE1+) starts at 2025-04-11 08:00:00+07:00 and ends at 2025-04-11 12:00:00+07:00 for employee: ปริญญา เทียนวิบูลย์ (PT)
2025-03-19 23:09:02 [DEBUG] - SchedulerCalendarUI - Extracted task: NM (SERVICE1) starts at 2025-04-11 08:00:00+07:00 and ends at 2025-04-11 12:00:00+07:00 for employee: ณัฐฐิกานต์ มีลาภ (NM)
2025-03-19 23:09:02 [DEBUG] - SchedulerCalendarUI - Extracted task: WW Research Clinic starts at 2025-04-11 09:00:00+07:00 and ends at 2025-04-11 12:00:00+07:00 for employee: วชิระ วงศ์ธนสารสิน (WW)
2025-03-19 23:09:02 [DEBUG] - SchedulerCalendarUI - Extracted task: PU (SERVICE2) starts at 2025-04-11 12:00:00+07:00 and ends at 2025-04-11 16:00:00+07:00 for employee: พิมพ์พรรณ อัศวสุรอิน (PU)
2025-03-19 23:09:02 [DEBUG] - SchedulerCalendarUI - Extracted task: PT (SERVICE2+) starts at 2025-04-11 12:00:00+07:00 and ends at 2025-04-11 16:00:00+07:00 for employee: ปริญญา เทียนวิบูลย์ (PT)
2025-03-19 23:09:02 [DEBUG] - SchedulerCalendarUI - Extracted task: BW ประชุม HR starts at 2025-04-11 13:30:00+07:00 and ends at 2025-04-11 16:00:00+07:00 for employee: บวร วิทยชำนาญกุล (BW)
2025-03-19 23:09:02 [DEBUG] - SchedulerCalendarUI - Extracted task: BK เรียน starts at 2025-04-12 00:00:00+07:00 and ends at 2025-04-14 00:00:00+07:00 for employee: บุญฤทธิ์ คำทิพย์ (BK)
2025-03-19 23:09:02 [DEBUG] - SchedulerCalendarUI - Extracted task: BW vac starts at 2025-04-12 00:00:00+07:00 and ends at 2025-04-21 00:00:00+07:00 for employee: บวร วิทยชำนาญกุล (BW)
2025-03-19 23:09:02 [DEBUG] - SchedulerCalendarUI - Extracted task: SS (AVD) starts at 2025-04-12 08:00:00+07:00 and ends at 2025-04-12 16:00:00+07:00 for employee: สริยา เสือแซมเสริม (SS)
2025-03-19 23:09:02 [DEBUG] - SchedulerCalendarUI - Extracted task: KK (AVD) starts at 2025-04-13 08:00:00+07:00 and ends at 2025-04-13 16:00:00+07:00 for employee: กรีฑา คำเนียม (KK)
2025-03-19 23:09:02 [DEBUG] - SchedulerCalendarUI - Extracted task: BK ลากลับบ้าน starts at 2025-04-14 00:00:00+07:00 and ends at 2025-04-17 00:00:00+07:00 for employee: บุญฤทธิ์ คำทิพย์ (BK)
2025-03-19 23:09:02 [DEBUG] - SchedulerCalendarUI - Extracted task: BK (AVD) starts at 2025-04-14 08:00:00+07:00 and ends at 2025-04-14 16:00:00+07:00 for employee: บุญฤทธิ์ คำทิพย์ (BK)
2025-03-19 23:09:02 [DEBUG] - SchedulerCalendarUI - Extracted task: NM WL น้องอีฟ พี่เมย์ ประชุมรับทราบผลการประชุม อฝส.  starts at 2025-04-14 09:00:00+07:00 and ends at 2025-04-14 12:00:00+07:00 for employee: ณัฐฐิกานต์ มีลาภ (NM), วิพุธ เล้าสุขศรี (WL)
2025-03-19 23:09:02 [DEBUG] - SchedulerCalendarUI - Extracted task: BK weekly meeting SMC starts at 2025-04-14 09:00:00+07:00 and ends at 2025-04-14 12:00:00+07:00 for employee: บุญฤทธิ์ คำทิพย์ (BK)
2025-03-19 23:09:02 [DEBUG] - SchedulerCalendarUI - Extracted task: BW ประชุม HR starts at 2025-04-14 13:30:00+07:00 and ends at 2025-04-14 16:00:00+07:00 for employee: บวร วิทยชำนาญกุล (BW)
2025-03-19 23:09:02 [DEBUG] - SchedulerCalendarUI - Extracted task: WL เรียน AI starts at 2025-04-15 00:00:00+07:00 and ends at 2025-04-16 00:00:00+07:00 for employee: วิพุธ เล้าสุขศรี (WL)
2025-03-19 23:09:02 [DEBUG] - SchedulerCalendarUI - Extracted task: KS (SERVICE NIGHT) starts at 2025-04-15 00:00:00+07:00 and ends at 2025-04-15 08:00:00+07:00 for employee: กรองกาญจน์ สุธรรม (KS)
2025-03-19 23:09:02 [DEBUG] - SchedulerCalendarUI - Extracted task: NM (AVD) starts at 2025-04-15 08:00:00+07:00 and ends at 2025-04-15 16:00:00+07:00 for employee: ณัฐฐิกานต์ มีลาภ (NM)
2025-03-19 23:09:02 [DEBUG] - SchedulerCalendarUI - Extracted task: WW (SERVICE NIGHT) starts at 2025-04-16 00:00:00+07:00 and ends at 2025-04-16 08:00:00+07:00 for employee: วชิระ วงศ์ธนสารสิน (WW)
2025-03-19 23:09:02 [DEBUG] - SchedulerCalendarUI - Extracted task: PC (AVD) starts at 2025-04-16 08:00:00+07:00 and ends at 2025-04-16 16:00:00+07:00 for employee: พัณณ์ชิตา ชำนาญกิจวณิชย์ (PC)
2025-03-19 23:09:02 [DEBUG] - SchedulerCalendarUI - Extracted task: NM (AMD) starts at 2025-04-16 08:00:00+07:00 and ends at 2025-04-16 16:00:00+07:00 for employee: ณัฐฐิกานต์ มีลาภ (NM)
2025-03-19 23:09:02 [DEBUG] - SchedulerCalendarUI - Extracted task: SS (SERVICE NIGHT) starts at 2025-04-17 00:00:00+07:00 and ends at 2025-04-17 08:00:00+07:00 for employee: สริยา เสือแซมเสริม (SS)
2025-03-19 23:09:02 [DEBUG] - SchedulerCalendarUI - Extracted task: PUลา starts at 2025-04-17 00:00:00+07:00 and ends at 2025-04-19 00:00:00+07:00 for employee: พิมพ์พรรณ อัศวสุรอิน (PU)
2025-03-19 23:09:02 [DEBUG] - SchedulerCalendarUI - Extracted task: BC (AMD) starts at 2025-04-17 08:00:00+07:00 and ends at 2025-04-17 16:00:00+07:00 for employee: บริบูรณ์ เชนธนากิจ (BC)
2025-03-19 23:09:02 [DEBUG] - SchedulerCalendarUI - Extracted task: PT (OBSERVE) starts at 2025-04-17 08:00:00+07:00 and ends at 2025-04-17 16:00:00+07:00 for employee: ปริญญา เทียนวิบูลย์ (PT)
2025-03-19 23:09:02 [DEBUG] - SchedulerCalendarUI - Extracted task: BK (SERVICE1) starts at 2025-04-17 08:00:00+07:00 and ends at 2025-04-17 12:00:00+07:00 for employee: บุญฤทธิ์ คำทิพย์ (BK)
2025-03-19 23:09:02 [DEBUG] - SchedulerCalendarUI - Extracted task: BC (SERVICE1+) starts at 2025-04-17 08:00:00+07:00 and ends at 2025-04-17 12:00:00+07:00 for employee: บริบูรณ์ เชนธนากิจ (BC)
2025-03-19 23:09:02 [DEBUG] - SchedulerCalendarUI - Extracted task: KS (AVD) starts at 2025-04-17 08:00:00+07:00 and ends at 2025-04-17 16:00:00+07:00 for employee: กรองกาญจน์ สุธรรม (KS)
2025-03-19 23:09:02 [DEBUG] - SchedulerCalendarUI - Extracted task: KL (EMS) starts at 2025-04-17 08:00:00+07:00 and ends at 2025-04-17 16:00:00+07:00 for employee: กอสิน เลาหะวิสุทธิ์ (KL)
2025-03-19 23:09:02 [DEBUG] - SchedulerCalendarUI - Extracted task: BC (SERVICE2+) starts at 2025-04-17 12:00:00+07:00 and ends at 2025-04-17 16:00:00+07:00 for employee: บริบูรณ์ เชนธนากิจ (BC)
2025-03-19 23:09:02 [DEBUG] - SchedulerCalendarUI - Extracted task: BK (SERVICE2) starts at 2025-04-17 12:00:00+07:00 and ends at 2025-04-17 16:00:00+07:00 for employee: บุญฤทธิ์ คำทิพย์ (BK)
2025-03-19 23:09:02 [DEBUG] - SchedulerCalendarUI - Extracted task: BW ประชุมคณะฯ (801) starts at 2025-04-17 13:00:00+07:00 and ends at 2025-04-17 16:00:00+07:00 for employee: บวร วิทยชำนาญกุล (BW)
2025-03-19 23:09:02 [DEBUG] - SchedulerCalendarUI - Extracted task: BK (SMC) starts at 2025-04-18 00:00:00+07:00 and ends at 2025-04-19 00:00:00+07:00 for employee: บุญฤทธิ์ คำทิพย์ (BK)
2025-03-19 23:09:02 [DEBUG] - SchedulerCalendarUI - Extracted task: KS (SERVICE1+) starts at 2025-04-18 08:00:00+07:00 and ends at 2025-04-18 12:00:00+07:00 for employee: กรองกาญจน์ สุธรรม (KS)
2025-03-19 23:09:02 [DEBUG] - SchedulerCalendarUI - Extracted task: KL (EMS) starts at 2025-04-18 08:00:00+07:00 and ends at 2025-04-18 16:00:00+07:00 for employee: กอสิน เลาหะวิสุทธิ์ (KL)
2025-03-19 23:09:02 [DEBUG] - SchedulerCalendarUI - Extracted task: PT (OBSERVE) starts at 2025-04-18 08:00:00+07:00 and ends at 2025-04-18 16:00:00+07:00 for employee: ปริญญา เทียนวิบูลย์ (PT)
2025-03-19 23:09:02 [DEBUG] - SchedulerCalendarUI - Extracted task: BC (AVD) starts at 2025-04-18 08:00:00+07:00 and ends at 2025-04-18 16:00:00+07:00 for employee: บริบูรณ์ เชนธนากิจ (BC)
2025-03-19 23:09:02 [DEBUG] - SchedulerCalendarUI - Extracted task: KS (AMD) starts at 2025-04-18 08:00:00+07:00 and ends at 2025-04-18 16:00:00+07:00 for employee: กรองกาญจน์ สุธรรม (KS)
2025-03-19 23:09:02 [DEBUG] - SchedulerCalendarUI - Extracted task: CC (SERVICE1) starts at 2025-04-18 08:00:00+07:00 and ends at 2025-04-18 12:00:00+07:00 for employee: ชานนท์ ช่างรัตนากร (CC)
2025-03-19 23:09:02 [DEBUG] - SchedulerCalendarUI - Extracted task: WW Research Clinic starts at 2025-04-18 09:00:00+07:00 and ends at 2025-04-18 12:00:00+07:00 for employee: วชิระ วงศ์ธนสารสิน (WW)
2025-03-19 23:09:02 [DEBUG] - SchedulerCalendarUI - Extracted task: CC (SERVICE2) starts at 2025-04-18 12:00:00+07:00 and ends at 2025-04-18 16:00:00+07:00 for employee: ชานนท์ ช่างรัตนากร (CC)
2025-03-19 23:09:02 [DEBUG] - SchedulerCalendarUI - Extracted task: KS (SERVICE2+) starts at 2025-04-18 12:00:00+07:00 and ends at 2025-04-18 16:00:00+07:00 for employee: กรองกาญจน์ สุธรรม (KS)
2025-03-19 23:09:02 [DEBUG] - SchedulerCalendarUI - Extracted task: BW ประชุม HR starts at 2025-04-18 13:30:00+07:00 and ends at 2025-04-18 16:00:00+07:00 for employee: บวร วิทยชำนาญกุล (BW)
2025-03-19 23:09:02 [DEBUG] - SchedulerCalendarUI - Extracted task: BK เรียน starts at 2025-04-19 00:00:00+07:00 and ends at 2025-04-21 00:00:00+07:00 for employee: บุญฤทธิ์ คำทิพย์ (BK)
2025-03-19 23:09:02 [DEBUG] - SchedulerCalendarUI - Extracted task: KK (AMD) starts at 2025-04-19 08:00:00+07:00 and ends at 2025-04-19 16:00:00+07:00 for employee: กรีฑา คำเนียม (KK)
2025-03-19 23:09:02 [DEBUG] - SchedulerCalendarUI - Extracted task: WL (AVD) starts at 2025-04-19 08:00:00+07:00 and ends at 2025-04-19 16:00:00+07:00 for employee: วิพุธ เล้าสุขศรี (WL)
2025-03-19 23:09:02 [DEBUG] - SchedulerCalendarUI - Extracted task: KS พิธีรับกาวน์  starts at 2025-04-20 00:00:00+07:00 and ends at 2025-04-21 00:00:00+07:00 for employee: กรองกาญจน์ สุธรรม (KS)
2025-03-19 23:09:02 [DEBUG] - SchedulerCalendarUI - Extracted task: KL (AVD) starts at 2025-04-20 08:00:00+07:00 and ends at 2025-04-20 16:00:00+07:00 for employee: กอสิน เลาหะวิสุทธิ์ (KL)
2025-03-19 23:09:02 [DEBUG] - SchedulerCalendarUI - Extracted task: PT (AMD) starts at 2025-04-20 08:00:00+07:00 and ends at 2025-04-20 16:00:00+07:00 for employee: ปริญญา เทียนวิบูลย์ (PT)
2025-03-19 23:09:02 [DEBUG] - SchedulerCalendarUI - Extracted task: PT สอน ACLS renewal starts at 2025-04-21 00:00:00+07:00 and ends at 2025-04-22 00:00:00+07:00 for employee: ปริญญา เทียนวิบูลย์ (PT)
2025-03-19 23:09:02 [DEBUG] - SchedulerCalendarUI - Extracted task: WW 1st meeting นศ ช่วยวิจัย x4 กลุ่ม starts at 2025-04-21 00:00:00+07:00 and ends at 2025-04-22 00:00:00+07:00 for employee: วชิระ วงศ์ธนสารสิน (WW)
2025-03-19 23:09:02 [DEBUG] - SchedulerCalendarUI - Extracted task: Elective ต่างชาติ 21 เม.ย.- 9 พค 68 -WW ดูแล starts at 2025-04-21 00:00:00+07:00 and ends at 2025-04-22 00:00:00+07:00 for employee: วชิระ วงศ์ธนสารสิน (WW)
2025-03-19 23:09:02 [DEBUG] - SchedulerCalendarUI - Extracted task: WW BW อบรมทุนวิจัย starts at 2025-04-21 00:00:00+07:00 and ends at 2025-04-22 00:00:00+07:00 for employee: วชิระ วงศ์ธนสารสิน (WW), บวร วิทยชำนาญกุล (BW)
2025-03-19 23:09:02 [DEBUG] - SchedulerCalendarUI - Extracted task: WL (EMS) starts at 2025-04-21 08:00:00+07:00 and ends at 2025-04-21 16:00:00+07:00 for employee: วิพุธ เล้าสุขศรี (WL)
2025-03-19 23:09:02 [DEBUG] - SchedulerCalendarUI - Extracted task: PU (AMD) starts at 2025-04-21 08:00:00+07:00 and ends at 2025-04-21 16:00:00+07:00 for employee: พิมพ์พรรณ อัศวสุรอิน (PU)
2025-03-19 23:09:02 [DEBUG] - SchedulerCalendarUI - Extracted task: BC (OBSERVE) starts at 2025-04-21 08:00:00+07:00 and ends at 2025-04-21 16:00:00+07:00 for employee: บริบูรณ์ เชนธนากิจ (BC)
2025-03-19 23:09:02 [DEBUG] - SchedulerCalendarUI - Extracted task: CC (SERVICE1) starts at 2025-04-21 08:00:00+07:00 and ends at 2025-04-21 12:00:00+07:00 for employee: ชานนท์ ช่างรัตนากร (CC)
2025-03-19 23:09:02 [DEBUG] - SchedulerCalendarUI - Extracted task: KS (AVD) starts at 2025-04-21 08:00:00+07:00 and ends at 2025-04-21 16:00:00+07:00 for employee: กรองกาญจน์ สุธรรม (KS)
2025-03-19 23:09:02 [DEBUG] - SchedulerCalendarUI - Extracted task: KL (SERVICE1+) starts at 2025-04-21 08:00:00+07:00 and ends at 2025-04-21 12:00:00+07:00 for employee: กอสิน เลาหะวิสุทธิ์ (KL)
2025-03-19 23:09:02 [DEBUG] - SchedulerCalendarUI - Extracted task: BK weekly meeting SMC starts at 2025-04-21 09:00:00+07:00 and ends at 2025-04-21 12:00:00+07:00 for employee: บุญฤทธิ์ คำทิพย์ (BK)
2025-03-19 23:09:02 [DEBUG] - SchedulerCalendarUI - Extracted task: KL (SERVICE2+) starts at 2025-04-21 12:00:00+07:00 and ends at 2025-04-21 16:00:00+07:00 for employee: กอสิน เลาหะวิสุทธิ์ (KL)
2025-03-19 23:09:02 [DEBUG] - SchedulerCalendarUI - Extracted task: CC (SERVICE2) starts at 2025-04-21 12:00:00+07:00 and ends at 2025-04-21 16:00:00+07:00 for employee: ชานนท์ ช่างรัตนากร (CC)
2025-03-19 23:09:02 [DEBUG] - SchedulerCalendarUI - Extracted task: PU ประชุม Case Observe KPI starts at 2025-04-21 13:00:00+07:00 and ends at 2025-04-21 14:00:00+07:00 for employee: พิมพ์พรรณ อัศวสุรอิน (PU)
2025-03-19 23:09:02 [DEBUG] - SchedulerCalendarUI - Extracted task: BW ประชุม HR starts at 2025-04-21 13:30:00+07:00 and ends at 2025-04-21 16:00:00+07:00 for employee: บวร วิทยชำนาญกุล (BW)
2025-03-19 23:09:02 [DEBUG] - SchedulerCalendarUI - Extracted task: WL เรียน AI starts at 2025-04-22 00:00:00+07:00 and ends at 2025-04-23 00:00:00+07:00 for employee: วิพุธ เล้าสุขศรี (WL)
2025-03-19 23:09:02 [DEBUG] - SchedulerCalendarUI - Extracted task: BK (SMC) starts at 2025-04-22 00:00:00+07:00 and ends at 2025-04-23 00:00:00+07:00 for employee: บุญฤทธิ์ คำทิพย์ (BK)
2025-03-19 23:09:02 [DEBUG] - SchedulerCalendarUI - Extracted task: PU (SERVICE NIGHT) starts at 2025-04-22 00:00:00+07:00 and ends at 2025-04-22 08:00:00+07:00 for employee: พิมพ์พรรณ อัศวสุรอิน (PU)
2025-03-19 23:09:02 [DEBUG] - SchedulerCalendarUI - Extracted task: KL (SERVICE1) starts at 2025-04-22 08:00:00+07:00 and ends at 2025-04-22 12:00:00+07:00 for employee: กอสิน เลาหะวิสุทธิ์ (KL)
2025-03-19 23:09:02 [DEBUG] - SchedulerCalendarUI - Extracted task: NM (SERVICE1+) starts at 2025-04-22 08:00:00+07:00 and ends at 2025-04-22 12:00:00+07:00 for employee: ณัฐฐิกานต์ มีลาภ (NM)
2025-03-19 23:09:02 [DEBUG] - SchedulerCalendarUI - Extracted task: BC (OBSERVE) starts at 2025-04-22 08:00:00+07:00 and ends at 2025-04-22 16:00:00+07:00 for employee: บริบูรณ์ เชนธนากิจ (BC)
2025-03-19 23:09:02 [DEBUG] - SchedulerCalendarUI - Extracted task: BW (AMD) starts at 2025-04-22 08:00:00+07:00 and ends at 2025-04-22 16:00:00+07:00 for employee: บวร วิทยชำนาญกุล (BW)
2025-03-19 23:09:02 [DEBUG] - SchedulerCalendarUI - Extracted task: CC (AVD) starts at 2025-04-22 08:00:00+07:00 and ends at 2025-04-22 16:00:00+07:00 for employee: ชานนท์ ช่างรัตนากร (CC)
2025-03-19 23:09:02 [DEBUG] - SchedulerCalendarUI - Extracted task: WL (EMS) starts at 2025-04-22 08:00:00+07:00 and ends at 2025-04-22 16:00:00+07:00 for employee: วิพุธ เล้าสุขศรี (WL)
2025-03-19 23:09:02 [DEBUG] - SchedulerCalendarUI - Extracted task: Lunch DKSH (sanofi vaccine) starts at 2025-04-22 12:00:00+07:00 and ends at 2025-04-22 13:00:00+07:00 for employee: กรองกาญจน์ สุธรรม (KS)
2025-03-19 23:09:02 [DEBUG] - SchedulerCalendarUI - Extracted task: NM (SERVICE2+) starts at 2025-04-22 12:00:00+07:00 and ends at 2025-04-22 16:00:00+07:00 for employee: ณัฐฐิกานต์ มีลาภ (NM)
2025-03-19 23:09:02 [DEBUG] - SchedulerCalendarUI - Extracted task: KL (SERVICE2) starts at 2025-04-22 12:00:00+07:00 and ends at 2025-04-22 16:00:00+07:00 for employee: กอสิน เลาหะวิสุทธิ์ (KL)
2025-03-19 23:09:02 [DEBUG] - SchedulerCalendarUI - Extracted task: KS PT คกก สรรหา starts at 2025-04-22 14:30:00+07:00 and ends at 2025-04-22 15:30:00+07:00 for employee: กรองกาญจน์ สุธรรม (KS), ปริญญา เทียนวิบูลย์ (PT)
2025-03-19 23:09:02 [DEBUG] - SchedulerCalendarUI - Extracted task: BW KS PU KL WL พี่หวาน หมิว ประชุม 3 สถาบัน ครั้งที่ 2/67 LPH starts at 2025-04-23 00:00:00+07:00 and ends at 2025-04-24 00:00:00+07:00 for employee: บวร วิทยชำนาญกุล (BW), กรองกาญจน์ สุธรรม (KS), พิมพ์พรรณ อัศวสุรอิน (PU), กอสิน เลาหะวิสุทธิ์ (KL), วิพุธ เล้าสุขศรี (WL)
2025-03-19 23:09:02 [DEBUG] - SchedulerCalendarUI - Extracted task: PT ลา starts at 2025-04-23 00:00:00+07:00 and ends at 2025-04-24 00:00:00+07:00 for employee: ปริญญา เทียนวิบูลย์ (PT)
2025-03-19 23:09:02 [DEBUG] - SchedulerCalendarUI - Extracted task: PC (SERVICE NIGHT) starts at 2025-04-23 00:00:00+07:00 and ends at 2025-04-23 08:00:00+07:00 for employee: พัณณ์ชิตา ชำนาญกิจวณิชย์ (PC)
2025-03-19 23:09:02 [DEBUG] - SchedulerCalendarUI - Extracted task: CC (SERVICE1+) starts at 2025-04-23 08:00:00+07:00 and ends at 2025-04-23 12:00:00+07:00 for employee: ชานนท์ ช่างรัตนากร (CC)
2025-03-19 23:09:02 [DEBUG] - SchedulerCalendarUI - Extracted task: BC (OBSERVE) starts at 2025-04-23 08:00:00+07:00 and ends at 2025-04-23 16:00:00+07:00 for employee: บริบูรณ์ เชนธนากิจ (BC)
2025-03-19 23:09:02 [DEBUG] - SchedulerCalendarUI - Extracted task: BK (AVD) starts at 2025-04-23 08:00:00+07:00 and ends at 2025-04-23 16:00:00+07:00 for employee: บุญฤทธิ์ คำทิพย์ (BK)
2025-03-19 23:09:02 [DEBUG] - SchedulerCalendarUI - Extracted task: WL (EMS) starts at 2025-04-23 08:00:00+07:00 and ends at 2025-04-23 16:00:00+07:00 for employee: วิพุธ เล้าสุขศรี (WL)
2025-03-19 23:09:02 [DEBUG] - SchedulerCalendarUI - Extracted task: NM (SERVICE1) starts at 2025-04-23 08:00:00+07:00 and ends at 2025-04-23 12:00:00+07:00 for employee: ณัฐฐิกานต์ มีลาภ (NM)
2025-03-19 23:09:02 [DEBUG] - SchedulerCalendarUI - Extracted task: SS (AMD) starts at 2025-04-23 08:00:00+07:00 and ends at 2025-04-23 16:00:00+07:00 for employee: สริยา เสือแซมเสริม (SS)
2025-03-19 23:09:02 [DEBUG] - SchedulerCalendarUI - Extracted task: NM (SERVICE2) starts at 2025-04-23 12:00:00+07:00 and ends at 2025-04-23 16:00:00+07:00 for employee: ณัฐฐิกานต์ มีลาภ (NM)
2025-03-19 23:09:02 [DEBUG] - SchedulerCalendarUI - Extracted task: CC (SERVICE2+) starts at 2025-04-23 12:00:00+07:00 and ends at 2025-04-23 16:00:00+07:00 for employee: ชานนท์ ช่างรัตนากร (CC)
2025-03-19 23:09:02 [DEBUG] - SchedulerCalendarUI - Extracted task: BW Director ACLS renewal starts at 2025-04-24 00:00:00+07:00 and ends at 2025-04-25 00:00:00+07:00 for employee: บวร วิทยชำนาญกุล (BW)
2025-03-19 23:09:02 [DEBUG] - SchedulerCalendarUI - Extracted task: WL ACLS นครสวรรค์ starts at 2025-04-24 00:00:00+07:00 and ends at 2025-04-30 00:00:00+07:00 for employee: วิพุธ เล้าสุขศรี (WL)
2025-03-19 23:09:02 [DEBUG] - SchedulerCalendarUI - Extracted task: KS POCCUS  starts at 2025-04-24 00:00:00+07:00 and ends at 2025-04-26 00:00:00+07:00 for employee: กรองกาญจน์ สุธรรม (KS), ชานนท์ ช่างรัตนากร (CC)
2025-03-19 23:09:02 [DEBUG] - SchedulerCalendarUI - Extracted task: PU renew ACLS + Instructor starts at 2025-04-24 00:00:00+07:00 and ends at 2025-04-26 00:00:00+07:00 for employee: พิมพ์พรรณ อัศวสุรอิน (PU)
2025-03-19 23:09:02 [DEBUG] - SchedulerCalendarUI - Extracted task: KL ACLS instructor starts at 2025-04-24 00:00:00+07:00 and ends at 2025-04-25 00:00:00+07:00 for employee: กอสิน เลาหะวิสุทธิ์ (KL)
2025-03-19 23:09:02 [DEBUG] - SchedulerCalendarUI - Extracted task: KK (SERVICE NIGHT) starts at 2025-04-24 00:00:00+07:00 and ends at 2025-04-24 08:00:00+07:00 for employee: กรีฑา คำเนียม (KK)
2025-03-19 23:09:02 [DEBUG] - SchedulerCalendarUI - Extracted task: PT SS EMS director starts at 2025-04-24 00:00:00+07:00 and ends at 2025-04-26 00:00:00+07:00 for employee: ปริญญา เทียนวิบูลย์ (PT), สริยา เสือแซมเสริม (SS)
2025-03-19 23:09:02 [DEBUG] - SchedulerCalendarUI - Extracted task: WW (SERVICE1+) starts at 2025-04-24 08:00:00+07:00 and ends at 2025-04-24 12:00:00+07:00 for employee: วชิระ วงศ์ธนสารสิน (WW)
2025-03-19 23:09:02 [DEBUG] - SchedulerCalendarUI - Extracted task: BC (OBSERVE) starts at 2025-04-24 08:00:00+07:00 and ends at 2025-04-24 16:00:00+07:00 for employee: บริบูรณ์ เชนธนากิจ (BC)
2025-03-19 23:09:02 [DEBUG] - SchedulerCalendarUI - Extracted task: WL (EMS) starts at 2025-04-24 08:00:00+07:00 and ends at 2025-04-24 16:00:00+07:00 for employee: วิพุธ เล้าสุขศรี (WL)
2025-03-19 23:09:02 [DEBUG] - SchedulerCalendarUI - Extracted task: NM (AVD) starts at 2025-04-24 08:00:00+07:00 and ends at 2025-04-24 16:00:00+07:00 for employee: ณัฐฐิกานต์ มีลาภ (NM)
2025-03-19 23:09:02 [DEBUG] - SchedulerCalendarUI - Extracted task: BK (AMD) starts at 2025-04-24 08:00:00+07:00 and ends at 2025-04-24 16:00:00+07:00 for employee: บุญฤทธิ์ คำทิพย์ (BK)
2025-03-19 23:09:02 [DEBUG] - SchedulerCalendarUI - Extracted task: PC (SERVICE1) starts at 2025-04-24 08:00:00+07:00 and ends at 2025-04-24 12:00:00+07:00 for employee: พัณณ์ชิตา ชำนาญกิจวณิชย์ (PC)
2025-03-19 23:09:02 [DEBUG] - SchedulerCalendarUI - Extracted task: PC (SERVICE2) starts at 2025-04-24 12:00:00+07:00 and ends at 2025-04-24 16:00:00+07:00 for employee: พัณณ์ชิตา ชำนาญกิจวณิชย์ (PC)
2025-03-19 23:09:02 [DEBUG] - SchedulerCalendarUI - Extracted task: WW (SERVICE2+) starts at 2025-04-24 12:00:00+07:00 and ends at 2025-04-24 16:00:00+07:00 for employee: วชิระ วงศ์ธนสารสิน (WW)
2025-03-19 23:09:02 [DEBUG] - SchedulerCalendarUI - Extracted task: BW Director Inst. starts at 2025-04-25 00:00:00+07:00 and ends at 2025-04-26 00:00:00+07:00 for employee: บวร วิทยชำนาญกุล (BW)
2025-03-19 23:09:02 [DEBUG] - SchedulerCalendarUI - Extracted task: BK (SMC) starts at 2025-04-25 00:00:00+07:00 and ends at 2025-04-26 00:00:00+07:00 for employee: บุญฤทธิ์ คำทิพย์ (BK)
2025-03-19 23:09:02 [DEBUG] - SchedulerCalendarUI - Extracted task: KL (SERVICE1) starts at 2025-04-25 08:00:00+07:00 and ends at 2025-04-25 12:00:00+07:00 for employee: กอสิน เลาหะวิสุทธิ์ (KL)
2025-03-19 23:09:02 [DEBUG] - SchedulerCalendarUI - Extracted task: KK (AVD) starts at 2025-04-25 08:00:00+07:00 and ends at 2025-04-25 16:00:00+07:00 for employee: กรีฑา คำเนียม (KK)
2025-03-19 23:09:02 [DEBUG] - SchedulerCalendarUI - Extracted task: WL (EMS) starts at 2025-04-25 08:00:00+07:00 and ends at 2025-04-25 16:00:00+07:00 for employee: วิพุธ เล้าสุขศรี (WL)
2025-03-19 23:09:02 [DEBUG] - SchedulerCalendarUI - Extracted task: BC (OBSERVE) starts at 2025-04-25 08:00:00+07:00 and ends at 2025-04-25 16:00:00+07:00 for employee: บริบูรณ์ เชนธนากิจ (BC)
2025-03-19 23:09:02 [DEBUG] - SchedulerCalendarUI - Extracted task: NM (SERVICE1+) starts at 2025-04-25 08:00:00+07:00 and ends at 2025-04-25 12:00:00+07:00 for employee: ณัฐฐิกานต์ มีลาภ (NM)
2025-03-19 23:09:02 [DEBUG] - SchedulerCalendarUI - Extracted task: PC (AMD) starts at 2025-04-25 08:00:00+07:00 and ends at 2025-04-25 16:00:00+07:00 for employee: พัณณ์ชิตา ชำนาญกิจวณิชย์ (PC)
2025-03-19 23:09:02 [DEBUG] - SchedulerCalendarUI - Extracted task: WW Research Clinic starts at 2025-04-25 09:00:00+07:00 and ends at 2025-04-25 12:00:00+07:00 for employee: วชิระ วงศ์ธนสารสิน (WW)
2025-03-19 23:09:02 [DEBUG] - SchedulerCalendarUI - Extracted task: KL (SERVICE2) starts at 2025-04-25 12:00:00+07:00 and ends at 2025-04-25 16:00:00+07:00 for employee: กอสิน เลาหะวิสุทธิ์ (KL)
2025-03-19 23:09:02 [DEBUG] - SchedulerCalendarUI - Extracted task: NM (SERVICE2+) starts at 2025-04-25 12:00:00+07:00 and ends at 2025-04-25 16:00:00+07:00 for employee: ณัฐฐิกานต์ มีลาภ (NM)
2025-03-19 23:09:02 [DEBUG] - SchedulerCalendarUI - Extracted task: BW ประชุม HR starts at 2025-04-25 13:30:00+07:00 and ends at 2025-04-25 16:00:00+07:00 for employee: บวร วิทยชำนาญกุล (BW)
2025-03-19 23:09:02 [DEBUG] - SchedulerCalendarUI - Extracted task: PU unavailable starts at 2025-04-26 00:00:00+07:00 and ends at 2025-04-28 00:00:00+07:00 for employee: พิมพ์พรรณ อัศวสุรอิน (PU)
2025-03-19 23:09:02 [DEBUG] - googleapiclient.discovery - URL being requested: GET https://www.googleapis.com/calendar/v3/calendars/em.cmu.teacher%40gmail.com/events?timeMin=2025-04-01T00%3A00%3A00Z&timeMax=2025-04-30T23%3A59%3A59.099999Z&singleEvents=true&orderBy=startTime&alt=json
2025-03-19 23:09:02 [WARNING] - googleapiclient.http - You have constructed a BatchHttpRequest using the legacy batch endpoint https://www.googleapis.com/batch. This endpoint will be turned down on August 12, 2020. Please provide the API-specific endpoint or use service.new_batch_http_request(). For more details see https://developers.googleblog.com/2018/03/discontinuing-support-for-json-rpc-and.htmland https://developers.google.com/api-client-library/python/guide/batch.
2025-03-19 23:09:02 [DEBUG] - googleapiclient.discovery - URL being requested: DELETE https://www.googleapis.com/calendar/v3/calendars/em.cmu.teacher%40gmail.com/events/diu3jlc89amfjlsl3l2og9pces?
2025-03-19 23:09:02 [DEBUG] - googleapiclient.discovery - URL being requested: DELETE https://www.googleapis.com/calendar/v3/calendars/em.cmu.teacher%40gmail.com/events/3t33pdi0ejbtoqrma8jt8lbtro?
2025-03-19 23:09:02 [DEBUG] - googleapiclient.discovery - URL being requested: DELETE https://www.googleapis.com/calendar/v3/calendars/em.cmu.teacher%40gmail.com/events/er0us6rreorb9frp0abuof7mrk?
2025-03-19 23:09:02 [DEBUG] - googleapiclient.discovery - URL being requested: DELETE https://www.googleapis.com/calendar/v3/calendars/em.cmu.teacher%40gmail.com/events/g7a4gfedlho6sg9k4378i7ia88?
2025-03-19 23:09:02 [DEBUG] - googleapiclient.discovery - URL being requested: DELETE https://www.googleapis.com/calendar/v3/calendars/em.cmu.teacher%40gmail.com/events/gslg3s6nbsa4ftdfnko2ahubp4?
2025-03-19 23:09:02 [DEBUG] - googleapiclient.discovery - URL being requested: DELETE https://www.googleapis.com/calendar/v3/calendars/em.cmu.teacher%40gmail.com/events/j7eeqah5tcli8rm1gmodn2fev8?
2025-03-19 23:09:02 [DEBUG] - googleapiclient.discovery - URL being requested: DELETE https://www.googleapis.com/calendar/v3/calendars/em.cmu.teacher%40gmail.com/events/ofblcqmthntsrttgrbbp8mi000?
2025-03-19 23:09:02 [DEBUG] - googleapiclient.discovery - URL being requested: DELETE https://www.googleapis.com/calendar/v3/calendars/em.cmu.teacher%40gmail.com/events/peckocklf7hbsi562i2dv3aoq8?
2025-03-19 23:09:02 [DEBUG] - googleapiclient.discovery - URL being requested: DELETE https://www.googleapis.com/calendar/v3/calendars/em.cmu.teacher%40gmail.com/events/ri7d2sh0pirbldhi9lkphr87oc?
2025-03-19 23:09:02 [DEBUG] - googleapiclient.discovery - URL being requested: DELETE https://www.googleapis.com/calendar/v3/calendars/em.cmu.teacher%40gmail.com/events/5vo57i3kc20r8djdbanpdgupus?
2025-03-19 23:09:02 [DEBUG] - googleapiclient.discovery - URL being requested: DELETE https://www.googleapis.com/calendar/v3/calendars/em.cmu.teacher%40gmail.com/events/ae5nunhhvghuqn3qiaopd61nsk?
2025-03-19 23:09:02 [DEBUG] - googleapiclient.discovery - URL being requested: DELETE https://www.googleapis.com/calendar/v3/calendars/em.cmu.teacher%40gmail.com/events/j9mk00n63s9pqpg92n5of1s8lc?
2025-03-19 23:09:02 [DEBUG] - googleapiclient.discovery - URL being requested: DELETE https://www.googleapis.com/calendar/v3/calendars/em.cmu.teacher%40gmail.com/events/kpmpqpfgmmq6hmrt1o2o2pseek?
2025-03-19 23:09:02 [DEBUG] - googleapiclient.discovery - URL being requested: DELETE https://www.googleapis.com/calendar/v3/calendars/em.cmu.teacher%40gmail.com/events/sbdnj4sv58756lj31nvitsd53s?
2025-03-19 23:09:02 [DEBUG] - googleapiclient.discovery - URL being requested: DELETE https://www.googleapis.com/calendar/v3/calendars/em.cmu.teacher%40gmail.com/events/6ep18kp2cbhqc6aihc281v7vog?
2025-03-19 23:09:02 [DEBUG] - googleapiclient.discovery - URL being requested: DELETE https://www.googleapis.com/calendar/v3/calendars/em.cmu.teacher%40gmail.com/events/v268r528eb9p6t02k9591ftf3s?
2025-03-19 23:09:03 [DEBUG] - googleapiclient.discovery - URL being requested: DELETE https://www.googleapis.com/calendar/v3/calendars/em.cmu.teacher%40gmail.com/events/5b24v3e649gtjl995fevlsogj4?
2025-03-19 23:09:03 [DEBUG] - googleapiclient.discovery - URL being requested: DELETE https://www.googleapis.com/calendar/v3/calendars/em.cmu.teacher%40gmail.com/events/1950d33hmop39cd4massrhjtf4?
2025-03-19 23:09:03 [DEBUG] - googleapiclient.discovery - URL being requested: DELETE https://www.googleapis.com/calendar/v3/calendars/em.cmu.teacher%40gmail.com/events/5ansicv5eub9l3t2k2skgqgv2g?
2025-03-19 23:09:03 [DEBUG] - googleapiclient.discovery - URL being requested: DELETE https://www.googleapis.com/calendar/v3/calendars/em.cmu.teacher%40gmail.com/events/92ucefamtaq0tqucqh4d4diju4?
2025-03-19 23:09:03 [DEBUG] - googleapiclient.discovery - URL being requested: DELETE https://www.googleapis.com/calendar/v3/calendars/em.cmu.teacher%40gmail.com/events/9508m3dh0nvqb8qlccm1u1bu14?
2025-03-19 23:09:03 [DEBUG] - googleapiclient.discovery - URL being requested: DELETE https://www.googleapis.com/calendar/v3/calendars/em.cmu.teacher%40gmail.com/events/mu68qa00e57qudn4rnll34ekf0?
2025-03-19 23:09:03 [DEBUG] - googleapiclient.discovery - URL being requested: DELETE https://www.googleapis.com/calendar/v3/calendars/em.cmu.teacher%40gmail.com/events/34ej2jv7a9l5t9gu0ia746u61s?
2025-03-19 23:09:03 [DEBUG] - googleapiclient.discovery - URL being requested: DELETE https://www.googleapis.com/calendar/v3/calendars/em.cmu.teacher%40gmail.com/events/m24dlmre2vdjbes8p0k1f5674k?
2025-03-19 23:09:03 [DEBUG] - googleapiclient.discovery - URL being requested: DELETE https://www.googleapis.com/calendar/v3/calendars/em.cmu.teacher%40gmail.com/events/0mgcpnv5odag91tvj4epmb4mno?
2025-03-19 23:09:03 [DEBUG] - googleapiclient.discovery - URL being requested: DELETE https://www.googleapis.com/calendar/v3/calendars/em.cmu.teacher%40gmail.com/events/0nets24fgdq2b7jcvlmabhj1uo?
2025-03-19 23:09:03 [DEBUG] - googleapiclient.discovery - URL being requested: DELETE https://www.googleapis.com/calendar/v3/calendars/em.cmu.teacher%40gmail.com/events/18j8sndqcl505qt319nvv11sc0?
2025-03-19 23:09:03 [DEBUG] - googleapiclient.discovery - URL being requested: DELETE https://www.googleapis.com/calendar/v3/calendars/em.cmu.teacher%40gmail.com/events/b1i3ilahddqjfs2di0f8fvdsa4?
2025-03-19 23:09:03 [DEBUG] - googleapiclient.discovery - URL being requested: DELETE https://www.googleapis.com/calendar/v3/calendars/em.cmu.teacher%40gmail.com/events/duvjffamvl9j43562odngmp5tk?
2025-03-19 23:09:03 [DEBUG] - googleapiclient.discovery - URL being requested: DELETE https://www.googleapis.com/calendar/v3/calendars/em.cmu.teacher%40gmail.com/events/9ijohod4ms9tb5vo5bim505jc4?
2025-03-19 23:09:03 [DEBUG] - googleapiclient.discovery - URL being requested: DELETE https://www.googleapis.com/calendar/v3/calendars/em.cmu.teacher%40gmail.com/events/in64u8qvq892lqb5fio1b9p92c?
2025-03-19 23:09:03 [DEBUG] - googleapiclient.discovery - URL being requested: DELETE https://www.googleapis.com/calendar/v3/calendars/em.cmu.teacher%40gmail.com/events/iprnu6mhiuopv45hlrd63gsork?
2025-03-19 23:09:03 [DEBUG] - googleapiclient.discovery - URL being requested: DELETE https://www.googleapis.com/calendar/v3/calendars/em.cmu.teacher%40gmail.com/events/j2h5506an0i0pu2en6u9q8iv5g?
2025-03-19 23:09:03 [DEBUG] - googleapiclient.discovery - URL being requested: DELETE https://www.googleapis.com/calendar/v3/calendars/em.cmu.teacher%40gmail.com/events/miednbgftsefgjm859jp06vdh8?
2025-03-19 23:09:03 [DEBUG] - googleapiclient.discovery - URL being requested: DELETE https://www.googleapis.com/calendar/v3/calendars/em.cmu.teacher%40gmail.com/events/mh34nhpmicm1lno4v46n4vi3tk?
2025-03-19 23:09:03 [DEBUG] - googleapiclient.discovery - URL being requested: DELETE https://www.googleapis.com/calendar/v3/calendars/em.cmu.teacher%40gmail.com/events/2v7p3q6m7nf6ga625c2pg2rfo0?
2025-03-19 23:09:03 [DEBUG] - googleapiclient.discovery - URL being requested: DELETE https://www.googleapis.com/calendar/v3/calendars/em.cmu.teacher%40gmail.com/events/ap8ltl9isudqnh49prn7q9f1n4?
2025-03-19 23:09:03 [DEBUG] - googleapiclient.discovery - URL being requested: DELETE https://www.googleapis.com/calendar/v3/calendars/em.cmu.teacher%40gmail.com/events/lgjhesl2eqmvmhis20j8l7upq4?
2025-03-19 23:09:03 [DEBUG] - googleapiclient.discovery - URL being requested: DELETE https://www.googleapis.com/calendar/v3/calendars/em.cmu.teacher%40gmail.com/events/lr2ar2hmb152tn6ohcthv3f6dc?
2025-03-19 23:09:03 [DEBUG] - googleapiclient.discovery - URL being requested: DELETE https://www.googleapis.com/calendar/v3/calendars/em.cmu.teacher%40gmail.com/events/nkvn75d754g97f6s1in6htn88c?
2025-03-19 23:09:03 [DEBUG] - googleapiclient.discovery - URL being requested: DELETE https://www.googleapis.com/calendar/v3/calendars/em.cmu.teacher%40gmail.com/events/1uhjqp5fcuaivio9b9ociaj42o?
2025-03-19 23:09:03 [DEBUG] - googleapiclient.discovery - URL being requested: DELETE https://www.googleapis.com/calendar/v3/calendars/em.cmu.teacher%40gmail.com/events/tujvu15mp7dcnhrk2unl4q9bmg?
2025-03-19 23:09:03 [DEBUG] - googleapiclient.discovery - URL being requested: DELETE https://www.googleapis.com/calendar/v3/calendars/em.cmu.teacher%40gmail.com/events/3oq8ks9etsbgsrffinrbqu27tg?
2025-03-19 23:09:03 [DEBUG] - googleapiclient.discovery - URL being requested: DELETE https://www.googleapis.com/calendar/v3/calendars/em.cmu.teacher%40gmail.com/events/731u7q0k7ol50j461fv218tn40?
2025-03-19 23:09:03 [DEBUG] - googleapiclient.discovery - URL being requested: DELETE https://www.googleapis.com/calendar/v3/calendars/em.cmu.teacher%40gmail.com/events/igmribhodpn39hsm1avb1n39b0?
2025-03-19 23:09:03 [DEBUG] - googleapiclient.discovery - URL being requested: DELETE https://www.googleapis.com/calendar/v3/calendars/em.cmu.teacher%40gmail.com/events/mda86jdr18oo4sbekvrfco23ro?
2025-03-19 23:09:03 [DEBUG] - googleapiclient.discovery - URL being requested: DELETE https://www.googleapis.com/calendar/v3/calendars/em.cmu.teacher%40gmail.com/events/v2vh5k90p9niq0fn2tvg5o8fcg?
2025-03-19 23:09:03 [DEBUG] - googleapiclient.discovery - URL being requested: DELETE https://www.googleapis.com/calendar/v3/calendars/em.cmu.teacher%40gmail.com/events/vqhs1sfqaavudi3v81i1quucjc?
2025-03-19 23:09:03 [DEBUG] - googleapiclient.discovery - URL being requested: DELETE https://www.googleapis.com/calendar/v3/calendars/em.cmu.teacher%40gmail.com/events/6rs7ev95du5clonijjklhbub6c?
2025-03-19 23:09:03 [DEBUG] - googleapiclient.discovery - URL being requested: DELETE https://www.googleapis.com/calendar/v3/calendars/em.cmu.teacher%40gmail.com/events/ohulsvbpjj830kdnnkfk9gh1ik?
2025-03-19 23:09:03 [DEBUG] - googleapiclient.discovery - URL being requested: DELETE https://www.googleapis.com/calendar/v3/calendars/em.cmu.teacher%40gmail.com/events/u156gilotgghvhc2ggskdvaqg4?
2025-03-19 23:09:03 [DEBUG] - googleapiclient.discovery - URL being requested: DELETE https://www.googleapis.com/calendar/v3/calendars/em.cmu.teacher%40gmail.com/events/1gkfmdnmegdnhm2bb7qr5jt9tc?
2025-03-19 23:09:03 [DEBUG] - googleapiclient.discovery - URL being requested: DELETE https://www.googleapis.com/calendar/v3/calendars/em.cmu.teacher%40gmail.com/events/5ln6g6uvu7s37g28v21jl78gg0?
2025-03-19 23:09:03 [DEBUG] - googleapiclient.discovery - URL being requested: DELETE https://www.googleapis.com/calendar/v3/calendars/em.cmu.teacher%40gmail.com/events/eaaruqeqje6ea2v8sqn3ch11a0?
2025-03-19 23:09:03 [DEBUG] - googleapiclient.discovery - URL being requested: DELETE https://www.googleapis.com/calendar/v3/calendars/em.cmu.teacher%40gmail.com/events/i5s1bil8779e900k3klclb44dk?
2025-03-19 23:09:03 [DEBUG] - googleapiclient.discovery - URL being requested: DELETE https://www.googleapis.com/calendar/v3/calendars/em.cmu.teacher%40gmail.com/events/l6o2jro4nd9gg7ge1c8rqj6it4?
2025-03-19 23:09:03 [DEBUG] - googleapiclient.discovery - URL being requested: DELETE https://www.googleapis.com/calendar/v3/calendars/em.cmu.teacher%40gmail.com/events/75dce1p15ogc7de97qi9f8ugec?
2025-03-19 23:09:03 [DEBUG] - googleapiclient.discovery - URL being requested: DELETE https://www.googleapis.com/calendar/v3/calendars/em.cmu.teacher%40gmail.com/events/8luk3955ojc3d3vrrs01ki6o70?
2025-03-19 23:09:03 [DEBUG] - googleapiclient.discovery - URL being requested: DELETE https://www.googleapis.com/calendar/v3/calendars/em.cmu.teacher%40gmail.com/events/061mb4ao9ls4kq7el2cv6hl8l8?
2025-03-19 23:09:03 [DEBUG] - googleapiclient.discovery - URL being requested: DELETE https://www.googleapis.com/calendar/v3/calendars/em.cmu.teacher%40gmail.com/events/0kk8h4ng6ldg3dl68m7i8pevrg?
2025-03-19 23:09:03 [DEBUG] - googleapiclient.discovery - URL being requested: DELETE https://www.googleapis.com/calendar/v3/calendars/em.cmu.teacher%40gmail.com/events/cpdhdgniq4b5rvk1u9kql9r7p8?
2025-03-19 23:09:03 [DEBUG] - googleapiclient.discovery - URL being requested: DELETE https://www.googleapis.com/calendar/v3/calendars/em.cmu.teacher%40gmail.com/events/d2unj70am5srodss3afsp1l56o?
2025-03-19 23:09:03 [DEBUG] - googleapiclient.discovery - URL being requested: DELETE https://www.googleapis.com/calendar/v3/calendars/em.cmu.teacher%40gmail.com/events/qi6bb2md62boj3ijdtl7ko76n4?
2025-03-19 23:09:03 [DEBUG] - googleapiclient.discovery - URL being requested: DELETE https://www.googleapis.com/calendar/v3/calendars/em.cmu.teacher%40gmail.com/events/affb1qrvsk8ii6k6sdupdnj2sk?
2025-03-19 23:09:03 [DEBUG] - googleapiclient.discovery - URL being requested: DELETE https://www.googleapis.com/calendar/v3/calendars/em.cmu.teacher%40gmail.com/events/h6qr3hrr9bbls9q85engn7vrgk?
2025-03-19 23:09:03 [DEBUG] - googleapiclient.discovery - URL being requested: DELETE https://www.googleapis.com/calendar/v3/calendars/em.cmu.teacher%40gmail.com/events/ibgno2i302sscdqo6q539m37ec?
2025-03-19 23:09:03 [DEBUG] - googleapiclient.discovery - URL being requested: DELETE https://www.googleapis.com/calendar/v3/calendars/em.cmu.teacher%40gmail.com/events/au3qob3ut0rhv97vq399elhuok?
2025-03-19 23:09:03 [DEBUG] - googleapiclient.discovery - URL being requested: DELETE https://www.googleapis.com/calendar/v3/calendars/em.cmu.teacher%40gmail.com/events/2kdh9dffn7c0ae0n4v7pvsfuao?
2025-03-19 23:09:03 [DEBUG] - googleapiclient.discovery - URL being requested: DELETE https://www.googleapis.com/calendar/v3/calendars/em.cmu.teacher%40gmail.com/events/corruru426s306cd3jtbntv6fs?
2025-03-19 23:09:03 [DEBUG] - googleapiclient.discovery - URL being requested: DELETE https://www.googleapis.com/calendar/v3/calendars/em.cmu.teacher%40gmail.com/events/q8dld9qpstbclibgptqtuocnsk?
2025-03-19 23:09:03 [DEBUG] - googleapiclient.discovery - URL being requested: DELETE https://www.googleapis.com/calendar/v3/calendars/em.cmu.teacher%40gmail.com/events/8n1gf4h47oqv0v04m84ft99254?
2025-03-19 23:09:03 [DEBUG] - googleapiclient.discovery - URL being requested: DELETE https://www.googleapis.com/calendar/v3/calendars/em.cmu.teacher%40gmail.com/events/5vfq1o5v35ldru4ugq9mci9540?
2025-03-19 23:09:03 [DEBUG] - googleapiclient.discovery - URL being requested: DELETE https://www.googleapis.com/calendar/v3/calendars/em.cmu.teacher%40gmail.com/events/cn30jbaeq0ptbtjl5r70e8hgmg?
2025-03-19 23:09:03 [DEBUG] - googleapiclient.discovery - URL being requested: DELETE https://www.googleapis.com/calendar/v3/calendars/em.cmu.teacher%40gmail.com/events/1glff07lm93m50frvk01bvkok8?
2025-03-19 23:09:03 [DEBUG] - googleapiclient.discovery - URL being requested: DELETE https://www.googleapis.com/calendar/v3/calendars/em.cmu.teacher%40gmail.com/events/3hh87dtnnsgtntv6lqe78773no?
2025-03-19 23:09:03 [DEBUG] - googleapiclient.discovery - URL being requested: DELETE https://www.googleapis.com/calendar/v3/calendars/em.cmu.teacher%40gmail.com/events/9cp8qmj0brev01dkaguudob6k8?
2025-03-19 23:09:03 [DEBUG] - googleapiclient.discovery - URL being requested: DELETE https://www.googleapis.com/calendar/v3/calendars/em.cmu.teacher%40gmail.com/events/9q7344fn8hk5m5lbm3mmdouq7s?
2025-03-19 23:09:03 [DEBUG] - googleapiclient.discovery - URL being requested: DELETE https://www.googleapis.com/calendar/v3/calendars/em.cmu.teacher%40gmail.com/events/clc59stn1ectbcuegkaj0gchvg?
2025-03-19 23:09:03 [DEBUG] - googleapiclient.discovery - URL being requested: DELETE https://www.googleapis.com/calendar/v3/calendars/em.cmu.teacher%40gmail.com/events/ngp3cri4s5sr3vnefoc5lk81n0?
2025-03-19 23:09:03 [DEBUG] - googleapiclient.discovery - URL being requested: DELETE https://www.googleapis.com/calendar/v3/calendars/em.cmu.teacher%40gmail.com/events/sbku1rt8dqdr8fnahcdfn636tc?
2025-03-19 23:09:03 [DEBUG] - googleapiclient.discovery - URL being requested: DELETE https://www.googleapis.com/calendar/v3/calendars/em.cmu.teacher%40gmail.com/events/cge04projbpm94hpnm7ioidvgo?
2025-03-19 23:09:03 [DEBUG] - googleapiclient.discovery - URL being requested: DELETE https://www.googleapis.com/calendar/v3/calendars/em.cmu.teacher%40gmail.com/events/kct8aqb4249dabshcp6vjrr58c?
2025-03-19 23:09:03 [DEBUG] - googleapiclient.discovery - URL being requested: DELETE https://www.googleapis.com/calendar/v3/calendars/em.cmu.teacher%40gmail.com/events/69bkj6g1p18a2iq8q4hq4403k0?
2025-03-19 23:09:03 [DEBUG] - googleapiclient.discovery - URL being requested: DELETE https://www.googleapis.com/calendar/v3/calendars/em.cmu.teacher%40gmail.com/events/9f8m9tm6oumifbec4bloqkkhm8?
2025-03-19 23:09:03 [DEBUG] - googleapiclient.discovery - URL being requested: DELETE https://www.googleapis.com/calendar/v3/calendars/em.cmu.teacher%40gmail.com/events/glua67qif0ha8h2d1upskmt1t8?
2025-03-19 23:09:03 [DEBUG] - googleapiclient.discovery - URL being requested: DELETE https://www.googleapis.com/calendar/v3/calendars/em.cmu.teacher%40gmail.com/events/le8jtmd521b6o3rbg54udoibf4?
2025-03-19 23:09:03 [DEBUG] - googleapiclient.discovery - URL being requested: DELETE https://www.googleapis.com/calendar/v3/calendars/em.cmu.teacher%40gmail.com/events/nklmlhjqmeqvlj9e0moh7k7lug?
2025-03-19 23:09:03 [DEBUG] - googleapiclient.discovery - URL being requested: DELETE https://www.googleapis.com/calendar/v3/calendars/em.cmu.teacher%40gmail.com/events/uta25hodhgdp3gd6pa88fupno0?
2025-03-19 23:09:03 [DEBUG] - googleapiclient.discovery - URL being requested: DELETE https://www.googleapis.com/calendar/v3/calendars/em.cmu.teacher%40gmail.com/events/lhn04fuecn7h6r0ej0aetobkjo?
2025-03-19 23:09:03 [DEBUG] - googleapiclient.discovery - URL being requested: DELETE https://www.googleapis.com/calendar/v3/calendars/em.cmu.teacher%40gmail.com/events/n17tkofa60ctfnva5je2ms222s?
2025-03-19 23:09:03 [DEBUG] - googleapiclient.discovery - URL being requested: DELETE https://www.googleapis.com/calendar/v3/calendars/em.cmu.teacher%40gmail.com/events/b9ptmfnck69sit1cj61qgl95oo?
2025-03-19 23:09:03 [DEBUG] - googleapiclient.discovery - URL being requested: DELETE https://www.googleapis.com/calendar/v3/calendars/em.cmu.teacher%40gmail.com/events/tdvpkbkl32tdh20vmm28dbrr28?
2025-03-19 23:09:03 [DEBUG] - googleapiclient.discovery - URL being requested: DELETE https://www.googleapis.com/calendar/v3/calendars/em.cmu.teacher%40gmail.com/events/29ccdiklqumkn2ep6avfts3hps?
2025-03-19 23:09:03 [DEBUG] - googleapiclient.discovery - URL being requested: DELETE https://www.googleapis.com/calendar/v3/calendars/em.cmu.teacher%40gmail.com/events/4dsborntg93h5udje8sp7skgo0?
2025-03-19 23:09:03 [DEBUG] - googleapiclient.discovery - URL being requested: DELETE https://www.googleapis.com/calendar/v3/calendars/em.cmu.teacher%40gmail.com/events/3b02hq9duf929v2dlkrtpf98r0?
2025-03-19 23:09:03 [DEBUG] - googleapiclient.discovery - URL being requested: DELETE https://www.googleapis.com/calendar/v3/calendars/em.cmu.teacher%40gmail.com/events/5kvqot8hgt6rcn4j4nlq4jmr24?
2025-03-19 23:09:03 [DEBUG] - googleapiclient.discovery - URL being requested: DELETE https://www.googleapis.com/calendar/v3/calendars/em.cmu.teacher%40gmail.com/events/96ihjo442l88tugppu28ld9b28?
2025-03-19 23:09:03 [DEBUG] - googleapiclient.discovery - URL being requested: DELETE https://www.googleapis.com/calendar/v3/calendars/em.cmu.teacher%40gmail.com/events/d93ok5nr75c0bfdi398ktnqqes?
2025-03-19 23:09:03 [DEBUG] - googleapiclient.discovery - URL being requested: DELETE https://www.googleapis.com/calendar/v3/calendars/em.cmu.teacher%40gmail.com/events/e0f7dm615j19d7b0ag0fj5n10c?
2025-03-19 23:09:03 [DEBUG] - googleapiclient.discovery - URL being requested: DELETE https://www.googleapis.com/calendar/v3/calendars/em.cmu.teacher%40gmail.com/events/m5ob3dg4svpkp04plkspogs5ik?
